<?xml version="1.0" encoding="UTF-8"?>
<testsuites name="Regression_Mobile" time="560.088" tests="11" failures="2" errors="0">
   <testsuite name="Regression_Mobile" tests="11" failures="2" errors="0" time="560.088" skipped="0" timestamp="2022-07-18 07:51:46" hostname="salsa - SALSABILA" id="Test Suites/TS03_Mobile/Regression_Mobile">
      <properties>
         <property name="deviceName" value="Xiaomi M2003J15SC (Android 11)"/>
         <property name="devicePlatform" value=""/>
         <property name="logFolder" value="F:\\1. UNNES\\6. Semester 6\\2 - MSIB\\CAPSTONE PROJECT\\testing-lms\\Reports\\20220718_075140\\TS03_Mobile\\Regression_Mobile\\20220718_075140"/>
         <property name="logFiles" value="F:\\1. UNNES\\6. Semester 6\\2 - MSIB\\CAPSTONE PROJECT\\testing-lms\\Reports\\20220718_075140\\TS03_Mobile\\Regression_Mobile\\20220718_075140\\appium.log, F:\\1. UNNES\\6. Semester 6\\2 - MSIB\\CAPSTONE PROJECT\\testing-lms\\Reports\\20220718_075140\\TS03_Mobile\\Regression_Mobile\\20220718_075140\\execution0.log"/>
         <property name="attachments" value="F:\\1. UNNES\\6. Semester 6\\2 - MSIB\\CAPSTONE PROJECT\\testing-lms\\Reports\\20220718_075140\\TS03_Mobile\\Regression_Mobile\\20220718_075140\\1658105915829.png, F:\\1. UNNES\\6. Semester 6\\2 - MSIB\\CAPSTONE PROJECT\\testing-lms\\Reports\\20220718_075140\\TS03_Mobile\\Regression_Mobile\\20220718_075140\\1658105966475.png"/>
         <property name="hostName" value="salsa - SALSABILA"/>
         <property name="os" value="Windows 10 64bit"/>
         <property name="appiumServerStatus" value="{&quot;value&quot;:{&quot;build&quot;:{&quot;version&quot;:&quot;1.22.3&quot;}},&quot;sessionId&quot;:null,&quot;status&quot;:0}"/>
         <property name="katalonVersion" value="8.2.5.208"/>
         <property name="deviceOS" value="Android"/>
         <property name="appiumVersion" value="1.22.3"/>
         <property name="deviceModel" value="M2003J15SC"/>
         <property name="hostAddress" value="192.168.8.131"/>
         <property name="deviceManufacturer" value="Xiaomi"/>
         <property name="deviceId" value="aeebca410407"/>
         <property name="deviceName" value="Xiaomi M2003J15SC (Android 11)"/>
         <property name="deviceOSVersion" value="11"/>
      </properties>
      <testcase name="Test Cases/03_Mobile/02_Auth/SC002_Sign Up/Sign Up" time="132.203" classname="Test Cases/03_Mobile/02_Auth/SC002_Sign Up/Sign Up" status="PASSED">
         <system-out><![CDATA[2022-07-18 07:51:47 - [TEST_CASE][PASSED] - Test Cases/03_Mobile/02_Auth/SC002_Sign Up/Sign Up: Test Cases/03_Mobile/02_Auth/SC002_Sign Up/Sign Up

2022-07-18 07:51:48 - [TEST_STEP][PASSED] - startExistingApplication("com.example.capstone_project_lms", STOP_ON_FAILURE): Starting app with application ID: 'com.example.capstone_project_lms'

2022-07-18 07:51:53 - [MESSAGE][INFO] - Appium server started on port 60,673

2022-07-18 07:52:10 - [MESSAGE][PASSED] - Starting app with application ID: 'com.example.capstone_project_lms'

2022-07-18 07:52:10 - [TEST_STEP][PASSED] - delay(8, CONTINUE_ON_FAILURE): Delayed 8 second(s)

2022-07-18 07:52:18 - [MESSAGE][PASSED] - Delayed 8 second(s)

2022-07-18 07:52:18 - [TEST_STEP][PASSED] - tap(findTestObject("03_Mobile/02_Auth/SC002_Sign Up/a_signup"), 0, CONTINUE_ON_FAILURE): Tapped on element 'Object Repository/03_Mobile/02_Auth/SC002_Sign Up/a_signup'

2022-07-18 07:52:19 - [MESSAGE][WARNING] - Timeout '0' is invalid. Using default page load timeout: '30'

2022-07-18 07:52:21 - [MESSAGE][PASSED] - Tapped on element 'Object Repository/03_Mobile/02_Auth/SC002_Sign Up/a_signup'

2022-07-18 07:52:21 - [TEST_STEP][PASSED] - for ([i = 1, i <= 9, (i++)]): Element 'Object Repository/03_Mobile/02_Auth/SC002_Sign Up/success' is exist

2022-07-18 07:52:21 - [TEST_STEP][PASSED] - tap(findTestObject("03_Mobile/02_Auth/SC002_Sign Up/field_fullname"), 0, CONTINUE_ON_FAILURE): Tapped on element 'Object Repository/03_Mobile/02_Auth/SC002_Sign Up/field_fullname'

2022-07-18 07:52:21 - [MESSAGE][WARNING] - Timeout '0' is invalid. Using default page load timeout: '30'

2022-07-18 07:52:22 - [MESSAGE][PASSED] - Tapped on element 'Object Repository/03_Mobile/02_Auth/SC002_Sign Up/field_fullname'

2022-07-18 07:52:22 - [TEST_STEP][PASSED] - setText(findTestObject("03_Mobile/02_Auth/SC002_Sign Up/field_fullname"), findTestData("signup").getValue(3, i), 0, CONTINUE_ON_FAILURE): Text '' has been set to element 'Object Repository/03_Mobile/02_Auth/SC002_Sign Up/field_fullname'

2022-07-18 07:52:23 - [MESSAGE][WARNING] - Timeout '0' is invalid. Using default page load timeout: '30'

2022-07-18 07:52:24 - [MESSAGE][PASSED] - Text '' has been set to element 'Object Repository/03_Mobile/02_Auth/SC002_Sign Up/field_fullname'

2022-07-18 07:52:24 - [TEST_STEP][PASSED] - tap(findTestObject("03_Mobile/02_Auth/SC002_Sign Up/field_email"), 0, CONTINUE_ON_FAILURE): Tapped on element 'Object Repository/03_Mobile/02_Auth/SC002_Sign Up/field_email'

2022-07-18 07:52:24 - [MESSAGE][WARNING] - Timeout '0' is invalid. Using default page load timeout: '30'

2022-07-18 07:52:25 - [MESSAGE][PASSED] - Tapped on element 'Object Repository/03_Mobile/02_Auth/SC002_Sign Up/field_email'

2022-07-18 07:52:25 - [TEST_STEP][PASSED] - setText(findTestObject("03_Mobile/02_Auth/SC002_Sign Up/field_email"), findTestData("signup").getValue(4, i), 0, CONTINUE_ON_FAILURE): Text '' has been set to element 'Object Repository/03_Mobile/02_Auth/SC002_Sign Up/field_email'

2022-07-18 07:52:25 - [MESSAGE][WARNING] - Timeout '0' is invalid. Using default page load timeout: '30'

2022-07-18 07:52:25 - [MESSAGE][PASSED] - Text '' has been set to element 'Object Repository/03_Mobile/02_Auth/SC002_Sign Up/field_email'

2022-07-18 07:52:25 - [TEST_STEP][PASSED] - tap(findTestObject("03_Mobile/02_Auth/SC002_Sign Up/field_password"), 0, CONTINUE_ON_FAILURE): Tapped on element 'Object Repository/03_Mobile/02_Auth/SC002_Sign Up/field_password'

2022-07-18 07:52:26 - [MESSAGE][WARNING] - Timeout '0' is invalid. Using default page load timeout: '30'

2022-07-18 07:52:26 - [MESSAGE][PASSED] - Tapped on element 'Object Repository/03_Mobile/02_Auth/SC002_Sign Up/field_password'

2022-07-18 07:52:26 - [TEST_STEP][PASSED] - setText(findTestObject("03_Mobile/02_Auth/SC002_Sign Up/field_password"), findTestData("signup").getValue(5, i), 0, CONTINUE_ON_FAILURE): Text '' has been set to element 'Object Repository/03_Mobile/02_Auth/SC002_Sign Up/field_password'

2022-07-18 07:52:26 - [MESSAGE][WARNING] - Timeout '0' is invalid. Using default page load timeout: '30'

2022-07-18 07:52:27 - [MESSAGE][PASSED] - Text '' has been set to element 'Object Repository/03_Mobile/02_Auth/SC002_Sign Up/field_password'

2022-07-18 07:52:27 - [TEST_STEP][PASSED] - pressBack(CONTINUE_ON_FAILURE): Press back button successfully

2022-07-18 07:52:28 - [MESSAGE][PASSED] - Press back button successfully

2022-07-18 07:52:28 - [TEST_STEP][PASSED] - tap(findTestObject("03_Mobile/02_Auth/SC002_Sign Up/button_signup"), 0, CONTINUE_ON_FAILURE): Tapped on element 'Object Repository/03_Mobile/02_Auth/SC002_Sign Up/button_signup'

2022-07-18 07:52:28 - [MESSAGE][WARNING] - Timeout '0' is invalid. Using default page load timeout: '30'

2022-07-18 07:52:29 - [MESSAGE][PASSED] - Tapped on element 'Object Repository/03_Mobile/02_Auth/SC002_Sign Up/button_signup'

2022-07-18 07:52:29 - [TEST_STEP][PASSED] - if (findTestData("signup").getValue(2, i) == "negative" && findTestData("signup").getValue(6, i) == ""): Element 'Object Repository/03_Mobile/02_Auth/SC002_Sign Up/create_acc' is exist

2022-07-18 07:52:29 - [TEST_STEP][PASSED] - verifyElementExist(findTestObject("03_Mobile/02_Auth/SC002_Sign Up/create_acc"), 0): Element 'Object Repository/03_Mobile/02_Auth/SC002_Sign Up/create_acc' is exist

2022-07-18 07:52:29 - [MESSAGE][WARNING] - Timeout '0' is invalid. Using default page load timeout: '30'

2022-07-18 07:52:30 - [MESSAGE][PASSED] - Element 'Object Repository/03_Mobile/02_Auth/SC002_Sign Up/create_acc' is exist

2022-07-18 07:52:30 - [TEST_STEP][PASSED] - tap(findTestObject("03_Mobile/02_Auth/SC002_Sign Up/field_fullname"), 0, CONTINUE_ON_FAILURE): Tapped on element 'Object Repository/03_Mobile/02_Auth/SC002_Sign Up/field_fullname'

2022-07-18 07:52:30 - [MESSAGE][WARNING] - Timeout '0' is invalid. Using default page load timeout: '30'

2022-07-18 07:52:30 - [MESSAGE][PASSED] - Tapped on element 'Object Repository/03_Mobile/02_Auth/SC002_Sign Up/field_fullname'

2022-07-18 07:52:30 - [TEST_STEP][PASSED] - setText(findTestObject("03_Mobile/02_Auth/SC002_Sign Up/field_fullname"), findTestData("signup").getValue(3, i), 0, CONTINUE_ON_FAILURE): Text 'Joong A' has been set to element 'Object Repository/03_Mobile/02_Auth/SC002_Sign Up/field_fullname'

2022-07-18 07:52:31 - [MESSAGE][WARNING] - Timeout '0' is invalid. Using default page load timeout: '30'

2022-07-18 07:52:32 - [MESSAGE][PASSED] - Text 'Joong A' has been set to element 'Object Repository/03_Mobile/02_Auth/SC002_Sign Up/field_fullname'

2022-07-18 07:52:32 - [TEST_STEP][PASSED] - tap(findTestObject("03_Mobile/02_Auth/SC002_Sign Up/field_email"), 0, CONTINUE_ON_FAILURE): Tapped on element 'Object Repository/03_Mobile/02_Auth/SC002_Sign Up/field_email'

2022-07-18 07:52:32 - [MESSAGE][WARNING] - Timeout '0' is invalid. Using default page load timeout: '30'

2022-07-18 07:52:33 - [MESSAGE][PASSED] - Tapped on element 'Object Repository/03_Mobile/02_Auth/SC002_Sign Up/field_email'

2022-07-18 07:52:33 - [TEST_STEP][PASSED] - setText(findTestObject("03_Mobile/02_Auth/SC002_Sign Up/field_email"), findTestData("signup").getValue(4, i), 0, CONTINUE_ON_FAILURE): Text 'joongarc' has been set to element 'Object Repository/03_Mobile/02_Auth/SC002_Sign Up/field_email'

2022-07-18 07:52:33 - [MESSAGE][WARNING] - Timeout '0' is invalid. Using default page load timeout: '30'

2022-07-18 07:52:34 - [MESSAGE][PASSED] - Text 'joongarc' has been set to element 'Object Repository/03_Mobile/02_Auth/SC002_Sign Up/field_email'

2022-07-18 07:52:34 - [TEST_STEP][PASSED] - tap(findTestObject("03_Mobile/02_Auth/SC002_Sign Up/field_password"), 0, CONTINUE_ON_FAILURE): Tapped on element 'Object Repository/03_Mobile/02_Auth/SC002_Sign Up/field_password'

2022-07-18 07:52:34 - [MESSAGE][WARNING] - Timeout '0' is invalid. Using default page load timeout: '30'

2022-07-18 07:52:35 - [MESSAGE][PASSED] - Tapped on element 'Object Repository/03_Mobile/02_Auth/SC002_Sign Up/field_password'

2022-07-18 07:52:35 - [TEST_STEP][PASSED] - setText(findTestObject("03_Mobile/02_Auth/SC002_Sign Up/field_password"), findTestData("signup").getValue(5, i), 0, CONTINUE_ON_FAILURE): Text 'Joong123!' has been set to element 'Object Repository/03_Mobile/02_Auth/SC002_Sign Up/field_password'

2022-07-18 07:52:35 - [MESSAGE][WARNING] - Timeout '0' is invalid. Using default page load timeout: '30'

2022-07-18 07:52:37 - [MESSAGE][PASSED] - Text 'Joong123!' has been set to element 'Object Repository/03_Mobile/02_Auth/SC002_Sign Up/field_password'

2022-07-18 07:52:37 - [TEST_STEP][PASSED] - pressBack(CONTINUE_ON_FAILURE): Press back button successfully

2022-07-18 07:52:37 - [MESSAGE][PASSED] - Press back button successfully

2022-07-18 07:52:37 - [TEST_STEP][PASSED] - tap(findTestObject("03_Mobile/02_Auth/SC002_Sign Up/button_signup"), 0, CONTINUE_ON_FAILURE): Tapped on element 'Object Repository/03_Mobile/02_Auth/SC002_Sign Up/button_signup'

2022-07-18 07:52:38 - [MESSAGE][WARNING] - Timeout '0' is invalid. Using default page load timeout: '30'

2022-07-18 07:52:39 - [MESSAGE][PASSED] - Tapped on element 'Object Repository/03_Mobile/02_Auth/SC002_Sign Up/button_signup'

2022-07-18 07:52:39 - [TEST_STEP][PASSED] - if (findTestData("signup").getValue(2, i) == "negative" && findTestData("signup").getValue(6, i) == ""): Element 'Object Repository/03_Mobile/02_Auth/SC002_Sign Up/create_acc' is exist

2022-07-18 07:52:40 - [TEST_STEP][PASSED] - verifyElementExist(findTestObject("03_Mobile/02_Auth/SC002_Sign Up/create_acc"), 0): Element 'Object Repository/03_Mobile/02_Auth/SC002_Sign Up/create_acc' is exist

2022-07-18 07:52:40 - [MESSAGE][WARNING] - Timeout '0' is invalid. Using default page load timeout: '30'

2022-07-18 07:52:40 - [MESSAGE][PASSED] - Element 'Object Repository/03_Mobile/02_Auth/SC002_Sign Up/create_acc' is exist

2022-07-18 07:52:40 - [TEST_STEP][PASSED] - tap(findTestObject("03_Mobile/02_Auth/SC002_Sign Up/field_fullname"), 0, CONTINUE_ON_FAILURE): Tapped on element 'Object Repository/03_Mobile/02_Auth/SC002_Sign Up/field_fullname'

2022-07-18 07:52:40 - [MESSAGE][WARNING] - Timeout '0' is invalid. Using default page load timeout: '30'

2022-07-18 07:52:41 - [MESSAGE][PASSED] - Tapped on element 'Object Repository/03_Mobile/02_Auth/SC002_Sign Up/field_fullname'

2022-07-18 07:52:41 - [TEST_STEP][PASSED] - setText(findTestObject("03_Mobile/02_Auth/SC002_Sign Up/field_fullname"), findTestData("signup").getValue(3, i), 0, CONTINUE_ON_FAILURE): Text 'Joong A' has been set to element 'Object Repository/03_Mobile/02_Auth/SC002_Sign Up/field_fullname'

2022-07-18 07:52:41 - [MESSAGE][WARNING] - Timeout '0' is invalid. Using default page load timeout: '30'

2022-07-18 07:52:42 - [MESSAGE][PASSED] - Text 'Joong A' has been set to element 'Object Repository/03_Mobile/02_Auth/SC002_Sign Up/field_fullname'

2022-07-18 07:52:42 - [TEST_STEP][PASSED] - tap(findTestObject("03_Mobile/02_Auth/SC002_Sign Up/field_email"), 0, CONTINUE_ON_FAILURE): Tapped on element 'Object Repository/03_Mobile/02_Auth/SC002_Sign Up/field_email'

2022-07-18 07:52:43 - [MESSAGE][WARNING] - Timeout '0' is invalid. Using default page load timeout: '30'

2022-07-18 07:52:44 - [MESSAGE][PASSED] - Tapped on element 'Object Repository/03_Mobile/02_Auth/SC002_Sign Up/field_email'

2022-07-18 07:52:44 - [TEST_STEP][PASSED] - setText(findTestObject("03_Mobile/02_Auth/SC002_Sign Up/field_email"), findTestData("signup").getValue(4, i), 0, CONTINUE_ON_FAILURE): Text 'joongarc@gmail.com' has been set to element 'Object Repository/03_Mobile/02_Auth/SC002_Sign Up/field_email'

2022-07-18 07:52:44 - [MESSAGE][WARNING] - Timeout '0' is invalid. Using default page load timeout: '30'

2022-07-18 07:52:45 - [MESSAGE][PASSED] - Text 'joongarc@gmail.com' has been set to element 'Object Repository/03_Mobile/02_Auth/SC002_Sign Up/field_email'

2022-07-18 07:52:45 - [TEST_STEP][PASSED] - tap(findTestObject("03_Mobile/02_Auth/SC002_Sign Up/field_password"), 0, CONTINUE_ON_FAILURE): Tapped on element 'Object Repository/03_Mobile/02_Auth/SC002_Sign Up/field_password'

2022-07-18 07:52:45 - [MESSAGE][WARNING] - Timeout '0' is invalid. Using default page load timeout: '30'

2022-07-18 07:52:46 - [MESSAGE][PASSED] - Tapped on element 'Object Repository/03_Mobile/02_Auth/SC002_Sign Up/field_password'

2022-07-18 07:52:46 - [TEST_STEP][PASSED] - setText(findTestObject("03_Mobile/02_Auth/SC002_Sign Up/field_password"), findTestData("signup").getValue(5, i), 0, CONTINUE_ON_FAILURE): Text 'Jng12!' has been set to element 'Object Repository/03_Mobile/02_Auth/SC002_Sign Up/field_password'

2022-07-18 07:52:46 - [MESSAGE][WARNING] - Timeout '0' is invalid. Using default page load timeout: '30'

2022-07-18 07:52:48 - [MESSAGE][PASSED] - Text 'Jng12!' has been set to element 'Object Repository/03_Mobile/02_Auth/SC002_Sign Up/field_password'

2022-07-18 07:52:48 - [TEST_STEP][PASSED] - pressBack(CONTINUE_ON_FAILURE): Press back button successfully

2022-07-18 07:52:48 - [MESSAGE][PASSED] - Press back button successfully

2022-07-18 07:52:48 - [TEST_STEP][PASSED] - tap(findTestObject("03_Mobile/02_Auth/SC002_Sign Up/button_signup"), 0, CONTINUE_ON_FAILURE): Tapped on element 'Object Repository/03_Mobile/02_Auth/SC002_Sign Up/button_signup'

2022-07-18 07:52:48 - [MESSAGE][WARNING] - Timeout '0' is invalid. Using default page load timeout: '30'

2022-07-18 07:52:50 - [MESSAGE][PASSED] - Tapped on element 'Object Repository/03_Mobile/02_Auth/SC002_Sign Up/button_signup'

2022-07-18 07:52:50 - [TEST_STEP][PASSED] - if (findTestData("signup").getValue(2, i) == "negative" && findTestData("signup").getValue(6, i) == ""): null

2022-07-18 07:52:50 - [TEST_STEP][PASSED] - else: Element 'Object Repository/03_Mobile/02_Auth/SC002_Sign Up/pwd_validation' is exist

2022-07-18 07:52:50 - [TEST_STEP][PASSED] - verifyElementExist(findTestObject(findTestData("signup").getValue(6, i)), 0): Element 'Object Repository/03_Mobile/02_Auth/SC002_Sign Up/pwd_validation' is exist

2022-07-18 07:52:50 - [MESSAGE][WARNING] - Timeout '0' is invalid. Using default page load timeout: '30'

2022-07-18 07:52:50 - [MESSAGE][PASSED] - Element 'Object Repository/03_Mobile/02_Auth/SC002_Sign Up/pwd_validation' is exist

2022-07-18 07:52:50 - [TEST_STEP][PASSED] - tap(findTestObject("03_Mobile/02_Auth/SC002_Sign Up/field_fullname"), 0, CONTINUE_ON_FAILURE): Tapped on element 'Object Repository/03_Mobile/02_Auth/SC002_Sign Up/field_fullname'

2022-07-18 07:52:50 - [MESSAGE][WARNING] - Timeout '0' is invalid. Using default page load timeout: '30'

2022-07-18 07:52:51 - [MESSAGE][PASSED] - Tapped on element 'Object Repository/03_Mobile/02_Auth/SC002_Sign Up/field_fullname'

2022-07-18 07:52:51 - [TEST_STEP][PASSED] - setText(findTestObject("03_Mobile/02_Auth/SC002_Sign Up/field_fullname"), findTestData("signup").getValue(3, i), 0, CONTINUE_ON_FAILURE): Text 'Joong A' has been set to element 'Object Repository/03_Mobile/02_Auth/SC002_Sign Up/field_fullname'

2022-07-18 07:52:51 - [MESSAGE][WARNING] - Timeout '0' is invalid. Using default page load timeout: '30'

2022-07-18 07:52:53 - [MESSAGE][PASSED] - Text 'Joong A' has been set to element 'Object Repository/03_Mobile/02_Auth/SC002_Sign Up/field_fullname'

2022-07-18 07:52:53 - [TEST_STEP][PASSED] - tap(findTestObject("03_Mobile/02_Auth/SC002_Sign Up/field_email"), 0, CONTINUE_ON_FAILURE): Tapped on element 'Object Repository/03_Mobile/02_Auth/SC002_Sign Up/field_email'

2022-07-18 07:52:53 - [MESSAGE][WARNING] - Timeout '0' is invalid. Using default page load timeout: '30'

2022-07-18 07:52:54 - [MESSAGE][PASSED] - Tapped on element 'Object Repository/03_Mobile/02_Auth/SC002_Sign Up/field_email'

2022-07-18 07:52:54 - [TEST_STEP][PASSED] - setText(findTestObject("03_Mobile/02_Auth/SC002_Sign Up/field_email"), findTestData("signup").getValue(4, i), 0, CONTINUE_ON_FAILURE): Text 'joongarc@gmail.com' has been set to element 'Object Repository/03_Mobile/02_Auth/SC002_Sign Up/field_email'

2022-07-18 07:52:54 - [MESSAGE][WARNING] - Timeout '0' is invalid. Using default page load timeout: '30'

2022-07-18 07:52:56 - [MESSAGE][PASSED] - Text 'joongarc@gmail.com' has been set to element 'Object Repository/03_Mobile/02_Auth/SC002_Sign Up/field_email'

2022-07-18 07:52:56 - [TEST_STEP][PASSED] - tap(findTestObject("03_Mobile/02_Auth/SC002_Sign Up/field_password"), 0, CONTINUE_ON_FAILURE): Tapped on element 'Object Repository/03_Mobile/02_Auth/SC002_Sign Up/field_password'

2022-07-18 07:52:56 - [MESSAGE][WARNING] - Timeout '0' is invalid. Using default page load timeout: '30'

2022-07-18 07:52:57 - [MESSAGE][PASSED] - Tapped on element 'Object Repository/03_Mobile/02_Auth/SC002_Sign Up/field_password'

2022-07-18 07:52:57 - [TEST_STEP][PASSED] - setText(findTestObject("03_Mobile/02_Auth/SC002_Sign Up/field_password"), findTestData("signup").getValue(5, i), 0, CONTINUE_ON_FAILURE): Text 'Joongjoong12345!' has been set to element 'Object Repository/03_Mobile/02_Auth/SC002_Sign Up/field_password'

2022-07-18 07:52:57 - [MESSAGE][WARNING] - Timeout '0' is invalid. Using default page load timeout: '30'

2022-07-18 07:52:58 - [MESSAGE][PASSED] - Text 'Joongjoong12345!' has been set to element 'Object Repository/03_Mobile/02_Auth/SC002_Sign Up/field_password'

2022-07-18 07:52:58 - [TEST_STEP][PASSED] - pressBack(CONTINUE_ON_FAILURE): Press back button successfully

2022-07-18 07:52:59 - [MESSAGE][PASSED] - Press back button successfully

2022-07-18 07:52:59 - [TEST_STEP][PASSED] - tap(findTestObject("03_Mobile/02_Auth/SC002_Sign Up/button_signup"), 0, CONTINUE_ON_FAILURE): Tapped on element 'Object Repository/03_Mobile/02_Auth/SC002_Sign Up/button_signup'

2022-07-18 07:52:59 - [MESSAGE][WARNING] - Timeout '0' is invalid. Using default page load timeout: '30'

2022-07-18 07:53:00 - [MESSAGE][PASSED] - Tapped on element 'Object Repository/03_Mobile/02_Auth/SC002_Sign Up/button_signup'

2022-07-18 07:53:00 - [TEST_STEP][PASSED] - if (findTestData("signup").getValue(2, i) == "negative" && findTestData("signup").getValue(6, i) == ""): null

2022-07-18 07:53:01 - [TEST_STEP][PASSED] - else: Element 'Object Repository/03_Mobile/02_Auth/SC002_Sign Up/pwd_15_char' is exist

2022-07-18 07:53:01 - [TEST_STEP][PASSED] - verifyElementExist(findTestObject(findTestData("signup").getValue(6, i)), 0): Element 'Object Repository/03_Mobile/02_Auth/SC002_Sign Up/pwd_15_char' is exist

2022-07-18 07:53:01 - [MESSAGE][WARNING] - Timeout '0' is invalid. Using default page load timeout: '30'

2022-07-18 07:53:02 - [MESSAGE][PASSED] - Element 'Object Repository/03_Mobile/02_Auth/SC002_Sign Up/pwd_15_char' is exist

2022-07-18 07:53:02 - [TEST_STEP][PASSED] - tap(findTestObject("03_Mobile/02_Auth/SC002_Sign Up/field_fullname"), 0, CONTINUE_ON_FAILURE): Tapped on element 'Object Repository/03_Mobile/02_Auth/SC002_Sign Up/field_fullname'

2022-07-18 07:53:02 - [MESSAGE][WARNING] - Timeout '0' is invalid. Using default page load timeout: '30'

2022-07-18 07:53:02 - [MESSAGE][PASSED] - Tapped on element 'Object Repository/03_Mobile/02_Auth/SC002_Sign Up/field_fullname'

2022-07-18 07:53:02 - [TEST_STEP][PASSED] - setText(findTestObject("03_Mobile/02_Auth/SC002_Sign Up/field_fullname"), findTestData("signup").getValue(3, i), 0, CONTINUE_ON_FAILURE): Text 'Joong A' has been set to element 'Object Repository/03_Mobile/02_Auth/SC002_Sign Up/field_fullname'

2022-07-18 07:53:02 - [MESSAGE][WARNING] - Timeout '0' is invalid. Using default page load timeout: '30'

2022-07-18 07:53:04 - [MESSAGE][PASSED] - Text 'Joong A' has been set to element 'Object Repository/03_Mobile/02_Auth/SC002_Sign Up/field_fullname'

2022-07-18 07:53:04 - [TEST_STEP][PASSED] - tap(findTestObject("03_Mobile/02_Auth/SC002_Sign Up/field_email"), 0, CONTINUE_ON_FAILURE): Tapped on element 'Object Repository/03_Mobile/02_Auth/SC002_Sign Up/field_email'

2022-07-18 07:53:04 - [MESSAGE][WARNING] - Timeout '0' is invalid. Using default page load timeout: '30'

2022-07-18 07:53:05 - [MESSAGE][PASSED] - Tapped on element 'Object Repository/03_Mobile/02_Auth/SC002_Sign Up/field_email'

2022-07-18 07:53:05 - [TEST_STEP][PASSED] - setText(findTestObject("03_Mobile/02_Auth/SC002_Sign Up/field_email"), findTestData("signup").getValue(4, i), 0, CONTINUE_ON_FAILURE): Text 'joongarc@gmail.com' has been set to element 'Object Repository/03_Mobile/02_Auth/SC002_Sign Up/field_email'

2022-07-18 07:53:05 - [MESSAGE][WARNING] - Timeout '0' is invalid. Using default page load timeout: '30'

2022-07-18 07:53:07 - [MESSAGE][PASSED] - Text 'joongarc@gmail.com' has been set to element 'Object Repository/03_Mobile/02_Auth/SC002_Sign Up/field_email'

2022-07-18 07:53:07 - [TEST_STEP][PASSED] - tap(findTestObject("03_Mobile/02_Auth/SC002_Sign Up/field_password"), 0, CONTINUE_ON_FAILURE): Tapped on element 'Object Repository/03_Mobile/02_Auth/SC002_Sign Up/field_password'

2022-07-18 07:53:07 - [MESSAGE][WARNING] - Timeout '0' is invalid. Using default page load timeout: '30'

2022-07-18 07:53:08 - [MESSAGE][PASSED] - Tapped on element 'Object Repository/03_Mobile/02_Auth/SC002_Sign Up/field_password'

2022-07-18 07:53:08 - [TEST_STEP][PASSED] - setText(findTestObject("03_Mobile/02_Auth/SC002_Sign Up/field_password"), findTestData("signup").getValue(5, i), 0, CONTINUE_ON_FAILURE): Text 'joong123!' has been set to element 'Object Repository/03_Mobile/02_Auth/SC002_Sign Up/field_password'

2022-07-18 07:53:08 - [MESSAGE][WARNING] - Timeout '0' is invalid. Using default page load timeout: '30'

2022-07-18 07:53:10 - [MESSAGE][PASSED] - Text 'joong123!' has been set to element 'Object Repository/03_Mobile/02_Auth/SC002_Sign Up/field_password'

2022-07-18 07:53:10 - [TEST_STEP][PASSED] - pressBack(CONTINUE_ON_FAILURE): Press back button successfully

2022-07-18 07:53:10 - [MESSAGE][PASSED] - Press back button successfully

2022-07-18 07:53:10 - [TEST_STEP][PASSED] - tap(findTestObject("03_Mobile/02_Auth/SC002_Sign Up/button_signup"), 0, CONTINUE_ON_FAILURE): Tapped on element 'Object Repository/03_Mobile/02_Auth/SC002_Sign Up/button_signup'

2022-07-18 07:53:10 - [MESSAGE][WARNING] - Timeout '0' is invalid. Using default page load timeout: '30'

2022-07-18 07:53:12 - [MESSAGE][PASSED] - Tapped on element 'Object Repository/03_Mobile/02_Auth/SC002_Sign Up/button_signup'

2022-07-18 07:53:12 - [TEST_STEP][PASSED] - if (findTestData("signup").getValue(2, i) == "negative" && findTestData("signup").getValue(6, i) == ""): null

2022-07-18 07:53:12 - [TEST_STEP][PASSED] - else: Element 'Object Repository/03_Mobile/02_Auth/SC002_Sign Up/pwd_validation' is exist

2022-07-18 07:53:12 - [TEST_STEP][PASSED] - verifyElementExist(findTestObject(findTestData("signup").getValue(6, i)), 0): Element 'Object Repository/03_Mobile/02_Auth/SC002_Sign Up/pwd_validation' is exist

2022-07-18 07:53:12 - [MESSAGE][WARNING] - Timeout '0' is invalid. Using default page load timeout: '30'

2022-07-18 07:53:13 - [MESSAGE][PASSED] - Element 'Object Repository/03_Mobile/02_Auth/SC002_Sign Up/pwd_validation' is exist

2022-07-18 07:53:13 - [TEST_STEP][PASSED] - tap(findTestObject("03_Mobile/02_Auth/SC002_Sign Up/field_fullname"), 0, CONTINUE_ON_FAILURE): Tapped on element 'Object Repository/03_Mobile/02_Auth/SC002_Sign Up/field_fullname'

2022-07-18 07:53:13 - [MESSAGE][WARNING] - Timeout '0' is invalid. Using default page load timeout: '30'

2022-07-18 07:53:13 - [MESSAGE][PASSED] - Tapped on element 'Object Repository/03_Mobile/02_Auth/SC002_Sign Up/field_fullname'

2022-07-18 07:53:13 - [TEST_STEP][PASSED] - setText(findTestObject("03_Mobile/02_Auth/SC002_Sign Up/field_fullname"), findTestData("signup").getValue(3, i), 0, CONTINUE_ON_FAILURE): Text 'Joong A' has been set to element 'Object Repository/03_Mobile/02_Auth/SC002_Sign Up/field_fullname'

2022-07-18 07:53:13 - [MESSAGE][WARNING] - Timeout '0' is invalid. Using default page load timeout: '30'

2022-07-18 07:53:16 - [MESSAGE][PASSED] - Text 'Joong A' has been set to element 'Object Repository/03_Mobile/02_Auth/SC002_Sign Up/field_fullname'

2022-07-18 07:53:16 - [TEST_STEP][PASSED] - tap(findTestObject("03_Mobile/02_Auth/SC002_Sign Up/field_email"), 0, CONTINUE_ON_FAILURE): Tapped on element 'Object Repository/03_Mobile/02_Auth/SC002_Sign Up/field_email'

2022-07-18 07:53:16 - [MESSAGE][WARNING] - Timeout '0' is invalid. Using default page load timeout: '30'

2022-07-18 07:53:17 - [MESSAGE][PASSED] - Tapped on element 'Object Repository/03_Mobile/02_Auth/SC002_Sign Up/field_email'

2022-07-18 07:53:17 - [TEST_STEP][PASSED] - setText(findTestObject("03_Mobile/02_Auth/SC002_Sign Up/field_email"), findTestData("signup").getValue(4, i), 0, CONTINUE_ON_FAILURE): Text 'joongarc@gmail.com' has been set to element 'Object Repository/03_Mobile/02_Auth/SC002_Sign Up/field_email'

2022-07-18 07:53:17 - [MESSAGE][WARNING] - Timeout '0' is invalid. Using default page load timeout: '30'

2022-07-18 07:53:18 - [MESSAGE][PASSED] - Text 'joongarc@gmail.com' has been set to element 'Object Repository/03_Mobile/02_Auth/SC002_Sign Up/field_email'

2022-07-18 07:53:18 - [TEST_STEP][PASSED] - tap(findTestObject("03_Mobile/02_Auth/SC002_Sign Up/field_password"), 0, CONTINUE_ON_FAILURE): Tapped on element 'Object Repository/03_Mobile/02_Auth/SC002_Sign Up/field_password'

2022-07-18 07:53:19 - [MESSAGE][WARNING] - Timeout '0' is invalid. Using default page load timeout: '30'

2022-07-18 07:53:20 - [MESSAGE][PASSED] - Tapped on element 'Object Repository/03_Mobile/02_Auth/SC002_Sign Up/field_password'

2022-07-18 07:53:20 - [TEST_STEP][PASSED] - setText(findTestObject("03_Mobile/02_Auth/SC002_Sign Up/field_password"), findTestData("signup").getValue(5, i), 0, CONTINUE_ON_FAILURE): Text 'Joong123' has been set to element 'Object Repository/03_Mobile/02_Auth/SC002_Sign Up/field_password'

2022-07-18 07:53:20 - [MESSAGE][WARNING] - Timeout '0' is invalid. Using default page load timeout: '30'

2022-07-18 07:53:22 - [MESSAGE][PASSED] - Text 'Joong123' has been set to element 'Object Repository/03_Mobile/02_Auth/SC002_Sign Up/field_password'

2022-07-18 07:53:22 - [TEST_STEP][PASSED] - pressBack(CONTINUE_ON_FAILURE): Press back button successfully

2022-07-18 07:53:22 - [MESSAGE][PASSED] - Press back button successfully

2022-07-18 07:53:22 - [TEST_STEP][PASSED] - tap(findTestObject("03_Mobile/02_Auth/SC002_Sign Up/button_signup"), 0, CONTINUE_ON_FAILURE): Tapped on element 'Object Repository/03_Mobile/02_Auth/SC002_Sign Up/button_signup'

2022-07-18 07:53:22 - [MESSAGE][WARNING] - Timeout '0' is invalid. Using default page load timeout: '30'

2022-07-18 07:53:24 - [MESSAGE][PASSED] - Tapped on element 'Object Repository/03_Mobile/02_Auth/SC002_Sign Up/button_signup'

2022-07-18 07:53:24 - [TEST_STEP][PASSED] - if (findTestData("signup").getValue(2, i) == "negative" && findTestData("signup").getValue(6, i) == ""): null

2022-07-18 07:53:24 - [TEST_STEP][PASSED] - else: Element 'Object Repository/03_Mobile/02_Auth/SC002_Sign Up/pwd_validation' is exist

2022-07-18 07:53:24 - [TEST_STEP][PASSED] - verifyElementExist(findTestObject(findTestData("signup").getValue(6, i)), 0): Element 'Object Repository/03_Mobile/02_Auth/SC002_Sign Up/pwd_validation' is exist

2022-07-18 07:53:24 - [MESSAGE][WARNING] - Timeout '0' is invalid. Using default page load timeout: '30'

2022-07-18 07:53:24 - [MESSAGE][PASSED] - Element 'Object Repository/03_Mobile/02_Auth/SC002_Sign Up/pwd_validation' is exist

2022-07-18 07:53:24 - [TEST_STEP][PASSED] - tap(findTestObject("03_Mobile/02_Auth/SC002_Sign Up/field_fullname"), 0, CONTINUE_ON_FAILURE): Tapped on element 'Object Repository/03_Mobile/02_Auth/SC002_Sign Up/field_fullname'

2022-07-18 07:53:24 - [MESSAGE][WARNING] - Timeout '0' is invalid. Using default page load timeout: '30'

2022-07-18 07:53:25 - [MESSAGE][PASSED] - Tapped on element 'Object Repository/03_Mobile/02_Auth/SC002_Sign Up/field_fullname'

2022-07-18 07:53:25 - [TEST_STEP][PASSED] - setText(findTestObject("03_Mobile/02_Auth/SC002_Sign Up/field_fullname"), findTestData("signup").getValue(3, i), 0, CONTINUE_ON_FAILURE): Text 'Joong A' has been set to element 'Object Repository/03_Mobile/02_Auth/SC002_Sign Up/field_fullname'

2022-07-18 07:53:25 - [MESSAGE][WARNING] - Timeout '0' is invalid. Using default page load timeout: '30'

2022-07-18 07:53:26 - [MESSAGE][PASSED] - Text 'Joong A' has been set to element 'Object Repository/03_Mobile/02_Auth/SC002_Sign Up/field_fullname'

2022-07-18 07:53:26 - [TEST_STEP][PASSED] - tap(findTestObject("03_Mobile/02_Auth/SC002_Sign Up/field_email"), 0, CONTINUE_ON_FAILURE): Tapped on element 'Object Repository/03_Mobile/02_Auth/SC002_Sign Up/field_email'

2022-07-18 07:53:26 - [MESSAGE][WARNING] - Timeout '0' is invalid. Using default page load timeout: '30'

2022-07-18 07:53:27 - [MESSAGE][PASSED] - Tapped on element 'Object Repository/03_Mobile/02_Auth/SC002_Sign Up/field_email'

2022-07-18 07:53:27 - [TEST_STEP][PASSED] - setText(findTestObject("03_Mobile/02_Auth/SC002_Sign Up/field_email"), findTestData("signup").getValue(4, i), 0, CONTINUE_ON_FAILURE): Text 'joongarc@gmail.com' has been set to element 'Object Repository/03_Mobile/02_Auth/SC002_Sign Up/field_email'

2022-07-18 07:53:27 - [MESSAGE][WARNING] - Timeout '0' is invalid. Using default page load timeout: '30'

2022-07-18 07:53:29 - [MESSAGE][PASSED] - Text 'joongarc@gmail.com' has been set to element 'Object Repository/03_Mobile/02_Auth/SC002_Sign Up/field_email'

2022-07-18 07:53:29 - [TEST_STEP][PASSED] - tap(findTestObject("03_Mobile/02_Auth/SC002_Sign Up/field_password"), 0, CONTINUE_ON_FAILURE): Tapped on element 'Object Repository/03_Mobile/02_Auth/SC002_Sign Up/field_password'

2022-07-18 07:53:29 - [MESSAGE][WARNING] - Timeout '0' is invalid. Using default page load timeout: '30'

2022-07-18 07:53:30 - [MESSAGE][PASSED] - Tapped on element 'Object Repository/03_Mobile/02_Auth/SC002_Sign Up/field_password'

2022-07-18 07:53:30 - [TEST_STEP][PASSED] - setText(findTestObject("03_Mobile/02_Auth/SC002_Sign Up/field_password"), findTestData("signup").getValue(5, i), 0, CONTINUE_ON_FAILURE): Text 'Joongs#!' has been set to element 'Object Repository/03_Mobile/02_Auth/SC002_Sign Up/field_password'

2022-07-18 07:53:30 - [MESSAGE][WARNING] - Timeout '0' is invalid. Using default page load timeout: '30'

2022-07-18 07:53:31 - [MESSAGE][PASSED] - Text 'Joongs#!' has been set to element 'Object Repository/03_Mobile/02_Auth/SC002_Sign Up/field_password'

2022-07-18 07:53:31 - [TEST_STEP][PASSED] - pressBack(CONTINUE_ON_FAILURE): Press back button successfully

2022-07-18 07:53:32 - [MESSAGE][PASSED] - Press back button successfully

2022-07-18 07:53:32 - [TEST_STEP][PASSED] - tap(findTestObject("03_Mobile/02_Auth/SC002_Sign Up/button_signup"), 0, CONTINUE_ON_FAILURE): Tapped on element 'Object Repository/03_Mobile/02_Auth/SC002_Sign Up/button_signup'

2022-07-18 07:53:32 - [MESSAGE][WARNING] - Timeout '0' is invalid. Using default page load timeout: '30'

2022-07-18 07:53:33 - [MESSAGE][PASSED] - Tapped on element 'Object Repository/03_Mobile/02_Auth/SC002_Sign Up/button_signup'

2022-07-18 07:53:33 - [TEST_STEP][PASSED] - if (findTestData("signup").getValue(2, i) == "negative" && findTestData("signup").getValue(6, i) == ""): null

2022-07-18 07:53:33 - [TEST_STEP][PASSED] - else: Element 'Object Repository/03_Mobile/02_Auth/SC002_Sign Up/pwd_validation' is exist

2022-07-18 07:53:33 - [TEST_STEP][PASSED] - verifyElementExist(findTestObject(findTestData("signup").getValue(6, i)), 0): Element 'Object Repository/03_Mobile/02_Auth/SC002_Sign Up/pwd_validation' is exist

2022-07-18 07:53:34 - [MESSAGE][WARNING] - Timeout '0' is invalid. Using default page load timeout: '30'

2022-07-18 07:53:35 - [MESSAGE][PASSED] - Element 'Object Repository/03_Mobile/02_Auth/SC002_Sign Up/pwd_validation' is exist

2022-07-18 07:53:35 - [TEST_STEP][PASSED] - tap(findTestObject("03_Mobile/02_Auth/SC002_Sign Up/field_fullname"), 0, CONTINUE_ON_FAILURE): Tapped on element 'Object Repository/03_Mobile/02_Auth/SC002_Sign Up/field_fullname'

2022-07-18 07:53:35 - [MESSAGE][WARNING] - Timeout '0' is invalid. Using default page load timeout: '30'

2022-07-18 07:53:36 - [MESSAGE][PASSED] - Tapped on element 'Object Repository/03_Mobile/02_Auth/SC002_Sign Up/field_fullname'

2022-07-18 07:53:36 - [TEST_STEP][PASSED] - setText(findTestObject("03_Mobile/02_Auth/SC002_Sign Up/field_fullname"), findTestData("signup").getValue(3, i), 0, CONTINUE_ON_FAILURE): Text 'Joong A' has been set to element 'Object Repository/03_Mobile/02_Auth/SC002_Sign Up/field_fullname'

2022-07-18 07:53:36 - [MESSAGE][WARNING] - Timeout '0' is invalid. Using default page load timeout: '30'

2022-07-18 07:53:38 - [MESSAGE][PASSED] - Text 'Joong A' has been set to element 'Object Repository/03_Mobile/02_Auth/SC002_Sign Up/field_fullname'

2022-07-18 07:53:38 - [TEST_STEP][PASSED] - tap(findTestObject("03_Mobile/02_Auth/SC002_Sign Up/field_email"), 0, CONTINUE_ON_FAILURE): Tapped on element 'Object Repository/03_Mobile/02_Auth/SC002_Sign Up/field_email'

2022-07-18 07:53:38 - [MESSAGE][WARNING] - Timeout '0' is invalid. Using default page load timeout: '30'

2022-07-18 07:53:39 - [MESSAGE][PASSED] - Tapped on element 'Object Repository/03_Mobile/02_Auth/SC002_Sign Up/field_email'

2022-07-18 07:53:39 - [TEST_STEP][PASSED] - setText(findTestObject("03_Mobile/02_Auth/SC002_Sign Up/field_email"), findTestData("signup").getValue(4, i), 0, CONTINUE_ON_FAILURE): Text 'joongarc@gmail.com' has been set to element 'Object Repository/03_Mobile/02_Auth/SC002_Sign Up/field_email'

2022-07-18 07:53:39 - [MESSAGE][WARNING] - Timeout '0' is invalid. Using default page load timeout: '30'

2022-07-18 07:53:40 - [MESSAGE][PASSED] - Text 'joongarc@gmail.com' has been set to element 'Object Repository/03_Mobile/02_Auth/SC002_Sign Up/field_email'

2022-07-18 07:53:40 - [TEST_STEP][PASSED] - tap(findTestObject("03_Mobile/02_Auth/SC002_Sign Up/field_password"), 0, CONTINUE_ON_FAILURE): Tapped on element 'Object Repository/03_Mobile/02_Auth/SC002_Sign Up/field_password'

2022-07-18 07:53:41 - [MESSAGE][WARNING] - Timeout '0' is invalid. Using default page load timeout: '30'

2022-07-18 07:53:42 - [MESSAGE][PASSED] - Tapped on element 'Object Repository/03_Mobile/02_Auth/SC002_Sign Up/field_password'

2022-07-18 07:53:42 - [TEST_STEP][PASSED] - setText(findTestObject("03_Mobile/02_Auth/SC002_Sign Up/field_password"), findTestData("signup").getValue(5, i), 0, CONTINUE_ON_FAILURE): Text 'Joong123!' has been set to element 'Object Repository/03_Mobile/02_Auth/SC002_Sign Up/field_password'

2022-07-18 07:53:42 - [MESSAGE][WARNING] - Timeout '0' is invalid. Using default page load timeout: '30'

2022-07-18 07:53:43 - [MESSAGE][PASSED] - Text 'Joong123!' has been set to element 'Object Repository/03_Mobile/02_Auth/SC002_Sign Up/field_password'

2022-07-18 07:53:43 - [TEST_STEP][PASSED] - pressBack(CONTINUE_ON_FAILURE): Press back button successfully

2022-07-18 07:53:44 - [MESSAGE][PASSED] - Press back button successfully

2022-07-18 07:53:44 - [TEST_STEP][PASSED] - tap(findTestObject("03_Mobile/02_Auth/SC002_Sign Up/button_signup"), 0, CONTINUE_ON_FAILURE): Tapped on element 'Object Repository/03_Mobile/02_Auth/SC002_Sign Up/button_signup'

2022-07-18 07:53:44 - [MESSAGE][WARNING] - Timeout '0' is invalid. Using default page load timeout: '30'

2022-07-18 07:53:45 - [MESSAGE][PASSED] - Tapped on element 'Object Repository/03_Mobile/02_Auth/SC002_Sign Up/button_signup'

2022-07-18 07:53:45 - [TEST_STEP][PASSED] - if (findTestData("signup").getValue(2, i) == "negative" && findTestData("signup").getValue(6, i) == ""): null

2022-07-18 07:53:45 - [TEST_STEP][PASSED] - else: Element 'Object Repository/03_Mobile/02_Auth/SC002_Sign Up/email_already_taken' is exist

2022-07-18 07:53:45 - [TEST_STEP][PASSED] - verifyElementExist(findTestObject(findTestData("signup").getValue(6, i)), 0): Element 'Object Repository/03_Mobile/02_Auth/SC002_Sign Up/email_already_taken' is exist

2022-07-18 07:53:45 - [MESSAGE][WARNING] - Timeout '0' is invalid. Using default page load timeout: '30'

2022-07-18 07:53:47 - [MESSAGE][PASSED] - Element 'Object Repository/03_Mobile/02_Auth/SC002_Sign Up/email_already_taken' is exist

2022-07-18 07:53:47 - [TEST_STEP][PASSED] - tap(findTestObject("03_Mobile/02_Auth/SC002_Sign Up/field_fullname"), 0, CONTINUE_ON_FAILURE): Tapped on element 'Object Repository/03_Mobile/02_Auth/SC002_Sign Up/field_fullname'

2022-07-18 07:53:47 - [MESSAGE][WARNING] - Timeout '0' is invalid. Using default page load timeout: '30'

2022-07-18 07:53:47 - [MESSAGE][PASSED] - Tapped on element 'Object Repository/03_Mobile/02_Auth/SC002_Sign Up/field_fullname'

2022-07-18 07:53:47 - [TEST_STEP][PASSED] - setText(findTestObject("03_Mobile/02_Auth/SC002_Sign Up/field_fullname"), findTestData("signup").getValue(3, i), 0, CONTINUE_ON_FAILURE): Text 'Joong A' has been set to element 'Object Repository/03_Mobile/02_Auth/SC002_Sign Up/field_fullname'

2022-07-18 07:53:47 - [MESSAGE][WARNING] - Timeout '0' is invalid. Using default page load timeout: '30'

2022-07-18 07:53:49 - [MESSAGE][PASSED] - Text 'Joong A' has been set to element 'Object Repository/03_Mobile/02_Auth/SC002_Sign Up/field_fullname'

2022-07-18 07:53:49 - [TEST_STEP][PASSED] - tap(findTestObject("03_Mobile/02_Auth/SC002_Sign Up/field_email"), 0, CONTINUE_ON_FAILURE): Tapped on element 'Object Repository/03_Mobile/02_Auth/SC002_Sign Up/field_email'

2022-07-18 07:53:49 - [MESSAGE][WARNING] - Timeout '0' is invalid. Using default page load timeout: '30'

2022-07-18 07:53:51 - [MESSAGE][PASSED] - Tapped on element 'Object Repository/03_Mobile/02_Auth/SC002_Sign Up/field_email'

2022-07-18 07:53:51 - [TEST_STEP][PASSED] - setText(findTestObject("03_Mobile/02_Auth/SC002_Sign Up/field_email"), findTestData("signup").getValue(4, i), 0, CONTINUE_ON_FAILURE): Text 'joong20@gmail.com' has been set to element 'Object Repository/03_Mobile/02_Auth/SC002_Sign Up/field_email'

2022-07-18 07:53:51 - [MESSAGE][WARNING] - Timeout '0' is invalid. Using default page load timeout: '30'

2022-07-18 07:53:52 - [MESSAGE][PASSED] - Text 'joong20@gmail.com' has been set to element 'Object Repository/03_Mobile/02_Auth/SC002_Sign Up/field_email'

2022-07-18 07:53:52 - [TEST_STEP][PASSED] - tap(findTestObject("03_Mobile/02_Auth/SC002_Sign Up/field_password"), 0, CONTINUE_ON_FAILURE): Tapped on element 'Object Repository/03_Mobile/02_Auth/SC002_Sign Up/field_password'

2022-07-18 07:53:52 - [MESSAGE][WARNING] - Timeout '0' is invalid. Using default page load timeout: '30'

2022-07-18 07:53:53 - [MESSAGE][PASSED] - Tapped on element 'Object Repository/03_Mobile/02_Auth/SC002_Sign Up/field_password'

2022-07-18 07:53:53 - [TEST_STEP][PASSED] - setText(findTestObject("03_Mobile/02_Auth/SC002_Sign Up/field_password"), findTestData("signup").getValue(5, i), 0, CONTINUE_ON_FAILURE): Text 'Joong123!' has been set to element 'Object Repository/03_Mobile/02_Auth/SC002_Sign Up/field_password'

2022-07-18 07:53:53 - [MESSAGE][WARNING] - Timeout '0' is invalid. Using default page load timeout: '30'

2022-07-18 07:53:54 - [MESSAGE][PASSED] - Text 'Joong123!' has been set to element 'Object Repository/03_Mobile/02_Auth/SC002_Sign Up/field_password'

2022-07-18 07:53:54 - [TEST_STEP][PASSED] - pressBack(CONTINUE_ON_FAILURE): Press back button successfully

2022-07-18 07:53:55 - [MESSAGE][PASSED] - Press back button successfully

2022-07-18 07:53:55 - [TEST_STEP][PASSED] - tap(findTestObject("03_Mobile/02_Auth/SC002_Sign Up/button_signup"), 0, CONTINUE_ON_FAILURE): Tapped on element 'Object Repository/03_Mobile/02_Auth/SC002_Sign Up/button_signup'

2022-07-18 07:53:55 - [MESSAGE][WARNING] - Timeout '0' is invalid. Using default page load timeout: '30'

2022-07-18 07:53:57 - [MESSAGE][PASSED] - Tapped on element 'Object Repository/03_Mobile/02_Auth/SC002_Sign Up/button_signup'

2022-07-18 07:53:57 - [TEST_STEP][PASSED] - if (findTestData("signup").getValue(2, i) == "negative" && findTestData("signup").getValue(6, i) == ""): null

2022-07-18 07:53:57 - [TEST_STEP][PASSED] - else: Element 'Object Repository/03_Mobile/02_Auth/SC002_Sign Up/success' is exist

2022-07-18 07:53:57 - [TEST_STEP][PASSED] - verifyElementExist(findTestObject(findTestData("signup").getValue(6, i)), 0): Element 'Object Repository/03_Mobile/02_Auth/SC002_Sign Up/success' is exist

2022-07-18 07:53:57 - [MESSAGE][WARNING] - Timeout '0' is invalid. Using default page load timeout: '30'

2022-07-18 07:53:58 - [MESSAGE][PASSED] - Element 'Object Repository/03_Mobile/02_Auth/SC002_Sign Up/success' is exist

2022-07-18 07:53:58 - [TEST_STEP][PASSED] - driver = getDriver(): null

2022-07-18 07:53:58 - [TEST_STEP][PASSED] - driver.terminateApp("com.example.capstone_project_lms"): null]]></system-out>
         <system-err><![CDATA[]]></system-err>
      </testcase>
      <testcase name="Test Cases/03_Mobile/02_Auth/SC003_Sign In/Sign In" time="65.825" classname="Test Cases/03_Mobile/02_Auth/SC003_Sign In/Sign In" status="PASSED">
         <system-out><![CDATA[2022-07-18 07:53:59 - [TEST_CASE][PASSED] - Test Cases/03_Mobile/02_Auth/SC003_Sign In/Sign In: Test Cases/03_Mobile/02_Auth/SC003_Sign In/Sign In

2022-07-18 07:54:00 - [TEST_STEP][PASSED] - startExistingApplication(id_mobile_apk, CONTINUE_ON_FAILURE): Starting app with application ID: 'com.example.capstone_project_lms'

2022-07-18 07:54:13 - [MESSAGE][PASSED] - Starting app with application ID: 'com.example.capstone_project_lms'

2022-07-18 07:54:13 - [TEST_STEP][PASSED] - delay(8, CONTINUE_ON_FAILURE): Delayed 8 second(s)

2022-07-18 07:54:21 - [MESSAGE][PASSED] - Delayed 8 second(s)

2022-07-18 07:54:21 - [TEST_STEP][PASSED] - for ([i = 1, i <= 5, (i++)]): Element 'Object Repository/03_Mobile/02_Auth/SC003_Sign In/profile_view' is exist

2022-07-18 07:54:21 - [TEST_STEP][PASSED] - tap(findTestObject("03_Mobile/02_Auth/SC003_Sign In/field_email"), 0): Tapped on element 'Object Repository/03_Mobile/02_Auth/SC003_Sign In/field_email'

2022-07-18 07:54:21 - [MESSAGE][WARNING] - Timeout '0' is invalid. Using default page load timeout: '30'

2022-07-18 07:54:22 - [MESSAGE][PASSED] - Tapped on element 'Object Repository/03_Mobile/02_Auth/SC003_Sign In/field_email'

2022-07-18 07:54:22 - [TEST_STEP][PASSED] - setText(findTestObject("03_Mobile/02_Auth/SC003_Sign In/field_email"), findTestData("signin").getValue(3, i), 0, CONTINUE_ON_FAILURE): Text '' has been set to element 'Object Repository/03_Mobile/02_Auth/SC003_Sign In/field_email'

2022-07-18 07:54:23 - [MESSAGE][WARNING] - Timeout '0' is invalid. Using default page load timeout: '30'

2022-07-18 07:54:24 - [MESSAGE][PASSED] - Text '' has been set to element 'Object Repository/03_Mobile/02_Auth/SC003_Sign In/field_email'

2022-07-18 07:54:24 - [TEST_STEP][PASSED] - tap(findTestObject("03_Mobile/02_Auth/SC003_Sign In/field_password"), 0): Tapped on element 'Object Repository/03_Mobile/02_Auth/SC003_Sign In/field_password'

2022-07-18 07:54:24 - [MESSAGE][WARNING] - Timeout '0' is invalid. Using default page load timeout: '30'

2022-07-18 07:54:25 - [MESSAGE][PASSED] - Tapped on element 'Object Repository/03_Mobile/02_Auth/SC003_Sign In/field_password'

2022-07-18 07:54:25 - [TEST_STEP][PASSED] - setText(findTestObject("03_Mobile/02_Auth/SC003_Sign In/field_password"), findTestData("signin").getValue(4, i), 0, CONTINUE_ON_FAILURE): Text '' has been set to element 'Object Repository/03_Mobile/02_Auth/SC003_Sign In/field_password'

2022-07-18 07:54:25 - [MESSAGE][WARNING] - Timeout '0' is invalid. Using default page load timeout: '30'

2022-07-18 07:54:26 - [MESSAGE][PASSED] - Text '' has been set to element 'Object Repository/03_Mobile/02_Auth/SC003_Sign In/field_password'

2022-07-18 07:54:26 - [TEST_STEP][PASSED] - pressBack(): Press back button successfully

2022-07-18 07:54:26 - [MESSAGE][PASSED] - Press back button successfully

2022-07-18 07:54:26 - [TEST_STEP][PASSED] - tap(findTestObject("03_Mobile/02_Auth/SC003_Sign In/button_signin"), 0, CONTINUE_ON_FAILURE): Tapped on element 'Object Repository/03_Mobile/02_Auth/SC003_Sign In/button_signin'

2022-07-18 07:54:26 - [MESSAGE][WARNING] - Timeout '0' is invalid. Using default page load timeout: '30'

2022-07-18 07:54:27 - [MESSAGE][PASSED] - Tapped on element 'Object Repository/03_Mobile/02_Auth/SC003_Sign In/button_signin'

2022-07-18 07:54:27 - [TEST_STEP][PASSED] - if (findTestData("signin").getValue(3, i) == ""): Element 'Object Repository/03_Mobile/02_Auth/SC003_Sign In/something_wrong' is exist

2022-07-18 07:54:27 - [TEST_STEP][PASSED] - verifyElementExist(findTestObject("03_Mobile/02_Auth/SC003_Sign In/something_wrong"), 10, CONTINUE_ON_FAILURE): Element 'Object Repository/03_Mobile/02_Auth/SC003_Sign In/something_wrong' is exist

2022-07-18 07:54:28 - [MESSAGE][PASSED] - Element 'Object Repository/03_Mobile/02_Auth/SC003_Sign In/something_wrong' is exist

2022-07-18 07:54:28 - [TEST_STEP][PASSED] - tap(findTestObject("03_Mobile/02_Auth/SC003_Sign In/field_email"), 0): Tapped on element 'Object Repository/03_Mobile/02_Auth/SC003_Sign In/field_email'

2022-07-18 07:54:28 - [MESSAGE][WARNING] - Timeout '0' is invalid. Using default page load timeout: '30'

2022-07-18 07:54:29 - [MESSAGE][PASSED] - Tapped on element 'Object Repository/03_Mobile/02_Auth/SC003_Sign In/field_email'

2022-07-18 07:54:29 - [TEST_STEP][PASSED] - setText(findTestObject("03_Mobile/02_Auth/SC003_Sign In/field_email"), findTestData("signin").getValue(3, i), 0, CONTINUE_ON_FAILURE): Text 'joongarch@gmail.com' has been set to element 'Object Repository/03_Mobile/02_Auth/SC003_Sign In/field_email'

2022-07-18 07:54:29 - [MESSAGE][WARNING] - Timeout '0' is invalid. Using default page load timeout: '30'

2022-07-18 07:54:30 - [MESSAGE][PASSED] - Text 'joongarch@gmail.com' has been set to element 'Object Repository/03_Mobile/02_Auth/SC003_Sign In/field_email'

2022-07-18 07:54:30 - [TEST_STEP][PASSED] - tap(findTestObject("03_Mobile/02_Auth/SC003_Sign In/field_password"), 0): Tapped on element 'Object Repository/03_Mobile/02_Auth/SC003_Sign In/field_password'

2022-07-18 07:54:30 - [MESSAGE][WARNING] - Timeout '0' is invalid. Using default page load timeout: '30'

2022-07-18 07:54:31 - [MESSAGE][PASSED] - Tapped on element 'Object Repository/03_Mobile/02_Auth/SC003_Sign In/field_password'

2022-07-18 07:54:31 - [TEST_STEP][PASSED] - setText(findTestObject("03_Mobile/02_Auth/SC003_Sign In/field_password"), findTestData("signin").getValue(4, i), 0, CONTINUE_ON_FAILURE): Text 'Archen123!' has been set to element 'Object Repository/03_Mobile/02_Auth/SC003_Sign In/field_password'

2022-07-18 07:54:31 - [MESSAGE][WARNING] - Timeout '0' is invalid. Using default page load timeout: '30'

2022-07-18 07:54:32 - [MESSAGE][PASSED] - Text 'Archen123!' has been set to element 'Object Repository/03_Mobile/02_Auth/SC003_Sign In/field_password'

2022-07-18 07:54:32 - [TEST_STEP][PASSED] - pressBack(): Press back button successfully

2022-07-18 07:54:33 - [MESSAGE][PASSED] - Press back button successfully

2022-07-18 07:54:33 - [TEST_STEP][PASSED] - tap(findTestObject("03_Mobile/02_Auth/SC003_Sign In/button_signin"), 0, CONTINUE_ON_FAILURE): Tapped on element 'Object Repository/03_Mobile/02_Auth/SC003_Sign In/button_signin'

2022-07-18 07:54:33 - [MESSAGE][WARNING] - Timeout '0' is invalid. Using default page load timeout: '30'

2022-07-18 07:54:34 - [MESSAGE][PASSED] - Tapped on element 'Object Repository/03_Mobile/02_Auth/SC003_Sign In/button_signin'

2022-07-18 07:54:34 - [TEST_STEP][PASSED] - if (findTestData("signin").getValue(3, i) == ""): null

2022-07-18 07:54:34 - [TEST_STEP][PASSED] - else if (findTestData("signin").getValue(2, i) == "negative" && findTestData("signin").getValue(3, i) != ""): Element 'Object Repository/03_Mobile/02_Auth/SC003_Sign In/failed_signin' is exist

2022-07-18 07:54:34 - [TEST_STEP][PASSED] - verifyElementExist(findTestObject("03_Mobile/02_Auth/SC003_Sign In/failed_signin"), 10, CONTINUE_ON_FAILURE): Element 'Object Repository/03_Mobile/02_Auth/SC003_Sign In/failed_signin' is exist

2022-07-18 07:54:35 - [MESSAGE][PASSED] - Element 'Object Repository/03_Mobile/02_Auth/SC003_Sign In/failed_signin' is exist

2022-07-18 07:54:35 - [TEST_STEP][PASSED] - tap(findTestObject("03_Mobile/02_Auth/SC003_Sign In/field_email"), 0): Tapped on element 'Object Repository/03_Mobile/02_Auth/SC003_Sign In/field_email'

2022-07-18 07:54:35 - [MESSAGE][WARNING] - Timeout '0' is invalid. Using default page load timeout: '30'

2022-07-18 07:54:36 - [MESSAGE][PASSED] - Tapped on element 'Object Repository/03_Mobile/02_Auth/SC003_Sign In/field_email'

2022-07-18 07:54:36 - [TEST_STEP][PASSED] - setText(findTestObject("03_Mobile/02_Auth/SC003_Sign In/field_email"), findTestData("signin").getValue(3, i), 0, CONTINUE_ON_FAILURE): Text 'joong' has been set to element 'Object Repository/03_Mobile/02_Auth/SC003_Sign In/field_email'

2022-07-18 07:54:36 - [MESSAGE][WARNING] - Timeout '0' is invalid. Using default page load timeout: '30'

2022-07-18 07:54:38 - [MESSAGE][PASSED] - Text 'joong' has been set to element 'Object Repository/03_Mobile/02_Auth/SC003_Sign In/field_email'

2022-07-18 07:54:38 - [TEST_STEP][PASSED] - tap(findTestObject("03_Mobile/02_Auth/SC003_Sign In/field_password"), 0): Tapped on element 'Object Repository/03_Mobile/02_Auth/SC003_Sign In/field_password'

2022-07-18 07:54:38 - [MESSAGE][WARNING] - Timeout '0' is invalid. Using default page load timeout: '30'

2022-07-18 07:54:39 - [MESSAGE][PASSED] - Tapped on element 'Object Repository/03_Mobile/02_Auth/SC003_Sign In/field_password'

2022-07-18 07:54:39 - [TEST_STEP][PASSED] - setText(findTestObject("03_Mobile/02_Auth/SC003_Sign In/field_password"), findTestData("signin").getValue(4, i), 0, CONTINUE_ON_FAILURE): Text 'Joong123!' has been set to element 'Object Repository/03_Mobile/02_Auth/SC003_Sign In/field_password'

2022-07-18 07:54:39 - [MESSAGE][WARNING] - Timeout '0' is invalid. Using default page load timeout: '30'

2022-07-18 07:54:41 - [MESSAGE][PASSED] - Text 'Joong123!' has been set to element 'Object Repository/03_Mobile/02_Auth/SC003_Sign In/field_password'

2022-07-18 07:54:41 - [TEST_STEP][PASSED] - pressBack(): Press back button successfully

2022-07-18 07:54:41 - [MESSAGE][PASSED] - Press back button successfully

2022-07-18 07:54:41 - [TEST_STEP][PASSED] - tap(findTestObject("03_Mobile/02_Auth/SC003_Sign In/button_signin"), 0, CONTINUE_ON_FAILURE): Tapped on element 'Object Repository/03_Mobile/02_Auth/SC003_Sign In/button_signin'

2022-07-18 07:54:41 - [MESSAGE][WARNING] - Timeout '0' is invalid. Using default page load timeout: '30'

2022-07-18 07:54:43 - [MESSAGE][PASSED] - Tapped on element 'Object Repository/03_Mobile/02_Auth/SC003_Sign In/button_signin'

2022-07-18 07:54:43 - [TEST_STEP][PASSED] - if (findTestData("signin").getValue(3, i) == ""): null

2022-07-18 07:54:43 - [TEST_STEP][PASSED] - else if (findTestData("signin").getValue(2, i) == "negative" && findTestData("signin").getValue(3, i) != ""): Element 'Object Repository/03_Mobile/02_Auth/SC003_Sign In/failed_signin' is exist

2022-07-18 07:54:43 - [TEST_STEP][PASSED] - verifyElementExist(findTestObject("03_Mobile/02_Auth/SC003_Sign In/failed_signin"), 10, CONTINUE_ON_FAILURE): Element 'Object Repository/03_Mobile/02_Auth/SC003_Sign In/failed_signin' is exist

2022-07-18 07:54:44 - [MESSAGE][PASSED] - Element 'Object Repository/03_Mobile/02_Auth/SC003_Sign In/failed_signin' is exist

2022-07-18 07:54:44 - [TEST_STEP][PASSED] - tap(findTestObject("03_Mobile/02_Auth/SC003_Sign In/field_email"), 0): Tapped on element 'Object Repository/03_Mobile/02_Auth/SC003_Sign In/field_email'

2022-07-18 07:54:44 - [MESSAGE][WARNING] - Timeout '0' is invalid. Using default page load timeout: '30'

2022-07-18 07:54:45 - [MESSAGE][PASSED] - Tapped on element 'Object Repository/03_Mobile/02_Auth/SC003_Sign In/field_email'

2022-07-18 07:54:45 - [TEST_STEP][PASSED] - setText(findTestObject("03_Mobile/02_Auth/SC003_Sign In/field_email"), findTestData("signin").getValue(3, i), 0, CONTINUE_ON_FAILURE): Text 'joong@gmail.com' has been set to element 'Object Repository/03_Mobile/02_Auth/SC003_Sign In/field_email'

2022-07-18 07:54:45 - [MESSAGE][WARNING] - Timeout '0' is invalid. Using default page load timeout: '30'

2022-07-18 07:54:46 - [MESSAGE][PASSED] - Text 'joong@gmail.com' has been set to element 'Object Repository/03_Mobile/02_Auth/SC003_Sign In/field_email'

2022-07-18 07:54:46 - [TEST_STEP][PASSED] - tap(findTestObject("03_Mobile/02_Auth/SC003_Sign In/field_password"), 0): Tapped on element 'Object Repository/03_Mobile/02_Auth/SC003_Sign In/field_password'

2022-07-18 07:54:46 - [MESSAGE][WARNING] - Timeout '0' is invalid. Using default page load timeout: '30'

2022-07-18 07:54:47 - [MESSAGE][PASSED] - Tapped on element 'Object Repository/03_Mobile/02_Auth/SC003_Sign In/field_password'

2022-07-18 07:54:47 - [TEST_STEP][PASSED] - setText(findTestObject("03_Mobile/02_Auth/SC003_Sign In/field_password"), findTestData("signin").getValue(4, i), 0, CONTINUE_ON_FAILURE): Text 'Joong13!' has been set to element 'Object Repository/03_Mobile/02_Auth/SC003_Sign In/field_password'

2022-07-18 07:54:47 - [MESSAGE][WARNING] - Timeout '0' is invalid. Using default page load timeout: '30'

2022-07-18 07:54:49 - [MESSAGE][PASSED] - Text 'Joong13!' has been set to element 'Object Repository/03_Mobile/02_Auth/SC003_Sign In/field_password'

2022-07-18 07:54:49 - [TEST_STEP][PASSED] - pressBack(): Press back button successfully

2022-07-18 07:54:49 - [MESSAGE][PASSED] - Press back button successfully

2022-07-18 07:54:49 - [TEST_STEP][PASSED] - tap(findTestObject("03_Mobile/02_Auth/SC003_Sign In/button_signin"), 0, CONTINUE_ON_FAILURE): Tapped on element 'Object Repository/03_Mobile/02_Auth/SC003_Sign In/button_signin'

2022-07-18 07:54:49 - [MESSAGE][WARNING] - Timeout '0' is invalid. Using default page load timeout: '30'

2022-07-18 07:54:51 - [MESSAGE][PASSED] - Tapped on element 'Object Repository/03_Mobile/02_Auth/SC003_Sign In/button_signin'

2022-07-18 07:54:51 - [TEST_STEP][PASSED] - if (findTestData("signin").getValue(3, i) == ""): null

2022-07-18 07:54:51 - [TEST_STEP][PASSED] - else if (findTestData("signin").getValue(2, i) == "negative" && findTestData("signin").getValue(3, i) != ""): Element 'Object Repository/03_Mobile/02_Auth/SC003_Sign In/failed_signin' is exist

2022-07-18 07:54:51 - [TEST_STEP][PASSED] - verifyElementExist(findTestObject("03_Mobile/02_Auth/SC003_Sign In/failed_signin"), 10, CONTINUE_ON_FAILURE): Element 'Object Repository/03_Mobile/02_Auth/SC003_Sign In/failed_signin' is exist

2022-07-18 07:54:52 - [MESSAGE][PASSED] - Element 'Object Repository/03_Mobile/02_Auth/SC003_Sign In/failed_signin' is exist

2022-07-18 07:54:52 - [TEST_STEP][PASSED] - tap(findTestObject("03_Mobile/02_Auth/SC003_Sign In/field_email"), 0): Tapped on element 'Object Repository/03_Mobile/02_Auth/SC003_Sign In/field_email'

2022-07-18 07:54:53 - [MESSAGE][WARNING] - Timeout '0' is invalid. Using default page load timeout: '30'

2022-07-18 07:54:53 - [MESSAGE][PASSED] - Tapped on element 'Object Repository/03_Mobile/02_Auth/SC003_Sign In/field_email'

2022-07-18 07:54:53 - [TEST_STEP][PASSED] - setText(findTestObject("03_Mobile/02_Auth/SC003_Sign In/field_email"), findTestData("signin").getValue(3, i), 0, CONTINUE_ON_FAILURE): Text 'joong@gmail.com' has been set to element 'Object Repository/03_Mobile/02_Auth/SC003_Sign In/field_email'

2022-07-18 07:54:53 - [MESSAGE][WARNING] - Timeout '0' is invalid. Using default page load timeout: '30'

2022-07-18 07:54:55 - [MESSAGE][PASSED] - Text 'joong@gmail.com' has been set to element 'Object Repository/03_Mobile/02_Auth/SC003_Sign In/field_email'

2022-07-18 07:54:55 - [TEST_STEP][PASSED] - tap(findTestObject("03_Mobile/02_Auth/SC003_Sign In/field_password"), 0): Tapped on element 'Object Repository/03_Mobile/02_Auth/SC003_Sign In/field_password'

2022-07-18 07:54:55 - [MESSAGE][WARNING] - Timeout '0' is invalid. Using default page load timeout: '30'

2022-07-18 07:54:56 - [MESSAGE][PASSED] - Tapped on element 'Object Repository/03_Mobile/02_Auth/SC003_Sign In/field_password'

2022-07-18 07:54:56 - [TEST_STEP][PASSED] - setText(findTestObject("03_Mobile/02_Auth/SC003_Sign In/field_password"), findTestData("signin").getValue(4, i), 0, CONTINUE_ON_FAILURE): Text 'Joong123!' has been set to element 'Object Repository/03_Mobile/02_Auth/SC003_Sign In/field_password'

2022-07-18 07:54:57 - [MESSAGE][WARNING] - Timeout '0' is invalid. Using default page load timeout: '30'

2022-07-18 07:54:57 - [MESSAGE][PASSED] - Text 'Joong123!' has been set to element 'Object Repository/03_Mobile/02_Auth/SC003_Sign In/field_password'

2022-07-18 07:54:57 - [TEST_STEP][PASSED] - pressBack(): Press back button successfully

2022-07-18 07:54:58 - [MESSAGE][PASSED] - Press back button successfully

2022-07-18 07:54:58 - [TEST_STEP][PASSED] - tap(findTestObject("03_Mobile/02_Auth/SC003_Sign In/button_signin"), 0, CONTINUE_ON_FAILURE): Tapped on element 'Object Repository/03_Mobile/02_Auth/SC003_Sign In/button_signin'

2022-07-18 07:54:58 - [MESSAGE][WARNING] - Timeout '0' is invalid. Using default page load timeout: '30'

2022-07-18 07:55:00 - [MESSAGE][PASSED] - Tapped on element 'Object Repository/03_Mobile/02_Auth/SC003_Sign In/button_signin'

2022-07-18 07:55:00 - [TEST_STEP][PASSED] - if (findTestData("signin").getValue(3, i) == ""): null

2022-07-18 07:55:00 - [TEST_STEP][PASSED] - else if (findTestData("signin").getValue(2, i) == "negative" && findTestData("signin").getValue(3, i) != ""): null

2022-07-18 07:55:00 - [TEST_STEP][PASSED] - else: Element 'Object Repository/03_Mobile/02_Auth/SC003_Sign In/profile_view' is exist

2022-07-18 07:55:00 - [TEST_STEP][PASSED] - verifyElementExist(findTestObject("03_Mobile/02_Auth/SC003_Sign In/profile_view"), 10, CONTINUE_ON_FAILURE): Element 'Object Repository/03_Mobile/02_Auth/SC003_Sign In/profile_view' is exist

2022-07-18 07:55:04 - [MESSAGE][PASSED] - Element 'Object Repository/03_Mobile/02_Auth/SC003_Sign In/profile_view' is exist

2022-07-18 07:55:04 - [TEST_STEP][PASSED] - driver = getDriver(): null

2022-07-18 07:55:04 - [TEST_STEP][PASSED] - driver.terminateApp("com.example.capstone_project_lms"): null]]></system-out>
         <system-err><![CDATA[]]></system-err>
      </testcase>
      <testcase name="Test Cases/03_Mobile/03_Home/SC006_Join Class/Join Class" time="45.94" classname="Test Cases/03_Mobile/03_Home/SC006_Join Class/Join Class" status="PASSED">
         <system-out><![CDATA[2022-07-18 07:55:05 - [TEST_CASE][PASSED] - Test Cases/03_Mobile/03_Home/SC006_Join Class/Join Class: Test Cases/03_Mobile/03_Home/SC006_Join Class/Join Class

2022-07-18 07:55:06 - [TEST_STEP][PASSED] - startExistingApplication("com.example.capstone_project_lms", CONTINUE_ON_FAILURE): Starting app with application ID: 'com.example.capstone_project_lms'

2022-07-18 07:55:18 - [MESSAGE][PASSED] - Starting app with application ID: 'com.example.capstone_project_lms'

2022-07-18 07:55:18 - [TEST_STEP][PASSED] - for ([i = 1, i <= 3, (i++)]): Element 'Object Repository/03_Mobile/03_Home/SC006_Join Class/success' is exist

2022-07-18 07:55:18 - [TEST_STEP][PASSED] - tap(findTestObject("Object Repository/03_Mobile/03_Home/SC006_Join Class/btn_joinclass (1)"), 0): Tapped on element 'Object Repository/03_Mobile/03_Home/SC006_Join Class/btn_joinclass (1)'

2022-07-18 07:55:18 - [MESSAGE][WARNING] - Timeout '0' is invalid. Using default page load timeout: '30'

2022-07-18 07:55:24 - [MESSAGE][PASSED] - Tapped on element 'Object Repository/03_Mobile/03_Home/SC006_Join Class/btn_joinclass (1)'

2022-07-18 07:55:24 - [TEST_STEP][PASSED] - tapAndHold(findTestObject("03_Mobile/03_Home/SC006_Join Class/txt_codeclass (2)"), 0, 0): Tapped and held on element 'Object Repository/03_Mobile/03_Home/SC006_Join Class/txt_codeclass (2)' with duration (default)

2022-07-18 07:55:24 - [MESSAGE][WARNING] - Duration '0' is invalid. Using default duration.

2022-07-18 07:55:24 - [MESSAGE][WARNING] - Timeout '0' is invalid. Using default page load timeout: '30'

2022-07-18 07:55:27 - [MESSAGE][PASSED] - Tapped and held on element 'Object Repository/03_Mobile/03_Home/SC006_Join Class/txt_codeclass (2)' with duration (default)

2022-07-18 07:55:27 - [TEST_STEP][PASSED] - setText(findTestObject("Object Repository/03_Mobile/03_Home/SC006_Join Class/txt_codeclass (2)"), findTestData("join_class").getValue(3, i), 0): Text '' has been set to element 'Object Repository/03_Mobile/03_Home/SC006_Join Class/txt_codeclass (2)'

2022-07-18 07:55:28 - [MESSAGE][WARNING] - Timeout '0' is invalid. Using default page load timeout: '30'

2022-07-18 07:55:29 - [MESSAGE][PASSED] - Text '' has been set to element 'Object Repository/03_Mobile/03_Home/SC006_Join Class/txt_codeclass (2)'

2022-07-18 07:55:29 - [TEST_STEP][PASSED] - tap(findTestObject("Object Repository/03_Mobile/03_Home/SC006_Join Class/btn_join (1)"), 0): Tapped on element 'Object Repository/03_Mobile/03_Home/SC006_Join Class/btn_join (1)'

2022-07-18 07:55:29 - [MESSAGE][WARNING] - Timeout '0' is invalid. Using default page load timeout: '30'

2022-07-18 07:55:30 - [MESSAGE][PASSED] - Tapped on element 'Object Repository/03_Mobile/03_Home/SC006_Join Class/btn_join (1)'

2022-07-18 07:55:30 - [TEST_STEP][PASSED] - if (findTestData("join_class").getValue(2, i) == "negative"): Element 'Object Repository/03_Mobile/03_Home/SC006_Join Class/failed_message' is exist

2022-07-18 07:55:30 - [TEST_STEP][PASSED] - verifyElementExist(findTestObject("03_Mobile/03_Home/SC006_Join Class/failed_message"), 0, CONTINUE_ON_FAILURE): Element 'Object Repository/03_Mobile/03_Home/SC006_Join Class/failed_message' is exist

2022-07-18 07:55:31 - [MESSAGE][WARNING] - Timeout '0' is invalid. Using default page load timeout: '30'

2022-07-18 07:55:32 - [MESSAGE][PASSED] - Element 'Object Repository/03_Mobile/03_Home/SC006_Join Class/failed_message' is exist

2022-07-18 07:55:32 - [TEST_STEP][PASSED] - tap(findTestObject("Object Repository/03_Mobile/03_Home/SC006_Join Class/btn_joinclass (1)"), 0): Tapped on element 'Object Repository/03_Mobile/03_Home/SC006_Join Class/btn_joinclass (1)'

2022-07-18 07:55:32 - [MESSAGE][WARNING] - Timeout '0' is invalid. Using default page load timeout: '30'

2022-07-18 07:55:33 - [MESSAGE][PASSED] - Tapped on element 'Object Repository/03_Mobile/03_Home/SC006_Join Class/btn_joinclass (1)'

2022-07-18 07:55:33 - [TEST_STEP][PASSED] - tapAndHold(findTestObject("03_Mobile/03_Home/SC006_Join Class/txt_codeclass (2)"), 0, 0): Tapped and held on element 'Object Repository/03_Mobile/03_Home/SC006_Join Class/txt_codeclass (2)' with duration (default)

2022-07-18 07:55:33 - [MESSAGE][WARNING] - Duration '0' is invalid. Using default duration.

2022-07-18 07:55:33 - [MESSAGE][WARNING] - Timeout '0' is invalid. Using default page load timeout: '30'

2022-07-18 07:55:36 - [MESSAGE][PASSED] - Tapped and held on element 'Object Repository/03_Mobile/03_Home/SC006_Join Class/txt_codeclass (2)' with duration (default)

2022-07-18 07:55:36 - [TEST_STEP][PASSED] - setText(findTestObject("Object Repository/03_Mobile/03_Home/SC006_Join Class/txt_codeclass (2)"), findTestData("join_class").getValue(3, i), 0): Text 'abcdefh12' has been set to element 'Object Repository/03_Mobile/03_Home/SC006_Join Class/txt_codeclass (2)'

2022-07-18 07:55:36 - [MESSAGE][WARNING] - Timeout '0' is invalid. Using default page load timeout: '30'

2022-07-18 07:55:37 - [MESSAGE][PASSED] - Text 'abcdefh12' has been set to element 'Object Repository/03_Mobile/03_Home/SC006_Join Class/txt_codeclass (2)'

2022-07-18 07:55:37 - [TEST_STEP][PASSED] - tap(findTestObject("Object Repository/03_Mobile/03_Home/SC006_Join Class/btn_join (1)"), 0): Tapped on element 'Object Repository/03_Mobile/03_Home/SC006_Join Class/btn_join (1)'

2022-07-18 07:55:38 - [MESSAGE][WARNING] - Timeout '0' is invalid. Using default page load timeout: '30'

2022-07-18 07:55:38 - [MESSAGE][PASSED] - Tapped on element 'Object Repository/03_Mobile/03_Home/SC006_Join Class/btn_join (1)'

2022-07-18 07:55:38 - [TEST_STEP][PASSED] - if (findTestData("join_class").getValue(2, i) == "negative"): Element 'Object Repository/03_Mobile/03_Home/SC006_Join Class/failed_message' is exist

2022-07-18 07:55:38 - [TEST_STEP][PASSED] - verifyElementExist(findTestObject("03_Mobile/03_Home/SC006_Join Class/failed_message"), 0, CONTINUE_ON_FAILURE): Element 'Object Repository/03_Mobile/03_Home/SC006_Join Class/failed_message' is exist

2022-07-18 07:55:39 - [MESSAGE][WARNING] - Timeout '0' is invalid. Using default page load timeout: '30'

2022-07-18 07:55:41 - [MESSAGE][PASSED] - Element 'Object Repository/03_Mobile/03_Home/SC006_Join Class/failed_message' is exist

2022-07-18 07:55:41 - [TEST_STEP][PASSED] - tap(findTestObject("Object Repository/03_Mobile/03_Home/SC006_Join Class/btn_joinclass (1)"), 0): Tapped on element 'Object Repository/03_Mobile/03_Home/SC006_Join Class/btn_joinclass (1)'

2022-07-18 07:55:41 - [MESSAGE][WARNING] - Timeout '0' is invalid. Using default page load timeout: '30'

2022-07-18 07:55:42 - [MESSAGE][PASSED] - Tapped on element 'Object Repository/03_Mobile/03_Home/SC006_Join Class/btn_joinclass (1)'

2022-07-18 07:55:42 - [TEST_STEP][PASSED] - tapAndHold(findTestObject("03_Mobile/03_Home/SC006_Join Class/txt_codeclass (2)"), 0, 0): Tapped and held on element 'Object Repository/03_Mobile/03_Home/SC006_Join Class/txt_codeclass (2)' with duration (default)

2022-07-18 07:55:42 - [MESSAGE][WARNING] - Duration '0' is invalid. Using default duration.

2022-07-18 07:55:42 - [MESSAGE][WARNING] - Timeout '0' is invalid. Using default page load timeout: '30'

2022-07-18 07:55:45 - [MESSAGE][PASSED] - Tapped and held on element 'Object Repository/03_Mobile/03_Home/SC006_Join Class/txt_codeclass (2)' with duration (default)

2022-07-18 07:55:45 - [TEST_STEP][PASSED] - setText(findTestObject("Object Repository/03_Mobile/03_Home/SC006_Join Class/txt_codeclass (2)"), findTestData("join_class").getValue(3, i), 0): Text '5360e6355a' has been set to element 'Object Repository/03_Mobile/03_Home/SC006_Join Class/txt_codeclass (2)'

2022-07-18 07:55:45 - [MESSAGE][WARNING] - Timeout '0' is invalid. Using default page load timeout: '30'

2022-07-18 07:55:46 - [MESSAGE][PASSED] - Text '5360e6355a' has been set to element 'Object Repository/03_Mobile/03_Home/SC006_Join Class/txt_codeclass (2)'

2022-07-18 07:55:46 - [TEST_STEP][PASSED] - tap(findTestObject("Object Repository/03_Mobile/03_Home/SC006_Join Class/btn_join (1)"), 0): Tapped on element 'Object Repository/03_Mobile/03_Home/SC006_Join Class/btn_join (1)'

2022-07-18 07:55:46 - [MESSAGE][WARNING] - Timeout '0' is invalid. Using default page load timeout: '30'

2022-07-18 07:55:47 - [MESSAGE][PASSED] - Tapped on element 'Object Repository/03_Mobile/03_Home/SC006_Join Class/btn_join (1)'

2022-07-18 07:55:47 - [TEST_STEP][PASSED] - if (findTestData("join_class").getValue(2, i) == "negative"): null

2022-07-18 07:55:47 - [TEST_STEP][PASSED] - else: Element 'Object Repository/03_Mobile/03_Home/SC006_Join Class/success' is exist

2022-07-18 07:55:47 - [TEST_STEP][PASSED] - verifyElementExist(findTestObject("03_Mobile/03_Home/SC006_Join Class/success"), 0, CONTINUE_ON_FAILURE): Element 'Object Repository/03_Mobile/03_Home/SC006_Join Class/success' is exist

2022-07-18 07:55:47 - [MESSAGE][WARNING] - Timeout '0' is invalid. Using default page load timeout: '30'

2022-07-18 07:55:50 - [MESSAGE][PASSED] - Element 'Object Repository/03_Mobile/03_Home/SC006_Join Class/success' is exist

2022-07-18 07:55:50 - [TEST_STEP][PASSED] - driver = getDriver(): null

2022-07-18 07:55:50 - [TEST_STEP][PASSED] - driver.terminateApp("com.example.capstone_project_lms"): null]]></system-out>
         <system-err><![CDATA[]]></system-err>
      </testcase>
      <testcase name="Test Cases/03_Mobile/03_Home/SC008_Active Class/TC001_View Detail Active Class" time="24.573" classname="Test Cases/03_Mobile/03_Home/SC008_Active Class/TC001_View Detail Active Class" status="PASSED">
         <system-out><![CDATA[2022-07-18 07:55:51 - [TEST_CASE][PASSED] - Test Cases/03_Mobile/03_Home/SC008_Active Class/TC001_View Detail Active Class: Test Cases/03_Mobile/03_Home/SC008_Active Class/TC001_View Detail Active Class

2022-07-18 07:55:52 - [TEST_STEP][PASSED] - startExistingApplication("com.example.capstone_project_lms", CONTINUE_ON_FAILURE): Starting app with application ID: 'com.example.capstone_project_lms'

2022-07-18 07:56:04 - [MESSAGE][PASSED] - Starting app with application ID: 'com.example.capstone_project_lms'

2022-07-18 07:56:04 - [TEST_STEP][PASSED] - tapAndHold(findTestObject("03_Mobile/03_Home/SC008_Active Class/class"), 0, 0, CONTINUE_ON_FAILURE): Tapped and held on element 'Object Repository/03_Mobile/03_Home/SC008_Active Class/class' with duration (default)

2022-07-18 07:56:04 - [MESSAGE][WARNING] - Duration '0' is invalid. Using default duration.

2022-07-18 07:56:04 - [MESSAGE][WARNING] - Timeout '0' is invalid. Using default page load timeout: '30'

2022-07-18 07:56:12 - [MESSAGE][PASSED] - Tapped and held on element 'Object Repository/03_Mobile/03_Home/SC008_Active Class/class' with duration (default)

2022-07-18 07:56:12 - [TEST_STEP][PASSED] - verifyElementExist(findTestObject("03_Mobile/03_Home/SC008_Active Class/class_title"), 0, CONTINUE_ON_FAILURE): Element 'Object Repository/03_Mobile/03_Home/SC008_Active Class/class_title' is exist

2022-07-18 07:56:12 - [MESSAGE][WARNING] - Timeout '0' is invalid. Using default page load timeout: '30'

2022-07-18 07:56:15 - [MESSAGE][PASSED] - Element 'Object Repository/03_Mobile/03_Home/SC008_Active Class/class_title' is exist

2022-07-18 07:56:15 - [TEST_STEP][PASSED] - driver = getDriver(): null

2022-07-18 07:56:15 - [TEST_STEP][PASSED] - driver.terminateApp("com.example.capstone_project_lms"): null]]></system-out>
         <system-err><![CDATA[]]></system-err>
      </testcase>
      <testcase name="Test Cases/03_Mobile/04_My Class/SC009_Class List/TC001_View Detail Class in My Class" time="24.228" classname="Test Cases/03_Mobile/04_My Class/SC009_Class List/TC001_View Detail Class in My Class" status="PASSED">
         <system-out><![CDATA[2022-07-18 07:56:16 - [TEST_CASE][PASSED] - Test Cases/03_Mobile/04_My Class/SC009_Class List/TC001_View Detail Class in My Class: Test Cases/03_Mobile/04_My Class/SC009_Class List/TC001_View Detail Class in My Class

2022-07-18 07:56:16 - [TEST_STEP][PASSED] - startExistingApplication("com.example.capstone_project_lms", CONTINUE_ON_FAILURE): Starting app with application ID: 'com.example.capstone_project_lms'

2022-07-18 07:56:28 - [MESSAGE][PASSED] - Starting app with application ID: 'com.example.capstone_project_lms'

2022-07-18 07:56:28 - [TEST_STEP][PASSED] - tap(findTestObject("03_Mobile/04_My Class/SC009_Class List/myclass"), 0, CONTINUE_ON_FAILURE): Tapped on element 'Object Repository/03_Mobile/04_My Class/SC009_Class List/myclass'

2022-07-18 07:56:28 - [MESSAGE][WARNING] - Timeout '0' is invalid. Using default page load timeout: '30'

2022-07-18 07:56:33 - [MESSAGE][PASSED] - Tapped on element 'Object Repository/03_Mobile/04_My Class/SC009_Class List/myclass'

2022-07-18 07:56:33 - [TEST_STEP][PASSED] - tapAndHold(findTestObject("03_Mobile/04_My Class/SC009_Class List/class_object"), 0, 0, CONTINUE_ON_FAILURE): Tapped and held on element 'Object Repository/03_Mobile/04_My Class/SC009_Class List/class_object' with duration (default)

2022-07-18 07:56:33 - [MESSAGE][WARNING] - Duration '0' is invalid. Using default duration.

2022-07-18 07:56:33 - [MESSAGE][WARNING] - Timeout '0' is invalid. Using default page load timeout: '30'

2022-07-18 07:56:36 - [MESSAGE][PASSED] - Tapped and held on element 'Object Repository/03_Mobile/04_My Class/SC009_Class List/class_object' with duration (default)

2022-07-18 07:56:36 - [TEST_STEP][PASSED] - verifyElementExist(findTestObject("03_Mobile/04_My Class/SC009_Class List/class_title"), 0, CONTINUE_ON_FAILURE): Element 'Object Repository/03_Mobile/04_My Class/SC009_Class List/class_title' is exist

2022-07-18 07:56:36 - [MESSAGE][WARNING] - Timeout '0' is invalid. Using default page load timeout: '30'

2022-07-18 07:56:39 - [MESSAGE][PASSED] - Element 'Object Repository/03_Mobile/04_My Class/SC009_Class List/class_title' is exist

2022-07-18 07:56:39 - [TEST_STEP][PASSED] - driver = getDriver(): null

2022-07-18 07:56:39 - [TEST_STEP][PASSED] - driver.terminateApp("com.example.capstone_project_lms"): null]]></system-out>
         <system-err><![CDATA[]]></system-err>
      </testcase>
      <testcase name="Test Cases/03_Mobile/04_My Class/SC010_Class Members/TC001_View Number of Members in A Class" time="23.293" classname="Test Cases/03_Mobile/04_My Class/SC010_Class Members/TC001_View Number of Members in A Class" status="PASSED">
         <system-out><![CDATA[2022-07-18 07:56:40 - [TEST_CASE][PASSED] - Test Cases/03_Mobile/04_My Class/SC010_Class Members/TC001_View Number of Members in A Class: Test Cases/03_Mobile/04_My Class/SC010_Class Members/TC001_View Number of Members in A Class

2022-07-18 07:56:40 - [TEST_STEP][PASSED] - startExistingApplication("com.example.capstone_project_lms", CONTINUE_ON_FAILURE): Starting app with application ID: 'com.example.capstone_project_lms'

2022-07-18 07:56:52 - [MESSAGE][PASSED] - Starting app with application ID: 'com.example.capstone_project_lms'

2022-07-18 07:56:52 - [TEST_STEP][PASSED] - tapAndHold(findTestObject("Object Repository/03_Mobile/04_My Class/SC010_Class Members/class_object"), 0, 0, CONTINUE_ON_FAILURE): Tapped and held on element 'Object Repository/03_Mobile/04_My Class/SC010_Class Members/class_object' with duration (default)

2022-07-18 07:56:52 - [MESSAGE][WARNING] - Duration '0' is invalid. Using default duration.

2022-07-18 07:56:52 - [MESSAGE][WARNING] - Timeout '0' is invalid. Using default page load timeout: '30'

2022-07-18 07:57:00 - [MESSAGE][PASSED] - Tapped and held on element 'Object Repository/03_Mobile/04_My Class/SC010_Class Members/class_object' with duration (default)

2022-07-18 07:57:00 - [TEST_STEP][PASSED] - verifyElementExist(findTestObject("Object Repository/03_Mobile/04_My Class/SC010_Class Members/number_members"), 0, CONTINUE_ON_FAILURE): Element 'Object Repository/03_Mobile/04_My Class/SC010_Class Members/number_members' is exist

2022-07-18 07:57:00 - [MESSAGE][WARNING] - Timeout '0' is invalid. Using default page load timeout: '30'

2022-07-18 07:57:02 - [MESSAGE][PASSED] - Element 'Object Repository/03_Mobile/04_My Class/SC010_Class Members/number_members' is exist

2022-07-18 07:57:02 - [TEST_STEP][PASSED] - driver = getDriver(): null

2022-07-18 07:57:02 - [TEST_STEP][PASSED] - driver.terminateApp("com.example.capstone_project_lms"): null]]></system-out>
         <system-err><![CDATA[]]></system-err>
      </testcase>
      <testcase name="Test Cases/03_Mobile/04_My Class/SC016_View Detail Content Material/TC001_View Detail Content Material" time="32.551" classname="Test Cases/03_Mobile/04_My Class/SC016_View Detail Content Material/TC001_View Detail Content Material" status="PASSED">
         <system-out><![CDATA[2022-07-18 07:57:03 - [TEST_CASE][PASSED] - Test Cases/03_Mobile/04_My Class/SC016_View Detail Content Material/TC001_View Detail Content Material: Test Cases/03_Mobile/04_My Class/SC016_View Detail Content Material/TC001_View Detail Content Material

2022-07-18 07:57:04 - [TEST_STEP][PASSED] - startExistingApplication("com.example.capstone_project_lms", CONTINUE_ON_FAILURE): Starting app with application ID: 'com.example.capstone_project_lms'

2022-07-18 07:57:15 - [MESSAGE][PASSED] - Starting app with application ID: 'com.example.capstone_project_lms'

2022-07-18 07:57:15 - [TEST_STEP][PASSED] - tapAndHold(findTestObject("Object Repository/03_Mobile/04_My Class/SC016_View Detail Content Material/class_object"), 0, 0, CONTINUE_ON_FAILURE): Tapped and held on element 'Object Repository/03_Mobile/04_My Class/SC016_View Detail Content Material/class_object' with duration (default)

2022-07-18 07:57:15 - [MESSAGE][WARNING] - Duration '0' is invalid. Using default duration.

2022-07-18 07:57:15 - [MESSAGE][WARNING] - Timeout '0' is invalid. Using default page load timeout: '30'

2022-07-18 07:57:23 - [MESSAGE][PASSED] - Tapped and held on element 'Object Repository/03_Mobile/04_My Class/SC016_View Detail Content Material/class_object' with duration (default)

2022-07-18 07:57:23 - [TEST_STEP][PASSED] - tap(findTestObject("03_Mobile/04_My Class/SC016_View Detail Content Material/menu_contents"), 0, CONTINUE_ON_FAILURE): Tapped on element 'Object Repository/03_Mobile/04_My Class/SC016_View Detail Content Material/menu_contents'

2022-07-18 07:57:24 - [MESSAGE][WARNING] - Timeout '0' is invalid. Using default page load timeout: '30'

2022-07-18 07:57:30 - [MESSAGE][PASSED] - Tapped on element 'Object Repository/03_Mobile/04_My Class/SC016_View Detail Content Material/menu_contents'

2022-07-18 07:57:30 - [TEST_STEP][PASSED] - tapAndHold(findTestObject("Object Repository/03_Mobile/04_My Class/SC016_View Detail Content Material/choose_materi1"), 0, 0, CONTINUE_ON_FAILURE): Tapped and held on element 'Object Repository/03_Mobile/04_My Class/SC016_View Detail Content Material/choose_materi1' with duration (default)

2022-07-18 07:57:30 - [MESSAGE][WARNING] - Duration '0' is invalid. Using default duration.

2022-07-18 07:57:30 - [MESSAGE][WARNING] - Timeout '0' is invalid. Using default page load timeout: '30'

2022-07-18 07:57:33 - [MESSAGE][PASSED] - Tapped and held on element 'Object Repository/03_Mobile/04_My Class/SC016_View Detail Content Material/choose_materi1' with duration (default)

2022-07-18 07:57:33 - [TEST_STEP][PASSED] - verifyElementExist(findTestObject("Object Repository/03_Mobile/04_My Class/SC016_View Detail Content Material/title_materi1"), 0, CONTINUE_ON_FAILURE): Element 'Object Repository/03_Mobile/04_My Class/SC016_View Detail Content Material/title_materi1' is exist

2022-07-18 07:57:33 - [MESSAGE][WARNING] - Timeout '0' is invalid. Using default page load timeout: '30'

2022-07-18 07:57:33 - [MESSAGE][PASSED] - Element 'Object Repository/03_Mobile/04_My Class/SC016_View Detail Content Material/title_materi1' is exist

2022-07-18 07:57:33 - [TEST_STEP][PASSED] - tap(findTestObject("Object Repository/03_Mobile/04_My Class/SC016_View Detail Content Material/menu_desc"), 0, CONTINUE_ON_FAILURE): Tapped on element 'Object Repository/03_Mobile/04_My Class/SC016_View Detail Content Material/menu_desc'

2022-07-18 07:57:34 - [MESSAGE][WARNING] - Timeout '0' is invalid. Using default page load timeout: '30'

2022-07-18 07:57:35 - [MESSAGE][PASSED] - Tapped on element 'Object Repository/03_Mobile/04_My Class/SC016_View Detail Content Material/menu_desc'

2022-07-18 07:57:35 - [TEST_STEP][PASSED] - verifyElementExist(findTestObject("Object Repository/03_Mobile/04_My Class/SC016_View Detail Content Material/desc_materi1"), 0, CONTINUE_ON_FAILURE): Element 'Object Repository/03_Mobile/04_My Class/SC016_View Detail Content Material/desc_materi1' is exist

2022-07-18 07:57:35 - [MESSAGE][WARNING] - Timeout '0' is invalid. Using default page load timeout: '30'

2022-07-18 07:57:35 - [MESSAGE][PASSED] - Element 'Object Repository/03_Mobile/04_My Class/SC016_View Detail Content Material/desc_materi1' is exist

2022-07-18 07:57:35 - [TEST_STEP][PASSED] - driver = getDriver(): null

2022-07-18 07:57:35 - [TEST_STEP][PASSED] - driver.terminateApp("com.example.capstone_project_lms"): null]]></system-out>
         <system-err><![CDATA[]]></system-err>
      </testcase>
      <testcase name="Test Cases/03_Mobile/04_My Class/SC017_View Feedback/TC001_View Feedbacks" time="62.002" classname="Test Cases/03_Mobile/04_My Class/SC017_View Feedback/TC001_View Feedbacks" status="FAILED">
         <failure type="FAILED" message="Test Cases/03_Mobile/04_My Class/SC017_View Feedback/TC001_View Feedbacks FAILED.
Reason:
com.kms.katalon.core.exception.StepFailedException: Element 'Object Repository/03_Mobile/04_My Class/SC017_View Feedback/feedback_list' not found
	at com.kms.katalon.core.keyword.internal.KeywordMain.stepFailed(KeywordMain.groovy:39)
	at com.kms.katalon.core.mobile.keyword.internal.MobileKeywordMain.stepFailed(MobileKeywordMain.groovy:40)
	at com.kms.katalon.core.mobile.keyword.builtin.VerifyElementExistKeyword$_verifyElementExist_closure1.doCall(VerifyElementExistKeyword.groovy:77)
	at com.kms.katalon.core.mobile.keyword.builtin.VerifyElementExistKeyword$_verifyElementExist_closure1.call(VerifyElementExistKeyword.groovy)
	at com.kms.katalon.core.mobile.keyword.internal.MobileKeywordMain.runKeyword(MobileKeywordMain.groovy:21)
	at com.kms.katalon.core.mobile.keyword.builtin.VerifyElementExistKeyword.verifyElementExist(VerifyElementExistKeyword.groovy:80)
	at com.kms.katalon.core.mobile.keyword.builtin.VerifyElementExistKeyword.execute(VerifyElementExistKeyword.groovy:64)
	at com.kms.katalon.core.keyword.internal.KeywordExecutor.executeKeywordForPlatform(KeywordExecutor.groovy:74)
	at com.kms.katalon.core.mobile.keyword.MobileBuiltInKeywords.verifyElementExist(MobileBuiltInKeywords.groovy:1604)
	at com.kms.katalon.core.mobile.keyword.MobileBuiltInKeywords$verifyElementExist$6.call(Unknown Source)
	at TC001_View Feedbacks.run(TC001_View Feedbacks:28)
	at com.kms.katalon.core.main.ScriptEngine.run(ScriptEngine.java:194)
	at com.kms.katalon.core.main.ScriptEngine.runScriptAsRawText(ScriptEngine.java:119)
	at com.kms.katalon.core.main.TestCaseExecutor.runScript(TestCaseExecutor.java:442)
	at com.kms.katalon.core.main.TestCaseExecutor.doExecute(TestCaseExecutor.java:433)
	at com.kms.katalon.core.main.TestCaseExecutor.processExecutionPhase(TestCaseExecutor.java:412)
	at com.kms.katalon.core.main.TestCaseExecutor.accessMainPhase(TestCaseExecutor.java:404)
	at com.kms.katalon.core.main.TestCaseExecutor.execute(TestCaseExecutor.java:281)
	at com.kms.katalon.core.main.TestSuiteExecutor.accessTestCaseMainPhase(TestSuiteExecutor.java:202)
	at com.kms.katalon.core.main.TestSuiteExecutor.accessTestSuiteMainPhase(TestSuiteExecutor.java:164)
	at com.kms.katalon.core.main.TestSuiteExecutor.execute(TestSuiteExecutor.java:105)
	at com.kms.katalon.core.main.TestCaseMain.startTestSuite(TestCaseMain.java:185)
	at com.kms.katalon.core.main.TestCaseMain$startTestSuite$0.call(Unknown Source)
	at TempTestSuite1658105500039.run(TempTestSuite1658105500039.groovy:36)
"/>
         <system-out><![CDATA[2022-07-18 07:57:36 - [TEST_CASE][FAILED] - Test Cases/03_Mobile/04_My Class/SC017_View Feedback/TC001_View Feedbacks: Test Cases/03_Mobile/04_My Class/SC017_View Feedback/TC001_View Feedbacks FAILED.
Reason:
com.kms.katalon.core.exception.StepFailedException: Element 'Object Repository/03_Mobile/04_My Class/SC017_View Feedback/feedback_list' not found
	at com.kms.katalon.core.keyword.internal.KeywordMain.stepFailed(KeywordMain.groovy:39)
	at com.kms.katalon.core.mobile.keyword.internal.MobileKeywordMain.stepFailed(MobileKeywordMain.groovy:40)
	at com.kms.katalon.core.mobile.keyword.builtin.VerifyElementExistKeyword$_verifyElementExist_closure1.doCall(VerifyElementExistKeyword.groovy:77)
	at com.kms.katalon.core.mobile.keyword.builtin.VerifyElementExistKeyword$_verifyElementExist_closure1.call(VerifyElementExistKeyword.groovy)
	at com.kms.katalon.core.mobile.keyword.internal.MobileKeywordMain.runKeyword(MobileKeywordMain.groovy:21)
	at com.kms.katalon.core.mobile.keyword.builtin.VerifyElementExistKeyword.verifyElementExist(VerifyElementExistKeyword.groovy:80)
	at com.kms.katalon.core.mobile.keyword.builtin.VerifyElementExistKeyword.execute(VerifyElementExistKeyword.groovy:64)
	at com.kms.katalon.core.keyword.internal.KeywordExecutor.executeKeywordForPlatform(KeywordExecutor.groovy:74)
	at com.kms.katalon.core.mobile.keyword.MobileBuiltInKeywords.verifyElementExist(MobileBuiltInKeywords.groovy:1604)
	at com.kms.katalon.core.mobile.keyword.MobileBuiltInKeywords$verifyElementExist$6.call(Unknown Source)
	at TC001_View Feedbacks.run(TC001_View Feedbacks:28)
	at com.kms.katalon.core.main.ScriptEngine.run(ScriptEngine.java:194)
	at com.kms.katalon.core.main.ScriptEngine.runScriptAsRawText(ScriptEngine.java:119)
	at com.kms.katalon.core.main.TestCaseExecutor.runScript(TestCaseExecutor.java:442)
	at com.kms.katalon.core.main.TestCaseExecutor.doExecute(TestCaseExecutor.java:433)
	at com.kms.katalon.core.main.TestCaseExecutor.processExecutionPhase(TestCaseExecutor.java:412)
	at com.kms.katalon.core.main.TestCaseExecutor.accessMainPhase(TestCaseExecutor.java:404)
	at com.kms.katalon.core.main.TestCaseExecutor.execute(TestCaseExecutor.java:281)
	at com.kms.katalon.core.main.TestSuiteExecutor.accessTestCaseMainPhase(TestSuiteExecutor.java:202)
	at com.kms.katalon.core.main.TestSuiteExecutor.accessTestSuiteMainPhase(TestSuiteExecutor.java:164)
	at com.kms.katalon.core.main.TestSuiteExecutor.execute(TestSuiteExecutor.java:105)
	at com.kms.katalon.core.main.TestCaseMain.startTestSuite(TestCaseMain.java:185)
	at com.kms.katalon.core.main.TestCaseMain$startTestSuite$0.call(Unknown Source)
	at TempTestSuite1658105500039.run(TempTestSuite1658105500039.groovy:36)


2022-07-18 07:57:36 - [TEST_STEP][PASSED] - startExistingApplication("com.example.capstone_project_lms", CONTINUE_ON_FAILURE): Starting app with application ID: 'com.example.capstone_project_lms'

2022-07-18 07:57:48 - [MESSAGE][PASSED] - Starting app with application ID: 'com.example.capstone_project_lms'

2022-07-18 07:57:48 - [TEST_STEP][PASSED] - tapAndHold(findTestObject("Object Repository/03_Mobile/04_My Class/SC017_View Feedback/class_object"), 0, 0, CONTINUE_ON_FAILURE): Tapped and held on element 'Object Repository/03_Mobile/04_My Class/SC017_View Feedback/class_object' with duration (default)

2022-07-18 07:57:48 - [MESSAGE][WARNING] - Duration '0' is invalid. Using default duration.

2022-07-18 07:57:48 - [MESSAGE][WARNING] - Timeout '0' is invalid. Using default page load timeout: '30'

2022-07-18 07:57:56 - [MESSAGE][PASSED] - Tapped and held on element 'Object Repository/03_Mobile/04_My Class/SC017_View Feedback/class_object' with duration (default)

2022-07-18 07:57:56 - [TEST_STEP][PASSED] - tap(findTestObject("Object Repository/03_Mobile/04_My Class/SC017_View Feedback/menu_feedback"), 0, CONTINUE_ON_FAILURE): Tapped on element 'Object Repository/03_Mobile/04_My Class/SC017_View Feedback/menu_feedback'

2022-07-18 07:57:56 - [MESSAGE][WARNING] - Timeout '0' is invalid. Using default page load timeout: '30'

2022-07-18 07:58:03 - [MESSAGE][PASSED] - Tapped on element 'Object Repository/03_Mobile/04_My Class/SC017_View Feedback/menu_feedback'

2022-07-18 07:58:03 - [TEST_STEP][FAILED] - verifyElementExist(findTestObject("03_Mobile/04_My Class/SC017_View Feedback/feedback_list"), 0, CONTINUE_ON_FAILURE): Element 'Object Repository/03_Mobile/04_My Class/SC017_View Feedback/feedback_list' not found

2022-07-18 07:58:03 - [MESSAGE][WARNING] - Timeout '0' is invalid. Using default page load timeout: '30'

2022-07-18 07:58:37 - [MESSAGE][FAILED] - Element 'Object Repository/03_Mobile/04_My Class/SC017_View Feedback/feedback_list' not found
[[ATTACHMENT|F:\\1. UNNES\\6. Semester 6\\2 - MSIB\\CAPSTONE PROJECT\\testing-lms\\Reports\\20220718_075140\\TS03_Mobile\\Regression_Mobile\\20220718_075140\\1658105915829.png]]

2022-07-18 07:58:37 - [TEST_STEP][PASSED] - driver = getDriver(): null

2022-07-18 07:58:37 - [TEST_STEP][PASSED] - driver.terminateApp("com.example.capstone_project_lms"): null]]></system-out>
         <system-err><![CDATA[2022-07-18 07:57:36 - [TEST_CASE][FAILED] - Test Cases/03_Mobile/04_My Class/SC017_View Feedback/TC001_View Feedbacks: Test Cases/03_Mobile/04_My Class/SC017_View Feedback/TC001_View Feedbacks FAILED.
Reason:
com.kms.katalon.core.exception.StepFailedException: Element 'Object Repository/03_Mobile/04_My Class/SC017_View Feedback/feedback_list' not found
	at com.kms.katalon.core.keyword.internal.KeywordMain.stepFailed(KeywordMain.groovy:39)
	at com.kms.katalon.core.mobile.keyword.internal.MobileKeywordMain.stepFailed(MobileKeywordMain.groovy:40)
	at com.kms.katalon.core.mobile.keyword.builtin.VerifyElementExistKeyword$_verifyElementExist_closure1.doCall(VerifyElementExistKeyword.groovy:77)
	at com.kms.katalon.core.mobile.keyword.builtin.VerifyElementExistKeyword$_verifyElementExist_closure1.call(VerifyElementExistKeyword.groovy)
	at com.kms.katalon.core.mobile.keyword.internal.MobileKeywordMain.runKeyword(MobileKeywordMain.groovy:21)
	at com.kms.katalon.core.mobile.keyword.builtin.VerifyElementExistKeyword.verifyElementExist(VerifyElementExistKeyword.groovy:80)
	at com.kms.katalon.core.mobile.keyword.builtin.VerifyElementExistKeyword.execute(VerifyElementExistKeyword.groovy:64)
	at com.kms.katalon.core.keyword.internal.KeywordExecutor.executeKeywordForPlatform(KeywordExecutor.groovy:74)
	at com.kms.katalon.core.mobile.keyword.MobileBuiltInKeywords.verifyElementExist(MobileBuiltInKeywords.groovy:1604)
	at com.kms.katalon.core.mobile.keyword.MobileBuiltInKeywords$verifyElementExist$6.call(Unknown Source)
	at TC001_View Feedbacks.run(TC001_View Feedbacks:28)
	at com.kms.katalon.core.main.ScriptEngine.run(ScriptEngine.java:194)
	at com.kms.katalon.core.main.ScriptEngine.runScriptAsRawText(ScriptEngine.java:119)
	at com.kms.katalon.core.main.TestCaseExecutor.runScript(TestCaseExecutor.java:442)
	at com.kms.katalon.core.main.TestCaseExecutor.doExecute(TestCaseExecutor.java:433)
	at com.kms.katalon.core.main.TestCaseExecutor.processExecutionPhase(TestCaseExecutor.java:412)
	at com.kms.katalon.core.main.TestCaseExecutor.accessMainPhase(TestCaseExecutor.java:404)
	at com.kms.katalon.core.main.TestCaseExecutor.execute(TestCaseExecutor.java:281)
	at com.kms.katalon.core.main.TestSuiteExecutor.accessTestCaseMainPhase(TestSuiteExecutor.java:202)
	at com.kms.katalon.core.main.TestSuiteExecutor.accessTestSuiteMainPhase(TestSuiteExecutor.java:164)
	at com.kms.katalon.core.main.TestSuiteExecutor.execute(TestSuiteExecutor.java:105)
	at com.kms.katalon.core.main.TestCaseMain.startTestSuite(TestCaseMain.java:185)
	at com.kms.katalon.core.main.TestCaseMain$startTestSuite$0.call(Unknown Source)
	at TempTestSuite1658105500039.run(TempTestSuite1658105500039.groovy:36)]]></system-err>
      </testcase>
      <testcase name="Test Cases/03_Mobile/05_History/SC023_View History/TC001_View List of History" time="50.031" classname="Test Cases/03_Mobile/05_History/SC023_View History/TC001_View List of History" status="FAILED">
         <failure type="FAILED" message="Test Cases/03_Mobile/05_History/SC023_View History/TC001_View List of History FAILED.
Reason:
com.kms.katalon.core.exception.StepFailedException: Element 'Object Repository/03_Mobile/05_History/SC023_View History/history_list' not found
	at com.kms.katalon.core.keyword.internal.KeywordMain.stepFailed(KeywordMain.groovy:39)
	at com.kms.katalon.core.mobile.keyword.internal.MobileKeywordMain.stepFailed(MobileKeywordMain.groovy:40)
	at com.kms.katalon.core.mobile.keyword.builtin.VerifyElementExistKeyword$_verifyElementExist_closure1.doCall(VerifyElementExistKeyword.groovy:77)
	at com.kms.katalon.core.mobile.keyword.builtin.VerifyElementExistKeyword$_verifyElementExist_closure1.call(VerifyElementExistKeyword.groovy)
	at com.kms.katalon.core.mobile.keyword.internal.MobileKeywordMain.runKeyword(MobileKeywordMain.groovy:21)
	at com.kms.katalon.core.mobile.keyword.builtin.VerifyElementExistKeyword.verifyElementExist(VerifyElementExistKeyword.groovy:80)
	at com.kms.katalon.core.mobile.keyword.builtin.VerifyElementExistKeyword.execute(VerifyElementExistKeyword.groovy:64)
	at com.kms.katalon.core.keyword.internal.KeywordExecutor.executeKeywordForPlatform(KeywordExecutor.groovy:74)
	at com.kms.katalon.core.mobile.keyword.MobileBuiltInKeywords.verifyElementExist(MobileBuiltInKeywords.groovy:1604)
	at com.kms.katalon.core.mobile.keyword.MobileBuiltInKeywords$verifyElementExist$6.call(Unknown Source)
	at TC001_View List of History.run(TC001_View List of History:26)
	at com.kms.katalon.core.main.ScriptEngine.run(ScriptEngine.java:194)
	at com.kms.katalon.core.main.ScriptEngine.runScriptAsRawText(ScriptEngine.java:119)
	at com.kms.katalon.core.main.TestCaseExecutor.runScript(TestCaseExecutor.java:442)
	at com.kms.katalon.core.main.TestCaseExecutor.doExecute(TestCaseExecutor.java:433)
	at com.kms.katalon.core.main.TestCaseExecutor.processExecutionPhase(TestCaseExecutor.java:412)
	at com.kms.katalon.core.main.TestCaseExecutor.accessMainPhase(TestCaseExecutor.java:404)
	at com.kms.katalon.core.main.TestCaseExecutor.execute(TestCaseExecutor.java:281)
	at com.kms.katalon.core.main.TestSuiteExecutor.accessTestCaseMainPhase(TestSuiteExecutor.java:202)
	at com.kms.katalon.core.main.TestSuiteExecutor.accessTestSuiteMainPhase(TestSuiteExecutor.java:164)
	at com.kms.katalon.core.main.TestSuiteExecutor.execute(TestSuiteExecutor.java:105)
	at com.kms.katalon.core.main.TestCaseMain.startTestSuite(TestCaseMain.java:185)
	at com.kms.katalon.core.main.TestCaseMain$startTestSuite$0.call(Unknown Source)
	at TempTestSuite1658105500039.run(TempTestSuite1658105500039.groovy:36)
"/>
         <system-out><![CDATA[2022-07-18 07:58:38 - [TEST_CASE][FAILED] - Test Cases/03_Mobile/05_History/SC023_View History/TC001_View List of History: Test Cases/03_Mobile/05_History/SC023_View History/TC001_View List of History FAILED.
Reason:
com.kms.katalon.core.exception.StepFailedException: Element 'Object Repository/03_Mobile/05_History/SC023_View History/history_list' not found
	at com.kms.katalon.core.keyword.internal.KeywordMain.stepFailed(KeywordMain.groovy:39)
	at com.kms.katalon.core.mobile.keyword.internal.MobileKeywordMain.stepFailed(MobileKeywordMain.groovy:40)
	at com.kms.katalon.core.mobile.keyword.builtin.VerifyElementExistKeyword$_verifyElementExist_closure1.doCall(VerifyElementExistKeyword.groovy:77)
	at com.kms.katalon.core.mobile.keyword.builtin.VerifyElementExistKeyword$_verifyElementExist_closure1.call(VerifyElementExistKeyword.groovy)
	at com.kms.katalon.core.mobile.keyword.internal.MobileKeywordMain.runKeyword(MobileKeywordMain.groovy:21)
	at com.kms.katalon.core.mobile.keyword.builtin.VerifyElementExistKeyword.verifyElementExist(VerifyElementExistKeyword.groovy:80)
	at com.kms.katalon.core.mobile.keyword.builtin.VerifyElementExistKeyword.execute(VerifyElementExistKeyword.groovy:64)
	at com.kms.katalon.core.keyword.internal.KeywordExecutor.executeKeywordForPlatform(KeywordExecutor.groovy:74)
	at com.kms.katalon.core.mobile.keyword.MobileBuiltInKeywords.verifyElementExist(MobileBuiltInKeywords.groovy:1604)
	at com.kms.katalon.core.mobile.keyword.MobileBuiltInKeywords$verifyElementExist$6.call(Unknown Source)
	at TC001_View List of History.run(TC001_View List of History:26)
	at com.kms.katalon.core.main.ScriptEngine.run(ScriptEngine.java:194)
	at com.kms.katalon.core.main.ScriptEngine.runScriptAsRawText(ScriptEngine.java:119)
	at com.kms.katalon.core.main.TestCaseExecutor.runScript(TestCaseExecutor.java:442)
	at com.kms.katalon.core.main.TestCaseExecutor.doExecute(TestCaseExecutor.java:433)
	at com.kms.katalon.core.main.TestCaseExecutor.processExecutionPhase(TestCaseExecutor.java:412)
	at com.kms.katalon.core.main.TestCaseExecutor.accessMainPhase(TestCaseExecutor.java:404)
	at com.kms.katalon.core.main.TestCaseExecutor.execute(TestCaseExecutor.java:281)
	at com.kms.katalon.core.main.TestSuiteExecutor.accessTestCaseMainPhase(TestSuiteExecutor.java:202)
	at com.kms.katalon.core.main.TestSuiteExecutor.accessTestSuiteMainPhase(TestSuiteExecutor.java:164)
	at com.kms.katalon.core.main.TestSuiteExecutor.execute(TestSuiteExecutor.java:105)
	at com.kms.katalon.core.main.TestCaseMain.startTestSuite(TestCaseMain.java:185)
	at com.kms.katalon.core.main.TestCaseMain$startTestSuite$0.call(Unknown Source)
	at TempTestSuite1658105500039.run(TempTestSuite1658105500039.groovy:36)


2022-07-18 07:58:38 - [TEST_STEP][PASSED] - startExistingApplication("com.example.capstone_project_lms", CONTINUE_ON_FAILURE): Starting app with application ID: 'com.example.capstone_project_lms'

2022-07-18 07:58:51 - [MESSAGE][PASSED] - Starting app with application ID: 'com.example.capstone_project_lms'

2022-07-18 07:58:51 - [TEST_STEP][PASSED] - tap(findTestObject("03_Mobile/05_History/SC023_View History/history_menu"), 0, CONTINUE_ON_FAILURE): Tapped on element 'Object Repository/03_Mobile/05_History/SC023_View History/history_menu'

2022-07-18 07:58:51 - [MESSAGE][WARNING] - Timeout '0' is invalid. Using default page load timeout: '30'

2022-07-18 07:58:56 - [MESSAGE][PASSED] - Tapped on element 'Object Repository/03_Mobile/05_History/SC023_View History/history_menu'

2022-07-18 07:58:56 - [TEST_STEP][FAILED] - verifyElementExist(findTestObject("03_Mobile/05_History/SC023_View History/history_list"), 0, CONTINUE_ON_FAILURE): Element 'Object Repository/03_Mobile/05_History/SC023_View History/history_list' not found

2022-07-18 07:58:56 - [MESSAGE][WARNING] - Timeout '0' is invalid. Using default page load timeout: '30'

2022-07-18 07:59:27 - [MESSAGE][FAILED] - Element 'Object Repository/03_Mobile/05_History/SC023_View History/history_list' not found
[[ATTACHMENT|F:\\1. UNNES\\6. Semester 6\\2 - MSIB\\CAPSTONE PROJECT\\testing-lms\\Reports\\20220718_075140\\TS03_Mobile\\Regression_Mobile\\20220718_075140\\1658105966475.png]]

2022-07-18 07:59:27 - [TEST_STEP][PASSED] - driver = getDriver(): null

2022-07-18 07:59:27 - [TEST_STEP][PASSED] - driver.terminateApp("com.example.capstone_project_lms"): null]]></system-out>
         <system-err><![CDATA[2022-07-18 07:58:38 - [TEST_CASE][FAILED] - Test Cases/03_Mobile/05_History/SC023_View History/TC001_View List of History: Test Cases/03_Mobile/05_History/SC023_View History/TC001_View List of History FAILED.
Reason:
com.kms.katalon.core.exception.StepFailedException: Element 'Object Repository/03_Mobile/05_History/SC023_View History/history_list' not found
	at com.kms.katalon.core.keyword.internal.KeywordMain.stepFailed(KeywordMain.groovy:39)
	at com.kms.katalon.core.mobile.keyword.internal.MobileKeywordMain.stepFailed(MobileKeywordMain.groovy:40)
	at com.kms.katalon.core.mobile.keyword.builtin.VerifyElementExistKeyword$_verifyElementExist_closure1.doCall(VerifyElementExistKeyword.groovy:77)
	at com.kms.katalon.core.mobile.keyword.builtin.VerifyElementExistKeyword$_verifyElementExist_closure1.call(VerifyElementExistKeyword.groovy)
	at com.kms.katalon.core.mobile.keyword.internal.MobileKeywordMain.runKeyword(MobileKeywordMain.groovy:21)
	at com.kms.katalon.core.mobile.keyword.builtin.VerifyElementExistKeyword.verifyElementExist(VerifyElementExistKeyword.groovy:80)
	at com.kms.katalon.core.mobile.keyword.builtin.VerifyElementExistKeyword.execute(VerifyElementExistKeyword.groovy:64)
	at com.kms.katalon.core.keyword.internal.KeywordExecutor.executeKeywordForPlatform(KeywordExecutor.groovy:74)
	at com.kms.katalon.core.mobile.keyword.MobileBuiltInKeywords.verifyElementExist(MobileBuiltInKeywords.groovy:1604)
	at com.kms.katalon.core.mobile.keyword.MobileBuiltInKeywords$verifyElementExist$6.call(Unknown Source)
	at TC001_View List of History.run(TC001_View List of History:26)
	at com.kms.katalon.core.main.ScriptEngine.run(ScriptEngine.java:194)
	at com.kms.katalon.core.main.ScriptEngine.runScriptAsRawText(ScriptEngine.java:119)
	at com.kms.katalon.core.main.TestCaseExecutor.runScript(TestCaseExecutor.java:442)
	at com.kms.katalon.core.main.TestCaseExecutor.doExecute(TestCaseExecutor.java:433)
	at com.kms.katalon.core.main.TestCaseExecutor.processExecutionPhase(TestCaseExecutor.java:412)
	at com.kms.katalon.core.main.TestCaseExecutor.accessMainPhase(TestCaseExecutor.java:404)
	at com.kms.katalon.core.main.TestCaseExecutor.execute(TestCaseExecutor.java:281)
	at com.kms.katalon.core.main.TestSuiteExecutor.accessTestCaseMainPhase(TestSuiteExecutor.java:202)
	at com.kms.katalon.core.main.TestSuiteExecutor.accessTestSuiteMainPhase(TestSuiteExecutor.java:164)
	at com.kms.katalon.core.main.TestSuiteExecutor.execute(TestSuiteExecutor.java:105)
	at com.kms.katalon.core.main.TestCaseMain.startTestSuite(TestCaseMain.java:185)
	at com.kms.katalon.core.main.TestCaseMain$startTestSuite$0.call(Unknown Source)
	at TempTestSuite1658105500039.run(TempTestSuite1658105500039.groovy:36)]]></system-err>
      </testcase>
      <testcase name="Test Cases/03_Mobile/06_Settings/SC024_Edit Profile/Edit Profile" time="74.183" classname="Test Cases/03_Mobile/06_Settings/SC024_Edit Profile/Edit Profile" status="PASSED">
         <system-out><![CDATA[2022-07-18 07:59:28 - [TEST_CASE][PASSED] - Test Cases/03_Mobile/06_Settings/SC024_Edit Profile/Edit Profile: Test Cases/03_Mobile/06_Settings/SC024_Edit Profile/Edit Profile

2022-07-18 07:59:28 - [TEST_STEP][PASSED] - startExistingApplication("com.example.capstone_project_lms", CONTINUE_ON_FAILURE): Starting app with application ID: 'com.example.capstone_project_lms'

2022-07-18 07:59:42 - [MESSAGE][PASSED] - Starting app with application ID: 'com.example.capstone_project_lms'

2022-07-18 07:59:42 - [TEST_STEP][PASSED] - tap(findTestObject("03_Mobile/06_Settings/menu_settings"), 0, CONTINUE_ON_FAILURE): Tapped on element 'Object Repository/03_Mobile/06_Settings/menu_settings'

2022-07-18 07:59:42 - [MESSAGE][WARNING] - Timeout '0' is invalid. Using default page load timeout: '30'

2022-07-18 07:59:48 - [MESSAGE][PASSED] - Tapped on element 'Object Repository/03_Mobile/06_Settings/menu_settings'

2022-07-18 07:59:48 - [TEST_STEP][PASSED] - tapAndHold(findTestObject("03_Mobile/06_Settings/menu_editprofile"), 0, 0, CONTINUE_ON_FAILURE): Tapped and held on element 'Object Repository/03_Mobile/06_Settings/menu_editprofile' with duration (default)

2022-07-18 07:59:48 - [MESSAGE][WARNING] - Duration '0' is invalid. Using default duration.

2022-07-18 07:59:48 - [MESSAGE][WARNING] - Timeout '0' is invalid. Using default page load timeout: '30'

2022-07-18 07:59:51 - [MESSAGE][PASSED] - Tapped and held on element 'Object Repository/03_Mobile/06_Settings/menu_editprofile' with duration (default)

2022-07-18 07:59:51 - [TEST_STEP][PASSED] - for ([i = 1, i <= 4, (i++)]): Element 'Object Repository/03_Mobile/06_Settings/success (2)' is exist

2022-07-18 07:59:51 - [TEST_STEP][PASSED] - tap(findTestObject("03_Mobile/06_Settings/txt_fullname"), 0, STOP_ON_FAILURE): Tapped on element 'Object Repository/03_Mobile/06_Settings/txt_fullname'

2022-07-18 07:59:52 - [MESSAGE][WARNING] - Timeout '0' is invalid. Using default page load timeout: '30'

2022-07-18 07:59:53 - [MESSAGE][PASSED] - Tapped on element 'Object Repository/03_Mobile/06_Settings/txt_fullname'

2022-07-18 07:59:53 - [TEST_STEP][PASSED] - setText(findTestObject("03_Mobile/06_Settings/txt_fullname"), findTestData("edit_profile").getValue(3, i), 0): Text 'Joong A' has been set to element 'Object Repository/03_Mobile/06_Settings/txt_fullname'

2022-07-18 07:59:53 - [MESSAGE][WARNING] - Timeout '0' is invalid. Using default page load timeout: '30'

2022-07-18 07:59:54 - [MESSAGE][PASSED] - Text 'Joong A' has been set to element 'Object Repository/03_Mobile/06_Settings/txt_fullname'

2022-07-18 07:59:54 - [TEST_STEP][PASSED] - tap(findTestObject("03_Mobile/06_Settings/txt_email"), 0, STOP_ON_FAILURE): Tapped on element 'Object Repository/03_Mobile/06_Settings/txt_email'

2022-07-18 07:59:54 - [MESSAGE][WARNING] - Timeout '0' is invalid. Using default page load timeout: '30'

2022-07-18 07:59:55 - [MESSAGE][PASSED] - Tapped on element 'Object Repository/03_Mobile/06_Settings/txt_email'

2022-07-18 07:59:55 - [TEST_STEP][PASSED] - setText(findTestObject("03_Mobile/06_Settings/txt_email"), findTestData("edit_profile").getValue(4, i), 0): Text 'archen@gmail.com' has been set to element 'Object Repository/03_Mobile/06_Settings/txt_email'

2022-07-18 07:59:55 - [MESSAGE][WARNING] - Timeout '0' is invalid. Using default page load timeout: '30'

2022-07-18 07:59:57 - [MESSAGE][PASSED] - Text 'archen@gmail.com' has been set to element 'Object Repository/03_Mobile/06_Settings/txt_email'

2022-07-18 07:59:57 - [TEST_STEP][PASSED] - tap(findTestObject("03_Mobile/06_Settings/txt_telp"), 0, STOP_ON_FAILURE): Tapped on element 'Object Repository/03_Mobile/06_Settings/txt_telp'

2022-07-18 07:59:57 - [MESSAGE][WARNING] - Timeout '0' is invalid. Using default page load timeout: '30'

2022-07-18 07:59:58 - [MESSAGE][PASSED] - Tapped on element 'Object Repository/03_Mobile/06_Settings/txt_telp'

2022-07-18 07:59:58 - [TEST_STEP][PASSED] - setText(findTestObject("03_Mobile/06_Settings/txt_telp"), findTestData("edit_profile").getValue(5, i), 0): Text '08123456789' has been set to element 'Object Repository/03_Mobile/06_Settings/txt_telp'

2022-07-18 07:59:58 - [MESSAGE][WARNING] - Timeout '0' is invalid. Using default page load timeout: '30'

2022-07-18 07:59:59 - [MESSAGE][PASSED] - Text '08123456789' has been set to element 'Object Repository/03_Mobile/06_Settings/txt_telp'

2022-07-18 07:59:59 - [TEST_STEP][PASSED] - tap(findTestObject("03_Mobile/06_Settings/btn_save"), 0): Tapped on element 'Object Repository/03_Mobile/06_Settings/btn_save'

2022-07-18 07:59:59 - [MESSAGE][WARNING] - Timeout '0' is invalid. Using default page load timeout: '30'

2022-07-18 08:00:01 - [MESSAGE][PASSED] - Tapped on element 'Object Repository/03_Mobile/06_Settings/btn_save'

2022-07-18 08:00:01 - [TEST_STEP][PASSED] - pressBack(): Press back button successfully

2022-07-18 08:00:02 - [MESSAGE][PASSED] - Press back button successfully

2022-07-18 08:00:02 - [TEST_STEP][PASSED] - if (findTestData("edit_profile").getValue(2, i) == "negative"): Element 'Object Repository/03_Mobile/06_Settings/success (2)' not found

2022-07-18 08:00:02 - [TEST_STEP][PASSED] - verifyElementNotExist(findTestObject("03_Mobile/06_Settings/success (2)"), 3, CONTINUE_ON_FAILURE): Element 'Object Repository/03_Mobile/06_Settings/success (2)' not found

2022-07-18 08:00:05 - [MESSAGE][PASSED] - Element 'Object Repository/03_Mobile/06_Settings/success (2)' not found

2022-07-18 08:00:05 - [TEST_STEP][PASSED] - tap(findTestObject("03_Mobile/06_Settings/txt_fullname"), 0, STOP_ON_FAILURE): Tapped on element 'Object Repository/03_Mobile/06_Settings/txt_fullname'

2022-07-18 08:00:05 - [MESSAGE][WARNING] - Timeout '0' is invalid. Using default page load timeout: '30'

2022-07-18 08:00:05 - [MESSAGE][PASSED] - Tapped on element 'Object Repository/03_Mobile/06_Settings/txt_fullname'

2022-07-18 08:00:05 - [TEST_STEP][PASSED] - setText(findTestObject("03_Mobile/06_Settings/txt_fullname"), findTestData("edit_profile").getValue(3, i), 0): Text 'Joong A' has been set to element 'Object Repository/03_Mobile/06_Settings/txt_fullname'

2022-07-18 08:00:06 - [MESSAGE][WARNING] - Timeout '0' is invalid. Using default page load timeout: '30'

2022-07-18 08:00:07 - [MESSAGE][PASSED] - Text 'Joong A' has been set to element 'Object Repository/03_Mobile/06_Settings/txt_fullname'

2022-07-18 08:00:07 - [TEST_STEP][PASSED] - tap(findTestObject("03_Mobile/06_Settings/txt_email"), 0, STOP_ON_FAILURE): Tapped on element 'Object Repository/03_Mobile/06_Settings/txt_email'

2022-07-18 08:00:07 - [MESSAGE][WARNING] - Timeout '0' is invalid. Using default page load timeout: '30'

2022-07-18 08:00:08 - [MESSAGE][PASSED] - Tapped on element 'Object Repository/03_Mobile/06_Settings/txt_email'

2022-07-18 08:00:08 - [TEST_STEP][PASSED] - setText(findTestObject("03_Mobile/06_Settings/txt_email"), findTestData("edit_profile").getValue(4, i), 0): Text 'joong' has been set to element 'Object Repository/03_Mobile/06_Settings/txt_email'

2022-07-18 08:00:08 - [MESSAGE][WARNING] - Timeout '0' is invalid. Using default page load timeout: '30'

2022-07-18 08:00:09 - [MESSAGE][PASSED] - Text 'joong' has been set to element 'Object Repository/03_Mobile/06_Settings/txt_email'

2022-07-18 08:00:09 - [TEST_STEP][PASSED] - tap(findTestObject("03_Mobile/06_Settings/txt_telp"), 0, STOP_ON_FAILURE): Tapped on element 'Object Repository/03_Mobile/06_Settings/txt_telp'

2022-07-18 08:00:09 - [MESSAGE][WARNING] - Timeout '0' is invalid. Using default page load timeout: '30'

2022-07-18 08:00:10 - [MESSAGE][PASSED] - Tapped on element 'Object Repository/03_Mobile/06_Settings/txt_telp'

2022-07-18 08:00:10 - [TEST_STEP][PASSED] - setText(findTestObject("03_Mobile/06_Settings/txt_telp"), findTestData("edit_profile").getValue(5, i), 0): Text '08123456789' has been set to element 'Object Repository/03_Mobile/06_Settings/txt_telp'

2022-07-18 08:00:10 - [MESSAGE][WARNING] - Timeout '0' is invalid. Using default page load timeout: '30'

2022-07-18 08:00:11 - [MESSAGE][PASSED] - Text '08123456789' has been set to element 'Object Repository/03_Mobile/06_Settings/txt_telp'

2022-07-18 08:00:11 - [TEST_STEP][PASSED] - tap(findTestObject("03_Mobile/06_Settings/btn_save"), 0): Tapped on element 'Object Repository/03_Mobile/06_Settings/btn_save'

2022-07-18 08:00:11 - [MESSAGE][WARNING] - Timeout '0' is invalid. Using default page load timeout: '30'

2022-07-18 08:00:12 - [MESSAGE][PASSED] - Tapped on element 'Object Repository/03_Mobile/06_Settings/btn_save'

2022-07-18 08:00:12 - [TEST_STEP][PASSED] - pressBack(): Press back button successfully

2022-07-18 08:00:13 - [MESSAGE][PASSED] - Press back button successfully

2022-07-18 08:00:13 - [TEST_STEP][PASSED] - if (findTestData("edit_profile").getValue(2, i) == "negative"): Element 'Object Repository/03_Mobile/06_Settings/success (2)' not found

2022-07-18 08:00:13 - [TEST_STEP][PASSED] - verifyElementNotExist(findTestObject("03_Mobile/06_Settings/success (2)"), 3, CONTINUE_ON_FAILURE): Element 'Object Repository/03_Mobile/06_Settings/success (2)' not found

2022-07-18 08:00:17 - [MESSAGE][PASSED] - Element 'Object Repository/03_Mobile/06_Settings/success (2)' not found

2022-07-18 08:00:17 - [TEST_STEP][PASSED] - tap(findTestObject("03_Mobile/06_Settings/txt_fullname"), 0, STOP_ON_FAILURE): Tapped on element 'Object Repository/03_Mobile/06_Settings/txt_fullname'

2022-07-18 08:00:17 - [MESSAGE][WARNING] - Timeout '0' is invalid. Using default page load timeout: '30'

2022-07-18 08:00:17 - [MESSAGE][PASSED] - Tapped on element 'Object Repository/03_Mobile/06_Settings/txt_fullname'

2022-07-18 08:00:17 - [TEST_STEP][PASSED] - setText(findTestObject("03_Mobile/06_Settings/txt_fullname"), findTestData("edit_profile").getValue(3, i), 0): Text 'Joong A' has been set to element 'Object Repository/03_Mobile/06_Settings/txt_fullname'

2022-07-18 08:00:17 - [MESSAGE][WARNING] - Timeout '0' is invalid. Using default page load timeout: '30'

2022-07-18 08:00:19 - [MESSAGE][PASSED] - Text 'Joong A' has been set to element 'Object Repository/03_Mobile/06_Settings/txt_fullname'

2022-07-18 08:00:19 - [TEST_STEP][PASSED] - tap(findTestObject("03_Mobile/06_Settings/txt_email"), 0, STOP_ON_FAILURE): Tapped on element 'Object Repository/03_Mobile/06_Settings/txt_email'

2022-07-18 08:00:19 - [MESSAGE][WARNING] - Timeout '0' is invalid. Using default page load timeout: '30'

2022-07-18 08:00:20 - [MESSAGE][PASSED] - Tapped on element 'Object Repository/03_Mobile/06_Settings/txt_email'

2022-07-18 08:00:20 - [TEST_STEP][PASSED] - setText(findTestObject("03_Mobile/06_Settings/txt_email"), findTestData("edit_profile").getValue(4, i), 0): Text 'joong@gmail.com' has been set to element 'Object Repository/03_Mobile/06_Settings/txt_email'

2022-07-18 08:00:20 - [MESSAGE][WARNING] - Timeout '0' is invalid. Using default page load timeout: '30'

2022-07-18 08:00:22 - [MESSAGE][PASSED] - Text 'joong@gmail.com' has been set to element 'Object Repository/03_Mobile/06_Settings/txt_email'

2022-07-18 08:00:22 - [TEST_STEP][PASSED] - tap(findTestObject("03_Mobile/06_Settings/txt_telp"), 0, STOP_ON_FAILURE): Tapped on element 'Object Repository/03_Mobile/06_Settings/txt_telp'

2022-07-18 08:00:22 - [MESSAGE][WARNING] - Timeout '0' is invalid. Using default page load timeout: '30'

2022-07-18 08:00:23 - [MESSAGE][PASSED] - Tapped on element 'Object Repository/03_Mobile/06_Settings/txt_telp'

2022-07-18 08:00:23 - [TEST_STEP][PASSED] - setText(findTestObject("03_Mobile/06_Settings/txt_telp"), findTestData("edit_profile").getValue(5, i), 0): Text '0812345' has been set to element 'Object Repository/03_Mobile/06_Settings/txt_telp'

2022-07-18 08:00:23 - [MESSAGE][WARNING] - Timeout '0' is invalid. Using default page load timeout: '30'

2022-07-18 08:00:24 - [MESSAGE][PASSED] - Text '0812345' has been set to element 'Object Repository/03_Mobile/06_Settings/txt_telp'

2022-07-18 08:00:24 - [TEST_STEP][PASSED] - tap(findTestObject("03_Mobile/06_Settings/btn_save"), 0): Tapped on element 'Object Repository/03_Mobile/06_Settings/btn_save'

2022-07-18 08:00:24 - [MESSAGE][WARNING] - Timeout '0' is invalid. Using default page load timeout: '30'

2022-07-18 08:00:25 - [MESSAGE][PASSED] - Tapped on element 'Object Repository/03_Mobile/06_Settings/btn_save'

2022-07-18 08:00:25 - [TEST_STEP][PASSED] - pressBack(): Press back button successfully

2022-07-18 08:00:26 - [MESSAGE][PASSED] - Press back button successfully

2022-07-18 08:00:26 - [TEST_STEP][PASSED] - if (findTestData("edit_profile").getValue(2, i) == "negative"): Element 'Object Repository/03_Mobile/06_Settings/success (2)' not found

2022-07-18 08:00:26 - [TEST_STEP][PASSED] - verifyElementNotExist(findTestObject("03_Mobile/06_Settings/success (2)"), 3, CONTINUE_ON_FAILURE): Element 'Object Repository/03_Mobile/06_Settings/success (2)' not found

2022-07-18 08:00:29 - [MESSAGE][PASSED] - Element 'Object Repository/03_Mobile/06_Settings/success (2)' not found

2022-07-18 08:00:29 - [TEST_STEP][PASSED] - tap(findTestObject("03_Mobile/06_Settings/txt_fullname"), 0, STOP_ON_FAILURE): Tapped on element 'Object Repository/03_Mobile/06_Settings/txt_fullname'

2022-07-18 08:00:30 - [MESSAGE][WARNING] - Timeout '0' is invalid. Using default page load timeout: '30'

2022-07-18 08:00:30 - [MESSAGE][PASSED] - Tapped on element 'Object Repository/03_Mobile/06_Settings/txt_fullname'

2022-07-18 08:00:30 - [TEST_STEP][PASSED] - setText(findTestObject("03_Mobile/06_Settings/txt_fullname"), findTestData("edit_profile").getValue(3, i), 0): Text 'Joong A' has been set to element 'Object Repository/03_Mobile/06_Settings/txt_fullname'

2022-07-18 08:00:30 - [MESSAGE][WARNING] - Timeout '0' is invalid. Using default page load timeout: '30'

2022-07-18 08:00:32 - [MESSAGE][PASSED] - Text 'Joong A' has been set to element 'Object Repository/03_Mobile/06_Settings/txt_fullname'

2022-07-18 08:00:32 - [TEST_STEP][PASSED] - tap(findTestObject("03_Mobile/06_Settings/txt_email"), 0, STOP_ON_FAILURE): Tapped on element 'Object Repository/03_Mobile/06_Settings/txt_email'

2022-07-18 08:00:32 - [MESSAGE][WARNING] - Timeout '0' is invalid. Using default page load timeout: '30'

2022-07-18 08:00:33 - [MESSAGE][PASSED] - Tapped on element 'Object Repository/03_Mobile/06_Settings/txt_email'

2022-07-18 08:00:33 - [TEST_STEP][PASSED] - setText(findTestObject("03_Mobile/06_Settings/txt_email"), findTestData("edit_profile").getValue(4, i), 0): Text 'joongs@gmail.com' has been set to element 'Object Repository/03_Mobile/06_Settings/txt_email'

2022-07-18 08:00:33 - [MESSAGE][WARNING] - Timeout '0' is invalid. Using default page load timeout: '30'

2022-07-18 08:00:35 - [MESSAGE][PASSED] - Text 'joongs@gmail.com' has been set to element 'Object Repository/03_Mobile/06_Settings/txt_email'

2022-07-18 08:00:35 - [TEST_STEP][PASSED] - tap(findTestObject("03_Mobile/06_Settings/txt_telp"), 0, STOP_ON_FAILURE): Tapped on element 'Object Repository/03_Mobile/06_Settings/txt_telp'

2022-07-18 08:00:35 - [MESSAGE][WARNING] - Timeout '0' is invalid. Using default page load timeout: '30'

2022-07-18 08:00:36 - [MESSAGE][PASSED] - Tapped on element 'Object Repository/03_Mobile/06_Settings/txt_telp'

2022-07-18 08:00:36 - [TEST_STEP][PASSED] - setText(findTestObject("03_Mobile/06_Settings/txt_telp"), findTestData("edit_profile").getValue(5, i), 0): Text '08123456789' has been set to element 'Object Repository/03_Mobile/06_Settings/txt_telp'

2022-07-18 08:00:36 - [MESSAGE][WARNING] - Timeout '0' is invalid. Using default page load timeout: '30'

2022-07-18 08:00:37 - [MESSAGE][PASSED] - Text '08123456789' has been set to element 'Object Repository/03_Mobile/06_Settings/txt_telp'

2022-07-18 08:00:37 - [TEST_STEP][PASSED] - tap(findTestObject("03_Mobile/06_Settings/btn_save"), 0): Tapped on element 'Object Repository/03_Mobile/06_Settings/btn_save'

2022-07-18 08:00:38 - [MESSAGE][WARNING] - Timeout '0' is invalid. Using default page load timeout: '30'

2022-07-18 08:00:39 - [MESSAGE][PASSED] - Tapped on element 'Object Repository/03_Mobile/06_Settings/btn_save'

2022-07-18 08:00:39 - [TEST_STEP][PASSED] - pressBack(): Press back button successfully

2022-07-18 08:00:39 - [MESSAGE][PASSED] - Press back button successfully

2022-07-18 08:00:39 - [TEST_STEP][PASSED] - if (findTestData("edit_profile").getValue(2, i) == "negative"): null

2022-07-18 08:00:39 - [TEST_STEP][PASSED] - else: Element 'Object Repository/03_Mobile/06_Settings/success (2)' is exist

2022-07-18 08:00:39 - [TEST_STEP][PASSED] - verifyElementExist(findTestObject("03_Mobile/06_Settings/success (2)"), 3, CONTINUE_ON_FAILURE): Element 'Object Repository/03_Mobile/06_Settings/success (2)' is exist

2022-07-18 08:00:41 - [MESSAGE][PASSED] - Element 'Object Repository/03_Mobile/06_Settings/success (2)' is exist

2022-07-18 08:00:41 - [TEST_STEP][PASSED] - driver = getDriver(): null

2022-07-18 08:00:41 - [TEST_STEP][PASSED] - driver.terminateApp("com.example.capstone_project_lms"): null]]></system-out>
         <system-err><![CDATA[]]></system-err>
      </testcase>
      <testcase name="Test Cases/03_Mobile/02_Auth/SC004_Logout/TC001_Logout" time="24.282" classname="Test Cases/03_Mobile/02_Auth/SC004_Logout/TC001_Logout" status="PASSED">
         <system-out><![CDATA[2022-07-18 08:00:42 - [TEST_CASE][PASSED] - Test Cases/03_Mobile/02_Auth/SC004_Logout/TC001_Logout: Test Cases/03_Mobile/02_Auth/SC004_Logout/TC001_Logout

2022-07-18 08:00:42 - [TEST_STEP][PASSED] - startExistingApplication(id_mobile_apk, CONTINUE_ON_FAILURE): Starting app with application ID: 'com.example.capstone_project_lms'

2022-07-18 08:00:54 - [MESSAGE][PASSED] - Starting app with application ID: 'com.example.capstone_project_lms'

2022-07-18 08:00:54 - [TEST_STEP][PASSED] - tap(findTestObject("03_Mobile/06_Settings/menu_settings"), 0, CONTINUE_ON_FAILURE): Tapped on element 'Object Repository/03_Mobile/06_Settings/menu_settings'

2022-07-18 08:00:54 - [MESSAGE][WARNING] - Timeout '0' is invalid. Using default page load timeout: '30'

2022-07-18 08:01:00 - [MESSAGE][PASSED] - Tapped on element 'Object Repository/03_Mobile/06_Settings/menu_settings'

2022-07-18 08:01:00 - [TEST_STEP][PASSED] - tapAndHold(findTestObject("03_Mobile/02_Auth/SC004_Logout/signout"), 0, 0, CONTINUE_ON_FAILURE): Tapped and held on element 'Object Repository/03_Mobile/02_Auth/SC004_Logout/signout' with duration (default)

2022-07-18 08:01:00 - [MESSAGE][WARNING] - Duration '0' is invalid. Using default duration.

2022-07-18 08:01:00 - [MESSAGE][WARNING] - Timeout '0' is invalid. Using default page load timeout: '30'

2022-07-18 08:01:03 - [MESSAGE][PASSED] - Tapped and held on element 'Object Repository/03_Mobile/02_Auth/SC004_Logout/signout' with duration (default)

2022-07-18 08:01:03 - [TEST_STEP][PASSED] - tap(findTestObject("03_Mobile/02_Auth/SC004_Logout/signout_ok"), 0, CONTINUE_ON_FAILURE): Tapped on element 'Object Repository/03_Mobile/02_Auth/SC004_Logout/signout_ok'

2022-07-18 08:01:03 - [MESSAGE][WARNING] - Timeout '0' is invalid. Using default page load timeout: '30'

2022-07-18 08:01:05 - [MESSAGE][PASSED] - Tapped on element 'Object Repository/03_Mobile/02_Auth/SC004_Logout/signout_ok'

2022-07-18 08:01:05 - [TEST_STEP][PASSED] - verifyElementExist(findTestObject("03_Mobile/02_Auth/SC004_Logout/welcome_back"), 0, CONTINUE_ON_FAILURE): Element 'Object Repository/03_Mobile/02_Auth/SC004_Logout/welcome_back' is exist

2022-07-18 08:01:05 - [MESSAGE][WARNING] - Timeout '0' is invalid. Using default page load timeout: '30'

2022-07-18 08:01:05 - [MESSAGE][PASSED] - Element 'Object Repository/03_Mobile/02_Auth/SC004_Logout/welcome_back' is exist

2022-07-18 08:01:05 - [TEST_STEP][PASSED] - driver = getDriver(): null

2022-07-18 08:01:05 - [TEST_STEP][PASSED] - driver.terminateApp("com.example.capstone_project_lms"): null]]></system-out>
         <system-err><![CDATA[]]></system-err>
      </testcase>
      <system-out><![CDATA[2022-07-18 07:51:46 - [TEST_SUITE][FAILED] - Regression_Mobile: Test Cases/03_Mobile/04_My Class/SC017_View Feedback/TC001_View Feedbacks FAILED.
Reason:
com.kms.katalon.core.exception.StepFailedException: Element 'Object Repository/03_Mobile/04_My Class/SC017_View Feedback/feedback_list' not found
	at com.kms.katalon.core.keyword.internal.KeywordMain.stepFailed(KeywordMain.groovy:39)
	at com.kms.katalon.core.mobile.keyword.internal.MobileKeywordMain.stepFailed(MobileKeywordMain.groovy:40)
	at com.kms.katalon.core.mobile.keyword.builtin.VerifyElementExistKeyword$_verifyElementExist_closure1.doCall(VerifyElementExistKeyword.groovy:77)
	at com.kms.katalon.core.mobile.keyword.builtin.VerifyElementExistKeyword$_verifyElementExist_closure1.call(VerifyElementExistKeyword.groovy)
	at com.kms.katalon.core.mobile.keyword.internal.MobileKeywordMain.runKeyword(MobileKeywordMain.groovy:21)
	at com.kms.katalon.core.mobile.keyword.builtin.VerifyElementExistKeyword.verifyElementExist(VerifyElementExistKeyword.groovy:80)
	at com.kms.katalon.core.mobile.keyword.builtin.VerifyElementExistKeyword.execute(VerifyElementExistKeyword.groovy:64)
	at com.kms.katalon.core.keyword.internal.KeywordExecutor.executeKeywordForPlatform(KeywordExecutor.groovy:74)
	at com.kms.katalon.core.mobile.keyword.MobileBuiltInKeywords.verifyElementExist(MobileBuiltInKeywords.groovy:1604)
	at com.kms.katalon.core.mobile.keyword.MobileBuiltInKeywords$verifyElementExist$6.call(Unknown Source)
	at TC001_View Feedbacks.run(TC001_View Feedbacks:28)
	at com.kms.katalon.core.main.ScriptEngine.run(ScriptEngine.java:194)
	at com.kms.katalon.core.main.ScriptEngine.runScriptAsRawText(ScriptEngine.java:119)
	at com.kms.katalon.core.main.TestCaseExecutor.runScript(TestCaseExecutor.java:442)
	at com.kms.katalon.core.main.TestCaseExecutor.doExecute(TestCaseExecutor.java:433)
	at com.kms.katalon.core.main.TestCaseExecutor.processExecutionPhase(TestCaseExecutor.java:412)
	at com.kms.katalon.core.main.TestCaseExecutor.accessMainPhase(TestCaseExecutor.java:404)
	at com.kms.katalon.core.main.TestCaseExecutor.execute(TestCaseExecutor.java:281)
	at com.kms.katalon.core.main.TestSuiteExecutor.accessTestCaseMainPhase(TestSuiteExecutor.java:202)
	at com.kms.katalon.core.main.TestSuiteExecutor.accessTestSuiteMainPhase(TestSuiteExecutor.java:164)
	at com.kms.katalon.core.main.TestSuiteExecutor.execute(TestSuiteExecutor.java:105)
	at com.kms.katalon.core.main.TestCaseMain.startTestSuite(TestCaseMain.java:185)
	at com.kms.katalon.core.main.TestCaseMain$startTestSuite$0.call(Unknown Source)
	at TempTestSuite1658105500039.run(TempTestSuite1658105500039.groovy:36)]]></system-out>
      <system-err><![CDATA[2022-07-18 07:51:46 - [TEST_SUITE][FAILED] - Regression_Mobile: Test Cases/03_Mobile/04_My Class/SC017_View Feedback/TC001_View Feedbacks FAILED.
Reason:
com.kms.katalon.core.exception.StepFailedException: Element 'Object Repository/03_Mobile/04_My Class/SC017_View Feedback/feedback_list' not found
	at com.kms.katalon.core.keyword.internal.KeywordMain.stepFailed(KeywordMain.groovy:39)
	at com.kms.katalon.core.mobile.keyword.internal.MobileKeywordMain.stepFailed(MobileKeywordMain.groovy:40)
	at com.kms.katalon.core.mobile.keyword.builtin.VerifyElementExistKeyword$_verifyElementExist_closure1.doCall(VerifyElementExistKeyword.groovy:77)
	at com.kms.katalon.core.mobile.keyword.builtin.VerifyElementExistKeyword$_verifyElementExist_closure1.call(VerifyElementExistKeyword.groovy)
	at com.kms.katalon.core.mobile.keyword.internal.MobileKeywordMain.runKeyword(MobileKeywordMain.groovy:21)
	at com.kms.katalon.core.mobile.keyword.builtin.VerifyElementExistKeyword.verifyElementExist(VerifyElementExistKeyword.groovy:80)
	at com.kms.katalon.core.mobile.keyword.builtin.VerifyElementExistKeyword.execute(VerifyElementExistKeyword.groovy:64)
	at com.kms.katalon.core.keyword.internal.KeywordExecutor.executeKeywordForPlatform(KeywordExecutor.groovy:74)
	at com.kms.katalon.core.mobile.keyword.MobileBuiltInKeywords.verifyElementExist(MobileBuiltInKeywords.groovy:1604)
	at com.kms.katalon.core.mobile.keyword.MobileBuiltInKeywords$verifyElementExist$6.call(Unknown Source)
	at TC001_View Feedbacks.run(TC001_View Feedbacks:28)
	at com.kms.katalon.core.main.ScriptEngine.run(ScriptEngine.java:194)
	at com.kms.katalon.core.main.ScriptEngine.runScriptAsRawText(ScriptEngine.java:119)
	at com.kms.katalon.core.main.TestCaseExecutor.runScript(TestCaseExecutor.java:442)
	at com.kms.katalon.core.main.TestCaseExecutor.doExecute(TestCaseExecutor.java:433)
	at com.kms.katalon.core.main.TestCaseExecutor.processExecutionPhase(TestCaseExecutor.java:412)
	at com.kms.katalon.core.main.TestCaseExecutor.accessMainPhase(TestCaseExecutor.java:404)
	at com.kms.katalon.core.main.TestCaseExecutor.execute(TestCaseExecutor.java:281)
	at com.kms.katalon.core.main.TestSuiteExecutor.accessTestCaseMainPhase(TestSuiteExecutor.java:202)
	at com.kms.katalon.core.main.TestSuiteExecutor.accessTestSuiteMainPhase(TestSuiteExecutor.java:164)
	at com.kms.katalon.core.main.TestSuiteExecutor.execute(TestSuiteExecutor.java:105)
	at com.kms.katalon.core.main.TestCaseMain.startTestSuite(TestCaseMain.java:185)
	at com.kms.katalon.core.main.TestCaseMain$startTestSuite$0.call(Unknown Source)
	at TempTestSuite1658105500039.run(TempTestSuite1658105500039.groovy:36)]]></system-err>
   </testsuite>
</testsuites>
