<?xml version="1.0" encoding="UTF-8"?>
<testsuites name="Regression_Mobile" time="197.819" tests="3" failures="2" errors="0">
   <testsuite name="Regression_Mobile" tests="3" failures="2" errors="0" time="197.819" skipped="0" timestamp="2022-07-03 13:48:30" hostname="salsa - SALSABILA" id="Test Suites/TS03_Mobile/Regression_Mobile">
      <properties>
         <property name="deviceName" value="Xiaomi M2003J15SC (Android 11)"/>
         <property name="devicePlatform" value=""/>
         <property name="logFolder" value="F:\\1. UNNES\\6. Semester 6\\2 - MSIB\\CAPSTONE PROJECT\\testing-lms\\Reports\\20220703_134826\\TS03_Mobile\\Regression_Mobile\\20220703_134826"/>
         <property name="logFiles" value="F:\\1. UNNES\\6. Semester 6\\2 - MSIB\\CAPSTONE PROJECT\\testing-lms\\Reports\\20220703_134826\\TS03_Mobile\\Regression_Mobile\\20220703_134826\\appium.log, F:\\1. UNNES\\6. Semester 6\\2 - MSIB\\CAPSTONE PROJECT\\testing-lms\\Reports\\20220703_134826\\TS03_Mobile\\Regression_Mobile\\20220703_134826\\execution0.log"/>
         <property name="attachments" value="F:\\1. UNNES\\6. Semester 6\\2 - MSIB\\CAPSTONE PROJECT\\testing-lms\\Reports\\20220703_134826\\TS03_Mobile\\Regression_Mobile\\20220703_134826\\1656831064049.png, F:\\1. UNNES\\6. Semester 6\\2 - MSIB\\CAPSTONE PROJECT\\testing-lms\\Reports\\20220703_134826\\TS03_Mobile\\Regression_Mobile\\20220703_134826\\1656831064992.png, F:\\1. UNNES\\6. Semester 6\\2 - MSIB\\CAPSTONE PROJECT\\testing-lms\\Reports\\20220703_134826\\TS03_Mobile\\Regression_Mobile\\20220703_134826\\1656831106526.png, F:\\1. UNNES\\6. Semester 6\\2 - MSIB\\CAPSTONE PROJECT\\testing-lms\\Reports\\20220703_134826\\TS03_Mobile\\Regression_Mobile\\20220703_134826\\1656831107506.png"/>
         <property name="hostName" value="salsa - SALSABILA"/>
         <property name="os" value="Windows 10 64bit"/>
         <property name="appiumServerStatus" value="{&quot;value&quot;:{&quot;build&quot;:{&quot;version&quot;:&quot;1.22.3&quot;}},&quot;sessionId&quot;:null,&quot;status&quot;:0}"/>
         <property name="katalonVersion" value="8.2.5.208"/>
         <property name="deviceOS" value="Android"/>
         <property name="appiumVersion" value="1.22.3"/>
         <property name="deviceModel" value="M2003J15SC"/>
         <property name="hostAddress" value="192.168.84.173"/>
         <property name="deviceManufacturer" value="Xiaomi"/>
         <property name="deviceId" value="aeebca410407"/>
         <property name="deviceName" value="Xiaomi M2003J15SC (Android 11)"/>
         <property name="deviceOSVersion" value="11"/>
      </properties>
      <testcase name="Test Cases/03_Mobile/02_Auth/SC002_Sign Up/Sign Up" time="103.565" classname="Test Cases/03_Mobile/02_Auth/SC002_Sign Up/Sign Up" status="PASSED">
         <system-out><![CDATA[2022-07-03 13:48:31 - [TEST_CASE][PASSED] - Test Cases/03_Mobile/02_Auth/SC002_Sign Up/Sign Up: Test Cases/03_Mobile/02_Auth/SC002_Sign Up/Sign Up

2022-07-03 13:48:31 - [TEST_STEP][PASSED] - startExistingApplication(id_mobile_apk, STOP_ON_FAILURE): Starting app with application ID: 'com.example.capstone_project_lms'

2022-07-03 13:48:35 - [MESSAGE][INFO] - Appium server started on port 61,802

2022-07-03 13:48:51 - [MESSAGE][PASSED] - Starting app with application ID: 'com.example.capstone_project_lms'

2022-07-03 13:48:51 - [TEST_STEP][PASSED] - delay(8, CONTINUE_ON_FAILURE): Delayed 8 second(s)

2022-07-03 13:48:59 - [MESSAGE][PASSED] - Delayed 8 second(s)

2022-07-03 13:48:59 - [TEST_STEP][PASSED] - tap(findTestObject("03_Mobile/SC003_Sign Up/a_signup"), 0, CONTINUE_ON_FAILURE): Tapped on element 'Object Repository/03_Mobile/SC003_Sign Up/a_signup'

2022-07-03 13:48:59 - [MESSAGE][WARNING] - Timeout '0' is invalid. Using default page load timeout: '30'

2022-07-03 13:49:02 - [MESSAGE][PASSED] - Tapped on element 'Object Repository/03_Mobile/SC003_Sign Up/a_signup'

2022-07-03 13:49:02 - [TEST_STEP][PASSED] - for ([i = 1, i <= 8, (i++)]): Element 'Object Repository/03_Mobile/SC002_Sign In/welcome_back' is exist

2022-07-03 13:49:02 - [TEST_STEP][PASSED] - tap(findTestObject("03_Mobile/SC003_Sign Up/field_fullname"), 0): Tapped on element 'Object Repository/03_Mobile/SC003_Sign Up/field_fullname'

2022-07-03 13:49:02 - [MESSAGE][WARNING] - Timeout '0' is invalid. Using default page load timeout: '30'

2022-07-03 13:49:04 - [MESSAGE][PASSED] - Tapped on element 'Object Repository/03_Mobile/SC003_Sign Up/field_fullname'

2022-07-03 13:49:04 - [TEST_STEP][PASSED] - setText(findTestObject("03_Mobile/SC003_Sign Up/field_fullname"), findTestData("signup").getValue(3, i), 0, CONTINUE_ON_FAILURE): Text '' has been set to element 'Object Repository/03_Mobile/SC003_Sign Up/field_fullname'

2022-07-03 13:49:05 - [MESSAGE][WARNING] - Timeout '0' is invalid. Using default page load timeout: '30'

2022-07-03 13:49:05 - [MESSAGE][PASSED] - Text '' has been set to element 'Object Repository/03_Mobile/SC003_Sign Up/field_fullname'

2022-07-03 13:49:05 - [TEST_STEP][PASSED] - tap(findTestObject("03_Mobile/SC003_Sign Up/field_email"), 0): Tapped on element 'Object Repository/03_Mobile/SC003_Sign Up/field_email'

2022-07-03 13:49:05 - [MESSAGE][WARNING] - Timeout '0' is invalid. Using default page load timeout: '30'

2022-07-03 13:49:06 - [MESSAGE][PASSED] - Tapped on element 'Object Repository/03_Mobile/SC003_Sign Up/field_email'

2022-07-03 13:49:06 - [TEST_STEP][PASSED] - setText(findTestObject("03_Mobile/SC003_Sign Up/field_email"), findTestData("signup").getValue(4, i), 0, CONTINUE_ON_FAILURE): Text '' has been set to element 'Object Repository/03_Mobile/SC003_Sign Up/field_email'

2022-07-03 13:49:06 - [MESSAGE][WARNING] - Timeout '0' is invalid. Using default page load timeout: '30'

2022-07-03 13:49:07 - [MESSAGE][PASSED] - Text '' has been set to element 'Object Repository/03_Mobile/SC003_Sign Up/field_email'

2022-07-03 13:49:07 - [TEST_STEP][PASSED] - tap(findTestObject("03_Mobile/SC003_Sign Up/field_password"), 0): Tapped on element 'Object Repository/03_Mobile/SC003_Sign Up/field_password'

2022-07-03 13:49:07 - [MESSAGE][WARNING] - Timeout '0' is invalid. Using default page load timeout: '30'

2022-07-03 13:49:08 - [MESSAGE][PASSED] - Tapped on element 'Object Repository/03_Mobile/SC003_Sign Up/field_password'

2022-07-03 13:49:08 - [TEST_STEP][PASSED] - setText(findTestObject("03_Mobile/SC003_Sign Up/field_password"), findTestData("signup").getValue(5, i), 0): Text '' has been set to element 'Object Repository/03_Mobile/SC003_Sign Up/field_password'

2022-07-03 13:49:08 - [MESSAGE][WARNING] - Timeout '0' is invalid. Using default page load timeout: '30'

2022-07-03 13:49:09 - [MESSAGE][PASSED] - Text '' has been set to element 'Object Repository/03_Mobile/SC003_Sign Up/field_password'

2022-07-03 13:49:09 - [TEST_STEP][PASSED] - tap(findTestObject("03_Mobile/SC003_Sign Up/button_signup"), 0, CONTINUE_ON_FAILURE): Tapped on element 'Object Repository/03_Mobile/SC003_Sign Up/button_signup'

2022-07-03 13:49:09 - [MESSAGE][WARNING] - Timeout '0' is invalid. Using default page load timeout: '30'

2022-07-03 13:49:10 - [MESSAGE][PASSED] - Tapped on element 'Object Repository/03_Mobile/SC003_Sign Up/button_signup'

2022-07-03 13:49:10 - [TEST_STEP][PASSED] - if (findTestData("signup").getValue(2, i) == "negative"): Element 'Object Repository/03_Mobile/SC003_Sign Up/create_acc' is exist

2022-07-03 13:49:10 - [TEST_STEP][PASSED] - verifyElementExist(findTestObject("03_Mobile/SC003_Sign Up/create_acc"), 0): Element 'Object Repository/03_Mobile/SC003_Sign Up/create_acc' is exist

2022-07-03 13:49:10 - [MESSAGE][WARNING] - Timeout '0' is invalid. Using default page load timeout: '30'

2022-07-03 13:49:11 - [MESSAGE][PASSED] - Element 'Object Repository/03_Mobile/SC003_Sign Up/create_acc' is exist

2022-07-03 13:49:11 - [TEST_STEP][PASSED] - tap(findTestObject("03_Mobile/SC003_Sign Up/field_fullname"), 0): Tapped on element 'Object Repository/03_Mobile/SC003_Sign Up/field_fullname'

2022-07-03 13:49:11 - [MESSAGE][WARNING] - Timeout '0' is invalid. Using default page load timeout: '30'

2022-07-03 13:49:12 - [MESSAGE][PASSED] - Tapped on element 'Object Repository/03_Mobile/SC003_Sign Up/field_fullname'

2022-07-03 13:49:12 - [TEST_STEP][PASSED] - setText(findTestObject("03_Mobile/SC003_Sign Up/field_fullname"), findTestData("signup").getValue(3, i), 0, CONTINUE_ON_FAILURE): Text 'Archie' has been set to element 'Object Repository/03_Mobile/SC003_Sign Up/field_fullname'

2022-07-03 13:49:12 - [MESSAGE][WARNING] - Timeout '0' is invalid. Using default page load timeout: '30'

2022-07-03 13:49:13 - [MESSAGE][PASSED] - Text 'Archie' has been set to element 'Object Repository/03_Mobile/SC003_Sign Up/field_fullname'

2022-07-03 13:49:13 - [TEST_STEP][PASSED] - tap(findTestObject("03_Mobile/SC003_Sign Up/field_email"), 0): Tapped on element 'Object Repository/03_Mobile/SC003_Sign Up/field_email'

2022-07-03 13:49:13 - [MESSAGE][WARNING] - Timeout '0' is invalid. Using default page load timeout: '30'

2022-07-03 13:49:14 - [MESSAGE][PASSED] - Tapped on element 'Object Repository/03_Mobile/SC003_Sign Up/field_email'

2022-07-03 13:49:14 - [TEST_STEP][PASSED] - setText(findTestObject("03_Mobile/SC003_Sign Up/field_email"), findTestData("signup").getValue(4, i), 0, CONTINUE_ON_FAILURE): Text 'arch-gmail' has been set to element 'Object Repository/03_Mobile/SC003_Sign Up/field_email'

2022-07-03 13:49:14 - [MESSAGE][WARNING] - Timeout '0' is invalid. Using default page load timeout: '30'

2022-07-03 13:49:15 - [MESSAGE][PASSED] - Text 'arch-gmail' has been set to element 'Object Repository/03_Mobile/SC003_Sign Up/field_email'

2022-07-03 13:49:15 - [TEST_STEP][PASSED] - tap(findTestObject("03_Mobile/SC003_Sign Up/field_password"), 0): Tapped on element 'Object Repository/03_Mobile/SC003_Sign Up/field_password'

2022-07-03 13:49:15 - [MESSAGE][WARNING] - Timeout '0' is invalid. Using default page load timeout: '30'

2022-07-03 13:49:17 - [MESSAGE][PASSED] - Tapped on element 'Object Repository/03_Mobile/SC003_Sign Up/field_password'

2022-07-03 13:49:17 - [TEST_STEP][PASSED] - setText(findTestObject("03_Mobile/SC003_Sign Up/field_password"), findTestData("signup").getValue(5, i), 0): Text 'Archen123!' has been set to element 'Object Repository/03_Mobile/SC003_Sign Up/field_password'

2022-07-03 13:49:17 - [MESSAGE][WARNING] - Timeout '0' is invalid. Using default page load timeout: '30'

2022-07-03 13:49:17 - [MESSAGE][PASSED] - Text 'Archen123!' has been set to element 'Object Repository/03_Mobile/SC003_Sign Up/field_password'

2022-07-03 13:49:17 - [TEST_STEP][PASSED] - tap(findTestObject("03_Mobile/SC003_Sign Up/button_signup"), 0, CONTINUE_ON_FAILURE): Tapped on element 'Object Repository/03_Mobile/SC003_Sign Up/button_signup'

2022-07-03 13:49:17 - [MESSAGE][WARNING] - Timeout '0' is invalid. Using default page load timeout: '30'

2022-07-03 13:49:18 - [MESSAGE][PASSED] - Tapped on element 'Object Repository/03_Mobile/SC003_Sign Up/button_signup'

2022-07-03 13:49:18 - [TEST_STEP][PASSED] - if (findTestData("signup").getValue(2, i) == "negative"): Element 'Object Repository/03_Mobile/SC003_Sign Up/create_acc' is exist

2022-07-03 13:49:18 - [TEST_STEP][PASSED] - verifyElementExist(findTestObject("03_Mobile/SC003_Sign Up/create_acc"), 0): Element 'Object Repository/03_Mobile/SC003_Sign Up/create_acc' is exist

2022-07-03 13:49:18 - [MESSAGE][WARNING] - Timeout '0' is invalid. Using default page load timeout: '30'

2022-07-03 13:49:19 - [MESSAGE][PASSED] - Element 'Object Repository/03_Mobile/SC003_Sign Up/create_acc' is exist

2022-07-03 13:49:19 - [TEST_STEP][PASSED] - tap(findTestObject("03_Mobile/SC003_Sign Up/field_fullname"), 0): Tapped on element 'Object Repository/03_Mobile/SC003_Sign Up/field_fullname'

2022-07-03 13:49:19 - [MESSAGE][WARNING] - Timeout '0' is invalid. Using default page load timeout: '30'

2022-07-03 13:49:20 - [MESSAGE][PASSED] - Tapped on element 'Object Repository/03_Mobile/SC003_Sign Up/field_fullname'

2022-07-03 13:49:20 - [TEST_STEP][PASSED] - setText(findTestObject("03_Mobile/SC003_Sign Up/field_fullname"), findTestData("signup").getValue(3, i), 0, CONTINUE_ON_FAILURE): Text 'Archie' has been set to element 'Object Repository/03_Mobile/SC003_Sign Up/field_fullname'

2022-07-03 13:49:20 - [MESSAGE][WARNING] - Timeout '0' is invalid. Using default page load timeout: '30'

2022-07-03 13:49:21 - [MESSAGE][PASSED] - Text 'Archie' has been set to element 'Object Repository/03_Mobile/SC003_Sign Up/field_fullname'

2022-07-03 13:49:21 - [TEST_STEP][PASSED] - tap(findTestObject("03_Mobile/SC003_Sign Up/field_email"), 0): Tapped on element 'Object Repository/03_Mobile/SC003_Sign Up/field_email'

2022-07-03 13:49:21 - [MESSAGE][WARNING] - Timeout '0' is invalid. Using default page load timeout: '30'

2022-07-03 13:49:23 - [MESSAGE][PASSED] - Tapped on element 'Object Repository/03_Mobile/SC003_Sign Up/field_email'

2022-07-03 13:49:23 - [TEST_STEP][PASSED] - setText(findTestObject("03_Mobile/SC003_Sign Up/field_email"), findTestData("signup").getValue(4, i), 0, CONTINUE_ON_FAILURE): Text 'iniarch@gmail.com' has been set to element 'Object Repository/03_Mobile/SC003_Sign Up/field_email'

2022-07-03 13:49:23 - [MESSAGE][WARNING] - Timeout '0' is invalid. Using default page load timeout: '30'

2022-07-03 13:49:24 - [MESSAGE][PASSED] - Text 'iniarch@gmail.com' has been set to element 'Object Repository/03_Mobile/SC003_Sign Up/field_email'

2022-07-03 13:49:24 - [TEST_STEP][PASSED] - tap(findTestObject("03_Mobile/SC003_Sign Up/field_password"), 0): Tapped on element 'Object Repository/03_Mobile/SC003_Sign Up/field_password'

2022-07-03 13:49:24 - [MESSAGE][WARNING] - Timeout '0' is invalid. Using default page load timeout: '30'

2022-07-03 13:49:25 - [MESSAGE][PASSED] - Tapped on element 'Object Repository/03_Mobile/SC003_Sign Up/field_password'

2022-07-03 13:49:25 - [TEST_STEP][PASSED] - setText(findTestObject("03_Mobile/SC003_Sign Up/field_password"), findTestData("signup").getValue(5, i), 0): Text 'Arc123!' has been set to element 'Object Repository/03_Mobile/SC003_Sign Up/field_password'

2022-07-03 13:49:25 - [MESSAGE][WARNING] - Timeout '0' is invalid. Using default page load timeout: '30'

2022-07-03 13:49:26 - [MESSAGE][PASSED] - Text 'Arc123!' has been set to element 'Object Repository/03_Mobile/SC003_Sign Up/field_password'

2022-07-03 13:49:26 - [TEST_STEP][PASSED] - tap(findTestObject("03_Mobile/SC003_Sign Up/button_signup"), 0, CONTINUE_ON_FAILURE): Tapped on element 'Object Repository/03_Mobile/SC003_Sign Up/button_signup'

2022-07-03 13:49:27 - [MESSAGE][WARNING] - Timeout '0' is invalid. Using default page load timeout: '30'

2022-07-03 13:49:28 - [MESSAGE][PASSED] - Tapped on element 'Object Repository/03_Mobile/SC003_Sign Up/button_signup'

2022-07-03 13:49:28 - [TEST_STEP][PASSED] - if (findTestData("signup").getValue(2, i) == "negative"): Element 'Object Repository/03_Mobile/SC003_Sign Up/create_acc' is exist

2022-07-03 13:49:29 - [TEST_STEP][PASSED] - verifyElementExist(findTestObject("03_Mobile/SC003_Sign Up/create_acc"), 0): Element 'Object Repository/03_Mobile/SC003_Sign Up/create_acc' is exist

2022-07-03 13:49:29 - [MESSAGE][WARNING] - Timeout '0' is invalid. Using default page load timeout: '30'

2022-07-03 13:49:29 - [MESSAGE][PASSED] - Element 'Object Repository/03_Mobile/SC003_Sign Up/create_acc' is exist

2022-07-03 13:49:29 - [TEST_STEP][PASSED] - tap(findTestObject("03_Mobile/SC003_Sign Up/field_fullname"), 0): Tapped on element 'Object Repository/03_Mobile/SC003_Sign Up/field_fullname'

2022-07-03 13:49:29 - [MESSAGE][WARNING] - Timeout '0' is invalid. Using default page load timeout: '30'

2022-07-03 13:49:29 - [MESSAGE][PASSED] - Tapped on element 'Object Repository/03_Mobile/SC003_Sign Up/field_fullname'

2022-07-03 13:49:29 - [TEST_STEP][PASSED] - setText(findTestObject("03_Mobile/SC003_Sign Up/field_fullname"), findTestData("signup").getValue(3, i), 0, CONTINUE_ON_FAILURE): Text 'Archie' has been set to element 'Object Repository/03_Mobile/SC003_Sign Up/field_fullname'

2022-07-03 13:49:30 - [MESSAGE][WARNING] - Timeout '0' is invalid. Using default page load timeout: '30'

2022-07-03 13:49:31 - [MESSAGE][PASSED] - Text 'Archie' has been set to element 'Object Repository/03_Mobile/SC003_Sign Up/field_fullname'

2022-07-03 13:49:31 - [TEST_STEP][PASSED] - tap(findTestObject("03_Mobile/SC003_Sign Up/field_email"), 0): Tapped on element 'Object Repository/03_Mobile/SC003_Sign Up/field_email'

2022-07-03 13:49:32 - [MESSAGE][WARNING] - Timeout '0' is invalid. Using default page load timeout: '30'

2022-07-03 13:49:32 - [MESSAGE][PASSED] - Tapped on element 'Object Repository/03_Mobile/SC003_Sign Up/field_email'

2022-07-03 13:49:32 - [TEST_STEP][PASSED] - setText(findTestObject("03_Mobile/SC003_Sign Up/field_email"), findTestData("signup").getValue(4, i), 0, CONTINUE_ON_FAILURE): Text 'iniarch@gmail.com' has been set to element 'Object Repository/03_Mobile/SC003_Sign Up/field_email'

2022-07-03 13:49:32 - [MESSAGE][WARNING] - Timeout '0' is invalid. Using default page load timeout: '30'

2022-07-03 13:49:34 - [MESSAGE][PASSED] - Text 'iniarch@gmail.com' has been set to element 'Object Repository/03_Mobile/SC003_Sign Up/field_email'

2022-07-03 13:49:34 - [TEST_STEP][PASSED] - tap(findTestObject("03_Mobile/SC003_Sign Up/field_password"), 0): Tapped on element 'Object Repository/03_Mobile/SC003_Sign Up/field_password'

2022-07-03 13:49:34 - [MESSAGE][WARNING] - Timeout '0' is invalid. Using default page load timeout: '30'

2022-07-03 13:49:35 - [MESSAGE][PASSED] - Tapped on element 'Object Repository/03_Mobile/SC003_Sign Up/field_password'

2022-07-03 13:49:35 - [TEST_STEP][PASSED] - setText(findTestObject("03_Mobile/SC003_Sign Up/field_password"), findTestData("signup").getValue(5, i), 0): Text 'archen123!' has been set to element 'Object Repository/03_Mobile/SC003_Sign Up/field_password'

2022-07-03 13:49:35 - [MESSAGE][WARNING] - Timeout '0' is invalid. Using default page load timeout: '30'

2022-07-03 13:49:36 - [MESSAGE][PASSED] - Text 'archen123!' has been set to element 'Object Repository/03_Mobile/SC003_Sign Up/field_password'

2022-07-03 13:49:36 - [TEST_STEP][PASSED] - tap(findTestObject("03_Mobile/SC003_Sign Up/button_signup"), 0, CONTINUE_ON_FAILURE): Tapped on element 'Object Repository/03_Mobile/SC003_Sign Up/button_signup'

2022-07-03 13:49:36 - [MESSAGE][WARNING] - Timeout '0' is invalid. Using default page load timeout: '30'

2022-07-03 13:49:38 - [MESSAGE][PASSED] - Tapped on element 'Object Repository/03_Mobile/SC003_Sign Up/button_signup'

2022-07-03 13:49:38 - [TEST_STEP][PASSED] - if (findTestData("signup").getValue(2, i) == "negative"): Element 'Object Repository/03_Mobile/SC003_Sign Up/create_acc' is exist

2022-07-03 13:49:38 - [TEST_STEP][PASSED] - verifyElementExist(findTestObject("03_Mobile/SC003_Sign Up/create_acc"), 0): Element 'Object Repository/03_Mobile/SC003_Sign Up/create_acc' is exist

2022-07-03 13:49:38 - [MESSAGE][WARNING] - Timeout '0' is invalid. Using default page load timeout: '30'

2022-07-03 13:49:38 - [MESSAGE][PASSED] - Element 'Object Repository/03_Mobile/SC003_Sign Up/create_acc' is exist

2022-07-03 13:49:38 - [TEST_STEP][PASSED] - tap(findTestObject("03_Mobile/SC003_Sign Up/field_fullname"), 0): Tapped on element 'Object Repository/03_Mobile/SC003_Sign Up/field_fullname'

2022-07-03 13:49:38 - [MESSAGE][WARNING] - Timeout '0' is invalid. Using default page load timeout: '30'

2022-07-03 13:49:39 - [MESSAGE][PASSED] - Tapped on element 'Object Repository/03_Mobile/SC003_Sign Up/field_fullname'

2022-07-03 13:49:39 - [TEST_STEP][PASSED] - setText(findTestObject("03_Mobile/SC003_Sign Up/field_fullname"), findTestData("signup").getValue(3, i), 0, CONTINUE_ON_FAILURE): Text 'Archie' has been set to element 'Object Repository/03_Mobile/SC003_Sign Up/field_fullname'

2022-07-03 13:49:39 - [MESSAGE][WARNING] - Timeout '0' is invalid. Using default page load timeout: '30'

2022-07-03 13:49:40 - [MESSAGE][PASSED] - Text 'Archie' has been set to element 'Object Repository/03_Mobile/SC003_Sign Up/field_fullname'

2022-07-03 13:49:40 - [TEST_STEP][PASSED] - tap(findTestObject("03_Mobile/SC003_Sign Up/field_email"), 0): Tapped on element 'Object Repository/03_Mobile/SC003_Sign Up/field_email'

2022-07-03 13:49:40 - [MESSAGE][WARNING] - Timeout '0' is invalid. Using default page load timeout: '30'

2022-07-03 13:49:41 - [MESSAGE][PASSED] - Tapped on element 'Object Repository/03_Mobile/SC003_Sign Up/field_email'

2022-07-03 13:49:41 - [TEST_STEP][PASSED] - setText(findTestObject("03_Mobile/SC003_Sign Up/field_email"), findTestData("signup").getValue(4, i), 0, CONTINUE_ON_FAILURE): Text 'iniarch@gmail.com' has been set to element 'Object Repository/03_Mobile/SC003_Sign Up/field_email'

2022-07-03 13:49:41 - [MESSAGE][WARNING] - Timeout '0' is invalid. Using default page load timeout: '30'

2022-07-03 13:49:43 - [MESSAGE][PASSED] - Text 'iniarch@gmail.com' has been set to element 'Object Repository/03_Mobile/SC003_Sign Up/field_email'

2022-07-03 13:49:43 - [TEST_STEP][PASSED] - tap(findTestObject("03_Mobile/SC003_Sign Up/field_password"), 0): Tapped on element 'Object Repository/03_Mobile/SC003_Sign Up/field_password'

2022-07-03 13:49:43 - [MESSAGE][WARNING] - Timeout '0' is invalid. Using default page load timeout: '30'

2022-07-03 13:49:44 - [MESSAGE][PASSED] - Tapped on element 'Object Repository/03_Mobile/SC003_Sign Up/field_password'

2022-07-03 13:49:44 - [TEST_STEP][PASSED] - setText(findTestObject("03_Mobile/SC003_Sign Up/field_password"), findTestData("signup").getValue(5, i), 0): Text 'archen123' has been set to element 'Object Repository/03_Mobile/SC003_Sign Up/field_password'

2022-07-03 13:49:44 - [MESSAGE][WARNING] - Timeout '0' is invalid. Using default page load timeout: '30'

2022-07-03 13:49:45 - [MESSAGE][PASSED] - Text 'archen123' has been set to element 'Object Repository/03_Mobile/SC003_Sign Up/field_password'

2022-07-03 13:49:45 - [TEST_STEP][PASSED] - tap(findTestObject("03_Mobile/SC003_Sign Up/button_signup"), 0, CONTINUE_ON_FAILURE): Tapped on element 'Object Repository/03_Mobile/SC003_Sign Up/button_signup'

2022-07-03 13:49:45 - [MESSAGE][WARNING] - Timeout '0' is invalid. Using default page load timeout: '30'

2022-07-03 13:49:47 - [MESSAGE][PASSED] - Tapped on element 'Object Repository/03_Mobile/SC003_Sign Up/button_signup'

2022-07-03 13:49:47 - [TEST_STEP][PASSED] - if (findTestData("signup").getValue(2, i) == "negative"): Element 'Object Repository/03_Mobile/SC003_Sign Up/create_acc' is exist

2022-07-03 13:49:47 - [TEST_STEP][PASSED] - verifyElementExist(findTestObject("03_Mobile/SC003_Sign Up/create_acc"), 0): Element 'Object Repository/03_Mobile/SC003_Sign Up/create_acc' is exist

2022-07-03 13:49:47 - [MESSAGE][WARNING] - Timeout '0' is invalid. Using default page load timeout: '30'

2022-07-03 13:49:47 - [MESSAGE][PASSED] - Element 'Object Repository/03_Mobile/SC003_Sign Up/create_acc' is exist

2022-07-03 13:49:47 - [TEST_STEP][PASSED] - tap(findTestObject("03_Mobile/SC003_Sign Up/field_fullname"), 0): Tapped on element 'Object Repository/03_Mobile/SC003_Sign Up/field_fullname'

2022-07-03 13:49:47 - [MESSAGE][WARNING] - Timeout '0' is invalid. Using default page load timeout: '30'

2022-07-03 13:49:47 - [MESSAGE][PASSED] - Tapped on element 'Object Repository/03_Mobile/SC003_Sign Up/field_fullname'

2022-07-03 13:49:47 - [TEST_STEP][PASSED] - setText(findTestObject("03_Mobile/SC003_Sign Up/field_fullname"), findTestData("signup").getValue(3, i), 0, CONTINUE_ON_FAILURE): Text 'Archie' has been set to element 'Object Repository/03_Mobile/SC003_Sign Up/field_fullname'

2022-07-03 13:49:47 - [MESSAGE][WARNING] - Timeout '0' is invalid. Using default page load timeout: '30'

2022-07-03 13:49:49 - [MESSAGE][PASSED] - Text 'Archie' has been set to element 'Object Repository/03_Mobile/SC003_Sign Up/field_fullname'

2022-07-03 13:49:49 - [TEST_STEP][PASSED] - tap(findTestObject("03_Mobile/SC003_Sign Up/field_email"), 0): Tapped on element 'Object Repository/03_Mobile/SC003_Sign Up/field_email'

2022-07-03 13:49:49 - [MESSAGE][WARNING] - Timeout '0' is invalid. Using default page load timeout: '30'

2022-07-03 13:49:50 - [MESSAGE][PASSED] - Tapped on element 'Object Repository/03_Mobile/SC003_Sign Up/field_email'

2022-07-03 13:49:50 - [TEST_STEP][PASSED] - setText(findTestObject("03_Mobile/SC003_Sign Up/field_email"), findTestData("signup").getValue(4, i), 0, CONTINUE_ON_FAILURE): Text 'iniarch@gmail.com' has been set to element 'Object Repository/03_Mobile/SC003_Sign Up/field_email'

2022-07-03 13:49:51 - [MESSAGE][WARNING] - Timeout '0' is invalid. Using default page load timeout: '30'

2022-07-03 13:49:52 - [MESSAGE][PASSED] - Text 'iniarch@gmail.com' has been set to element 'Object Repository/03_Mobile/SC003_Sign Up/field_email'

2022-07-03 13:49:52 - [TEST_STEP][PASSED] - tap(findTestObject("03_Mobile/SC003_Sign Up/field_password"), 0): Tapped on element 'Object Repository/03_Mobile/SC003_Sign Up/field_password'

2022-07-03 13:49:52 - [MESSAGE][WARNING] - Timeout '0' is invalid. Using default page load timeout: '30'

2022-07-03 13:49:52 - [MESSAGE][PASSED] - Tapped on element 'Object Repository/03_Mobile/SC003_Sign Up/field_password'

2022-07-03 13:49:52 - [TEST_STEP][PASSED] - setText(findTestObject("03_Mobile/SC003_Sign Up/field_password"), findTestData("signup").getValue(5, i), 0): Text 'archens!' has been set to element 'Object Repository/03_Mobile/SC003_Sign Up/field_password'

2022-07-03 13:49:53 - [MESSAGE][WARNING] - Timeout '0' is invalid. Using default page load timeout: '30'

2022-07-03 13:49:54 - [MESSAGE][PASSED] - Text 'archens!' has been set to element 'Object Repository/03_Mobile/SC003_Sign Up/field_password'

2022-07-03 13:49:54 - [TEST_STEP][PASSED] - tap(findTestObject("03_Mobile/SC003_Sign Up/button_signup"), 0, CONTINUE_ON_FAILURE): Tapped on element 'Object Repository/03_Mobile/SC003_Sign Up/button_signup'

2022-07-03 13:49:54 - [MESSAGE][WARNING] - Timeout '0' is invalid. Using default page load timeout: '30'

2022-07-03 13:49:55 - [MESSAGE][PASSED] - Tapped on element 'Object Repository/03_Mobile/SC003_Sign Up/button_signup'

2022-07-03 13:49:55 - [TEST_STEP][PASSED] - if (findTestData("signup").getValue(2, i) == "negative"): Element 'Object Repository/03_Mobile/SC003_Sign Up/create_acc' is exist

2022-07-03 13:49:56 - [TEST_STEP][PASSED] - verifyElementExist(findTestObject("03_Mobile/SC003_Sign Up/create_acc"), 0): Element 'Object Repository/03_Mobile/SC003_Sign Up/create_acc' is exist

2022-07-03 13:49:56 - [MESSAGE][WARNING] - Timeout '0' is invalid. Using default page load timeout: '30'

2022-07-03 13:49:56 - [MESSAGE][PASSED] - Element 'Object Repository/03_Mobile/SC003_Sign Up/create_acc' is exist

2022-07-03 13:49:56 - [TEST_STEP][PASSED] - tap(findTestObject("03_Mobile/SC003_Sign Up/field_fullname"), 0): Tapped on element 'Object Repository/03_Mobile/SC003_Sign Up/field_fullname'

2022-07-03 13:49:56 - [MESSAGE][WARNING] - Timeout '0' is invalid. Using default page load timeout: '30'

2022-07-03 13:49:56 - [MESSAGE][PASSED] - Tapped on element 'Object Repository/03_Mobile/SC003_Sign Up/field_fullname'

2022-07-03 13:49:56 - [TEST_STEP][PASSED] - setText(findTestObject("03_Mobile/SC003_Sign Up/field_fullname"), findTestData("signup").getValue(3, i), 0, CONTINUE_ON_FAILURE): Text 'Archie' has been set to element 'Object Repository/03_Mobile/SC003_Sign Up/field_fullname'

2022-07-03 13:49:56 - [MESSAGE][WARNING] - Timeout '0' is invalid. Using default page load timeout: '30'

2022-07-03 13:49:58 - [MESSAGE][PASSED] - Text 'Archie' has been set to element 'Object Repository/03_Mobile/SC003_Sign Up/field_fullname'

2022-07-03 13:49:58 - [TEST_STEP][PASSED] - tap(findTestObject("03_Mobile/SC003_Sign Up/field_email"), 0): Tapped on element 'Object Repository/03_Mobile/SC003_Sign Up/field_email'

2022-07-03 13:49:58 - [MESSAGE][WARNING] - Timeout '0' is invalid. Using default page load timeout: '30'

2022-07-03 13:49:59 - [MESSAGE][PASSED] - Tapped on element 'Object Repository/03_Mobile/SC003_Sign Up/field_email'

2022-07-03 13:49:59 - [TEST_STEP][PASSED] - setText(findTestObject("03_Mobile/SC003_Sign Up/field_email"), findTestData("signup").getValue(4, i), 0, CONTINUE_ON_FAILURE): Text 'archen@gmail.com' has been set to element 'Object Repository/03_Mobile/SC003_Sign Up/field_email'

2022-07-03 13:49:59 - [MESSAGE][WARNING] - Timeout '0' is invalid. Using default page load timeout: '30'

2022-07-03 13:50:00 - [MESSAGE][PASSED] - Text 'archen@gmail.com' has been set to element 'Object Repository/03_Mobile/SC003_Sign Up/field_email'

2022-07-03 13:50:00 - [TEST_STEP][PASSED] - tap(findTestObject("03_Mobile/SC003_Sign Up/field_password"), 0): Tapped on element 'Object Repository/03_Mobile/SC003_Sign Up/field_password'

2022-07-03 13:50:00 - [MESSAGE][WARNING] - Timeout '0' is invalid. Using default page load timeout: '30'

2022-07-03 13:50:01 - [MESSAGE][PASSED] - Tapped on element 'Object Repository/03_Mobile/SC003_Sign Up/field_password'

2022-07-03 13:50:01 - [TEST_STEP][PASSED] - setText(findTestObject("03_Mobile/SC003_Sign Up/field_password"), findTestData("signup").getValue(5, i), 0): Text 'Archen123!' has been set to element 'Object Repository/03_Mobile/SC003_Sign Up/field_password'

2022-07-03 13:50:01 - [MESSAGE][WARNING] - Timeout '0' is invalid. Using default page load timeout: '30'

2022-07-03 13:50:03 - [MESSAGE][PASSED] - Text 'Archen123!' has been set to element 'Object Repository/03_Mobile/SC003_Sign Up/field_password'

2022-07-03 13:50:03 - [TEST_STEP][PASSED] - tap(findTestObject("03_Mobile/SC003_Sign Up/button_signup"), 0, CONTINUE_ON_FAILURE): Tapped on element 'Object Repository/03_Mobile/SC003_Sign Up/button_signup'

2022-07-03 13:50:03 - [MESSAGE][WARNING] - Timeout '0' is invalid. Using default page load timeout: '30'

2022-07-03 13:50:04 - [MESSAGE][PASSED] - Tapped on element 'Object Repository/03_Mobile/SC003_Sign Up/button_signup'

2022-07-03 13:50:04 - [TEST_STEP][PASSED] - if (findTestData("signup").getValue(2, i) == "negative"): Element 'Object Repository/03_Mobile/SC003_Sign Up/create_acc' is exist

2022-07-03 13:50:04 - [TEST_STEP][PASSED] - verifyElementExist(findTestObject("03_Mobile/SC003_Sign Up/create_acc"), 0): Element 'Object Repository/03_Mobile/SC003_Sign Up/create_acc' is exist

2022-07-03 13:50:04 - [MESSAGE][WARNING] - Timeout '0' is invalid. Using default page load timeout: '30'

2022-07-03 13:50:05 - [MESSAGE][PASSED] - Element 'Object Repository/03_Mobile/SC003_Sign Up/create_acc' is exist

2022-07-03 13:50:05 - [TEST_STEP][PASSED] - tap(findTestObject("03_Mobile/SC003_Sign Up/field_fullname"), 0): Tapped on element 'Object Repository/03_Mobile/SC003_Sign Up/field_fullname'

2022-07-03 13:50:05 - [MESSAGE][WARNING] - Timeout '0' is invalid. Using default page load timeout: '30'

2022-07-03 13:50:05 - [MESSAGE][PASSED] - Tapped on element 'Object Repository/03_Mobile/SC003_Sign Up/field_fullname'

2022-07-03 13:50:05 - [TEST_STEP][PASSED] - setText(findTestObject("03_Mobile/SC003_Sign Up/field_fullname"), findTestData("signup").getValue(3, i), 0, CONTINUE_ON_FAILURE): Text 'Archie' has been set to element 'Object Repository/03_Mobile/SC003_Sign Up/field_fullname'

2022-07-03 13:50:06 - [MESSAGE][WARNING] - Timeout '0' is invalid. Using default page load timeout: '30'

2022-07-03 13:50:08 - [MESSAGE][PASSED] - Text 'Archie' has been set to element 'Object Repository/03_Mobile/SC003_Sign Up/field_fullname'

2022-07-03 13:50:08 - [TEST_STEP][PASSED] - tap(findTestObject("03_Mobile/SC003_Sign Up/field_email"), 0): Tapped on element 'Object Repository/03_Mobile/SC003_Sign Up/field_email'

2022-07-03 13:50:08 - [MESSAGE][WARNING] - Timeout '0' is invalid. Using default page load timeout: '30'

2022-07-03 13:50:08 - [MESSAGE][PASSED] - Tapped on element 'Object Repository/03_Mobile/SC003_Sign Up/field_email'

2022-07-03 13:50:08 - [TEST_STEP][PASSED] - setText(findTestObject("03_Mobile/SC003_Sign Up/field_email"), findTestData("signup").getValue(4, i), 0, CONTINUE_ON_FAILURE): Text 'archen1@gmail.com' has been set to element 'Object Repository/03_Mobile/SC003_Sign Up/field_email'

2022-07-03 13:50:09 - [MESSAGE][WARNING] - Timeout '0' is invalid. Using default page load timeout: '30'

2022-07-03 13:50:10 - [MESSAGE][PASSED] - Text 'archen1@gmail.com' has been set to element 'Object Repository/03_Mobile/SC003_Sign Up/field_email'

2022-07-03 13:50:10 - [TEST_STEP][PASSED] - tap(findTestObject("03_Mobile/SC003_Sign Up/field_password"), 0): Tapped on element 'Object Repository/03_Mobile/SC003_Sign Up/field_password'

2022-07-03 13:50:10 - [MESSAGE][WARNING] - Timeout '0' is invalid. Using default page load timeout: '30'

2022-07-03 13:50:12 - [MESSAGE][PASSED] - Tapped on element 'Object Repository/03_Mobile/SC003_Sign Up/field_password'

2022-07-03 13:50:12 - [TEST_STEP][PASSED] - setText(findTestObject("03_Mobile/SC003_Sign Up/field_password"), findTestData("signup").getValue(5, i), 0): Text 'Archen123!' has been set to element 'Object Repository/03_Mobile/SC003_Sign Up/field_password'

2022-07-03 13:50:12 - [MESSAGE][WARNING] - Timeout '0' is invalid. Using default page load timeout: '30'

2022-07-03 13:50:12 - [MESSAGE][PASSED] - Text 'Archen123!' has been set to element 'Object Repository/03_Mobile/SC003_Sign Up/field_password'

2022-07-03 13:50:12 - [TEST_STEP][PASSED] - tap(findTestObject("03_Mobile/SC003_Sign Up/button_signup"), 0, CONTINUE_ON_FAILURE): Tapped on element 'Object Repository/03_Mobile/SC003_Sign Up/button_signup'

2022-07-03 13:50:13 - [MESSAGE][WARNING] - Timeout '0' is invalid. Using default page load timeout: '30'

2022-07-03 13:50:14 - [MESSAGE][PASSED] - Tapped on element 'Object Repository/03_Mobile/SC003_Sign Up/button_signup'

2022-07-03 13:50:14 - [TEST_STEP][PASSED] - if (findTestData("signup").getValue(2, i) == "negative"): null

2022-07-03 13:50:14 - [TEST_STEP][PASSED] - else: Element 'Object Repository/03_Mobile/SC002_Sign In/welcome_back' is exist

2022-07-03 13:50:14 - [TEST_STEP][PASSED] - verifyElementExist(findTestObject("03_Mobile/SC002_Sign In/welcome_back"), 0): Element 'Object Repository/03_Mobile/SC002_Sign In/welcome_back' is exist

2022-07-03 13:50:14 - [MESSAGE][WARNING] - Timeout '0' is invalid. Using default page load timeout: '30'

2022-07-03 13:50:14 - [MESSAGE][PASSED] - Element 'Object Repository/03_Mobile/SC002_Sign In/welcome_back' is exist]]></system-out>
         <system-err><![CDATA[]]></system-err>
      </testcase>
      <testcase name="Test Cases/03_Mobile/02_Auth/SC003_Sign In/Sign In" time="51.178" classname="Test Cases/03_Mobile/02_Auth/SC003_Sign In/Sign In" status="FAILED">
         <failure type="FAILED" message="Test Cases/03_Mobile/02_Auth/SC003_Sign In/Sign In FAILED.
Reason:
com.kms.katalon.core.exception.StepFailedException: Object Object Repository/03_Mobile/SC002_Sign In/field_email not found
	at com.kms.katalon.core.keyword.internal.KeywordMain.stepFailed(KeywordMain.groovy:50)
	at com.kms.katalon.core.mobile.keyword.internal.MobileKeywordMain.stepFailed(MobileKeywordMain.groovy:40)
	at com.kms.katalon.core.mobile.keyword.builtin.TapKeyword$_tap_closure1.doCall(TapKeyword.groovy:79)
	at com.kms.katalon.core.mobile.keyword.builtin.TapKeyword$_tap_closure1.call(TapKeyword.groovy)
	at com.kms.katalon.core.mobile.keyword.internal.MobileKeywordMain.runKeyword(MobileKeywordMain.groovy:21)
	at com.kms.katalon.core.mobile.keyword.builtin.TapKeyword.tap(TapKeyword.groovy:86)
	at com.kms.katalon.core.mobile.keyword.builtin.TapKeyword.execute(TapKeyword.groovy:68)
	at com.kms.katalon.core.keyword.internal.KeywordExecutor.executeKeywordForPlatform(KeywordExecutor.groovy:74)
	at com.kms.katalon.core.mobile.keyword.MobileBuiltInKeywords.tap(MobileBuiltInKeywords.groovy:1355)
	at com.kms.katalon.core.mobile.keyword.MobileBuiltInKeywords$tap$1.call(Unknown Source)
	at Sign In.run(Sign In:25)
	at com.kms.katalon.core.main.ScriptEngine.run(ScriptEngine.java:194)
	at com.kms.katalon.core.main.ScriptEngine.runScriptAsRawText(ScriptEngine.java:119)
	at com.kms.katalon.core.main.TestCaseExecutor.runScript(TestCaseExecutor.java:442)
	at com.kms.katalon.core.main.TestCaseExecutor.doExecute(TestCaseExecutor.java:433)
	at com.kms.katalon.core.main.TestCaseExecutor.processExecutionPhase(TestCaseExecutor.java:412)
	at com.kms.katalon.core.main.TestCaseExecutor.accessMainPhase(TestCaseExecutor.java:404)
	at com.kms.katalon.core.main.TestCaseExecutor.execute(TestCaseExecutor.java:281)
	at com.kms.katalon.core.main.TestSuiteExecutor.accessTestCaseMainPhase(TestSuiteExecutor.java:202)
	at com.kms.katalon.core.main.TestSuiteExecutor.accessTestSuiteMainPhase(TestSuiteExecutor.java:164)
	at com.kms.katalon.core.main.TestSuiteExecutor.execute(TestSuiteExecutor.java:105)
	at com.kms.katalon.core.main.TestCaseMain.startTestSuite(TestCaseMain.java:185)
	at com.kms.katalon.core.main.TestCaseMain$startTestSuite$0.call(Unknown Source)
	at TempTestSuite1656830906270.run(TempTestSuite1656830906270.groovy:36)
"/>
         <system-out><![CDATA[2022-07-03 13:50:14 - [TEST_CASE][FAILED] - Test Cases/03_Mobile/02_Auth/SC003_Sign In/Sign In: Test Cases/03_Mobile/02_Auth/SC003_Sign In/Sign In FAILED.
Reason:
com.kms.katalon.core.exception.StepFailedException: Object Object Repository/03_Mobile/SC002_Sign In/field_email not found
	at com.kms.katalon.core.keyword.internal.KeywordMain.stepFailed(KeywordMain.groovy:50)
	at com.kms.katalon.core.mobile.keyword.internal.MobileKeywordMain.stepFailed(MobileKeywordMain.groovy:40)
	at com.kms.katalon.core.mobile.keyword.builtin.TapKeyword$_tap_closure1.doCall(TapKeyword.groovy:79)
	at com.kms.katalon.core.mobile.keyword.builtin.TapKeyword$_tap_closure1.call(TapKeyword.groovy)
	at com.kms.katalon.core.mobile.keyword.internal.MobileKeywordMain.runKeyword(MobileKeywordMain.groovy:21)
	at com.kms.katalon.core.mobile.keyword.builtin.TapKeyword.tap(TapKeyword.groovy:86)
	at com.kms.katalon.core.mobile.keyword.builtin.TapKeyword.execute(TapKeyword.groovy:68)
	at com.kms.katalon.core.keyword.internal.KeywordExecutor.executeKeywordForPlatform(KeywordExecutor.groovy:74)
	at com.kms.katalon.core.mobile.keyword.MobileBuiltInKeywords.tap(MobileBuiltInKeywords.groovy:1355)
	at com.kms.katalon.core.mobile.keyword.MobileBuiltInKeywords$tap$1.call(Unknown Source)
	at Sign In.run(Sign In:25)
	at com.kms.katalon.core.main.ScriptEngine.run(ScriptEngine.java:194)
	at com.kms.katalon.core.main.ScriptEngine.runScriptAsRawText(ScriptEngine.java:119)
	at com.kms.katalon.core.main.TestCaseExecutor.runScript(TestCaseExecutor.java:442)
	at com.kms.katalon.core.main.TestCaseExecutor.doExecute(TestCaseExecutor.java:433)
	at com.kms.katalon.core.main.TestCaseExecutor.processExecutionPhase(TestCaseExecutor.java:412)
	at com.kms.katalon.core.main.TestCaseExecutor.accessMainPhase(TestCaseExecutor.java:404)
	at com.kms.katalon.core.main.TestCaseExecutor.execute(TestCaseExecutor.java:281)
	at com.kms.katalon.core.main.TestSuiteExecutor.accessTestCaseMainPhase(TestSuiteExecutor.java:202)
	at com.kms.katalon.core.main.TestSuiteExecutor.accessTestSuiteMainPhase(TestSuiteExecutor.java:164)
	at com.kms.katalon.core.main.TestSuiteExecutor.execute(TestSuiteExecutor.java:105)
	at com.kms.katalon.core.main.TestCaseMain.startTestSuite(TestCaseMain.java:185)
	at com.kms.katalon.core.main.TestCaseMain$startTestSuite$0.call(Unknown Source)
	at TempTestSuite1656830906270.run(TempTestSuite1656830906270.groovy:36)


2022-07-03 13:50:14 - [TEST_STEP][PASSED] - startExistingApplication(id_mobile_apk, STOP_ON_FAILURE): Starting app with application ID: 'com.example.capstone_project_lms'

2022-07-03 13:50:25 - [MESSAGE][PASSED] - Starting app with application ID: 'com.example.capstone_project_lms'

2022-07-03 13:50:25 - [TEST_STEP][PASSED] - delay(8, CONTINUE_ON_FAILURE): Delayed 8 second(s)

2022-07-03 13:50:33 - [MESSAGE][PASSED] - Delayed 8 second(s)

2022-07-03 13:50:33 - [TEST_STEP][FAILED] - for ([i = 1, i <= 5, (i++)]): Failed to tap on element 'Object Repository/03_Mobile/SC002_Sign In/field_email' (Root cause: com.kms.katalon.core.exception.StepFailedException: Object Object Repository/03_Mobile/SC002_Sign In/field_email not found
	at com.kms.katalon.core.keyword.internal.KeywordMain.stepFailed(KeywordMain.groovy:50)
	at com.kms.katalon.core.mobile.keyword.internal.MobileKeywordMain.stepFailed(MobileKeywordMain.groovy:40)
	at com.kms.katalon.core.mobile.keyword.builtin.TapKeyword$_tap_closure1.doCall(TapKeyword.groovy:79)
	at com.kms.katalon.core.mobile.keyword.builtin.TapKeyword$_tap_closure1.call(TapKeyword.groovy)
	at com.kms.katalon.core.mobile.keyword.internal.MobileKeywordMain.runKeyword(MobileKeywordMain.groovy:21)
	at com.kms.katalon.core.mobile.keyword.builtin.TapKeyword.tap(TapKeyword.groovy:86)
	at com.kms.katalon.core.mobile.keyword.builtin.TapKeyword.execute(TapKeyword.groovy:68)
	at com.kms.katalon.core.keyword.internal.KeywordExecutor.executeKeywordForPlatform(KeywordExecutor.groovy:74)
	at com.kms.katalon.core.mobile.keyword.MobileBuiltInKeywords.tap(MobileBuiltInKeywords.groovy:1355)
	at com.kms.katalon.core.mobile.keyword.MobileBuiltInKeywords$tap$1.call(Unknown Source)
	at Sign In.run(Sign In:25)
	at com.kms.katalon.core.main.ScriptEngine.run(ScriptEngine.java:194)
	at com.kms.katalon.core.main.ScriptEngine.runScriptAsRawText(ScriptEngine.java:119)
	at com.kms.katalon.core.main.TestCaseExecutor.runScript(TestCaseExecutor.java:442)
	at com.kms.katalon.core.main.TestCaseExecutor.doExecute(TestCaseExecutor.java:433)
	at com.kms.katalon.core.main.TestCaseExecutor.processExecutionPhase(TestCaseExecutor.java:412)
	at com.kms.katalon.core.main.TestCaseExecutor.accessMainPhase(TestCaseExecutor.java:404)
	at com.kms.katalon.core.main.TestCaseExecutor.execute(TestCaseExecutor.java:281)
	at com.kms.katalon.core.main.TestSuiteExecutor.accessTestCaseMainPhase(TestSuiteExecutor.java:202)
	at com.kms.katalon.core.main.TestSuiteExecutor.accessTestSuiteMainPhase(TestSuiteExecutor.java:164)
	at com.kms.katalon.core.main.TestSuiteExecutor.execute(TestSuiteExecutor.java:105)
	at com.kms.katalon.core.main.TestCaseMain.startTestSuite(TestCaseMain.java:185)
	at com.kms.katalon.core.main.TestCaseMain$startTestSuite$0.call(Unknown Source)
	at TempTestSuite1656830906270.run(TempTestSuite1656830906270.groovy:36)
)

2022-07-03 13:50:33 - [TEST_STEP][FAILED] - tap(findTestObject("03_Mobile/SC002_Sign In/field_email"), 0): Failed to tap on element 'Object Repository/03_Mobile/SC002_Sign In/field_email' (Root cause: com.kms.katalon.core.exception.StepFailedException: Object Object Repository/03_Mobile/SC002_Sign In/field_email not found
	at com.kms.katalon.core.keyword.internal.KeywordMain.stepFailed(KeywordMain.groovy:50)
	at com.kms.katalon.core.mobile.keyword.internal.MobileKeywordMain.stepFailed(MobileKeywordMain.groovy:40)
	at com.kms.katalon.core.mobile.keyword.builtin.TapKeyword$_tap_closure1.doCall(TapKeyword.groovy:79)
	at com.kms.katalon.core.mobile.keyword.builtin.TapKeyword$_tap_closure1.call(TapKeyword.groovy)
	at com.kms.katalon.core.mobile.keyword.internal.MobileKeywordMain.runKeyword(MobileKeywordMain.groovy:21)
	at com.kms.katalon.core.mobile.keyword.builtin.TapKeyword.tap(TapKeyword.groovy:86)
	at com.kms.katalon.core.mobile.keyword.builtin.TapKeyword.execute(TapKeyword.groovy:68)
	at com.kms.katalon.core.keyword.internal.KeywordExecutor.executeKeywordForPlatform(KeywordExecutor.groovy:74)
	at com.kms.katalon.core.mobile.keyword.MobileBuiltInKeywords.tap(MobileBuiltInKeywords.groovy:1355)
	at com.kms.katalon.core.mobile.keyword.MobileBuiltInKeywords$tap$1.call(Unknown Source)
	at Sign In.run(Sign In:25)
	at com.kms.katalon.core.main.ScriptEngine.run(ScriptEngine.java:194)
	at com.kms.katalon.core.main.ScriptEngine.runScriptAsRawText(ScriptEngine.java:119)
	at com.kms.katalon.core.main.TestCaseExecutor.runScript(TestCaseExecutor.java:442)
	at com.kms.katalon.core.main.TestCaseExecutor.doExecute(TestCaseExecutor.java:433)
	at com.kms.katalon.core.main.TestCaseExecutor.processExecutionPhase(TestCaseExecutor.java:412)
	at com.kms.katalon.core.main.TestCaseExecutor.accessMainPhase(TestCaseExecutor.java:404)
	at com.kms.katalon.core.main.TestCaseExecutor.execute(TestCaseExecutor.java:281)
	at com.kms.katalon.core.main.TestSuiteExecutor.accessTestCaseMainPhase(TestSuiteExecutor.java:202)
	at com.kms.katalon.core.main.TestSuiteExecutor.accessTestSuiteMainPhase(TestSuiteExecutor.java:164)
	at com.kms.katalon.core.main.TestSuiteExecutor.execute(TestSuiteExecutor.java:105)
	at com.kms.katalon.core.main.TestCaseMain.startTestSuite(TestCaseMain.java:185)
	at com.kms.katalon.core.main.TestCaseMain$startTestSuite$0.call(Unknown Source)
	at TempTestSuite1656830906270.run(TempTestSuite1656830906270.groovy:36)
)

2022-07-03 13:50:33 - [MESSAGE][WARNING] - Timeout '0' is invalid. Using default page load timeout: '30'

2022-07-03 13:51:04 - [MESSAGE][FAILED] - Object Object Repository/03_Mobile/SC002_Sign In/field_email not found
[[ATTACHMENT|F:\\1. UNNES\\6. Semester 6\\2 - MSIB\\CAPSTONE PROJECT\\testing-lms\\Reports\\20220703_134826\\TS03_Mobile\\Regression_Mobile\\20220703_134826\\1656831064049.png]]

2022-07-03 13:51:05 - [MESSAGE][FAILED] - Failed to tap on element 'Object Repository/03_Mobile/SC002_Sign In/field_email' (Root cause: com.kms.katalon.core.exception.StepFailedException: Object Object Repository/03_Mobile/SC002_Sign In/field_email not found
	at com.kms.katalon.core.keyword.internal.KeywordMain.stepFailed(KeywordMain.groovy:50)
	at com.kms.katalon.core.mobile.keyword.internal.MobileKeywordMain.stepFailed(MobileKeywordMain.groovy:40)
	at com.kms.katalon.core.mobile.keyword.builtin.TapKeyword$_tap_closure1.doCall(TapKeyword.groovy:79)
	at com.kms.katalon.core.mobile.keyword.builtin.TapKeyword$_tap_closure1.call(TapKeyword.groovy)
	at com.kms.katalon.core.mobile.keyword.internal.MobileKeywordMain.runKeyword(MobileKeywordMain.groovy:21)
	at com.kms.katalon.core.mobile.keyword.builtin.TapKeyword.tap(TapKeyword.groovy:86)
	at com.kms.katalon.core.mobile.keyword.builtin.TapKeyword.execute(TapKeyword.groovy:68)
	at com.kms.katalon.core.keyword.internal.KeywordExecutor.executeKeywordForPlatform(KeywordExecutor.groovy:74)
	at com.kms.katalon.core.mobile.keyword.MobileBuiltInKeywords.tap(MobileBuiltInKeywords.groovy:1355)
	at com.kms.katalon.core.mobile.keyword.MobileBuiltInKeywords$tap$1.call(Unknown Source)
	at Sign In.run(Sign In:25)
	at com.kms.katalon.core.main.ScriptEngine.run(ScriptEngine.java:194)
	at com.kms.katalon.core.main.ScriptEngine.runScriptAsRawText(ScriptEngine.java:119)
	at com.kms.katalon.core.main.TestCaseExecutor.runScript(TestCaseExecutor.java:442)
	at com.kms.katalon.core.main.TestCaseExecutor.doExecute(TestCaseExecutor.java:433)
	at com.kms.katalon.core.main.TestCaseExecutor.processExecutionPhase(TestCaseExecutor.java:412)
	at com.kms.katalon.core.main.TestCaseExecutor.accessMainPhase(TestCaseExecutor.java:404)
	at com.kms.katalon.core.main.TestCaseExecutor.execute(TestCaseExecutor.java:281)
	at com.kms.katalon.core.main.TestSuiteExecutor.accessTestCaseMainPhase(TestSuiteExecutor.java:202)
	at com.kms.katalon.core.main.TestSuiteExecutor.accessTestSuiteMainPhase(TestSuiteExecutor.java:164)
	at com.kms.katalon.core.main.TestSuiteExecutor.execute(TestSuiteExecutor.java:105)
	at com.kms.katalon.core.main.TestCaseMain.startTestSuite(TestCaseMain.java:185)
	at com.kms.katalon.core.main.TestCaseMain$startTestSuite$0.call(Unknown Source)
	at TempTestSuite1656830906270.run(TempTestSuite1656830906270.groovy:36)
)
[[ATTACHMENT|F:\\1. UNNES\\6. Semester 6\\2 - MSIB\\CAPSTONE PROJECT\\testing-lms\\Reports\\20220703_134826\\TS03_Mobile\\Regression_Mobile\\20220703_134826\\1656831064992.png]]]]></system-out>
         <system-err><![CDATA[2022-07-03 13:50:14 - [TEST_CASE][FAILED] - Test Cases/03_Mobile/02_Auth/SC003_Sign In/Sign In: Test Cases/03_Mobile/02_Auth/SC003_Sign In/Sign In FAILED.
Reason:
com.kms.katalon.core.exception.StepFailedException: Object Object Repository/03_Mobile/SC002_Sign In/field_email not found
	at com.kms.katalon.core.keyword.internal.KeywordMain.stepFailed(KeywordMain.groovy:50)
	at com.kms.katalon.core.mobile.keyword.internal.MobileKeywordMain.stepFailed(MobileKeywordMain.groovy:40)
	at com.kms.katalon.core.mobile.keyword.builtin.TapKeyword$_tap_closure1.doCall(TapKeyword.groovy:79)
	at com.kms.katalon.core.mobile.keyword.builtin.TapKeyword$_tap_closure1.call(TapKeyword.groovy)
	at com.kms.katalon.core.mobile.keyword.internal.MobileKeywordMain.runKeyword(MobileKeywordMain.groovy:21)
	at com.kms.katalon.core.mobile.keyword.builtin.TapKeyword.tap(TapKeyword.groovy:86)
	at com.kms.katalon.core.mobile.keyword.builtin.TapKeyword.execute(TapKeyword.groovy:68)
	at com.kms.katalon.core.keyword.internal.KeywordExecutor.executeKeywordForPlatform(KeywordExecutor.groovy:74)
	at com.kms.katalon.core.mobile.keyword.MobileBuiltInKeywords.tap(MobileBuiltInKeywords.groovy:1355)
	at com.kms.katalon.core.mobile.keyword.MobileBuiltInKeywords$tap$1.call(Unknown Source)
	at Sign In.run(Sign In:25)
	at com.kms.katalon.core.main.ScriptEngine.run(ScriptEngine.java:194)
	at com.kms.katalon.core.main.ScriptEngine.runScriptAsRawText(ScriptEngine.java:119)
	at com.kms.katalon.core.main.TestCaseExecutor.runScript(TestCaseExecutor.java:442)
	at com.kms.katalon.core.main.TestCaseExecutor.doExecute(TestCaseExecutor.java:433)
	at com.kms.katalon.core.main.TestCaseExecutor.processExecutionPhase(TestCaseExecutor.java:412)
	at com.kms.katalon.core.main.TestCaseExecutor.accessMainPhase(TestCaseExecutor.java:404)
	at com.kms.katalon.core.main.TestCaseExecutor.execute(TestCaseExecutor.java:281)
	at com.kms.katalon.core.main.TestSuiteExecutor.accessTestCaseMainPhase(TestSuiteExecutor.java:202)
	at com.kms.katalon.core.main.TestSuiteExecutor.accessTestSuiteMainPhase(TestSuiteExecutor.java:164)
	at com.kms.katalon.core.main.TestSuiteExecutor.execute(TestSuiteExecutor.java:105)
	at com.kms.katalon.core.main.TestCaseMain.startTestSuite(TestCaseMain.java:185)
	at com.kms.katalon.core.main.TestCaseMain$startTestSuite$0.call(Unknown Source)
	at TempTestSuite1656830906270.run(TempTestSuite1656830906270.groovy:36)]]></system-err>
      </testcase>
      <testcase name="Test Cases/03_Mobile/02_Auth/SC004_Logout/TC001_Logout" time="42.573" classname="Test Cases/03_Mobile/02_Auth/SC004_Logout/TC001_Logout" status="FAILED">
         <failure type="FAILED" message="Test Cases/03_Mobile/02_Auth/SC004_Logout/TC001_Logout FAILED.
Reason:
com.kms.katalon.core.exception.StepFailedException: Object Object Repository/03_Mobile/SC004_Logout/setting_menu not found
	at com.kms.katalon.core.keyword.internal.KeywordMain.stepFailed(KeywordMain.groovy:50)
	at com.kms.katalon.core.mobile.keyword.internal.MobileKeywordMain.stepFailed(MobileKeywordMain.groovy:40)
	at com.kms.katalon.core.mobile.keyword.builtin.TapKeyword$_tap_closure1.doCall(TapKeyword.groovy:79)
	at com.kms.katalon.core.mobile.keyword.builtin.TapKeyword$_tap_closure1.call(TapKeyword.groovy)
	at com.kms.katalon.core.mobile.keyword.internal.MobileKeywordMain.runKeyword(MobileKeywordMain.groovy:21)
	at com.kms.katalon.core.mobile.keyword.builtin.TapKeyword.tap(TapKeyword.groovy:86)
	at com.kms.katalon.core.mobile.keyword.builtin.TapKeyword.execute(TapKeyword.groovy:68)
	at com.kms.katalon.core.keyword.internal.KeywordExecutor.executeKeywordForPlatform(KeywordExecutor.groovy:74)
	at com.kms.katalon.core.mobile.keyword.MobileBuiltInKeywords.tap(MobileBuiltInKeywords.groovy:1355)
	at com.kms.katalon.core.mobile.keyword.MobileBuiltInKeywords$tap$1.call(Unknown Source)
	at TC001_Logout.run(TC001_Logout:22)
	at com.kms.katalon.core.main.ScriptEngine.run(ScriptEngine.java:194)
	at com.kms.katalon.core.main.ScriptEngine.runScriptAsRawText(ScriptEngine.java:119)
	at com.kms.katalon.core.main.TestCaseExecutor.runScript(TestCaseExecutor.java:442)
	at com.kms.katalon.core.main.TestCaseExecutor.doExecute(TestCaseExecutor.java:433)
	at com.kms.katalon.core.main.TestCaseExecutor.processExecutionPhase(TestCaseExecutor.java:412)
	at com.kms.katalon.core.main.TestCaseExecutor.accessMainPhase(TestCaseExecutor.java:404)
	at com.kms.katalon.core.main.TestCaseExecutor.execute(TestCaseExecutor.java:281)
	at com.kms.katalon.core.main.TestSuiteExecutor.accessTestCaseMainPhase(TestSuiteExecutor.java:202)
	at com.kms.katalon.core.main.TestSuiteExecutor.accessTestSuiteMainPhase(TestSuiteExecutor.java:164)
	at com.kms.katalon.core.main.TestSuiteExecutor.execute(TestSuiteExecutor.java:105)
	at com.kms.katalon.core.main.TestCaseMain.startTestSuite(TestCaseMain.java:185)
	at com.kms.katalon.core.main.TestCaseMain$startTestSuite$0.call(Unknown Source)
	at TempTestSuite1656830906270.run(TempTestSuite1656830906270.groovy:36)
"/>
         <system-out><![CDATA[2022-07-03 13:51:05 - [TEST_CASE][FAILED] - Test Cases/03_Mobile/02_Auth/SC004_Logout/TC001_Logout: Test Cases/03_Mobile/02_Auth/SC004_Logout/TC001_Logout FAILED.
Reason:
com.kms.katalon.core.exception.StepFailedException: Object Object Repository/03_Mobile/SC004_Logout/setting_menu not found
	at com.kms.katalon.core.keyword.internal.KeywordMain.stepFailed(KeywordMain.groovy:50)
	at com.kms.katalon.core.mobile.keyword.internal.MobileKeywordMain.stepFailed(MobileKeywordMain.groovy:40)
	at com.kms.katalon.core.mobile.keyword.builtin.TapKeyword$_tap_closure1.doCall(TapKeyword.groovy:79)
	at com.kms.katalon.core.mobile.keyword.builtin.TapKeyword$_tap_closure1.call(TapKeyword.groovy)
	at com.kms.katalon.core.mobile.keyword.internal.MobileKeywordMain.runKeyword(MobileKeywordMain.groovy:21)
	at com.kms.katalon.core.mobile.keyword.builtin.TapKeyword.tap(TapKeyword.groovy:86)
	at com.kms.katalon.core.mobile.keyword.builtin.TapKeyword.execute(TapKeyword.groovy:68)
	at com.kms.katalon.core.keyword.internal.KeywordExecutor.executeKeywordForPlatform(KeywordExecutor.groovy:74)
	at com.kms.katalon.core.mobile.keyword.MobileBuiltInKeywords.tap(MobileBuiltInKeywords.groovy:1355)
	at com.kms.katalon.core.mobile.keyword.MobileBuiltInKeywords$tap$1.call(Unknown Source)
	at TC001_Logout.run(TC001_Logout:22)
	at com.kms.katalon.core.main.ScriptEngine.run(ScriptEngine.java:194)
	at com.kms.katalon.core.main.ScriptEngine.runScriptAsRawText(ScriptEngine.java:119)
	at com.kms.katalon.core.main.TestCaseExecutor.runScript(TestCaseExecutor.java:442)
	at com.kms.katalon.core.main.TestCaseExecutor.doExecute(TestCaseExecutor.java:433)
	at com.kms.katalon.core.main.TestCaseExecutor.processExecutionPhase(TestCaseExecutor.java:412)
	at com.kms.katalon.core.main.TestCaseExecutor.accessMainPhase(TestCaseExecutor.java:404)
	at com.kms.katalon.core.main.TestCaseExecutor.execute(TestCaseExecutor.java:281)
	at com.kms.katalon.core.main.TestSuiteExecutor.accessTestCaseMainPhase(TestSuiteExecutor.java:202)
	at com.kms.katalon.core.main.TestSuiteExecutor.accessTestSuiteMainPhase(TestSuiteExecutor.java:164)
	at com.kms.katalon.core.main.TestSuiteExecutor.execute(TestSuiteExecutor.java:105)
	at com.kms.katalon.core.main.TestCaseMain.startTestSuite(TestCaseMain.java:185)
	at com.kms.katalon.core.main.TestCaseMain$startTestSuite$0.call(Unknown Source)
	at TempTestSuite1656830906270.run(TempTestSuite1656830906270.groovy:36)


2022-07-03 13:51:06 - [TEST_STEP][PASSED] - startExistingApplication(id_mobile_apk, STOP_ON_FAILURE): Starting app with application ID: 'com.example.capstone_project_lms'

2022-07-03 13:51:16 - [MESSAGE][PASSED] - Starting app with application ID: 'com.example.capstone_project_lms'

2022-07-03 13:51:16 - [TEST_STEP][FAILED] - tap(findTestObject("03_Mobile/SC004_Logout/setting_menu"), 0): Failed to tap on element 'Object Repository/03_Mobile/SC004_Logout/setting_menu' (Root cause: com.kms.katalon.core.exception.StepFailedException: Object Object Repository/03_Mobile/SC004_Logout/setting_menu not found
	at com.kms.katalon.core.keyword.internal.KeywordMain.stepFailed(KeywordMain.groovy:50)
	at com.kms.katalon.core.mobile.keyword.internal.MobileKeywordMain.stepFailed(MobileKeywordMain.groovy:40)
	at com.kms.katalon.core.mobile.keyword.builtin.TapKeyword$_tap_closure1.doCall(TapKeyword.groovy:79)
	at com.kms.katalon.core.mobile.keyword.builtin.TapKeyword$_tap_closure1.call(TapKeyword.groovy)
	at com.kms.katalon.core.mobile.keyword.internal.MobileKeywordMain.runKeyword(MobileKeywordMain.groovy:21)
	at com.kms.katalon.core.mobile.keyword.builtin.TapKeyword.tap(TapKeyword.groovy:86)
	at com.kms.katalon.core.mobile.keyword.builtin.TapKeyword.execute(TapKeyword.groovy:68)
	at com.kms.katalon.core.keyword.internal.KeywordExecutor.executeKeywordForPlatform(KeywordExecutor.groovy:74)
	at com.kms.katalon.core.mobile.keyword.MobileBuiltInKeywords.tap(MobileBuiltInKeywords.groovy:1355)
	at com.kms.katalon.core.mobile.keyword.MobileBuiltInKeywords$tap$1.call(Unknown Source)
	at TC001_Logout.run(TC001_Logout:22)
	at com.kms.katalon.core.main.ScriptEngine.run(ScriptEngine.java:194)
	at com.kms.katalon.core.main.ScriptEngine.runScriptAsRawText(ScriptEngine.java:119)
	at com.kms.katalon.core.main.TestCaseExecutor.runScript(TestCaseExecutor.java:442)
	at com.kms.katalon.core.main.TestCaseExecutor.doExecute(TestCaseExecutor.java:433)
	at com.kms.katalon.core.main.TestCaseExecutor.processExecutionPhase(TestCaseExecutor.java:412)
	at com.kms.katalon.core.main.TestCaseExecutor.accessMainPhase(TestCaseExecutor.java:404)
	at com.kms.katalon.core.main.TestCaseExecutor.execute(TestCaseExecutor.java:281)
	at com.kms.katalon.core.main.TestSuiteExecutor.accessTestCaseMainPhase(TestSuiteExecutor.java:202)
	at com.kms.katalon.core.main.TestSuiteExecutor.accessTestSuiteMainPhase(TestSuiteExecutor.java:164)
	at com.kms.katalon.core.main.TestSuiteExecutor.execute(TestSuiteExecutor.java:105)
	at com.kms.katalon.core.main.TestCaseMain.startTestSuite(TestCaseMain.java:185)
	at com.kms.katalon.core.main.TestCaseMain$startTestSuite$0.call(Unknown Source)
	at TempTestSuite1656830906270.run(TempTestSuite1656830906270.groovy:36)
)

2022-07-03 13:51:16 - [MESSAGE][WARNING] - Timeout '0' is invalid. Using default page load timeout: '30'

2022-07-03 13:51:47 - [MESSAGE][FAILED] - Object Object Repository/03_Mobile/SC004_Logout/setting_menu not found
[[ATTACHMENT|F:\\1. UNNES\\6. Semester 6\\2 - MSIB\\CAPSTONE PROJECT\\testing-lms\\Reports\\20220703_134826\\TS03_Mobile\\Regression_Mobile\\20220703_134826\\1656831106526.png]]

2022-07-03 13:51:48 - [MESSAGE][FAILED] - Failed to tap on element 'Object Repository/03_Mobile/SC004_Logout/setting_menu' (Root cause: com.kms.katalon.core.exception.StepFailedException: Object Object Repository/03_Mobile/SC004_Logout/setting_menu not found
	at com.kms.katalon.core.keyword.internal.KeywordMain.stepFailed(KeywordMain.groovy:50)
	at com.kms.katalon.core.mobile.keyword.internal.MobileKeywordMain.stepFailed(MobileKeywordMain.groovy:40)
	at com.kms.katalon.core.mobile.keyword.builtin.TapKeyword$_tap_closure1.doCall(TapKeyword.groovy:79)
	at com.kms.katalon.core.mobile.keyword.builtin.TapKeyword$_tap_closure1.call(TapKeyword.groovy)
	at com.kms.katalon.core.mobile.keyword.internal.MobileKeywordMain.runKeyword(MobileKeywordMain.groovy:21)
	at com.kms.katalon.core.mobile.keyword.builtin.TapKeyword.tap(TapKeyword.groovy:86)
	at com.kms.katalon.core.mobile.keyword.builtin.TapKeyword.execute(TapKeyword.groovy:68)
	at com.kms.katalon.core.keyword.internal.KeywordExecutor.executeKeywordForPlatform(KeywordExecutor.groovy:74)
	at com.kms.katalon.core.mobile.keyword.MobileBuiltInKeywords.tap(MobileBuiltInKeywords.groovy:1355)
	at com.kms.katalon.core.mobile.keyword.MobileBuiltInKeywords$tap$1.call(Unknown Source)
	at TC001_Logout.run(TC001_Logout:22)
	at com.kms.katalon.core.main.ScriptEngine.run(ScriptEngine.java:194)
	at com.kms.katalon.core.main.ScriptEngine.runScriptAsRawText(ScriptEngine.java:119)
	at com.kms.katalon.core.main.TestCaseExecutor.runScript(TestCaseExecutor.java:442)
	at com.kms.katalon.core.main.TestCaseExecutor.doExecute(TestCaseExecutor.java:433)
	at com.kms.katalon.core.main.TestCaseExecutor.processExecutionPhase(TestCaseExecutor.java:412)
	at com.kms.katalon.core.main.TestCaseExecutor.accessMainPhase(TestCaseExecutor.java:404)
	at com.kms.katalon.core.main.TestCaseExecutor.execute(TestCaseExecutor.java:281)
	at com.kms.katalon.core.main.TestSuiteExecutor.accessTestCaseMainPhase(TestSuiteExecutor.java:202)
	at com.kms.katalon.core.main.TestSuiteExecutor.accessTestSuiteMainPhase(TestSuiteExecutor.java:164)
	at com.kms.katalon.core.main.TestSuiteExecutor.execute(TestSuiteExecutor.java:105)
	at com.kms.katalon.core.main.TestCaseMain.startTestSuite(TestCaseMain.java:185)
	at com.kms.katalon.core.main.TestCaseMain$startTestSuite$0.call(Unknown Source)
	at TempTestSuite1656830906270.run(TempTestSuite1656830906270.groovy:36)
)
[[ATTACHMENT|F:\\1. UNNES\\6. Semester 6\\2 - MSIB\\CAPSTONE PROJECT\\testing-lms\\Reports\\20220703_134826\\TS03_Mobile\\Regression_Mobile\\20220703_134826\\1656831107506.png]]]]></system-out>
         <system-err><![CDATA[2022-07-03 13:51:05 - [TEST_CASE][FAILED] - Test Cases/03_Mobile/02_Auth/SC004_Logout/TC001_Logout: Test Cases/03_Mobile/02_Auth/SC004_Logout/TC001_Logout FAILED.
Reason:
com.kms.katalon.core.exception.StepFailedException: Object Object Repository/03_Mobile/SC004_Logout/setting_menu not found
	at com.kms.katalon.core.keyword.internal.KeywordMain.stepFailed(KeywordMain.groovy:50)
	at com.kms.katalon.core.mobile.keyword.internal.MobileKeywordMain.stepFailed(MobileKeywordMain.groovy:40)
	at com.kms.katalon.core.mobile.keyword.builtin.TapKeyword$_tap_closure1.doCall(TapKeyword.groovy:79)
	at com.kms.katalon.core.mobile.keyword.builtin.TapKeyword$_tap_closure1.call(TapKeyword.groovy)
	at com.kms.katalon.core.mobile.keyword.internal.MobileKeywordMain.runKeyword(MobileKeywordMain.groovy:21)
	at com.kms.katalon.core.mobile.keyword.builtin.TapKeyword.tap(TapKeyword.groovy:86)
	at com.kms.katalon.core.mobile.keyword.builtin.TapKeyword.execute(TapKeyword.groovy:68)
	at com.kms.katalon.core.keyword.internal.KeywordExecutor.executeKeywordForPlatform(KeywordExecutor.groovy:74)
	at com.kms.katalon.core.mobile.keyword.MobileBuiltInKeywords.tap(MobileBuiltInKeywords.groovy:1355)
	at com.kms.katalon.core.mobile.keyword.MobileBuiltInKeywords$tap$1.call(Unknown Source)
	at TC001_Logout.run(TC001_Logout:22)
	at com.kms.katalon.core.main.ScriptEngine.run(ScriptEngine.java:194)
	at com.kms.katalon.core.main.ScriptEngine.runScriptAsRawText(ScriptEngine.java:119)
	at com.kms.katalon.core.main.TestCaseExecutor.runScript(TestCaseExecutor.java:442)
	at com.kms.katalon.core.main.TestCaseExecutor.doExecute(TestCaseExecutor.java:433)
	at com.kms.katalon.core.main.TestCaseExecutor.processExecutionPhase(TestCaseExecutor.java:412)
	at com.kms.katalon.core.main.TestCaseExecutor.accessMainPhase(TestCaseExecutor.java:404)
	at com.kms.katalon.core.main.TestCaseExecutor.execute(TestCaseExecutor.java:281)
	at com.kms.katalon.core.main.TestSuiteExecutor.accessTestCaseMainPhase(TestSuiteExecutor.java:202)
	at com.kms.katalon.core.main.TestSuiteExecutor.accessTestSuiteMainPhase(TestSuiteExecutor.java:164)
	at com.kms.katalon.core.main.TestSuiteExecutor.execute(TestSuiteExecutor.java:105)
	at com.kms.katalon.core.main.TestCaseMain.startTestSuite(TestCaseMain.java:185)
	at com.kms.katalon.core.main.TestCaseMain$startTestSuite$0.call(Unknown Source)
	at TempTestSuite1656830906270.run(TempTestSuite1656830906270.groovy:36)]]></system-err>
      </testcase>
      <system-out><![CDATA[2022-07-03 13:48:30 - [TEST_SUITE][FAILED] - Regression_Mobile: Test Cases/03_Mobile/02_Auth/SC003_Sign In/Sign In FAILED.
Reason:
com.kms.katalon.core.exception.StepFailedException: Object Object Repository/03_Mobile/SC002_Sign In/field_email not found
	at com.kms.katalon.core.keyword.internal.KeywordMain.stepFailed(KeywordMain.groovy:50)
	at com.kms.katalon.core.mobile.keyword.internal.MobileKeywordMain.stepFailed(MobileKeywordMain.groovy:40)
	at com.kms.katalon.core.mobile.keyword.builtin.TapKeyword$_tap_closure1.doCall(TapKeyword.groovy:79)
	at com.kms.katalon.core.mobile.keyword.builtin.TapKeyword$_tap_closure1.call(TapKeyword.groovy)
	at com.kms.katalon.core.mobile.keyword.internal.MobileKeywordMain.runKeyword(MobileKeywordMain.groovy:21)
	at com.kms.katalon.core.mobile.keyword.builtin.TapKeyword.tap(TapKeyword.groovy:86)
	at com.kms.katalon.core.mobile.keyword.builtin.TapKeyword.execute(TapKeyword.groovy:68)
	at com.kms.katalon.core.keyword.internal.KeywordExecutor.executeKeywordForPlatform(KeywordExecutor.groovy:74)
	at com.kms.katalon.core.mobile.keyword.MobileBuiltInKeywords.tap(MobileBuiltInKeywords.groovy:1355)
	at com.kms.katalon.core.mobile.keyword.MobileBuiltInKeywords$tap$1.call(Unknown Source)
	at Sign In.run(Sign In:25)
	at com.kms.katalon.core.main.ScriptEngine.run(ScriptEngine.java:194)
	at com.kms.katalon.core.main.ScriptEngine.runScriptAsRawText(ScriptEngine.java:119)
	at com.kms.katalon.core.main.TestCaseExecutor.runScript(TestCaseExecutor.java:442)
	at com.kms.katalon.core.main.TestCaseExecutor.doExecute(TestCaseExecutor.java:433)
	at com.kms.katalon.core.main.TestCaseExecutor.processExecutionPhase(TestCaseExecutor.java:412)
	at com.kms.katalon.core.main.TestCaseExecutor.accessMainPhase(TestCaseExecutor.java:404)
	at com.kms.katalon.core.main.TestCaseExecutor.execute(TestCaseExecutor.java:281)
	at com.kms.katalon.core.main.TestSuiteExecutor.accessTestCaseMainPhase(TestSuiteExecutor.java:202)
	at com.kms.katalon.core.main.TestSuiteExecutor.accessTestSuiteMainPhase(TestSuiteExecutor.java:164)
	at com.kms.katalon.core.main.TestSuiteExecutor.execute(TestSuiteExecutor.java:105)
	at com.kms.katalon.core.main.TestCaseMain.startTestSuite(TestCaseMain.java:185)
	at com.kms.katalon.core.main.TestCaseMain$startTestSuite$0.call(Unknown Source)
	at TempTestSuite1656830906270.run(TempTestSuite1656830906270.groovy:36)]]></system-out>
      <system-err><![CDATA[2022-07-03 13:48:30 - [TEST_SUITE][FAILED] - Regression_Mobile: Test Cases/03_Mobile/02_Auth/SC003_Sign In/Sign In FAILED.
Reason:
com.kms.katalon.core.exception.StepFailedException: Object Object Repository/03_Mobile/SC002_Sign In/field_email not found
	at com.kms.katalon.core.keyword.internal.KeywordMain.stepFailed(KeywordMain.groovy:50)
	at com.kms.katalon.core.mobile.keyword.internal.MobileKeywordMain.stepFailed(MobileKeywordMain.groovy:40)
	at com.kms.katalon.core.mobile.keyword.builtin.TapKeyword$_tap_closure1.doCall(TapKeyword.groovy:79)
	at com.kms.katalon.core.mobile.keyword.builtin.TapKeyword$_tap_closure1.call(TapKeyword.groovy)
	at com.kms.katalon.core.mobile.keyword.internal.MobileKeywordMain.runKeyword(MobileKeywordMain.groovy:21)
	at com.kms.katalon.core.mobile.keyword.builtin.TapKeyword.tap(TapKeyword.groovy:86)
	at com.kms.katalon.core.mobile.keyword.builtin.TapKeyword.execute(TapKeyword.groovy:68)
	at com.kms.katalon.core.keyword.internal.KeywordExecutor.executeKeywordForPlatform(KeywordExecutor.groovy:74)
	at com.kms.katalon.core.mobile.keyword.MobileBuiltInKeywords.tap(MobileBuiltInKeywords.groovy:1355)
	at com.kms.katalon.core.mobile.keyword.MobileBuiltInKeywords$tap$1.call(Unknown Source)
	at Sign In.run(Sign In:25)
	at com.kms.katalon.core.main.ScriptEngine.run(ScriptEngine.java:194)
	at com.kms.katalon.core.main.ScriptEngine.runScriptAsRawText(ScriptEngine.java:119)
	at com.kms.katalon.core.main.TestCaseExecutor.runScript(TestCaseExecutor.java:442)
	at com.kms.katalon.core.main.TestCaseExecutor.doExecute(TestCaseExecutor.java:433)
	at com.kms.katalon.core.main.TestCaseExecutor.processExecutionPhase(TestCaseExecutor.java:412)
	at com.kms.katalon.core.main.TestCaseExecutor.accessMainPhase(TestCaseExecutor.java:404)
	at com.kms.katalon.core.main.TestCaseExecutor.execute(TestCaseExecutor.java:281)
	at com.kms.katalon.core.main.TestSuiteExecutor.accessTestCaseMainPhase(TestSuiteExecutor.java:202)
	at com.kms.katalon.core.main.TestSuiteExecutor.accessTestSuiteMainPhase(TestSuiteExecutor.java:164)
	at com.kms.katalon.core.main.TestSuiteExecutor.execute(TestSuiteExecutor.java:105)
	at com.kms.katalon.core.main.TestCaseMain.startTestSuite(TestCaseMain.java:185)
	at com.kms.katalon.core.main.TestCaseMain$startTestSuite$0.call(Unknown Source)
	at TempTestSuite1656830906270.run(TempTestSuite1656830906270.groovy:36)]]></system-err>
   </testsuite>
</testsuites>
