<?xml version="1.0" encoding="UTF-8"?>
<testsuites name="Regression_Web" time="846.027" tests="26" failures="1" errors="0">
   <testsuite name="Regression_Web" tests="26" failures="1" errors="0" time="846.027" skipped="0" timestamp="2022-07-18 09:57:36" hostname="salsa - SALSABILA" id="Test Suites/TS02_Web/Regression_Web">
      <properties>
         <property name="deviceName" value=""/>
         <property name="devicePlatform" value=""/>
         <property name="logFolder" value="F:\\1. UNNES\\6. Semester 6\\2 - MSIB\\CAPSTONE PROJECT\\testing-lms\\Reports\\20220718_095731\\TS02_Web\\Regression_Web\\20220718_095731"/>
         <property name="logFiles" value="F:\\1. UNNES\\6. Semester 6\\2 - MSIB\\CAPSTONE PROJECT\\testing-lms\\Reports\\20220718_095731\\TS02_Web\\Regression_Web\\20220718_095731\\execution0.log"/>
         <property name="attachments" value="F:\\1. UNNES\\6. Semester 6\\2 - MSIB\\CAPSTONE PROJECT\\testing-lms\\Reports\\20220718_095731\\TS02_Web\\Regression_Web\\20220718_095731\\1658113719160.png, F:\\1. UNNES\\6. Semester 6\\2 - MSIB\\CAPSTONE PROJECT\\testing-lms\\Reports\\20220718_095731\\TS02_Web\\Regression_Web\\20220718_095731\\1658113766812.png, F:\\1. UNNES\\6. Semester 6\\2 - MSIB\\CAPSTONE PROJECT\\testing-lms\\Reports\\20220718_095731\\TS02_Web\\Regression_Web\\20220718_095731\\1658113814372.png, F:\\1. UNNES\\6. Semester 6\\2 - MSIB\\CAPSTONE PROJECT\\testing-lms\\Reports\\20220718_095731\\TS02_Web\\Regression_Web\\20220718_095731\\1658113861900.png"/>
         <property name="hostName" value="salsa - SALSABILA"/>
         <property name="os" value="Windows 10 64bit"/>
         <property name="katalonVersion" value="8.2.5.208"/>
         <property name="browser" value="Chrome 103.0.5060.114"/>
         <property name="hostAddress" value="192.168.8.131"/>
         <property name="sessionId" value="a9d8a93ff176b545b1ba0fd3136fbf4f"/>
         <property name="seleniumVersion" value="3.141.59"/>
         <property name="proxyInformation" value="ProxyInformation { proxyOption=NO_PROXY, proxyServerType=HTTP, username=, password=********, proxyServerAddress=, proxyServerPort=0, executionList=&quot;&quot;, isApplyToDesiredCapabilities=true }"/>
         <property name="platform" value="Windows 10"/>
      </properties>
      <testcase name="Test Cases/02_Web/01_Landing Page/SC001_Contact Us/Contact Us" time="18.993" classname="Test Cases/02_Web/01_Landing Page/SC001_Contact Us/Contact Us" status="PASSED">
         <system-out><![CDATA[2022-07-18 09:57:36 - [TEST_CASE][PASSED] - Test Cases/02_Web/01_Landing Page/SC001_Contact Us/Contact Us: Test Cases/02_Web/01_Landing Page/SC001_Contact Us/Contact Us

2022-07-18 09:57:37 - [TEST_STEP][PASSED] - openBrowser(url_website): Browser is opened with url: 'https://capstone-study-space.netlify.app/'

2022-07-18 09:57:39 - [MESSAGE][INFO] - Starting 'Chrome' driver

2022-07-18 09:57:39 - [MESSAGE][INFO] - Action delay is set to 0 milliseconds

2022-07-18 09:57:43 - [MESSAGE][PASSED] - Browser is opened with url: 'https://capstone-study-space.netlify.app/'

2022-07-18 09:57:43 - [TEST_STEP][PASSED] - maximizeWindow(STOP_ON_FAILURE): Current window maximized

2022-07-18 09:57:44 - [MESSAGE][PASSED] - Current window maximized

2022-07-18 09:57:44 - [TEST_STEP][PASSED] - for ([i = 1, i <= 3, (i++)]): null

2022-07-18 09:57:44 - [TEST_STEP][PASSED] - setText(findTestObject("02_Web/01_Landing Page/SC001_Contact Us/input_Your Name_name"), findTestData("contact_us").getValue(3, i)): Text '' is set on object 'Object Repository/02_Web/01_Landing Page/SC001_Contact Us/input_Your Name_name'

2022-07-18 09:57:46 - [MESSAGE][PASSED] - Text '' is set on object 'Object Repository/02_Web/01_Landing Page/SC001_Contact Us/input_Your Name_name'

2022-07-18 09:57:46 - [TEST_STEP][PASSED] - setText(findTestObject("02_Web/01_Landing Page/SC001_Contact Us/input_Your Email_email"), findTestData("contact_us").getValue(4, i)): Text '' is set on object 'Object Repository/02_Web/01_Landing Page/SC001_Contact Us/input_Your Email_email'

2022-07-18 09:57:46 - [MESSAGE][PASSED] - Text '' is set on object 'Object Repository/02_Web/01_Landing Page/SC001_Contact Us/input_Your Email_email'

2022-07-18 09:57:46 - [TEST_STEP][PASSED] - setText(findTestObject("02_Web/01_Landing Page/SC001_Contact Us/textarea_Your Message_message"), findTestData("contact_us").getValue(5, i)): Text '' is set on object 'Object Repository/02_Web/01_Landing Page/SC001_Contact Us/textarea_Your Message_message'

2022-07-18 09:57:47 - [MESSAGE][PASSED] - Text '' is set on object 'Object Repository/02_Web/01_Landing Page/SC001_Contact Us/textarea_Your Message_message'

2022-07-18 09:57:47 - [TEST_STEP][PASSED] - click(findTestObject("02_Web/01_Landing Page/SC001_Contact Us/button_Submit")): Object: 'Object Repository/02_Web/01_Landing Page/SC001_Contact Us/button_Submit' is clicked on

2022-07-18 09:57:48 - [MESSAGE][PASSED] - Object: 'Object Repository/02_Web/01_Landing Page/SC001_Contact Us/button_Submit' is clicked on

2022-07-18 09:57:48 - [TEST_STEP][PASSED] - if (findTestData("signup").getValue(2, i) == "positive"): null

2022-07-18 09:57:48 - [TEST_STEP][PASSED] - setText(findTestObject("02_Web/01_Landing Page/SC001_Contact Us/input_Your Name_name"), findTestData("contact_us").getValue(3, i)): Text 'Archen Aydin' is set on object 'Object Repository/02_Web/01_Landing Page/SC001_Contact Us/input_Your Name_name'

2022-07-18 09:57:49 - [MESSAGE][PASSED] - Text 'Archen Aydin' is set on object 'Object Repository/02_Web/01_Landing Page/SC001_Contact Us/input_Your Name_name'

2022-07-18 09:57:49 - [TEST_STEP][PASSED] - setText(findTestObject("02_Web/01_Landing Page/SC001_Contact Us/input_Your Email_email"), findTestData("contact_us").getValue(4, i)): Text 'archen' is set on object 'Object Repository/02_Web/01_Landing Page/SC001_Contact Us/input_Your Email_email'

2022-07-18 09:57:50 - [MESSAGE][PASSED] - Text 'archen' is set on object 'Object Repository/02_Web/01_Landing Page/SC001_Contact Us/input_Your Email_email'

2022-07-18 09:57:50 - [TEST_STEP][PASSED] - setText(findTestObject("02_Web/01_Landing Page/SC001_Contact Us/textarea_Your Message_message"), findTestData("contact_us").getValue(5, i)): Text 'I have problem to sign in with my account, archen@gmail.com is the email that I use for the account, please help me to fix it.' is set on object 'Object Repository/02_Web/01_Landing Page/SC001_Contact Us/textarea_Your Message_message'

2022-07-18 09:57:51 - [MESSAGE][PASSED] - Text 'I have problem to sign in with my account, archen@gmail.com is the email that I use for the account, please help me to fix it.' is set on object 'Object Repository/02_Web/01_Landing Page/SC001_Contact Us/textarea_Your Message_message'

2022-07-18 09:57:51 - [TEST_STEP][PASSED] - click(findTestObject("02_Web/01_Landing Page/SC001_Contact Us/button_Submit")): Object: 'Object Repository/02_Web/01_Landing Page/SC001_Contact Us/button_Submit' is clicked on

2022-07-18 09:57:51 - [MESSAGE][PASSED] - Object: 'Object Repository/02_Web/01_Landing Page/SC001_Contact Us/button_Submit' is clicked on

2022-07-18 09:57:51 - [TEST_STEP][PASSED] - if (findTestData("signup").getValue(2, i) == "positive"): null

2022-07-18 09:57:51 - [TEST_STEP][PASSED] - setText(findTestObject("02_Web/01_Landing Page/SC001_Contact Us/input_Your Name_name"), findTestData("contact_us").getValue(3, i)): Text 'Archen Aydin' is set on object 'Object Repository/02_Web/01_Landing Page/SC001_Contact Us/input_Your Name_name'

2022-07-18 09:57:52 - [MESSAGE][PASSED] - Text 'Archen Aydin' is set on object 'Object Repository/02_Web/01_Landing Page/SC001_Contact Us/input_Your Name_name'

2022-07-18 09:57:52 - [TEST_STEP][PASSED] - setText(findTestObject("02_Web/01_Landing Page/SC001_Contact Us/input_Your Email_email"), findTestData("contact_us").getValue(4, i)): Text 'archen@gmail.com' is set on object 'Object Repository/02_Web/01_Landing Page/SC001_Contact Us/input_Your Email_email'

2022-07-18 09:57:53 - [MESSAGE][PASSED] - Text 'archen@gmail.com' is set on object 'Object Repository/02_Web/01_Landing Page/SC001_Contact Us/input_Your Email_email'

2022-07-18 09:57:53 - [TEST_STEP][PASSED] - setText(findTestObject("02_Web/01_Landing Page/SC001_Contact Us/textarea_Your Message_message"), findTestData("contact_us").getValue(5, i)): Text 'I have problem to sign in with my account, archen@gmail.com is the email that I use for the account, please help me to fix it.' is set on object 'Object Repository/02_Web/01_Landing Page/SC001_Contact Us/textarea_Your Message_message'

2022-07-18 09:57:54 - [MESSAGE][PASSED] - Text 'I have problem to sign in with my account, archen@gmail.com is the email that I use for the account, please help me to fix it.' is set on object 'Object Repository/02_Web/01_Landing Page/SC001_Contact Us/textarea_Your Message_message'

2022-07-18 09:57:54 - [TEST_STEP][PASSED] - click(findTestObject("02_Web/01_Landing Page/SC001_Contact Us/button_Submit")): Object: 'Object Repository/02_Web/01_Landing Page/SC001_Contact Us/button_Submit' is clicked on

2022-07-18 09:57:54 - [MESSAGE][PASSED] - Object: 'Object Repository/02_Web/01_Landing Page/SC001_Contact Us/button_Submit' is clicked on

2022-07-18 09:57:54 - [TEST_STEP][PASSED] - if (findTestData("signup").getValue(2, i) == "positive"): null

2022-07-18 09:57:55 - [TEST_STEP][PASSED] - closeBrowser(): Browser is closed

2022-07-18 09:57:55 - [MESSAGE][PASSED] - Browser is closed]]></system-out>
         <system-err><![CDATA[]]></system-err>
      </testcase>
      <testcase name="Test Cases/02_Web/02_Auth/SC002_Sign Up/Sign Up" time="77.284" classname="Test Cases/02_Web/02_Auth/SC002_Sign Up/Sign Up" status="PASSED">
         <system-out><![CDATA[2022-07-18 09:57:55 - [TEST_CASE][PASSED] - Test Cases/02_Web/02_Auth/SC002_Sign Up/Sign Up: Test Cases/02_Web/02_Auth/SC002_Sign Up/Sign Up

2022-07-18 09:57:56 - [TEST_STEP][PASSED] - openBrowser(url_website): Browser is opened with url: 'https://capstone-study-space.netlify.app/'

2022-07-18 09:57:56 - [MESSAGE][INFO] - Starting 'Chrome' driver

2022-07-18 09:57:56 - [MESSAGE][INFO] - Action delay is set to 0 milliseconds

2022-07-18 09:57:59 - [MESSAGE][PASSED] - Browser is opened with url: 'https://capstone-study-space.netlify.app/'

2022-07-18 09:57:59 - [TEST_STEP][PASSED] - maximizeWindow(STOP_ON_FAILURE): Current window maximized

2022-07-18 09:57:59 - [MESSAGE][PASSED] - Current window maximized

2022-07-18 09:57:59 - [TEST_STEP][PASSED] - click(findTestObject("02_Web/02_Auth/SC002_Sign Up/button_Sign up")): Object: 'Object Repository/02_Web/02_Auth/SC002_Sign Up/button_Sign up' is clicked on

2022-07-18 09:57:59 - [MESSAGE][PASSED] - Object: 'Object Repository/02_Web/02_Auth/SC002_Sign Up/button_Sign up' is clicked on

2022-07-18 09:57:59 - [TEST_STEP][PASSED] - for ([i = 1, i <= 9, (i++)]): Object: 'Object Repository/02_Web/02_Auth/SC002_Sign Up/btn_popup_message' is clicked on

2022-07-18 09:57:59 - [TEST_STEP][PASSED] - setText(findTestObject("02_Web/02_Auth/SC002_Sign Up/input_fullname_fullname"), findTestData("signup_web").getValue(3, i)): Text '' is set on object 'Object Repository/02_Web/02_Auth/SC002_Sign Up/input_fullname_fullname'

2022-07-18 09:58:00 - [MESSAGE][PASSED] - Text '' is set on object 'Object Repository/02_Web/02_Auth/SC002_Sign Up/input_fullname_fullname'

2022-07-18 09:58:00 - [TEST_STEP][PASSED] - setText(findTestObject("02_Web/02_Auth/SC002_Sign Up/input_email_email"), findTestData("signup_web").getValue(4, i)): Text '' is set on object 'Object Repository/02_Web/02_Auth/SC002_Sign Up/input_email_email'

2022-07-18 09:58:01 - [MESSAGE][PASSED] - Text '' is set on object 'Object Repository/02_Web/02_Auth/SC002_Sign Up/input_email_email'

2022-07-18 09:58:01 - [TEST_STEP][PASSED] - setText(findTestObject("02_Web/02_Auth/SC002_Sign Up/input_phone_number"), findTestData("signup_web").getValue(5, i)): Text '' is set on object 'Object Repository/02_Web/02_Auth/SC002_Sign Up/input_phone_number'

2022-07-18 09:58:02 - [MESSAGE][PASSED] - Text '' is set on object 'Object Repository/02_Web/02_Auth/SC002_Sign Up/input_phone_number'

2022-07-18 09:58:02 - [TEST_STEP][PASSED] - setText(findTestObject("02_Web/02_Auth/SC002_Sign Up/input_password_password"), findTestData("signup_web").getValue(6, i)): Text '' is set on object 'Object Repository/02_Web/02_Auth/SC002_Sign Up/input_password_password'

2022-07-18 09:58:03 - [MESSAGE][PASSED] - Text '' is set on object 'Object Repository/02_Web/02_Auth/SC002_Sign Up/input_password_password'

2022-07-18 09:58:03 - [TEST_STEP][PASSED] - click(findTestObject("02_Web/02_Auth/SC002_Sign Up/button_Daftar")): Object: 'Object Repository/02_Web/02_Auth/SC002_Sign Up/button_Daftar' is clicked on

2022-07-18 09:58:03 - [MESSAGE][PASSED] - Object: 'Object Repository/02_Web/02_Auth/SC002_Sign Up/button_Daftar' is clicked on

2022-07-18 09:58:03 - [TEST_STEP][PASSED] - if (findTestData("signup_web").getValue(2, i) == "negative" && findTestData("signup_web").getValue(4, i) == ""): Object 'Object Repository/02_Web/02_Auth/SC002_Sign Up/button_Daftar' is present

2022-07-18 09:58:03 - [TEST_STEP][PASSED] - verifyElementPresent(findTestObject("02_Web/02_Auth/SC002_Sign Up/button_Daftar"), 0): Object 'Object Repository/02_Web/02_Auth/SC002_Sign Up/button_Daftar' is present

2022-07-18 09:58:03 - [MESSAGE][WARNING] - Timeout '0' is invalid. Using default page load timeout: '30'

2022-07-18 09:58:04 - [MESSAGE][PASSED] - Object 'Object Repository/02_Web/02_Auth/SC002_Sign Up/button_Daftar' is present

2022-07-18 09:58:04 - [TEST_STEP][PASSED] - setText(findTestObject("02_Web/02_Auth/SC002_Sign Up/input_fullname_fullname"), findTestData("signup_web").getValue(3, i)): Text 'Archen Aydin' is set on object 'Object Repository/02_Web/02_Auth/SC002_Sign Up/input_fullname_fullname'

2022-07-18 09:58:05 - [MESSAGE][PASSED] - Text 'Archen Aydin' is set on object 'Object Repository/02_Web/02_Auth/SC002_Sign Up/input_fullname_fullname'

2022-07-18 09:58:05 - [TEST_STEP][PASSED] - setText(findTestObject("02_Web/02_Auth/SC002_Sign Up/input_email_email"), findTestData("signup_web").getValue(4, i)): Text 'archen-gmail' is set on object 'Object Repository/02_Web/02_Auth/SC002_Sign Up/input_email_email'

2022-07-18 09:58:05 - [MESSAGE][PASSED] - Text 'archen-gmail' is set on object 'Object Repository/02_Web/02_Auth/SC002_Sign Up/input_email_email'

2022-07-18 09:58:05 - [TEST_STEP][PASSED] - setText(findTestObject("02_Web/02_Auth/SC002_Sign Up/input_phone_number"), findTestData("signup_web").getValue(5, i)): Text '081234567890' is set on object 'Object Repository/02_Web/02_Auth/SC002_Sign Up/input_phone_number'

2022-07-18 09:58:06 - [MESSAGE][PASSED] - Text '081234567890' is set on object 'Object Repository/02_Web/02_Auth/SC002_Sign Up/input_phone_number'

2022-07-18 09:58:06 - [TEST_STEP][PASSED] - setText(findTestObject("02_Web/02_Auth/SC002_Sign Up/input_password_password"), findTestData("signup_web").getValue(6, i)): Text 'Archen123!' is set on object 'Object Repository/02_Web/02_Auth/SC002_Sign Up/input_password_password'

2022-07-18 09:58:07 - [MESSAGE][PASSED] - Text 'Archen123!' is set on object 'Object Repository/02_Web/02_Auth/SC002_Sign Up/input_password_password'

2022-07-18 09:58:07 - [TEST_STEP][PASSED] - click(findTestObject("02_Web/02_Auth/SC002_Sign Up/button_Daftar")): Object: 'Object Repository/02_Web/02_Auth/SC002_Sign Up/button_Daftar' is clicked on

2022-07-18 09:58:08 - [MESSAGE][PASSED] - Object: 'Object Repository/02_Web/02_Auth/SC002_Sign Up/button_Daftar' is clicked on

2022-07-18 09:58:08 - [TEST_STEP][PASSED] - if (findTestData("signup_web").getValue(2, i) == "negative" && findTestData("signup_web").getValue(4, i) == ""): null

2022-07-18 09:58:08 - [TEST_STEP][PASSED] - else if (i == 8 || i == 9): null

2022-07-18 09:58:08 - [TEST_STEP][PASSED] - else: Object 'Object Repository/02_Web/02_Auth/SC002_Sign Up/password_doesnt_match_require' is present

2022-07-18 09:58:08 - [TEST_STEP][PASSED] - verifyElementPresent(findTestObject("02_Web/02_Auth/SC002_Sign Up/password_doesnt_match_require"), 0): Object 'Object Repository/02_Web/02_Auth/SC002_Sign Up/password_doesnt_match_require' is present

2022-07-18 09:58:08 - [MESSAGE][WARNING] - Timeout '0' is invalid. Using default page load timeout: '30'

2022-07-18 09:58:08 - [MESSAGE][PASSED] - Object 'Object Repository/02_Web/02_Auth/SC002_Sign Up/password_doesnt_match_require' is present

2022-07-18 09:58:08 - [TEST_STEP][PASSED] - setText(findTestObject("02_Web/02_Auth/SC002_Sign Up/input_fullname_fullname"), findTestData("signup_web").getValue(3, i)): Text 'Archen Aydin' is set on object 'Object Repository/02_Web/02_Auth/SC002_Sign Up/input_fullname_fullname'

2022-07-18 09:58:09 - [MESSAGE][PASSED] - Text 'Archen Aydin' is set on object 'Object Repository/02_Web/02_Auth/SC002_Sign Up/input_fullname_fullname'

2022-07-18 09:58:09 - [TEST_STEP][PASSED] - setText(findTestObject("02_Web/02_Auth/SC002_Sign Up/input_email_email"), findTestData("signup_web").getValue(4, i)): Text 'joongarchen@gmail.com' is set on object 'Object Repository/02_Web/02_Auth/SC002_Sign Up/input_email_email'

2022-07-18 09:58:10 - [MESSAGE][PASSED] - Text 'joongarchen@gmail.com' is set on object 'Object Repository/02_Web/02_Auth/SC002_Sign Up/input_email_email'

2022-07-18 09:58:10 - [TEST_STEP][PASSED] - setText(findTestObject("02_Web/02_Auth/SC002_Sign Up/input_phone_number"), findTestData("signup_web").getValue(5, i)): Text '081234567890' is set on object 'Object Repository/02_Web/02_Auth/SC002_Sign Up/input_phone_number'

2022-07-18 09:58:11 - [MESSAGE][PASSED] - Text '081234567890' is set on object 'Object Repository/02_Web/02_Auth/SC002_Sign Up/input_phone_number'

2022-07-18 09:58:11 - [TEST_STEP][PASSED] - setText(findTestObject("02_Web/02_Auth/SC002_Sign Up/input_password_password"), findTestData("signup_web").getValue(6, i)): Text 'Arc12!' is set on object 'Object Repository/02_Web/02_Auth/SC002_Sign Up/input_password_password'

2022-07-18 09:58:12 - [MESSAGE][PASSED] - Text 'Arc12!' is set on object 'Object Repository/02_Web/02_Auth/SC002_Sign Up/input_password_password'

2022-07-18 09:58:12 - [TEST_STEP][PASSED] - click(findTestObject("02_Web/02_Auth/SC002_Sign Up/button_Daftar")): Object: 'Object Repository/02_Web/02_Auth/SC002_Sign Up/button_Daftar' is clicked on

2022-07-18 09:58:12 - [MESSAGE][PASSED] - Object: 'Object Repository/02_Web/02_Auth/SC002_Sign Up/button_Daftar' is clicked on

2022-07-18 09:58:12 - [TEST_STEP][PASSED] - if (findTestData("signup_web").getValue(2, i) == "negative" && findTestData("signup_web").getValue(4, i) == ""): null

2022-07-18 09:58:12 - [TEST_STEP][PASSED] - else if (i == 8 || i == 9): null

2022-07-18 09:58:12 - [TEST_STEP][PASSED] - else: Object 'Object Repository/02_Web/02_Auth/SC002_Sign Up/password_doesnt_match_require' is present

2022-07-18 09:58:12 - [TEST_STEP][PASSED] - verifyElementPresent(findTestObject("02_Web/02_Auth/SC002_Sign Up/password_doesnt_match_require"), 0): Object 'Object Repository/02_Web/02_Auth/SC002_Sign Up/password_doesnt_match_require' is present

2022-07-18 09:58:12 - [MESSAGE][WARNING] - Timeout '0' is invalid. Using default page load timeout: '30'

2022-07-18 09:58:13 - [MESSAGE][PASSED] - Object 'Object Repository/02_Web/02_Auth/SC002_Sign Up/password_doesnt_match_require' is present

2022-07-18 09:58:13 - [TEST_STEP][PASSED] - setText(findTestObject("02_Web/02_Auth/SC002_Sign Up/input_fullname_fullname"), findTestData("signup_web").getValue(3, i)): Text 'Archen Aydin' is set on object 'Object Repository/02_Web/02_Auth/SC002_Sign Up/input_fullname_fullname'

2022-07-18 09:58:13 - [MESSAGE][PASSED] - Text 'Archen Aydin' is set on object 'Object Repository/02_Web/02_Auth/SC002_Sign Up/input_fullname_fullname'

2022-07-18 09:58:13 - [TEST_STEP][PASSED] - setText(findTestObject("02_Web/02_Auth/SC002_Sign Up/input_email_email"), findTestData("signup_web").getValue(4, i)): Text 'joongarchen@gmail.com' is set on object 'Object Repository/02_Web/02_Auth/SC002_Sign Up/input_email_email'

2022-07-18 09:58:14 - [MESSAGE][PASSED] - Text 'joongarchen@gmail.com' is set on object 'Object Repository/02_Web/02_Auth/SC002_Sign Up/input_email_email'

2022-07-18 09:58:14 - [TEST_STEP][PASSED] - setText(findTestObject("02_Web/02_Auth/SC002_Sign Up/input_phone_number"), findTestData("signup_web").getValue(5, i)): Text '081234567890' is set on object 'Object Repository/02_Web/02_Auth/SC002_Sign Up/input_phone_number'

2022-07-18 09:58:15 - [MESSAGE][PASSED] - Text '081234567890' is set on object 'Object Repository/02_Web/02_Auth/SC002_Sign Up/input_phone_number'

2022-07-18 09:58:15 - [TEST_STEP][PASSED] - setText(findTestObject("02_Web/02_Auth/SC002_Sign Up/input_password_password"), findTestData("signup_web").getValue(6, i)): Text 'Archenarchen123*' is set on object 'Object Repository/02_Web/02_Auth/SC002_Sign Up/input_password_password'

2022-07-18 09:58:16 - [MESSAGE][PASSED] - Text 'Archenarchen123*' is set on object 'Object Repository/02_Web/02_Auth/SC002_Sign Up/input_password_password'

2022-07-18 09:58:16 - [TEST_STEP][PASSED] - click(findTestObject("02_Web/02_Auth/SC002_Sign Up/button_Daftar")): Object: 'Object Repository/02_Web/02_Auth/SC002_Sign Up/button_Daftar' is clicked on

2022-07-18 09:58:16 - [MESSAGE][PASSED] - Object: 'Object Repository/02_Web/02_Auth/SC002_Sign Up/button_Daftar' is clicked on

2022-07-18 09:58:16 - [TEST_STEP][PASSED] - if (findTestData("signup_web").getValue(2, i) == "negative" && findTestData("signup_web").getValue(4, i) == ""): null

2022-07-18 09:58:17 - [TEST_STEP][PASSED] - else if (i == 8 || i == 9): null

2022-07-18 09:58:17 - [TEST_STEP][PASSED] - else: Object 'Object Repository/02_Web/02_Auth/SC002_Sign Up/password_doesnt_match_require' is present

2022-07-18 09:58:17 - [TEST_STEP][PASSED] - verifyElementPresent(findTestObject("02_Web/02_Auth/SC002_Sign Up/password_doesnt_match_require"), 0): Object 'Object Repository/02_Web/02_Auth/SC002_Sign Up/password_doesnt_match_require' is present

2022-07-18 09:58:17 - [MESSAGE][WARNING] - Timeout '0' is invalid. Using default page load timeout: '30'

2022-07-18 09:58:17 - [MESSAGE][PASSED] - Object 'Object Repository/02_Web/02_Auth/SC002_Sign Up/password_doesnt_match_require' is present

2022-07-18 09:58:17 - [TEST_STEP][PASSED] - setText(findTestObject("02_Web/02_Auth/SC002_Sign Up/input_fullname_fullname"), findTestData("signup_web").getValue(3, i)): Text 'Archen Aydin' is set on object 'Object Repository/02_Web/02_Auth/SC002_Sign Up/input_fullname_fullname'

2022-07-18 09:58:18 - [MESSAGE][PASSED] - Text 'Archen Aydin' is set on object 'Object Repository/02_Web/02_Auth/SC002_Sign Up/input_fullname_fullname'

2022-07-18 09:58:18 - [TEST_STEP][PASSED] - setText(findTestObject("02_Web/02_Auth/SC002_Sign Up/input_email_email"), findTestData("signup_web").getValue(4, i)): Text 'joongarchen@gmail.com' is set on object 'Object Repository/02_Web/02_Auth/SC002_Sign Up/input_email_email'

2022-07-18 09:58:19 - [MESSAGE][PASSED] - Text 'joongarchen@gmail.com' is set on object 'Object Repository/02_Web/02_Auth/SC002_Sign Up/input_email_email'

2022-07-18 09:58:19 - [TEST_STEP][PASSED] - setText(findTestObject("02_Web/02_Auth/SC002_Sign Up/input_phone_number"), findTestData("signup_web").getValue(5, i)): Text '081234567890' is set on object 'Object Repository/02_Web/02_Auth/SC002_Sign Up/input_phone_number'

2022-07-18 09:58:19 - [MESSAGE][PASSED] - Text '081234567890' is set on object 'Object Repository/02_Web/02_Auth/SC002_Sign Up/input_phone_number'

2022-07-18 09:58:19 - [TEST_STEP][PASSED] - setText(findTestObject("02_Web/02_Auth/SC002_Sign Up/input_password_password"), findTestData("signup_web").getValue(6, i)): Text 'archen123!' is set on object 'Object Repository/02_Web/02_Auth/SC002_Sign Up/input_password_password'

2022-07-18 09:58:20 - [MESSAGE][PASSED] - Text 'archen123!' is set on object 'Object Repository/02_Web/02_Auth/SC002_Sign Up/input_password_password'

2022-07-18 09:58:20 - [TEST_STEP][PASSED] - click(findTestObject("02_Web/02_Auth/SC002_Sign Up/button_Daftar")): Object: 'Object Repository/02_Web/02_Auth/SC002_Sign Up/button_Daftar' is clicked on

2022-07-18 09:58:21 - [MESSAGE][PASSED] - Object: 'Object Repository/02_Web/02_Auth/SC002_Sign Up/button_Daftar' is clicked on

2022-07-18 09:58:21 - [TEST_STEP][PASSED] - if (findTestData("signup_web").getValue(2, i) == "negative" && findTestData("signup_web").getValue(4, i) == ""): null

2022-07-18 09:58:21 - [TEST_STEP][PASSED] - else if (i == 8 || i == 9): null

2022-07-18 09:58:21 - [TEST_STEP][PASSED] - else: Object 'Object Repository/02_Web/02_Auth/SC002_Sign Up/password_doesnt_match_require' is present

2022-07-18 09:58:21 - [TEST_STEP][PASSED] - verifyElementPresent(findTestObject("02_Web/02_Auth/SC002_Sign Up/password_doesnt_match_require"), 0): Object 'Object Repository/02_Web/02_Auth/SC002_Sign Up/password_doesnt_match_require' is present

2022-07-18 09:58:21 - [MESSAGE][WARNING] - Timeout '0' is invalid. Using default page load timeout: '30'

2022-07-18 09:58:21 - [MESSAGE][PASSED] - Object 'Object Repository/02_Web/02_Auth/SC002_Sign Up/password_doesnt_match_require' is present

2022-07-18 09:58:21 - [TEST_STEP][PASSED] - setText(findTestObject("02_Web/02_Auth/SC002_Sign Up/input_fullname_fullname"), findTestData("signup_web").getValue(3, i)): Text 'Archen Aydin' is set on object 'Object Repository/02_Web/02_Auth/SC002_Sign Up/input_fullname_fullname'

2022-07-18 09:58:22 - [MESSAGE][PASSED] - Text 'Archen Aydin' is set on object 'Object Repository/02_Web/02_Auth/SC002_Sign Up/input_fullname_fullname'

2022-07-18 09:58:22 - [TEST_STEP][PASSED] - setText(findTestObject("02_Web/02_Auth/SC002_Sign Up/input_email_email"), findTestData("signup_web").getValue(4, i)): Text 'joongarchen@gmail.com' is set on object 'Object Repository/02_Web/02_Auth/SC002_Sign Up/input_email_email'

2022-07-18 09:58:23 - [MESSAGE][PASSED] - Text 'joongarchen@gmail.com' is set on object 'Object Repository/02_Web/02_Auth/SC002_Sign Up/input_email_email'

2022-07-18 09:58:23 - [TEST_STEP][PASSED] - setText(findTestObject("02_Web/02_Auth/SC002_Sign Up/input_phone_number"), findTestData("signup_web").getValue(5, i)): Text '081234567890' is set on object 'Object Repository/02_Web/02_Auth/SC002_Sign Up/input_phone_number'

2022-07-18 09:58:24 - [MESSAGE][PASSED] - Text '081234567890' is set on object 'Object Repository/02_Web/02_Auth/SC002_Sign Up/input_phone_number'

2022-07-18 09:58:24 - [TEST_STEP][PASSED] - setText(findTestObject("02_Web/02_Auth/SC002_Sign Up/input_password_password"), findTestData("signup_web").getValue(6, i)): Text 'Archen123' is set on object 'Object Repository/02_Web/02_Auth/SC002_Sign Up/input_password_password'

2022-07-18 09:58:24 - [MESSAGE][PASSED] - Text 'Archen123' is set on object 'Object Repository/02_Web/02_Auth/SC002_Sign Up/input_password_password'

2022-07-18 09:58:24 - [TEST_STEP][PASSED] - click(findTestObject("02_Web/02_Auth/SC002_Sign Up/button_Daftar")): Object: 'Object Repository/02_Web/02_Auth/SC002_Sign Up/button_Daftar' is clicked on

2022-07-18 09:58:25 - [MESSAGE][PASSED] - Object: 'Object Repository/02_Web/02_Auth/SC002_Sign Up/button_Daftar' is clicked on

2022-07-18 09:58:25 - [TEST_STEP][PASSED] - if (findTestData("signup_web").getValue(2, i) == "negative" && findTestData("signup_web").getValue(4, i) == ""): null

2022-07-18 09:58:25 - [TEST_STEP][PASSED] - else if (i == 8 || i == 9): null

2022-07-18 09:58:25 - [TEST_STEP][PASSED] - else: Object 'Object Repository/02_Web/02_Auth/SC002_Sign Up/password_doesnt_match_require' is present

2022-07-18 09:58:25 - [TEST_STEP][PASSED] - verifyElementPresent(findTestObject("02_Web/02_Auth/SC002_Sign Up/password_doesnt_match_require"), 0): Object 'Object Repository/02_Web/02_Auth/SC002_Sign Up/password_doesnt_match_require' is present

2022-07-18 09:58:25 - [MESSAGE][WARNING] - Timeout '0' is invalid. Using default page load timeout: '30'

2022-07-18 09:58:25 - [MESSAGE][PASSED] - Object 'Object Repository/02_Web/02_Auth/SC002_Sign Up/password_doesnt_match_require' is present

2022-07-18 09:58:25 - [TEST_STEP][PASSED] - setText(findTestObject("02_Web/02_Auth/SC002_Sign Up/input_fullname_fullname"), findTestData("signup_web").getValue(3, i)): Text 'Archen Aydin' is set on object 'Object Repository/02_Web/02_Auth/SC002_Sign Up/input_fullname_fullname'

2022-07-18 09:58:26 - [MESSAGE][PASSED] - Text 'Archen Aydin' is set on object 'Object Repository/02_Web/02_Auth/SC002_Sign Up/input_fullname_fullname'

2022-07-18 09:58:26 - [TEST_STEP][PASSED] - setText(findTestObject("02_Web/02_Auth/SC002_Sign Up/input_email_email"), findTestData("signup_web").getValue(4, i)): Text 'joongarchen@gmail.com' is set on object 'Object Repository/02_Web/02_Auth/SC002_Sign Up/input_email_email'

2022-07-18 09:58:27 - [MESSAGE][PASSED] - Text 'joongarchen@gmail.com' is set on object 'Object Repository/02_Web/02_Auth/SC002_Sign Up/input_email_email'

2022-07-18 09:58:27 - [TEST_STEP][PASSED] - setText(findTestObject("02_Web/02_Auth/SC002_Sign Up/input_phone_number"), findTestData("signup_web").getValue(5, i)): Text '081234567890' is set on object 'Object Repository/02_Web/02_Auth/SC002_Sign Up/input_phone_number'

2022-07-18 09:58:28 - [MESSAGE][PASSED] - Text '081234567890' is set on object 'Object Repository/02_Web/02_Auth/SC002_Sign Up/input_phone_number'

2022-07-18 09:58:28 - [TEST_STEP][PASSED] - setText(findTestObject("02_Web/02_Auth/SC002_Sign Up/input_password_password"), findTestData("signup_web").getValue(6, i)): Text 'Archens!' is set on object 'Object Repository/02_Web/02_Auth/SC002_Sign Up/input_password_password'

2022-07-18 09:58:29 - [MESSAGE][PASSED] - Text 'Archens!' is set on object 'Object Repository/02_Web/02_Auth/SC002_Sign Up/input_password_password'

2022-07-18 09:58:29 - [TEST_STEP][PASSED] - click(findTestObject("02_Web/02_Auth/SC002_Sign Up/button_Daftar")): Object: 'Object Repository/02_Web/02_Auth/SC002_Sign Up/button_Daftar' is clicked on

2022-07-18 09:58:29 - [MESSAGE][PASSED] - Object: 'Object Repository/02_Web/02_Auth/SC002_Sign Up/button_Daftar' is clicked on

2022-07-18 09:58:29 - [TEST_STEP][PASSED] - if (findTestData("signup_web").getValue(2, i) == "negative" && findTestData("signup_web").getValue(4, i) == ""): null

2022-07-18 09:58:29 - [TEST_STEP][PASSED] - else if (i == 8 || i == 9): null

2022-07-18 09:58:29 - [TEST_STEP][PASSED] - else: Object 'Object Repository/02_Web/02_Auth/SC002_Sign Up/password_doesnt_match_require' is present

2022-07-18 09:58:29 - [TEST_STEP][PASSED] - verifyElementPresent(findTestObject("02_Web/02_Auth/SC002_Sign Up/password_doesnt_match_require"), 0): Object 'Object Repository/02_Web/02_Auth/SC002_Sign Up/password_doesnt_match_require' is present

2022-07-18 09:58:29 - [MESSAGE][WARNING] - Timeout '0' is invalid. Using default page load timeout: '30'

2022-07-18 09:58:29 - [MESSAGE][PASSED] - Object 'Object Repository/02_Web/02_Auth/SC002_Sign Up/password_doesnt_match_require' is present

2022-07-18 09:58:29 - [TEST_STEP][PASSED] - setText(findTestObject("02_Web/02_Auth/SC002_Sign Up/input_fullname_fullname"), findTestData("signup_web").getValue(3, i)): Text 'Archen Aydin' is set on object 'Object Repository/02_Web/02_Auth/SC002_Sign Up/input_fullname_fullname'

2022-07-18 09:58:30 - [MESSAGE][PASSED] - Text 'Archen Aydin' is set on object 'Object Repository/02_Web/02_Auth/SC002_Sign Up/input_fullname_fullname'

2022-07-18 09:58:30 - [TEST_STEP][PASSED] - setText(findTestObject("02_Web/02_Auth/SC002_Sign Up/input_email_email"), findTestData("signup_web").getValue(4, i)): Text 'joong@gmail.com' is set on object 'Object Repository/02_Web/02_Auth/SC002_Sign Up/input_email_email'

2022-07-18 09:58:31 - [MESSAGE][PASSED] - Text 'joong@gmail.com' is set on object 'Object Repository/02_Web/02_Auth/SC002_Sign Up/input_email_email'

2022-07-18 09:58:31 - [TEST_STEP][PASSED] - setText(findTestObject("02_Web/02_Auth/SC002_Sign Up/input_phone_number"), findTestData("signup_web").getValue(5, i)): Text '081234567890' is set on object 'Object Repository/02_Web/02_Auth/SC002_Sign Up/input_phone_number'

2022-07-18 09:58:32 - [MESSAGE][PASSED] - Text '081234567890' is set on object 'Object Repository/02_Web/02_Auth/SC002_Sign Up/input_phone_number'

2022-07-18 09:58:32 - [TEST_STEP][PASSED] - setText(findTestObject("02_Web/02_Auth/SC002_Sign Up/input_password_password"), findTestData("signup_web").getValue(6, i)): Text 'Archen123!' is set on object 'Object Repository/02_Web/02_Auth/SC002_Sign Up/input_password_password'

2022-07-18 09:58:33 - [MESSAGE][PASSED] - Text 'Archen123!' is set on object 'Object Repository/02_Web/02_Auth/SC002_Sign Up/input_password_password'

2022-07-18 09:58:33 - [TEST_STEP][PASSED] - click(findTestObject("02_Web/02_Auth/SC002_Sign Up/button_Daftar")): Object: 'Object Repository/02_Web/02_Auth/SC002_Sign Up/button_Daftar' is clicked on

2022-07-18 09:58:33 - [MESSAGE][PASSED] - Object: 'Object Repository/02_Web/02_Auth/SC002_Sign Up/button_Daftar' is clicked on

2022-07-18 09:58:33 - [TEST_STEP][PASSED] - if (findTestData("signup_web").getValue(2, i) == "negative" && findTestData("signup_web").getValue(4, i) == ""): null

2022-07-18 09:58:33 - [TEST_STEP][PASSED] - else if (i == 8 || i == 9): Object: 'Object Repository/02_Web/02_Auth/SC002_Sign Up/btn_popup_message' is clicked on

2022-07-18 09:58:33 - [TEST_STEP][PASSED] - verifyElementText(findTestObject("02_Web/02_Auth/SC002_Sign Up/register_message"), findTestData("signup_web").getValue(7, i), CONTINUE_ON_FAILURE): Actual text and expected text of test object 'Object Repository/02_Web/02_Auth/SC002_Sign Up/register_message' are matched.

2022-07-18 09:58:35 - [MESSAGE][PASSED] - Actual text and expected text of test object 'Object Repository/02_Web/02_Auth/SC002_Sign Up/register_message' are matched.

2022-07-18 09:58:35 - [TEST_STEP][PASSED] - click(findTestObject("02_Web/02_Auth/SC002_Sign Up/btn_popup_message")): Object: 'Object Repository/02_Web/02_Auth/SC002_Sign Up/btn_popup_message' is clicked on

2022-07-18 09:58:35 - [MESSAGE][PASSED] - Object: 'Object Repository/02_Web/02_Auth/SC002_Sign Up/btn_popup_message' is clicked on

2022-07-18 09:58:35 - [TEST_STEP][PASSED] - setText(findTestObject("02_Web/02_Auth/SC002_Sign Up/input_fullname_fullname"), findTestData("signup_web").getValue(3, i)): Text 'Archen Aydin' is set on object 'Object Repository/02_Web/02_Auth/SC002_Sign Up/input_fullname_fullname'

2022-07-18 09:58:37 - [MESSAGE][PASSED] - Text 'Archen Aydin' is set on object 'Object Repository/02_Web/02_Auth/SC002_Sign Up/input_fullname_fullname'

2022-07-18 09:58:37 - [TEST_STEP][PASSED] - setText(findTestObject("02_Web/02_Auth/SC002_Sign Up/input_email_email"), findTestData("signup_web").getValue(4, i)): Text 'archen21@gmail.com' is set on object 'Object Repository/02_Web/02_Auth/SC002_Sign Up/input_email_email'

2022-07-18 09:58:37 - [MESSAGE][PASSED] - Text 'archen21@gmail.com' is set on object 'Object Repository/02_Web/02_Auth/SC002_Sign Up/input_email_email'

2022-07-18 09:58:37 - [TEST_STEP][PASSED] - setText(findTestObject("02_Web/02_Auth/SC002_Sign Up/input_phone_number"), findTestData("signup_web").getValue(5, i)): Text '081234567890' is set on object 'Object Repository/02_Web/02_Auth/SC002_Sign Up/input_phone_number'

2022-07-18 09:58:38 - [MESSAGE][PASSED] - Text '081234567890' is set on object 'Object Repository/02_Web/02_Auth/SC002_Sign Up/input_phone_number'

2022-07-18 09:58:38 - [TEST_STEP][PASSED] - setText(findTestObject("02_Web/02_Auth/SC002_Sign Up/input_password_password"), findTestData("signup_web").getValue(6, i)): Text 'Archen123!' is set on object 'Object Repository/02_Web/02_Auth/SC002_Sign Up/input_password_password'

2022-07-18 09:58:39 - [MESSAGE][PASSED] - Text 'Archen123!' is set on object 'Object Repository/02_Web/02_Auth/SC002_Sign Up/input_password_password'

2022-07-18 09:58:39 - [TEST_STEP][PASSED] - click(findTestObject("02_Web/02_Auth/SC002_Sign Up/button_Daftar")): Object: 'Object Repository/02_Web/02_Auth/SC002_Sign Up/button_Daftar' is clicked on

2022-07-18 09:58:39 - [MESSAGE][PASSED] - Object: 'Object Repository/02_Web/02_Auth/SC002_Sign Up/button_Daftar' is clicked on

2022-07-18 09:58:39 - [TEST_STEP][PASSED] - if (findTestData("signup_web").getValue(2, i) == "negative" && findTestData("signup_web").getValue(4, i) == ""): null

2022-07-18 09:58:40 - [TEST_STEP][PASSED] - else if (i == 8 || i == 9): Object: 'Object Repository/02_Web/02_Auth/SC002_Sign Up/btn_popup_message' is clicked on

2022-07-18 09:58:40 - [TEST_STEP][PASSED] - verifyElementText(findTestObject("02_Web/02_Auth/SC002_Sign Up/register_message"), findTestData("signup_web").getValue(7, i), CONTINUE_ON_FAILURE): Actual text and expected text of test object 'Object Repository/02_Web/02_Auth/SC002_Sign Up/register_message' are matched.

2022-07-18 09:59:11 - [MESSAGE][INFO] - Unable to find the element located by 'By.xpath: //*[@class = 'swal2-popup swal2-modal swal2-icon-error swal2-show']'. Please recheck the objects properties to make sure the desired element is located. 

2022-07-18 09:59:11 - [MESSAGE][WARNING] - [SELF-HEALING] Failed to find element with id 'Object Repository/02_Web/02_Auth/SC002_Sign Up/register_message'. Try using Self-healing.

2022-07-18 09:59:11 - [MESSAGE][WARNING] - [SELF-HEALING] The current locator of test object 'Object Repository/02_Web/02_Auth/SC002_Sign Up/register_message' was broken. Propose an alternative one: '/html/body/div[2]/div'.

2022-07-18 09:59:11 - [MESSAGE][PASSED] - Actual text and expected text of test object 'Object Repository/02_Web/02_Auth/SC002_Sign Up/register_message' are matched.

2022-07-18 09:59:11 - [TEST_STEP][PASSED] - click(findTestObject("02_Web/02_Auth/SC002_Sign Up/btn_popup_message")): Object: 'Object Repository/02_Web/02_Auth/SC002_Sign Up/btn_popup_message' is clicked on

2022-07-18 09:59:12 - [MESSAGE][PASSED] - Object: 'Object Repository/02_Web/02_Auth/SC002_Sign Up/btn_popup_message' is clicked on

2022-07-18 09:59:12 - [TEST_STEP][PASSED] - closeBrowser(): Browser is closed

2022-07-18 09:59:13 - [MESSAGE][PASSED] - Browser is closed]]></system-out>
         <system-err><![CDATA[]]></system-err>
      </testcase>
      <testcase name="Test Cases/02_Web/02_Auth/SC003_Sign In/Sign In" time="27.299" classname="Test Cases/02_Web/02_Auth/SC003_Sign In/Sign In" status="PASSED">
         <system-out><![CDATA[2022-07-18 09:59:13 - [TEST_CASE][PASSED] - Test Cases/02_Web/02_Auth/SC003_Sign In/Sign In: Test Cases/02_Web/02_Auth/SC003_Sign In/Sign In

2022-07-18 09:59:13 - [TEST_STEP][PASSED] - openBrowser(url_website): Browser is opened with url: 'https://capstone-study-space.netlify.app/'

2022-07-18 09:59:13 - [MESSAGE][INFO] - Starting 'Chrome' driver

2022-07-18 09:59:13 - [MESSAGE][INFO] - Action delay is set to 0 milliseconds

2022-07-18 09:59:16 - [MESSAGE][PASSED] - Browser is opened with url: 'https://capstone-study-space.netlify.app/'

2022-07-18 09:59:16 - [TEST_STEP][PASSED] - maximizeWindow(STOP_ON_FAILURE): Current window maximized

2022-07-18 09:59:16 - [MESSAGE][PASSED] - Current window maximized

2022-07-18 09:59:16 - [TEST_STEP][PASSED] - click(findTestObject("02_Web/02_Auth/SC003_Sign In/button_Login")): Object: 'Object Repository/02_Web/02_Auth/SC003_Sign In/button_Login' is clicked on

2022-07-18 09:59:17 - [MESSAGE][PASSED] - Object: 'Object Repository/02_Web/02_Auth/SC003_Sign In/button_Login' is clicked on

2022-07-18 09:59:17 - [TEST_STEP][PASSED] - for ([i = 1, i <= 5, (i++)]): Object 'Object Repository/02_Web/02_Auth/SC003_Sign In/button_profile icon' is present

2022-07-18 09:59:17 - [TEST_STEP][PASSED] - setText(findTestObject("02_Web/02_Auth/SC003_Sign In/input_email_email"), findTestData("signin_web").getValue(3, i)): Text '' is set on object 'Object Repository/02_Web/02_Auth/SC003_Sign In/input_email_email'

2022-07-18 09:59:18 - [MESSAGE][PASSED] - Text '' is set on object 'Object Repository/02_Web/02_Auth/SC003_Sign In/input_email_email'

2022-07-18 09:59:18 - [TEST_STEP][PASSED] - setText(findTestObject("02_Web/02_Auth/SC003_Sign In/input_password_password"), findTestData("signin_web").getValue(4, i)): Text '' is set on object 'Object Repository/02_Web/02_Auth/SC003_Sign In/input_password_password'

2022-07-18 09:59:18 - [MESSAGE][PASSED] - Text '' is set on object 'Object Repository/02_Web/02_Auth/SC003_Sign In/input_password_password'

2022-07-18 09:59:18 - [TEST_STEP][PASSED] - click(findTestObject("02_Web/02_Auth/SC003_Sign In/button_Login_submit")): Object: 'Object Repository/02_Web/02_Auth/SC003_Sign In/button_Login_submit' is clicked on

2022-07-18 09:59:19 - [MESSAGE][PASSED] - Object: 'Object Repository/02_Web/02_Auth/SC003_Sign In/button_Login_submit' is clicked on

2022-07-18 09:59:19 - [TEST_STEP][PASSED] - if (findTestData("signin_web").getValue(2, i) == "negative" && findTestData("signin_web").getValue(3, i) != "" && findTestData("signin_web").getValue(5, i) == ""): null

2022-07-18 09:59:19 - [TEST_STEP][PASSED] - else if (findTestData("signin_web").getValue(2, i) == "negative" && findTestData("signin_web").getValue(3, i) == ""): Object 'Object Repository/02_Web/02_Auth/SC003_Sign In/button_Login_submit' is present

2022-07-18 09:59:19 - [TEST_STEP][PASSED] - verifyElementPresent(findTestObject("02_Web/02_Auth/SC003_Sign In/button_Login_submit"), 0): Object 'Object Repository/02_Web/02_Auth/SC003_Sign In/button_Login_submit' is present

2022-07-18 09:59:19 - [MESSAGE][WARNING] - Timeout '0' is invalid. Using default page load timeout: '30'

2022-07-18 09:59:20 - [MESSAGE][PASSED] - Object 'Object Repository/02_Web/02_Auth/SC003_Sign In/button_Login_submit' is present

2022-07-18 09:59:20 - [TEST_STEP][PASSED] - setText(findTestObject("02_Web/02_Auth/SC003_Sign In/input_email_email"), findTestData("signin_web").getValue(3, i)): Text 'salsablsy@gmail.com' is set on object 'Object Repository/02_Web/02_Auth/SC003_Sign In/input_email_email'

2022-07-18 09:59:20 - [MESSAGE][PASSED] - Text 'salsablsy@gmail.com' is set on object 'Object Repository/02_Web/02_Auth/SC003_Sign In/input_email_email'

2022-07-18 09:59:20 - [TEST_STEP][PASSED] - setText(findTestObject("02_Web/02_Auth/SC003_Sign In/input_password_password"), findTestData("signin_web").getValue(4, i)): Text 'Salsa123!' is set on object 'Object Repository/02_Web/02_Auth/SC003_Sign In/input_password_password'

2022-07-18 09:59:21 - [MESSAGE][PASSED] - Text 'Salsa123!' is set on object 'Object Repository/02_Web/02_Auth/SC003_Sign In/input_password_password'

2022-07-18 09:59:21 - [TEST_STEP][PASSED] - click(findTestObject("02_Web/02_Auth/SC003_Sign In/button_Login_submit")): Object: 'Object Repository/02_Web/02_Auth/SC003_Sign In/button_Login_submit' is clicked on

2022-07-18 09:59:22 - [MESSAGE][PASSED] - Object: 'Object Repository/02_Web/02_Auth/SC003_Sign In/button_Login_submit' is clicked on

2022-07-18 09:59:22 - [TEST_STEP][PASSED] - if (findTestData("signin_web").getValue(2, i) == "negative" && findTestData("signin_web").getValue(3, i) != "" && findTestData("signin_web").getValue(5, i) == ""): Object: 'Object Repository/02_Web/02_Auth/SC003_Sign In/close_failed_msg' is clicked on

2022-07-18 09:59:22 - [TEST_STEP][PASSED] - verifyElementPresent(findTestObject("02_Web/02_Auth/SC003_Sign In/failed_login"), 0): Object 'Object Repository/02_Web/02_Auth/SC003_Sign In/failed_login' is present

2022-07-18 09:59:22 - [MESSAGE][WARNING] - Timeout '0' is invalid. Using default page load timeout: '30'

2022-07-18 09:59:23 - [MESSAGE][PASSED] - Object 'Object Repository/02_Web/02_Auth/SC003_Sign In/failed_login' is present

2022-07-18 09:59:23 - [TEST_STEP][PASSED] - click(findTestObject("02_Web/02_Auth/SC003_Sign In/close_failed_msg")): Object: 'Object Repository/02_Web/02_Auth/SC003_Sign In/close_failed_msg' is clicked on

2022-07-18 09:59:23 - [MESSAGE][PASSED] - Object: 'Object Repository/02_Web/02_Auth/SC003_Sign In/close_failed_msg' is clicked on

2022-07-18 09:59:23 - [TEST_STEP][PASSED] - setText(findTestObject("02_Web/02_Auth/SC003_Sign In/input_email_email"), findTestData("signin_web").getValue(3, i)): Text 'salsablsy' is set on object 'Object Repository/02_Web/02_Auth/SC003_Sign In/input_email_email'

2022-07-18 09:59:24 - [MESSAGE][PASSED] - Text 'salsablsy' is set on object 'Object Repository/02_Web/02_Auth/SC003_Sign In/input_email_email'

2022-07-18 09:59:24 - [TEST_STEP][PASSED] - setText(findTestObject("02_Web/02_Auth/SC003_Sign In/input_password_password"), findTestData("signin_web").getValue(4, i)): Text 'Salsa123!' is set on object 'Object Repository/02_Web/02_Auth/SC003_Sign In/input_password_password'

2022-07-18 09:59:25 - [MESSAGE][PASSED] - Text 'Salsa123!' is set on object 'Object Repository/02_Web/02_Auth/SC003_Sign In/input_password_password'

2022-07-18 09:59:25 - [TEST_STEP][PASSED] - click(findTestObject("02_Web/02_Auth/SC003_Sign In/button_Login_submit")): Object: 'Object Repository/02_Web/02_Auth/SC003_Sign In/button_Login_submit' is clicked on

2022-07-18 09:59:26 - [MESSAGE][PASSED] - Object: 'Object Repository/02_Web/02_Auth/SC003_Sign In/button_Login_submit' is clicked on

2022-07-18 09:59:26 - [TEST_STEP][PASSED] - if (findTestData("signin_web").getValue(2, i) == "negative" && findTestData("signin_web").getValue(3, i) != "" && findTestData("signin_web").getValue(5, i) == ""): null

2022-07-18 09:59:26 - [TEST_STEP][PASSED] - else if (findTestData("signin_web").getValue(2, i) == "negative" && findTestData("signin_web").getValue(3, i) == ""): null

2022-07-18 09:59:26 - [TEST_STEP][PASSED] - else if (findTestData("signin_web").getValue(2, i) == "negative" && findTestData("signin_web").getValue(5, i) != ""): Object 'Object Repository/02_Web/02_Auth/SC003_Sign In/email_doesnt_match' is present

2022-07-18 09:59:26 - [TEST_STEP][PASSED] - verifyElementPresent(findTestObject(findTestData("signin_web").getValue(5, i)), 0): Object 'Object Repository/02_Web/02_Auth/SC003_Sign In/email_doesnt_match' is present

2022-07-18 09:59:26 - [MESSAGE][WARNING] - Timeout '0' is invalid. Using default page load timeout: '30'

2022-07-18 09:59:26 - [MESSAGE][PASSED] - Object 'Object Repository/02_Web/02_Auth/SC003_Sign In/email_doesnt_match' is present

2022-07-18 09:59:26 - [TEST_STEP][PASSED] - setText(findTestObject("02_Web/02_Auth/SC003_Sign In/input_email_email"), findTestData("signin_web").getValue(3, i)): Text 'salsabilarhdsy@gmail.com' is set on object 'Object Repository/02_Web/02_Auth/SC003_Sign In/input_email_email'

2022-07-18 09:59:27 - [MESSAGE][PASSED] - Text 'salsabilarhdsy@gmail.com' is set on object 'Object Repository/02_Web/02_Auth/SC003_Sign In/input_email_email'

2022-07-18 09:59:27 - [TEST_STEP][PASSED] - setText(findTestObject("02_Web/02_Auth/SC003_Sign In/input_password_password"), findTestData("signin_web").getValue(4, i)): Text 'Salsa123*' is set on object 'Object Repository/02_Web/02_Auth/SC003_Sign In/input_password_password'

2022-07-18 09:59:28 - [MESSAGE][PASSED] - Text 'Salsa123*' is set on object 'Object Repository/02_Web/02_Auth/SC003_Sign In/input_password_password'

2022-07-18 09:59:28 - [TEST_STEP][PASSED] - click(findTestObject("02_Web/02_Auth/SC003_Sign In/button_Login_submit")): Object: 'Object Repository/02_Web/02_Auth/SC003_Sign In/button_Login_submit' is clicked on

2022-07-18 09:59:29 - [MESSAGE][PASSED] - Object: 'Object Repository/02_Web/02_Auth/SC003_Sign In/button_Login_submit' is clicked on

2022-07-18 09:59:29 - [TEST_STEP][PASSED] - if (findTestData("signin_web").getValue(2, i) == "negative" && findTestData("signin_web").getValue(3, i) != "" && findTestData("signin_web").getValue(5, i) == ""): Object: 'Object Repository/02_Web/02_Auth/SC003_Sign In/close_failed_msg' is clicked on

2022-07-18 09:59:29 - [TEST_STEP][PASSED] - verifyElementPresent(findTestObject("02_Web/02_Auth/SC003_Sign In/failed_login"), 0): Object 'Object Repository/02_Web/02_Auth/SC003_Sign In/failed_login' is present

2022-07-18 09:59:29 - [MESSAGE][WARNING] - Timeout '0' is invalid. Using default page load timeout: '30'

2022-07-18 09:59:31 - [MESSAGE][PASSED] - Object 'Object Repository/02_Web/02_Auth/SC003_Sign In/failed_login' is present

2022-07-18 09:59:31 - [TEST_STEP][PASSED] - click(findTestObject("02_Web/02_Auth/SC003_Sign In/close_failed_msg")): Object: 'Object Repository/02_Web/02_Auth/SC003_Sign In/close_failed_msg' is clicked on

2022-07-18 09:59:31 - [MESSAGE][PASSED] - Object: 'Object Repository/02_Web/02_Auth/SC003_Sign In/close_failed_msg' is clicked on

2022-07-18 09:59:31 - [TEST_STEP][PASSED] - setText(findTestObject("02_Web/02_Auth/SC003_Sign In/input_email_email"), findTestData("signin_web").getValue(3, i)): Text 'salsabilarhdsy@gmail.com' is set on object 'Object Repository/02_Web/02_Auth/SC003_Sign In/input_email_email'

2022-07-18 09:59:32 - [MESSAGE][PASSED] - Text 'salsabilarhdsy@gmail.com' is set on object 'Object Repository/02_Web/02_Auth/SC003_Sign In/input_email_email'

2022-07-18 09:59:32 - [TEST_STEP][PASSED] - setText(findTestObject("02_Web/02_Auth/SC003_Sign In/input_password_password"), findTestData("signin_web").getValue(4, i)): Text 'Salsa123!' is set on object 'Object Repository/02_Web/02_Auth/SC003_Sign In/input_password_password'

2022-07-18 09:59:33 - [MESSAGE][PASSED] - Text 'Salsa123!' is set on object 'Object Repository/02_Web/02_Auth/SC003_Sign In/input_password_password'

2022-07-18 09:59:33 - [TEST_STEP][PASSED] - click(findTestObject("02_Web/02_Auth/SC003_Sign In/button_Login_submit")): Object: 'Object Repository/02_Web/02_Auth/SC003_Sign In/button_Login_submit' is clicked on

2022-07-18 09:59:33 - [MESSAGE][PASSED] - Object: 'Object Repository/02_Web/02_Auth/SC003_Sign In/button_Login_submit' is clicked on

2022-07-18 09:59:33 - [TEST_STEP][PASSED] - if (findTestData("signin_web").getValue(2, i) == "negative" && findTestData("signin_web").getValue(3, i) != "" && findTestData("signin_web").getValue(5, i) == ""): null

2022-07-18 09:59:33 - [TEST_STEP][PASSED] - else if (findTestData("signin_web").getValue(2, i) == "negative" && findTestData("signin_web").getValue(3, i) == ""): null

2022-07-18 09:59:33 - [TEST_STEP][PASSED] - else if (findTestData("signin_web").getValue(2, i) == "negative" && findTestData("signin_web").getValue(5, i) != ""): null

2022-07-18 09:59:33 - [TEST_STEP][PASSED] - else: Object 'Object Repository/02_Web/02_Auth/SC003_Sign In/button_profile icon' is present

2022-07-18 09:59:33 - [TEST_STEP][PASSED] - verifyElementPresent(findTestObject("02_Web/02_Auth/SC003_Sign In/button_profile icon"), 0): Object 'Object Repository/02_Web/02_Auth/SC003_Sign In/button_profile icon' is present

2022-07-18 09:59:34 - [MESSAGE][WARNING] - Timeout '0' is invalid. Using default page load timeout: '30'

2022-07-18 09:59:39 - [MESSAGE][PASSED] - Object 'Object Repository/02_Web/02_Auth/SC003_Sign In/button_profile icon' is present

2022-07-18 09:59:39 - [TEST_STEP][PASSED] - closeBrowser(): Browser is closed

2022-07-18 09:59:40 - [MESSAGE][PASSED] - Browser is closed]]></system-out>
         <system-err><![CDATA[]]></system-err>
      </testcase>
      <testcase name="Test Cases/02_Web/02_Auth/SC004_Logout/TC001_Logout" time="14.126" classname="Test Cases/02_Web/02_Auth/SC004_Logout/TC001_Logout" status="PASSED">
         <system-out><![CDATA[2022-07-18 09:59:40 - [TEST_CASE][PASSED] - Test Cases/02_Web/02_Auth/SC004_Logout/TC001_Logout: Test Cases/02_Web/02_Auth/SC004_Logout/TC001_Logout

2022-07-18 09:59:40 - [TEST_STEP][PASSED] - callTestCase(findTestCase("02_Web/signin"), [:], STOP_ON_FAILURE): Call Test Case 'Test Cases/02_Web/signin' successfully

2022-07-18 09:59:40 - [TEST_CASE][PASSED] - Test Cases/02_Web/signin: Test Cases/02_Web/signin

2022-07-18 09:59:41 - [TEST_STEP][PASSED] - openBrowser(url_website, CONTINUE_ON_FAILURE): Browser is opened with url: 'https://capstone-study-space.netlify.app/'

2022-07-18 09:59:41 - [MESSAGE][INFO] - Starting 'Chrome' driver

2022-07-18 09:59:41 - [MESSAGE][INFO] - Action delay is set to 0 milliseconds

2022-07-18 09:59:43 - [MESSAGE][PASSED] - Browser is opened with url: 'https://capstone-study-space.netlify.app/'

2022-07-18 09:59:43 - [TEST_STEP][PASSED] - maximizeWindow(CONTINUE_ON_FAILURE): Current window maximized

2022-07-18 09:59:44 - [MESSAGE][PASSED] - Current window maximized

2022-07-18 09:59:44 - [TEST_STEP][PASSED] - click(findTestObject("02_Web/02_Auth/SC003_Sign In/button_Login"), CONTINUE_ON_FAILURE): Object: 'Object Repository/02_Web/02_Auth/SC003_Sign In/button_Login' is clicked on

2022-07-18 09:59:44 - [MESSAGE][PASSED] - Object: 'Object Repository/02_Web/02_Auth/SC003_Sign In/button_Login' is clicked on

2022-07-18 09:59:44 - [TEST_STEP][PASSED] - setText(findTestObject("02_Web/02_Auth/SC003_Sign In/input_email_email"), "salsabilarhdsy@gmail.com", CONTINUE_ON_FAILURE): Text 'salsabilarhdsy@gmail.com' is set on object 'Object Repository/02_Web/02_Auth/SC003_Sign In/input_email_email'

2022-07-18 09:59:45 - [MESSAGE][PASSED] - Text 'salsabilarhdsy@gmail.com' is set on object 'Object Repository/02_Web/02_Auth/SC003_Sign In/input_email_email'

2022-07-18 09:59:45 - [TEST_STEP][PASSED] - setText(findTestObject("02_Web/02_Auth/SC003_Sign In/input_password_password"), "Salsa123!", CONTINUE_ON_FAILURE): Text 'Salsa123!' is set on object 'Object Repository/02_Web/02_Auth/SC003_Sign In/input_password_password'

2022-07-18 09:59:46 - [MESSAGE][PASSED] - Text 'Salsa123!' is set on object 'Object Repository/02_Web/02_Auth/SC003_Sign In/input_password_password'

2022-07-18 09:59:46 - [TEST_STEP][PASSED] - click(findTestObject("02_Web/02_Auth/SC003_Sign In/button_Login_submit"), CONTINUE_ON_FAILURE): Object: 'Object Repository/02_Web/02_Auth/SC003_Sign In/button_Login_submit' is clicked on

2022-07-18 09:59:46 - [MESSAGE][PASSED] - Object: 'Object Repository/02_Web/02_Auth/SC003_Sign In/button_Login_submit' is clicked on

2022-07-18 09:59:46 - [MESSAGE][PASSED] - Call Test Case 'Test Cases/02_Web/signin' successfully

2022-07-18 09:59:46 - [TEST_STEP][PASSED] - click(findTestObject("02_Web/02_Auth/SC004_Logout/account")): Object: 'Object Repository/02_Web/02_Auth/SC004_Logout/account' is clicked on

2022-07-18 09:59:51 - [MESSAGE][PASSED] - Object: 'Object Repository/02_Web/02_Auth/SC004_Logout/account' is clicked on

2022-07-18 09:59:51 - [TEST_STEP][PASSED] - click(findTestObject("02_Web/02_Auth/SC004_Logout/button_logout")): Object: 'Object Repository/02_Web/02_Auth/SC004_Logout/button_logout' is clicked on

2022-07-18 09:59:52 - [MESSAGE][PASSED] - Object: 'Object Repository/02_Web/02_Auth/SC004_Logout/button_logout' is clicked on

2022-07-18 09:59:52 - [TEST_STEP][PASSED] - click(findTestObject("02_Web/02_Auth/SC004_Logout/button_oklogout")): Object: 'Object Repository/02_Web/02_Auth/SC004_Logout/button_oklogout' is clicked on

2022-07-18 09:59:53 - [MESSAGE][PASSED] - Object: 'Object Repository/02_Web/02_Auth/SC004_Logout/button_oklogout' is clicked on

2022-07-18 09:59:53 - [TEST_STEP][PASSED] - verifyElementPresent(findTestObject("02_Web/02_Auth/SC004_Logout/menu_login"), 0, CONTINUE_ON_FAILURE): Object 'Object Repository/02_Web/02_Auth/SC004_Logout/menu_login' is present

2022-07-18 09:59:53 - [MESSAGE][WARNING] - Timeout '0' is invalid. Using default page load timeout: '30'

2022-07-18 09:59:53 - [MESSAGE][PASSED] - Object 'Object Repository/02_Web/02_Auth/SC004_Logout/menu_login' is present

2022-07-18 09:59:53 - [TEST_STEP][PASSED] - closeBrowser(): Browser is closed

2022-07-18 09:59:54 - [MESSAGE][PASSED] - Browser is closed]]></system-out>
         <system-err><![CDATA[]]></system-err>
      </testcase>
      <testcase name="Test Cases/02_Web/03_Home/SC005_Create Class/Create Class" time="25.608" classname="Test Cases/02_Web/03_Home/SC005_Create Class/Create Class" status="PASSED">
         <system-out><![CDATA[2022-07-18 09:59:54 - [TEST_CASE][PASSED] - Test Cases/02_Web/03_Home/SC005_Create Class/Create Class: Test Cases/02_Web/03_Home/SC005_Create Class/Create Class

2022-07-18 09:59:54 - [TEST_STEP][PASSED] - callTestCase(findTestCase("02_Web/signin"), [:], STOP_ON_FAILURE): Call Test Case 'Test Cases/02_Web/signin' successfully

2022-07-18 09:59:54 - [TEST_CASE][PASSED] - Test Cases/02_Web/signin: Test Cases/02_Web/signin

2022-07-18 09:59:54 - [TEST_STEP][PASSED] - openBrowser(url_website, CONTINUE_ON_FAILURE): Browser is opened with url: 'https://capstone-study-space.netlify.app/'

2022-07-18 09:59:54 - [MESSAGE][INFO] - Starting 'Chrome' driver

2022-07-18 09:59:54 - [MESSAGE][INFO] - Action delay is set to 0 milliseconds

2022-07-18 09:59:57 - [MESSAGE][PASSED] - Browser is opened with url: 'https://capstone-study-space.netlify.app/'

2022-07-18 09:59:57 - [TEST_STEP][PASSED] - maximizeWindow(CONTINUE_ON_FAILURE): Current window maximized

2022-07-18 09:59:57 - [MESSAGE][PASSED] - Current window maximized

2022-07-18 09:59:57 - [TEST_STEP][PASSED] - click(findTestObject("02_Web/02_Auth/SC003_Sign In/button_Login"), CONTINUE_ON_FAILURE): Object: 'Object Repository/02_Web/02_Auth/SC003_Sign In/button_Login' is clicked on

2022-07-18 09:59:58 - [MESSAGE][PASSED] - Object: 'Object Repository/02_Web/02_Auth/SC003_Sign In/button_Login' is clicked on

2022-07-18 09:59:58 - [TEST_STEP][PASSED] - setText(findTestObject("02_Web/02_Auth/SC003_Sign In/input_email_email"), "salsabilarhdsy@gmail.com", CONTINUE_ON_FAILURE): Text 'salsabilarhdsy@gmail.com' is set on object 'Object Repository/02_Web/02_Auth/SC003_Sign In/input_email_email'

2022-07-18 09:59:59 - [MESSAGE][PASSED] - Text 'salsabilarhdsy@gmail.com' is set on object 'Object Repository/02_Web/02_Auth/SC003_Sign In/input_email_email'

2022-07-18 09:59:59 - [TEST_STEP][PASSED] - setText(findTestObject("02_Web/02_Auth/SC003_Sign In/input_password_password"), "Salsa123!", CONTINUE_ON_FAILURE): Text 'Salsa123!' is set on object 'Object Repository/02_Web/02_Auth/SC003_Sign In/input_password_password'

2022-07-18 10:00:00 - [MESSAGE][PASSED] - Text 'Salsa123!' is set on object 'Object Repository/02_Web/02_Auth/SC003_Sign In/input_password_password'

2022-07-18 10:00:00 - [TEST_STEP][PASSED] - click(findTestObject("02_Web/02_Auth/SC003_Sign In/button_Login_submit"), CONTINUE_ON_FAILURE): Object: 'Object Repository/02_Web/02_Auth/SC003_Sign In/button_Login_submit' is clicked on

2022-07-18 10:00:00 - [MESSAGE][PASSED] - Object: 'Object Repository/02_Web/02_Auth/SC003_Sign In/button_Login_submit' is clicked on

2022-07-18 10:00:00 - [MESSAGE][PASSED] - Call Test Case 'Test Cases/02_Web/signin' successfully

2022-07-18 10:00:00 - [TEST_STEP][PASSED] - click(findTestObject("02_Web/03_Home/SC005_Create Class/button_add")): Object: 'Object Repository/02_Web/03_Home/SC005_Create Class/button_add' is clicked on

2022-07-18 10:00:07 - [MESSAGE][PASSED] - Object: 'Object Repository/02_Web/03_Home/SC005_Create Class/button_add' is clicked on

2022-07-18 10:00:07 - [TEST_STEP][PASSED] - click(findTestObject("02_Web/03_Home/SC005_Create Class/button_Create Class")): Object: 'Object Repository/02_Web/03_Home/SC005_Create Class/button_Create Class' is clicked on

2022-07-18 10:00:07 - [MESSAGE][PASSED] - Object: 'Object Repository/02_Web/03_Home/SC005_Create Class/button_Create Class' is clicked on

2022-07-18 10:00:07 - [TEST_STEP][PASSED] - for ([i = 1, i <= 3, (i++)]): Object 'Object Repository/02_Web/03_Home/SC005_Create Class/a_description' is present

2022-07-18 10:00:07 - [TEST_STEP][PASSED] - setText(findTestObject("02_Web/03_Home/SC005_Create Class/input_class"), findTestData("create_class").getValue(3, i)): Text '' is set on object 'Object Repository/02_Web/03_Home/SC005_Create Class/input_class'

2022-07-18 10:00:08 - [MESSAGE][PASSED] - Text '' is set on object 'Object Repository/02_Web/03_Home/SC005_Create Class/input_class'

2022-07-18 10:00:08 - [TEST_STEP][PASSED] - setText(findTestObject("02_Web/03_Home/SC005_Create Class/input_room"), findTestData("create_class").getValue(4, i)): Text '' is set on object 'Object Repository/02_Web/03_Home/SC005_Create Class/input_room'

2022-07-18 10:00:09 - [MESSAGE][PASSED] - Text '' is set on object 'Object Repository/02_Web/03_Home/SC005_Create Class/input_room'

2022-07-18 10:00:09 - [TEST_STEP][PASSED] - click(findTestObject("02_Web/03_Home/SC005_Create Class/button_Create")): Object: 'Object Repository/02_Web/03_Home/SC005_Create Class/button_Create' is clicked on

2022-07-18 10:00:09 - [MESSAGE][PASSED] - Object: 'Object Repository/02_Web/03_Home/SC005_Create Class/button_Create' is clicked on

2022-07-18 10:00:09 - [TEST_STEP][PASSED] - if (findTestData("create_class").getValue(2, i) == "negative"): Object 'Object Repository/02_Web/03_Home/SC005_Create Class/button_Create' is present

2022-07-18 10:00:10 - [TEST_STEP][PASSED] - verifyElementPresent(findTestObject("02_Web/03_Home/SC005_Create Class/button_Create"), 0): Object 'Object Repository/02_Web/03_Home/SC005_Create Class/button_Create' is present

2022-07-18 10:00:10 - [MESSAGE][WARNING] - Timeout '0' is invalid. Using default page load timeout: '30'

2022-07-18 10:00:10 - [MESSAGE][PASSED] - Object 'Object Repository/02_Web/03_Home/SC005_Create Class/button_Create' is present

2022-07-18 10:00:10 - [TEST_STEP][PASSED] - setText(findTestObject("02_Web/03_Home/SC005_Create Class/input_class"), findTestData("create_class").getValue(3, i)): Text 'Quality $ Engineer' is set on object 'Object Repository/02_Web/03_Home/SC005_Create Class/input_class'

2022-07-18 10:00:11 - [MESSAGE][PASSED] - Text 'Quality $ Engineer' is set on object 'Object Repository/02_Web/03_Home/SC005_Create Class/input_class'

2022-07-18 10:00:11 - [TEST_STEP][PASSED] - setText(findTestObject("02_Web/03_Home/SC005_Create Class/input_room"), findTestData("create_class").getValue(4, i)): Text 'Class A*' is set on object 'Object Repository/02_Web/03_Home/SC005_Create Class/input_room'

2022-07-18 10:00:12 - [MESSAGE][PASSED] - Text 'Class A*' is set on object 'Object Repository/02_Web/03_Home/SC005_Create Class/input_room'

2022-07-18 10:00:12 - [TEST_STEP][PASSED] - click(findTestObject("02_Web/03_Home/SC005_Create Class/button_Create")): Object: 'Object Repository/02_Web/03_Home/SC005_Create Class/button_Create' is clicked on

2022-07-18 10:00:12 - [MESSAGE][PASSED] - Object: 'Object Repository/02_Web/03_Home/SC005_Create Class/button_Create' is clicked on

2022-07-18 10:00:12 - [TEST_STEP][PASSED] - if (findTestData("create_class").getValue(2, i) == "negative"): Object 'Object Repository/02_Web/03_Home/SC005_Create Class/button_Create' is present

2022-07-18 10:00:12 - [TEST_STEP][PASSED] - verifyElementPresent(findTestObject("02_Web/03_Home/SC005_Create Class/button_Create"), 0): Object 'Object Repository/02_Web/03_Home/SC005_Create Class/button_Create' is present

2022-07-18 10:00:12 - [MESSAGE][WARNING] - Timeout '0' is invalid. Using default page load timeout: '30'

2022-07-18 10:00:13 - [MESSAGE][PASSED] - Object 'Object Repository/02_Web/03_Home/SC005_Create Class/button_Create' is present

2022-07-18 10:00:13 - [TEST_STEP][PASSED] - setText(findTestObject("02_Web/03_Home/SC005_Create Class/input_class"), findTestData("create_class").getValue(3, i)): Text 'Quality Engineer' is set on object 'Object Repository/02_Web/03_Home/SC005_Create Class/input_class'

2022-07-18 10:00:13 - [MESSAGE][PASSED] - Text 'Quality Engineer' is set on object 'Object Repository/02_Web/03_Home/SC005_Create Class/input_class'

2022-07-18 10:00:13 - [TEST_STEP][PASSED] - setText(findTestObject("02_Web/03_Home/SC005_Create Class/input_room"), findTestData("create_class").getValue(4, i)): Text 'Class A' is set on object 'Object Repository/02_Web/03_Home/SC005_Create Class/input_room'

2022-07-18 10:00:14 - [MESSAGE][PASSED] - Text 'Class A' is set on object 'Object Repository/02_Web/03_Home/SC005_Create Class/input_room'

2022-07-18 10:00:14 - [TEST_STEP][PASSED] - click(findTestObject("02_Web/03_Home/SC005_Create Class/button_Create")): Object: 'Object Repository/02_Web/03_Home/SC005_Create Class/button_Create' is clicked on

2022-07-18 10:00:15 - [MESSAGE][PASSED] - Object: 'Object Repository/02_Web/03_Home/SC005_Create Class/button_Create' is clicked on

2022-07-18 10:00:15 - [TEST_STEP][PASSED] - if (findTestData("create_class").getValue(2, i) == "negative"): null

2022-07-18 10:00:15 - [TEST_STEP][PASSED] - else: Object 'Object Repository/02_Web/03_Home/SC005_Create Class/a_description' is present

2022-07-18 10:00:15 - [TEST_STEP][PASSED] - verifyElementPresent(findTestObject("02_Web/03_Home/SC005_Create Class/a_description"), 0): Object 'Object Repository/02_Web/03_Home/SC005_Create Class/a_description' is present

2022-07-18 10:00:15 - [MESSAGE][WARNING] - Timeout '0' is invalid. Using default page load timeout: '30'

2022-07-18 10:00:19 - [MESSAGE][PASSED] - Object 'Object Repository/02_Web/03_Home/SC005_Create Class/a_description' is present

2022-07-18 10:00:19 - [TEST_STEP][PASSED] - closeBrowser(): Browser is closed

2022-07-18 10:00:20 - [MESSAGE][PASSED] - Browser is closed]]></system-out>
         <system-err><![CDATA[]]></system-err>
      </testcase>
      <testcase name="Test Cases/02_Web/03_Home/SC006_Join Class/Join Class" time="50.087" classname="Test Cases/02_Web/03_Home/SC006_Join Class/Join Class" status="PASSED">
         <system-out><![CDATA[2022-07-18 10:00:20 - [TEST_CASE][PASSED] - Test Cases/02_Web/03_Home/SC006_Join Class/Join Class: Test Cases/02_Web/03_Home/SC006_Join Class/Join Class

2022-07-18 10:00:20 - [TEST_STEP][PASSED] - callTestCase(findTestCase("02_Web/signin"), [:], STOP_ON_FAILURE): Call Test Case 'Test Cases/02_Web/signin' successfully

2022-07-18 10:00:20 - [TEST_CASE][PASSED] - Test Cases/02_Web/signin: Test Cases/02_Web/signin

2022-07-18 10:00:20 - [TEST_STEP][PASSED] - openBrowser(url_website, CONTINUE_ON_FAILURE): Browser is opened with url: 'https://capstone-study-space.netlify.app/'

2022-07-18 10:00:20 - [MESSAGE][INFO] - Starting 'Chrome' driver

2022-07-18 10:00:20 - [MESSAGE][INFO] - Action delay is set to 0 milliseconds

2022-07-18 10:00:23 - [MESSAGE][PASSED] - Browser is opened with url: 'https://capstone-study-space.netlify.app/'

2022-07-18 10:00:23 - [TEST_STEP][PASSED] - maximizeWindow(CONTINUE_ON_FAILURE): Current window maximized

2022-07-18 10:00:23 - [MESSAGE][PASSED] - Current window maximized

2022-07-18 10:00:23 - [TEST_STEP][PASSED] - click(findTestObject("02_Web/02_Auth/SC003_Sign In/button_Login"), CONTINUE_ON_FAILURE): Object: 'Object Repository/02_Web/02_Auth/SC003_Sign In/button_Login' is clicked on

2022-07-18 10:00:23 - [MESSAGE][PASSED] - Object: 'Object Repository/02_Web/02_Auth/SC003_Sign In/button_Login' is clicked on

2022-07-18 10:00:23 - [TEST_STEP][PASSED] - setText(findTestObject("02_Web/02_Auth/SC003_Sign In/input_email_email"), "salsabilarhdsy@gmail.com", CONTINUE_ON_FAILURE): Text 'salsabilarhdsy@gmail.com' is set on object 'Object Repository/02_Web/02_Auth/SC003_Sign In/input_email_email'

2022-07-18 10:00:24 - [MESSAGE][PASSED] - Text 'salsabilarhdsy@gmail.com' is set on object 'Object Repository/02_Web/02_Auth/SC003_Sign In/input_email_email'

2022-07-18 10:00:24 - [TEST_STEP][PASSED] - setText(findTestObject("02_Web/02_Auth/SC003_Sign In/input_password_password"), "Salsa123!", CONTINUE_ON_FAILURE): Text 'Salsa123!' is set on object 'Object Repository/02_Web/02_Auth/SC003_Sign In/input_password_password'

2022-07-18 10:00:25 - [MESSAGE][PASSED] - Text 'Salsa123!' is set on object 'Object Repository/02_Web/02_Auth/SC003_Sign In/input_password_password'

2022-07-18 10:00:25 - [TEST_STEP][PASSED] - click(findTestObject("02_Web/02_Auth/SC003_Sign In/button_Login_submit"), CONTINUE_ON_FAILURE): Object: 'Object Repository/02_Web/02_Auth/SC003_Sign In/button_Login_submit' is clicked on

2022-07-18 10:00:26 - [MESSAGE][PASSED] - Object: 'Object Repository/02_Web/02_Auth/SC003_Sign In/button_Login_submit' is clicked on

2022-07-18 10:00:26 - [MESSAGE][PASSED] - Call Test Case 'Test Cases/02_Web/signin' successfully

2022-07-18 10:00:26 - [TEST_STEP][PASSED] - click(findTestObject("02_Web/03_Home/SC006_Join Class/button_Join Class")): Object: 'Object Repository/02_Web/03_Home/SC006_Join Class/button_Join Class' is clicked on

2022-07-18 10:00:57 - [MESSAGE][INFO] - Unable to find the element located by 'By.xpath: /html/body/div/div/div[4]/div/div/div/button'. Please recheck the objects properties to make sure the desired element is located. 

2022-07-18 10:00:57 - [MESSAGE][WARNING] - [SELF-HEALING] Failed to find element with id 'Object Repository/02_Web/03_Home/SC006_Join Class/button_Join Class'. Try using Self-healing.

2022-07-18 10:00:57 - [MESSAGE][INFO] - [SELF-HEALING] Working Locator: '//div[@id='root']/div/div[4]/div/div/button'.

2022-07-18 10:00:57 - [MESSAGE][INFO] - [SELF-HEALING] Screenshot: F:/1. UNNES/6. Semester 6/2 - MSIB/CAPSTONE PROJECT/testing-lms/Reports/Self-healing/Object Repository/02_Web/03_Home/SC006_Join Class/button_Join Class_idRelative.png

2022-07-18 10:00:57 - [MESSAGE][WARNING] - [SELF-HEALING] The current locator of test object 'Object Repository/02_Web/03_Home/SC006_Join Class/button_Join Class' was broken. Propose an alternative one: '//div[@id='root']/div/div[4]/div/div/button'.

2022-07-18 10:00:58 - [MESSAGE][PASSED] - Object: 'Object Repository/02_Web/03_Home/SC006_Join Class/button_Join Class' is clicked on

2022-07-18 10:00:58 - [TEST_STEP][PASSED] - for ([i = 1, i <= 3, (i++)]): Object 'Object Repository/02_Web/03_Home/SC006_Join Class/a_description' is present

2022-07-18 10:00:58 - [TEST_STEP][PASSED] - setText(findTestObject("02_Web/03_Home/SC006_Join Class/input_class code"), findTestData("join_class").getValue(3, i)): Text '' is set on object 'Object Repository/02_Web/03_Home/SC006_Join Class/input_class code'

2022-07-18 10:00:58 - [MESSAGE][PASSED] - Text '' is set on object 'Object Repository/02_Web/03_Home/SC006_Join Class/input_class code'

2022-07-18 10:00:58 - [TEST_STEP][PASSED] - click(findTestObject("02_Web/03_Home/SC006_Join Class/button_Join")): Object: 'Object Repository/02_Web/03_Home/SC006_Join Class/button_Join' is clicked on

2022-07-18 10:00:59 - [MESSAGE][PASSED] - Object: 'Object Repository/02_Web/03_Home/SC006_Join Class/button_Join' is clicked on

2022-07-18 10:00:59 - [TEST_STEP][PASSED] - if (findTestData("join_class").getValue(2, i) == "negative"): Object 'Object Repository/02_Web/03_Home/SC006_Join Class/button_Join' is present

2022-07-18 10:00:59 - [TEST_STEP][PASSED] - verifyElementPresent(findTestObject("02_Web/03_Home/SC006_Join Class/button_Join"), 0): Object 'Object Repository/02_Web/03_Home/SC006_Join Class/button_Join' is present

2022-07-18 10:00:59 - [MESSAGE][WARNING] - Timeout '0' is invalid. Using default page load timeout: '30'

2022-07-18 10:00:59 - [MESSAGE][PASSED] - Object 'Object Repository/02_Web/03_Home/SC006_Join Class/button_Join' is present

2022-07-18 10:00:59 - [TEST_STEP][PASSED] - setText(findTestObject("02_Web/03_Home/SC006_Join Class/input_class code"), findTestData("join_class").getValue(3, i)): Text 'abcdefh12' is set on object 'Object Repository/02_Web/03_Home/SC006_Join Class/input_class code'

2022-07-18 10:01:00 - [MESSAGE][PASSED] - Text 'abcdefh12' is set on object 'Object Repository/02_Web/03_Home/SC006_Join Class/input_class code'

2022-07-18 10:01:00 - [TEST_STEP][PASSED] - click(findTestObject("02_Web/03_Home/SC006_Join Class/button_Join")): Object: 'Object Repository/02_Web/03_Home/SC006_Join Class/button_Join' is clicked on

2022-07-18 10:01:01 - [MESSAGE][PASSED] - Object: 'Object Repository/02_Web/03_Home/SC006_Join Class/button_Join' is clicked on

2022-07-18 10:01:01 - [TEST_STEP][PASSED] - if (findTestData("join_class").getValue(2, i) == "negative"): Object 'Object Repository/02_Web/03_Home/SC006_Join Class/button_Join' is present

2022-07-18 10:01:01 - [TEST_STEP][PASSED] - verifyElementPresent(findTestObject("02_Web/03_Home/SC006_Join Class/button_Join"), 0): Object 'Object Repository/02_Web/03_Home/SC006_Join Class/button_Join' is present

2022-07-18 10:01:01 - [MESSAGE][WARNING] - Timeout '0' is invalid. Using default page load timeout: '30'

2022-07-18 10:01:01 - [MESSAGE][PASSED] - Object 'Object Repository/02_Web/03_Home/SC006_Join Class/button_Join' is present

2022-07-18 10:01:01 - [TEST_STEP][PASSED] - setText(findTestObject("02_Web/03_Home/SC006_Join Class/input_class code"), findTestData("join_class").getValue(3, i)): Text '5360e6355a' is set on object 'Object Repository/02_Web/03_Home/SC006_Join Class/input_class code'

2022-07-18 10:01:02 - [MESSAGE][PASSED] - Text '5360e6355a' is set on object 'Object Repository/02_Web/03_Home/SC006_Join Class/input_class code'

2022-07-18 10:01:02 - [TEST_STEP][PASSED] - click(findTestObject("02_Web/03_Home/SC006_Join Class/button_Join")): Object: 'Object Repository/02_Web/03_Home/SC006_Join Class/button_Join' is clicked on

2022-07-18 10:01:02 - [MESSAGE][PASSED] - Object: 'Object Repository/02_Web/03_Home/SC006_Join Class/button_Join' is clicked on

2022-07-18 10:01:02 - [TEST_STEP][PASSED] - if (findTestData("join_class").getValue(2, i) == "negative"): null

2022-07-18 10:01:03 - [TEST_STEP][PASSED] - else: Object 'Object Repository/02_Web/03_Home/SC006_Join Class/a_description' is present

2022-07-18 10:01:03 - [TEST_STEP][PASSED] - verifyElementPresent(findTestObject("02_Web/03_Home/SC006_Join Class/a_description"), 0): Object 'Object Repository/02_Web/03_Home/SC006_Join Class/a_description' is present

2022-07-18 10:01:03 - [MESSAGE][WARNING] - Timeout '0' is invalid. Using default page load timeout: '30'

2022-07-18 10:01:09 - [MESSAGE][PASSED] - Object 'Object Repository/02_Web/03_Home/SC006_Join Class/a_description' is present

2022-07-18 10:01:09 - [TEST_STEP][PASSED] - closeBrowser(): Browser is closed

2022-07-18 10:01:10 - [MESSAGE][PASSED] - Browser is closed]]></system-out>
         <system-err><![CDATA[]]></system-err>
      </testcase>
      <testcase name="Test Cases/02_Web/03_Home/SC008_Active Class/TC001_View All Active Class" time="15.692" classname="Test Cases/02_Web/03_Home/SC008_Active Class/TC001_View All Active Class" status="PASSED">
         <system-out><![CDATA[2022-07-18 10:01:10 - [TEST_CASE][PASSED] - Test Cases/02_Web/03_Home/SC008_Active Class/TC001_View All Active Class: Test Cases/02_Web/03_Home/SC008_Active Class/TC001_View All Active Class

2022-07-18 10:01:10 - [TEST_STEP][PASSED] - callTestCase(findTestCase("02_Web/signin"), [:], STOP_ON_FAILURE): Call Test Case 'Test Cases/02_Web/signin' successfully

2022-07-18 10:01:10 - [TEST_CASE][PASSED] - Test Cases/02_Web/signin: Test Cases/02_Web/signin

2022-07-18 10:01:10 - [TEST_STEP][PASSED] - openBrowser(url_website, CONTINUE_ON_FAILURE): Browser is opened with url: 'https://capstone-study-space.netlify.app/'

2022-07-18 10:01:10 - [MESSAGE][INFO] - Starting 'Chrome' driver

2022-07-18 10:01:10 - [MESSAGE][INFO] - Action delay is set to 0 milliseconds

2022-07-18 10:01:13 - [MESSAGE][PASSED] - Browser is opened with url: 'https://capstone-study-space.netlify.app/'

2022-07-18 10:01:13 - [TEST_STEP][PASSED] - maximizeWindow(CONTINUE_ON_FAILURE): Current window maximized

2022-07-18 10:01:13 - [MESSAGE][PASSED] - Current window maximized

2022-07-18 10:01:13 - [TEST_STEP][PASSED] - click(findTestObject("02_Web/02_Auth/SC003_Sign In/button_Login"), CONTINUE_ON_FAILURE): Object: 'Object Repository/02_Web/02_Auth/SC003_Sign In/button_Login' is clicked on

2022-07-18 10:01:13 - [MESSAGE][PASSED] - Object: 'Object Repository/02_Web/02_Auth/SC003_Sign In/button_Login' is clicked on

2022-07-18 10:01:14 - [TEST_STEP][PASSED] - setText(findTestObject("02_Web/02_Auth/SC003_Sign In/input_email_email"), "salsabilarhdsy@gmail.com", CONTINUE_ON_FAILURE): Text 'salsabilarhdsy@gmail.com' is set on object 'Object Repository/02_Web/02_Auth/SC003_Sign In/input_email_email'

2022-07-18 10:01:15 - [MESSAGE][PASSED] - Text 'salsabilarhdsy@gmail.com' is set on object 'Object Repository/02_Web/02_Auth/SC003_Sign In/input_email_email'

2022-07-18 10:01:15 - [TEST_STEP][PASSED] - setText(findTestObject("02_Web/02_Auth/SC003_Sign In/input_password_password"), "Salsa123!", CONTINUE_ON_FAILURE): Text 'Salsa123!' is set on object 'Object Repository/02_Web/02_Auth/SC003_Sign In/input_password_password'

2022-07-18 10:01:15 - [MESSAGE][PASSED] - Text 'Salsa123!' is set on object 'Object Repository/02_Web/02_Auth/SC003_Sign In/input_password_password'

2022-07-18 10:01:15 - [TEST_STEP][PASSED] - click(findTestObject("02_Web/02_Auth/SC003_Sign In/button_Login_submit"), CONTINUE_ON_FAILURE): Object: 'Object Repository/02_Web/02_Auth/SC003_Sign In/button_Login_submit' is clicked on

2022-07-18 10:01:16 - [MESSAGE][PASSED] - Object: 'Object Repository/02_Web/02_Auth/SC003_Sign In/button_Login_submit' is clicked on

2022-07-18 10:01:16 - [MESSAGE][PASSED] - Call Test Case 'Test Cases/02_Web/signin' successfully

2022-07-18 10:01:16 - [TEST_STEP][PASSED] - click(findTestObject("02_Web/03_Home/SC008_Active Class/a_view all")): Object: 'Object Repository/02_Web/03_Home/SC008_Active Class/a_view all' is clicked on

2022-07-18 10:01:22 - [MESSAGE][PASSED] - Object: 'Object Repository/02_Web/03_Home/SC008_Active Class/a_view all' is clicked on

2022-07-18 10:01:22 - [TEST_STEP][PASSED] - waitForElementPresent(findTestObject("02_Web/03_Home/SC008_Active Class/div_AllClass StudentClass Teacher"), 0): Object 'Object Repository/02_Web/03_Home/SC008_Active Class/div_AllClass StudentClass Teacher' is present

2022-07-18 10:01:22 - [MESSAGE][WARNING] - Timeout '0' is invalid. Using default page load timeout: '30'

2022-07-18 10:01:25 - [MESSAGE][PASSED] - Object 'Object Repository/02_Web/03_Home/SC008_Active Class/div_AllClass StudentClass Teacher' is present

2022-07-18 10:01:25 - [TEST_STEP][PASSED] - closeBrowser(): Browser is closed

2022-07-18 10:01:25 - [MESSAGE][PASSED] - Browser is closed]]></system-out>
         <system-err><![CDATA[]]></system-err>
      </testcase>
      <testcase name="Test Cases/02_Web/04_My Class/SC009_Class List/TC001_View Detail Class in My Class" time="19.607" classname="Test Cases/02_Web/04_My Class/SC009_Class List/TC001_View Detail Class in My Class" status="PASSED">
         <system-out><![CDATA[2022-07-18 10:01:25 - [TEST_CASE][PASSED] - Test Cases/02_Web/04_My Class/SC009_Class List/TC001_View Detail Class in My Class: Test Cases/02_Web/04_My Class/SC009_Class List/TC001_View Detail Class in My Class

2022-07-18 10:01:26 - [TEST_STEP][PASSED] - callTestCase(findTestCase("02_Web/signin"), [:], STOP_ON_FAILURE): Call Test Case 'Test Cases/02_Web/signin' successfully

2022-07-18 10:01:26 - [TEST_CASE][PASSED] - Test Cases/02_Web/signin: Test Cases/02_Web/signin

2022-07-18 10:01:26 - [TEST_STEP][PASSED] - openBrowser(url_website, CONTINUE_ON_FAILURE): Browser is opened with url: 'https://capstone-study-space.netlify.app/'

2022-07-18 10:01:26 - [MESSAGE][INFO] - Starting 'Chrome' driver

2022-07-18 10:01:26 - [MESSAGE][INFO] - Action delay is set to 0 milliseconds

2022-07-18 10:01:29 - [MESSAGE][PASSED] - Browser is opened with url: 'https://capstone-study-space.netlify.app/'

2022-07-18 10:01:29 - [TEST_STEP][PASSED] - maximizeWindow(CONTINUE_ON_FAILURE): Current window maximized

2022-07-18 10:01:29 - [MESSAGE][PASSED] - Current window maximized

2022-07-18 10:01:29 - [TEST_STEP][PASSED] - click(findTestObject("02_Web/02_Auth/SC003_Sign In/button_Login"), CONTINUE_ON_FAILURE): Object: 'Object Repository/02_Web/02_Auth/SC003_Sign In/button_Login' is clicked on

2022-07-18 10:01:29 - [MESSAGE][PASSED] - Object: 'Object Repository/02_Web/02_Auth/SC003_Sign In/button_Login' is clicked on

2022-07-18 10:01:29 - [TEST_STEP][PASSED] - setText(findTestObject("02_Web/02_Auth/SC003_Sign In/input_email_email"), "salsabilarhdsy@gmail.com", CONTINUE_ON_FAILURE): Text 'salsabilarhdsy@gmail.com' is set on object 'Object Repository/02_Web/02_Auth/SC003_Sign In/input_email_email'

2022-07-18 10:01:30 - [MESSAGE][PASSED] - Text 'salsabilarhdsy@gmail.com' is set on object 'Object Repository/02_Web/02_Auth/SC003_Sign In/input_email_email'

2022-07-18 10:01:30 - [TEST_STEP][PASSED] - setText(findTestObject("02_Web/02_Auth/SC003_Sign In/input_password_password"), "Salsa123!", CONTINUE_ON_FAILURE): Text 'Salsa123!' is set on object 'Object Repository/02_Web/02_Auth/SC003_Sign In/input_password_password'

2022-07-18 10:01:31 - [MESSAGE][PASSED] - Text 'Salsa123!' is set on object 'Object Repository/02_Web/02_Auth/SC003_Sign In/input_password_password'

2022-07-18 10:01:31 - [TEST_STEP][PASSED] - click(findTestObject("02_Web/02_Auth/SC003_Sign In/button_Login_submit"), CONTINUE_ON_FAILURE): Object: 'Object Repository/02_Web/02_Auth/SC003_Sign In/button_Login_submit' is clicked on

2022-07-18 10:01:31 - [MESSAGE][PASSED] - Object: 'Object Repository/02_Web/02_Auth/SC003_Sign In/button_Login_submit' is clicked on

2022-07-18 10:01:31 - [MESSAGE][PASSED] - Call Test Case 'Test Cases/02_Web/signin' successfully

2022-07-18 10:01:31 - [TEST_STEP][PASSED] - click(findTestObject("02_Web/04_My Class/SC009_Class List/menu_sidebar")): Object: 'Object Repository/02_Web/04_My Class/SC009_Class List/menu_sidebar' is clicked on

2022-07-18 10:01:37 - [MESSAGE][PASSED] - Object: 'Object Repository/02_Web/04_My Class/SC009_Class List/menu_sidebar' is clicked on

2022-07-18 10:01:37 - [TEST_STEP][PASSED] - click(findTestObject("02_Web/04_My Class/SC009_Class List/a_my class")): Object: 'Object Repository/02_Web/04_My Class/SC009_Class List/a_my class' is clicked on

2022-07-18 10:01:38 - [MESSAGE][PASSED] - Object: 'Object Repository/02_Web/04_My Class/SC009_Class List/a_my class' is clicked on

2022-07-18 10:01:38 - [TEST_STEP][PASSED] - click(findTestObject("02_Web/04_My Class/SC009_Class List/a_All")): Object: 'Object Repository/02_Web/04_My Class/SC009_Class List/a_All' is clicked on

2022-07-18 10:01:41 - [MESSAGE][PASSED] - Object: 'Object Repository/02_Web/04_My Class/SC009_Class List/a_All' is clicked on

2022-07-18 10:01:41 - [TEST_STEP][PASSED] - class_name = getText(findTestObject("02_Web/04_My Class/SC009_Class List/class_name_myclass"), STOP_ON_FAILURE).toUpperCase(): Text of object 'Object Repository/02_Web/04_My Class/SC009_Class List/class_name_myclass' is: 'Quality Engineer - 01'

2022-07-18 10:01:41 - [MESSAGE][PASSED] - Text of object 'Object Repository/02_Web/04_My Class/SC009_Class List/class_name_myclass' is: 'Quality Engineer - 01'

2022-07-18 10:01:41 - [TEST_STEP][PASSED] - click(findTestObject("02_Web/04_My Class/SC009_Class List/all_class_object")): Object: 'Object Repository/02_Web/04_My Class/SC009_Class List/all_class_object' is clicked on

2022-07-18 10:01:42 - [MESSAGE][PASSED] - Object: 'Object Repository/02_Web/04_My Class/SC009_Class List/all_class_object' is clicked on

2022-07-18 10:01:42 - [TEST_STEP][PASSED] - verifyElementText(findTestObject("02_Web/04_My Class/SC009_Class List/class_name_detail"), class_name, CONTINUE_ON_FAILURE): Actual text and expected text of test object 'Object Repository/02_Web/04_My Class/SC009_Class List/class_name_detail' are matched.

2022-07-18 10:01:44 - [MESSAGE][PASSED] - Actual text and expected text of test object 'Object Repository/02_Web/04_My Class/SC009_Class List/class_name_detail' are matched.

2022-07-18 10:01:44 - [TEST_STEP][PASSED] - closeBrowser(): Browser is closed

2022-07-18 10:01:45 - [MESSAGE][PASSED] - Browser is closed]]></system-out>
         <system-err><![CDATA[]]></system-err>
      </testcase>
      <testcase name="Test Cases/02_Web/04_My Class/SC009_Class List/TC002_View Detail Student Class in My Class" time="48.91" classname="Test Cases/02_Web/04_My Class/SC009_Class List/TC002_View Detail Student Class in My Class" status="PASSED">
         <system-out><![CDATA[2022-07-18 10:01:45 - [TEST_CASE][PASSED] - Test Cases/02_Web/04_My Class/SC009_Class List/TC002_View Detail Student Class in My Class: Test Cases/02_Web/04_My Class/SC009_Class List/TC002_View Detail Student Class in My Class

2022-07-18 10:01:45 - [TEST_STEP][PASSED] - callTestCase(findTestCase("02_Web/signin"), [:], STOP_ON_FAILURE): Call Test Case 'Test Cases/02_Web/signin' successfully

2022-07-18 10:01:45 - [TEST_CASE][PASSED] - Test Cases/02_Web/signin: Test Cases/02_Web/signin

2022-07-18 10:01:45 - [TEST_STEP][PASSED] - openBrowser(url_website, CONTINUE_ON_FAILURE): Browser is opened with url: 'https://capstone-study-space.netlify.app/'

2022-07-18 10:01:45 - [MESSAGE][INFO] - Starting 'Chrome' driver

2022-07-18 10:01:45 - [MESSAGE][INFO] - Action delay is set to 0 milliseconds

2022-07-18 10:01:48 - [MESSAGE][PASSED] - Browser is opened with url: 'https://capstone-study-space.netlify.app/'

2022-07-18 10:01:48 - [TEST_STEP][PASSED] - maximizeWindow(CONTINUE_ON_FAILURE): Current window maximized

2022-07-18 10:01:48 - [MESSAGE][PASSED] - Current window maximized

2022-07-18 10:01:48 - [TEST_STEP][PASSED] - click(findTestObject("02_Web/02_Auth/SC003_Sign In/button_Login"), CONTINUE_ON_FAILURE): Object: 'Object Repository/02_Web/02_Auth/SC003_Sign In/button_Login' is clicked on

2022-07-18 10:01:49 - [MESSAGE][PASSED] - Object: 'Object Repository/02_Web/02_Auth/SC003_Sign In/button_Login' is clicked on

2022-07-18 10:01:49 - [TEST_STEP][PASSED] - setText(findTestObject("02_Web/02_Auth/SC003_Sign In/input_email_email"), "salsabilarhdsy@gmail.com", CONTINUE_ON_FAILURE): Text 'salsabilarhdsy@gmail.com' is set on object 'Object Repository/02_Web/02_Auth/SC003_Sign In/input_email_email'

2022-07-18 10:01:50 - [MESSAGE][PASSED] - Text 'salsabilarhdsy@gmail.com' is set on object 'Object Repository/02_Web/02_Auth/SC003_Sign In/input_email_email'

2022-07-18 10:01:50 - [TEST_STEP][PASSED] - setText(findTestObject("02_Web/02_Auth/SC003_Sign In/input_password_password"), "Salsa123!", CONTINUE_ON_FAILURE): Text 'Salsa123!' is set on object 'Object Repository/02_Web/02_Auth/SC003_Sign In/input_password_password'

2022-07-18 10:01:51 - [MESSAGE][PASSED] - Text 'Salsa123!' is set on object 'Object Repository/02_Web/02_Auth/SC003_Sign In/input_password_password'

2022-07-18 10:01:51 - [TEST_STEP][PASSED] - click(findTestObject("02_Web/02_Auth/SC003_Sign In/button_Login_submit"), CONTINUE_ON_FAILURE): Object: 'Object Repository/02_Web/02_Auth/SC003_Sign In/button_Login_submit' is clicked on

2022-07-18 10:01:51 - [MESSAGE][PASSED] - Object: 'Object Repository/02_Web/02_Auth/SC003_Sign In/button_Login_submit' is clicked on

2022-07-18 10:01:51 - [MESSAGE][PASSED] - Call Test Case 'Test Cases/02_Web/signin' successfully

2022-07-18 10:01:51 - [TEST_STEP][PASSED] - click(findTestObject("02_Web/04_My Class/SC009_Class List/menu_sidebar")): Object: 'Object Repository/02_Web/04_My Class/SC009_Class List/menu_sidebar' is clicked on

2022-07-18 10:01:57 - [MESSAGE][PASSED] - Object: 'Object Repository/02_Web/04_My Class/SC009_Class List/menu_sidebar' is clicked on

2022-07-18 10:01:57 - [TEST_STEP][PASSED] - click(findTestObject("02_Web/04_My Class/SC009_Class List/a_my class")): Object: 'Object Repository/02_Web/04_My Class/SC009_Class List/a_my class' is clicked on

2022-07-18 10:01:57 - [MESSAGE][PASSED] - Object: 'Object Repository/02_Web/04_My Class/SC009_Class List/a_my class' is clicked on

2022-07-18 10:01:57 - [TEST_STEP][PASSED] - click(findTestObject("02_Web/04_My Class/SC009_Class List/a_Student")): Object: 'Object Repository/02_Web/04_My Class/SC009_Class List/a_Student' is clicked on

2022-07-18 10:02:01 - [MESSAGE][PASSED] - Object: 'Object Repository/02_Web/04_My Class/SC009_Class List/a_Student' is clicked on

2022-07-18 10:02:01 - [TEST_STEP][PASSED] - class_name = getText(findTestObject("02_Web/04_My Class/SC009_Class List/class_name_myclass"), STOP_ON_FAILURE).toUpperCase(): Text of object 'Object Repository/02_Web/04_My Class/SC009_Class List/class_name_myclass' is: 'Class - 1'

2022-07-18 10:02:01 - [MESSAGE][PASSED] - Text of object 'Object Repository/02_Web/04_My Class/SC009_Class List/class_name_myclass' is: 'Class - 1'

2022-07-18 10:02:01 - [TEST_STEP][PASSED] - click(findTestObject("02_Web/04_My Class/SC009_Class List/all_class_object")): Object: 'Object Repository/02_Web/04_My Class/SC009_Class List/all_class_object' is clicked on

2022-07-18 10:02:02 - [MESSAGE][PASSED] - Object: 'Object Repository/02_Web/04_My Class/SC009_Class List/all_class_object' is clicked on

2022-07-18 10:02:02 - [TEST_STEP][PASSED] - verifyElementText(findTestObject("02_Web/04_My Class/SC009_Class List/class_name_detail"), class_name, CONTINUE_ON_FAILURE): Actual text and expected text of test object 'Object Repository/02_Web/04_My Class/SC009_Class List/class_name_detail' are matched.

2022-07-18 10:02:33 - [MESSAGE][INFO] - Unable to find the element located by 'By.xpath: //div[@id='parent']/div[2]/p'. Please recheck the objects properties to make sure the desired element is located. 

2022-07-18 10:02:33 - [MESSAGE][WARNING] - [SELF-HEALING] Failed to find element with id 'Object Repository/02_Web/04_My Class/SC009_Class List/class_name_detail'. Try using Self-healing.

2022-07-18 10:02:33 - [MESSAGE][WARNING] - [SELF-HEALING] The current locator of test object 'Object Repository/02_Web/04_My Class/SC009_Class List/class_name_detail' was broken. Propose an alternative one: '(.//*[normalize-space(text()) and normalize-space(.)='feedback'])[1]/following::p[1]'.

2022-07-18 10:02:33 - [MESSAGE][PASSED] - Actual text and expected text of test object 'Object Repository/02_Web/04_My Class/SC009_Class List/class_name_detail' are matched.

2022-07-18 10:02:33 - [TEST_STEP][PASSED] - closeBrowser(): Browser is closed

2022-07-18 10:02:34 - [MESSAGE][PASSED] - Browser is closed]]></system-out>
         <system-err><![CDATA[]]></system-err>
      </testcase>
      <testcase name="Test Cases/02_Web/04_My Class/SC009_Class List/TC003_View Detail Teacher Class in My Class" time="20.866" classname="Test Cases/02_Web/04_My Class/SC009_Class List/TC003_View Detail Teacher Class in My Class" status="PASSED">
         <system-out><![CDATA[2022-07-18 10:02:34 - [TEST_CASE][PASSED] - Test Cases/02_Web/04_My Class/SC009_Class List/TC003_View Detail Teacher Class in My Class: Test Cases/02_Web/04_My Class/SC009_Class List/TC003_View Detail Teacher Class in My Class

2022-07-18 10:02:34 - [TEST_STEP][PASSED] - callTestCase(findTestCase("02_Web/signin"), [:], STOP_ON_FAILURE): Call Test Case 'Test Cases/02_Web/signin' successfully

2022-07-18 10:02:34 - [TEST_CASE][PASSED] - Test Cases/02_Web/signin: Test Cases/02_Web/signin

2022-07-18 10:02:34 - [TEST_STEP][PASSED] - openBrowser(url_website, CONTINUE_ON_FAILURE): Browser is opened with url: 'https://capstone-study-space.netlify.app/'

2022-07-18 10:02:34 - [MESSAGE][INFO] - Starting 'Chrome' driver

2022-07-18 10:02:34 - [MESSAGE][INFO] - Action delay is set to 0 milliseconds

2022-07-18 10:02:38 - [MESSAGE][PASSED] - Browser is opened with url: 'https://capstone-study-space.netlify.app/'

2022-07-18 10:02:38 - [TEST_STEP][PASSED] - maximizeWindow(CONTINUE_ON_FAILURE): Current window maximized

2022-07-18 10:02:38 - [MESSAGE][PASSED] - Current window maximized

2022-07-18 10:02:38 - [TEST_STEP][PASSED] - click(findTestObject("02_Web/02_Auth/SC003_Sign In/button_Login"), CONTINUE_ON_FAILURE): Object: 'Object Repository/02_Web/02_Auth/SC003_Sign In/button_Login' is clicked on

2022-07-18 10:02:39 - [MESSAGE][PASSED] - Object: 'Object Repository/02_Web/02_Auth/SC003_Sign In/button_Login' is clicked on

2022-07-18 10:02:39 - [TEST_STEP][PASSED] - setText(findTestObject("02_Web/02_Auth/SC003_Sign In/input_email_email"), "salsabilarhdsy@gmail.com", CONTINUE_ON_FAILURE): Text 'salsabilarhdsy@gmail.com' is set on object 'Object Repository/02_Web/02_Auth/SC003_Sign In/input_email_email'

2022-07-18 10:02:40 - [MESSAGE][PASSED] - Text 'salsabilarhdsy@gmail.com' is set on object 'Object Repository/02_Web/02_Auth/SC003_Sign In/input_email_email'

2022-07-18 10:02:40 - [TEST_STEP][PASSED] - setText(findTestObject("02_Web/02_Auth/SC003_Sign In/input_password_password"), "Salsa123!", CONTINUE_ON_FAILURE): Text 'Salsa123!' is set on object 'Object Repository/02_Web/02_Auth/SC003_Sign In/input_password_password'

2022-07-18 10:02:41 - [MESSAGE][PASSED] - Text 'Salsa123!' is set on object 'Object Repository/02_Web/02_Auth/SC003_Sign In/input_password_password'

2022-07-18 10:02:41 - [TEST_STEP][PASSED] - click(findTestObject("02_Web/02_Auth/SC003_Sign In/button_Login_submit"), CONTINUE_ON_FAILURE): Object: 'Object Repository/02_Web/02_Auth/SC003_Sign In/button_Login_submit' is clicked on

2022-07-18 10:02:41 - [MESSAGE][PASSED] - Object: 'Object Repository/02_Web/02_Auth/SC003_Sign In/button_Login_submit' is clicked on

2022-07-18 10:02:41 - [MESSAGE][PASSED] - Call Test Case 'Test Cases/02_Web/signin' successfully

2022-07-18 10:02:41 - [TEST_STEP][PASSED] - click(findTestObject("02_Web/04_My Class/SC009_Class List/menu_sidebar")): Object: 'Object Repository/02_Web/04_My Class/SC009_Class List/menu_sidebar' is clicked on

2022-07-18 10:02:47 - [MESSAGE][PASSED] - Object: 'Object Repository/02_Web/04_My Class/SC009_Class List/menu_sidebar' is clicked on

2022-07-18 10:02:47 - [TEST_STEP][PASSED] - click(findTestObject("02_Web/04_My Class/SC009_Class List/a_my class")): Object: 'Object Repository/02_Web/04_My Class/SC009_Class List/a_my class' is clicked on

2022-07-18 10:02:48 - [MESSAGE][PASSED] - Object: 'Object Repository/02_Web/04_My Class/SC009_Class List/a_my class' is clicked on

2022-07-18 10:02:48 - [TEST_STEP][PASSED] - click(findTestObject("02_Web/04_My Class/SC009_Class List/a_Teacher")): Object: 'Object Repository/02_Web/04_My Class/SC009_Class List/a_Teacher' is clicked on

2022-07-18 10:02:51 - [MESSAGE][PASSED] - Object: 'Object Repository/02_Web/04_My Class/SC009_Class List/a_Teacher' is clicked on

2022-07-18 10:02:51 - [TEST_STEP][PASSED] - class_name = getText(findTestObject("02_Web/04_My Class/SC009_Class List/class_name_myclass"), STOP_ON_FAILURE).toUpperCase(): Text of object 'Object Repository/02_Web/04_My Class/SC009_Class List/class_name_myclass' is: 'Quality Engineer - 01'

2022-07-18 10:02:51 - [MESSAGE][PASSED] - Text of object 'Object Repository/02_Web/04_My Class/SC009_Class List/class_name_myclass' is: 'Quality Engineer - 01'

2022-07-18 10:02:51 - [TEST_STEP][PASSED] - click(findTestObject("02_Web/04_My Class/SC009_Class List/all_class_object")): Object: 'Object Repository/02_Web/04_My Class/SC009_Class List/all_class_object' is clicked on

2022-07-18 10:02:52 - [MESSAGE][PASSED] - Object: 'Object Repository/02_Web/04_My Class/SC009_Class List/all_class_object' is clicked on

2022-07-18 10:02:52 - [TEST_STEP][PASSED] - verifyElementText(findTestObject("02_Web/04_My Class/SC009_Class List/class_name_detail"), class_name, CONTINUE_ON_FAILURE): Actual text and expected text of test object 'Object Repository/02_Web/04_My Class/SC009_Class List/class_name_detail' are matched.

2022-07-18 10:02:54 - [MESSAGE][PASSED] - Actual text and expected text of test object 'Object Repository/02_Web/04_My Class/SC009_Class List/class_name_detail' are matched.

2022-07-18 10:02:54 - [TEST_STEP][PASSED] - closeBrowser(): Browser is closed

2022-07-18 10:02:55 - [MESSAGE][PASSED] - Browser is closed]]></system-out>
         <system-err><![CDATA[]]></system-err>
      </testcase>
      <testcase name="Test Cases/02_Web/04_My Class/SC010_Class Members/TC001_View Numbers of Student in A Class" time="15.904" classname="Test Cases/02_Web/04_My Class/SC010_Class Members/TC001_View Numbers of Student in A Class" status="PASSED">
         <system-out><![CDATA[2022-07-18 10:02:55 - [TEST_CASE][PASSED] - Test Cases/02_Web/04_My Class/SC010_Class Members/TC001_View Numbers of Student in A Class: Test Cases/02_Web/04_My Class/SC010_Class Members/TC001_View Numbers of Student in A Class

2022-07-18 10:02:55 - [TEST_STEP][PASSED] - callTestCase(findTestCase("02_Web/signin"), [:], STOP_ON_FAILURE): Call Test Case 'Test Cases/02_Web/signin' successfully

2022-07-18 10:02:55 - [TEST_CASE][PASSED] - Test Cases/02_Web/signin: Test Cases/02_Web/signin

2022-07-18 10:02:55 - [TEST_STEP][PASSED] - openBrowser(url_website, CONTINUE_ON_FAILURE): Browser is opened with url: 'https://capstone-study-space.netlify.app/'

2022-07-18 10:02:55 - [MESSAGE][INFO] - Starting 'Chrome' driver

2022-07-18 10:02:55 - [MESSAGE][INFO] - Action delay is set to 0 milliseconds

2022-07-18 10:02:58 - [MESSAGE][PASSED] - Browser is opened with url: 'https://capstone-study-space.netlify.app/'

2022-07-18 10:02:58 - [TEST_STEP][PASSED] - maximizeWindow(CONTINUE_ON_FAILURE): Current window maximized

2022-07-18 10:02:58 - [MESSAGE][PASSED] - Current window maximized

2022-07-18 10:02:58 - [TEST_STEP][PASSED] - click(findTestObject("02_Web/02_Auth/SC003_Sign In/button_Login"), CONTINUE_ON_FAILURE): Object: 'Object Repository/02_Web/02_Auth/SC003_Sign In/button_Login' is clicked on

2022-07-18 10:02:59 - [MESSAGE][PASSED] - Object: 'Object Repository/02_Web/02_Auth/SC003_Sign In/button_Login' is clicked on

2022-07-18 10:02:59 - [TEST_STEP][PASSED] - setText(findTestObject("02_Web/02_Auth/SC003_Sign In/input_email_email"), "salsabilarhdsy@gmail.com", CONTINUE_ON_FAILURE): Text 'salsabilarhdsy@gmail.com' is set on object 'Object Repository/02_Web/02_Auth/SC003_Sign In/input_email_email'

2022-07-18 10:03:00 - [MESSAGE][PASSED] - Text 'salsabilarhdsy@gmail.com' is set on object 'Object Repository/02_Web/02_Auth/SC003_Sign In/input_email_email'

2022-07-18 10:03:00 - [TEST_STEP][PASSED] - setText(findTestObject("02_Web/02_Auth/SC003_Sign In/input_password_password"), "Salsa123!", CONTINUE_ON_FAILURE): Text 'Salsa123!' is set on object 'Object Repository/02_Web/02_Auth/SC003_Sign In/input_password_password'

2022-07-18 10:03:00 - [MESSAGE][PASSED] - Text 'Salsa123!' is set on object 'Object Repository/02_Web/02_Auth/SC003_Sign In/input_password_password'

2022-07-18 10:03:00 - [TEST_STEP][PASSED] - click(findTestObject("02_Web/02_Auth/SC003_Sign In/button_Login_submit"), CONTINUE_ON_FAILURE): Object: 'Object Repository/02_Web/02_Auth/SC003_Sign In/button_Login_submit' is clicked on

2022-07-18 10:03:01 - [MESSAGE][PASSED] - Object: 'Object Repository/02_Web/02_Auth/SC003_Sign In/button_Login_submit' is clicked on

2022-07-18 10:03:01 - [MESSAGE][PASSED] - Call Test Case 'Test Cases/02_Web/signin' successfully

2022-07-18 10:03:01 - [TEST_STEP][PASSED] - click(findTestObject("02_Web/04_My Class/SC010_Class Members/class_object")): Object: 'Object Repository/02_Web/04_My Class/SC010_Class Members/class_object' is clicked on

2022-07-18 10:03:07 - [MESSAGE][PASSED] - Object: 'Object Repository/02_Web/04_My Class/SC010_Class Members/class_object' is clicked on

2022-07-18 10:03:07 - [TEST_STEP][PASSED] - waitForElementPresent(findTestObject("02_Web/04_My Class/SC010_Class Members/class_members"), 0): Object 'Object Repository/02_Web/04_My Class/SC010_Class Members/class_members' is present

2022-07-18 10:03:07 - [MESSAGE][WARNING] - Timeout '0' is invalid. Using default page load timeout: '30'

2022-07-18 10:03:10 - [MESSAGE][PASSED] - Object 'Object Repository/02_Web/04_My Class/SC010_Class Members/class_members' is present

2022-07-18 10:03:10 - [TEST_STEP][PASSED] - closeBrowser(): Browser is closed

2022-07-18 10:03:11 - [MESSAGE][PASSED] - Browser is closed]]></system-out>
         <system-err><![CDATA[]]></system-err>
      </testcase>
      <testcase name="Test Cases/02_Web/04_My Class/SC011_Request Counselling/TC001_Request Counselling" time="20.485" classname="Test Cases/02_Web/04_My Class/SC011_Request Counselling/TC001_Request Counselling" status="PASSED">
         <system-out><![CDATA[2022-07-18 10:03:11 - [TEST_CASE][PASSED] - Test Cases/02_Web/04_My Class/SC011_Request Counselling/TC001_Request Counselling: Test Cases/02_Web/04_My Class/SC011_Request Counselling/TC001_Request Counselling

2022-07-18 10:03:11 - [TEST_STEP][PASSED] - callTestCase(findTestCase("02_Web/signin"), [:], STOP_ON_FAILURE): Call Test Case 'Test Cases/02_Web/signin' successfully

2022-07-18 10:03:11 - [TEST_CASE][PASSED] - Test Cases/02_Web/signin: Test Cases/02_Web/signin

2022-07-18 10:03:11 - [TEST_STEP][PASSED] - openBrowser(url_website, CONTINUE_ON_FAILURE): Browser is opened with url: 'https://capstone-study-space.netlify.app/'

2022-07-18 10:03:11 - [MESSAGE][INFO] - Starting 'Chrome' driver

2022-07-18 10:03:11 - [MESSAGE][INFO] - Action delay is set to 0 milliseconds

2022-07-18 10:03:13 - [MESSAGE][PASSED] - Browser is opened with url: 'https://capstone-study-space.netlify.app/'

2022-07-18 10:03:13 - [TEST_STEP][PASSED] - maximizeWindow(CONTINUE_ON_FAILURE): Current window maximized

2022-07-18 10:03:14 - [MESSAGE][PASSED] - Current window maximized

2022-07-18 10:03:14 - [TEST_STEP][PASSED] - click(findTestObject("02_Web/02_Auth/SC003_Sign In/button_Login"), CONTINUE_ON_FAILURE): Object: 'Object Repository/02_Web/02_Auth/SC003_Sign In/button_Login' is clicked on

2022-07-18 10:03:14 - [MESSAGE][PASSED] - Object: 'Object Repository/02_Web/02_Auth/SC003_Sign In/button_Login' is clicked on

2022-07-18 10:03:14 - [TEST_STEP][PASSED] - setText(findTestObject("02_Web/02_Auth/SC003_Sign In/input_email_email"), "salsabilarhdsy@gmail.com", CONTINUE_ON_FAILURE): Text 'salsabilarhdsy@gmail.com' is set on object 'Object Repository/02_Web/02_Auth/SC003_Sign In/input_email_email'

2022-07-18 10:03:15 - [MESSAGE][PASSED] - Text 'salsabilarhdsy@gmail.com' is set on object 'Object Repository/02_Web/02_Auth/SC003_Sign In/input_email_email'

2022-07-18 10:03:15 - [TEST_STEP][PASSED] - setText(findTestObject("02_Web/02_Auth/SC003_Sign In/input_password_password"), "Salsa123!", CONTINUE_ON_FAILURE): Text 'Salsa123!' is set on object 'Object Repository/02_Web/02_Auth/SC003_Sign In/input_password_password'

2022-07-18 10:03:16 - [MESSAGE][PASSED] - Text 'Salsa123!' is set on object 'Object Repository/02_Web/02_Auth/SC003_Sign In/input_password_password'

2022-07-18 10:03:16 - [TEST_STEP][PASSED] - click(findTestObject("02_Web/02_Auth/SC003_Sign In/button_Login_submit"), CONTINUE_ON_FAILURE): Object: 'Object Repository/02_Web/02_Auth/SC003_Sign In/button_Login_submit' is clicked on

2022-07-18 10:03:16 - [MESSAGE][PASSED] - Object: 'Object Repository/02_Web/02_Auth/SC003_Sign In/button_Login_submit' is clicked on

2022-07-18 10:03:16 - [MESSAGE][PASSED] - Call Test Case 'Test Cases/02_Web/signin' successfully

2022-07-18 10:03:16 - [TEST_STEP][PASSED] - click(findTestObject("02_Web/04_My Class/SC011_Request Counselling/class_object")): Object: 'Object Repository/02_Web/04_My Class/SC011_Request Counselling/class_object' is clicked on

2022-07-18 10:03:22 - [MESSAGE][PASSED] - Object: 'Object Repository/02_Web/04_My Class/SC011_Request Counselling/class_object' is clicked on

2022-07-18 10:03:22 - [TEST_STEP][PASSED] - click(findTestObject("02_Web/04_My Class/SC011_Request Counselling/button_reqc")): Object: 'Object Repository/02_Web/04_My Class/SC011_Request Counselling/button_reqc' is clicked on

2022-07-18 10:03:25 - [MESSAGE][PASSED] - Object: 'Object Repository/02_Web/04_My Class/SC011_Request Counselling/button_reqc' is clicked on

2022-07-18 10:03:25 - [TEST_STEP][PASSED] - setText(findTestObject("02_Web/04_My Class/SC011_Request Counselling/input_topic"), "Mobile Testing"): Text 'Mobile Testing' is set on object 'Object Repository/02_Web/04_My Class/SC011_Request Counselling/input_topic'

2022-07-18 10:03:26 - [MESSAGE][PASSED] - Text 'Mobile Testing' is set on object 'Object Repository/02_Web/04_My Class/SC011_Request Counselling/input_topic'

2022-07-18 10:03:26 - [TEST_STEP][PASSED] - setText(findTestObject("02_Web/04_My Class/SC011_Request Counselling/input_content"), "I have problem to get an object element in mobile apk, so i want to discuss about it."): Text 'I have problem to get an object element in mobile apk, so i want to discuss about it.' is set on object 'Object Repository/02_Web/04_My Class/SC011_Request Counselling/input_content'

2022-07-18 10:03:27 - [MESSAGE][PASSED] - Text 'I have problem to get an object element in mobile apk, so i want to discuss about it.' is set on object 'Object Repository/02_Web/04_My Class/SC011_Request Counselling/input_content'

2022-07-18 10:03:27 - [TEST_STEP][PASSED] - click(findTestObject("02_Web/04_My Class/SC011_Request Counselling/button_submit")): Object: 'Object Repository/02_Web/04_My Class/SC011_Request Counselling/button_submit' is clicked on

2022-07-18 10:03:28 - [MESSAGE][PASSED] - Object: 'Object Repository/02_Web/04_My Class/SC011_Request Counselling/button_submit' is clicked on

2022-07-18 10:03:28 - [TEST_STEP][PASSED] - verifyElementPresent(findTestObject("02_Web/04_My Class/SC011_Request Counselling/success_msg"), 0): Object 'Object Repository/02_Web/04_My Class/SC011_Request Counselling/success_msg' is present

2022-07-18 10:03:28 - [MESSAGE][WARNING] - Timeout '0' is invalid. Using default page load timeout: '30'

2022-07-18 10:03:30 - [MESSAGE][PASSED] - Object 'Object Repository/02_Web/04_My Class/SC011_Request Counselling/success_msg' is present

2022-07-18 10:03:30 - [TEST_STEP][PASSED] - closeBrowser(): Browser is closed

2022-07-18 10:03:31 - [MESSAGE][PASSED] - Browser is closed]]></system-out>
         <system-err><![CDATA[]]></system-err>
      </testcase>
      <testcase name="Test Cases/02_Web/04_My Class/SC011_Request Counselling/TC002_Request Counselling (Without fill all fields)" time="21.083" classname="Test Cases/02_Web/04_My Class/SC011_Request Counselling/TC002_Request Counselling (Without fill all fields)" status="PASSED">
         <system-out><![CDATA[2022-07-18 10:03:31 - [TEST_CASE][PASSED] - Test Cases/02_Web/04_My Class/SC011_Request Counselling/TC002_Request Counselling (Without fill all fields): Test Cases/02_Web/04_My Class/SC011_Request Counselling/TC002_Request Counselling (Without fill all fields)

2022-07-18 10:03:31 - [TEST_STEP][PASSED] - callTestCase(findTestCase("02_Web/signin"), [:], STOP_ON_FAILURE): Call Test Case 'Test Cases/02_Web/signin' successfully

2022-07-18 10:03:32 - [TEST_CASE][PASSED] - Test Cases/02_Web/signin: Test Cases/02_Web/signin

2022-07-18 10:03:32 - [TEST_STEP][PASSED] - openBrowser(url_website, CONTINUE_ON_FAILURE): Browser is opened with url: 'https://capstone-study-space.netlify.app/'

2022-07-18 10:03:32 - [MESSAGE][INFO] - Starting 'Chrome' driver

2022-07-18 10:03:32 - [MESSAGE][INFO] - Action delay is set to 0 milliseconds

2022-07-18 10:03:34 - [MESSAGE][PASSED] - Browser is opened with url: 'https://capstone-study-space.netlify.app/'

2022-07-18 10:03:34 - [TEST_STEP][PASSED] - maximizeWindow(CONTINUE_ON_FAILURE): Current window maximized

2022-07-18 10:03:34 - [MESSAGE][PASSED] - Current window maximized

2022-07-18 10:03:34 - [TEST_STEP][PASSED] - click(findTestObject("02_Web/02_Auth/SC003_Sign In/button_Login"), CONTINUE_ON_FAILURE): Object: 'Object Repository/02_Web/02_Auth/SC003_Sign In/button_Login' is clicked on

2022-07-18 10:03:35 - [MESSAGE][PASSED] - Object: 'Object Repository/02_Web/02_Auth/SC003_Sign In/button_Login' is clicked on

2022-07-18 10:03:35 - [TEST_STEP][PASSED] - setText(findTestObject("02_Web/02_Auth/SC003_Sign In/input_email_email"), "salsabilarhdsy@gmail.com", CONTINUE_ON_FAILURE): Text 'salsabilarhdsy@gmail.com' is set on object 'Object Repository/02_Web/02_Auth/SC003_Sign In/input_email_email'

2022-07-18 10:03:36 - [MESSAGE][PASSED] - Text 'salsabilarhdsy@gmail.com' is set on object 'Object Repository/02_Web/02_Auth/SC003_Sign In/input_email_email'

2022-07-18 10:03:36 - [TEST_STEP][PASSED] - setText(findTestObject("02_Web/02_Auth/SC003_Sign In/input_password_password"), "Salsa123!", CONTINUE_ON_FAILURE): Text 'Salsa123!' is set on object 'Object Repository/02_Web/02_Auth/SC003_Sign In/input_password_password'

2022-07-18 10:03:37 - [MESSAGE][PASSED] - Text 'Salsa123!' is set on object 'Object Repository/02_Web/02_Auth/SC003_Sign In/input_password_password'

2022-07-18 10:03:37 - [TEST_STEP][PASSED] - click(findTestObject("02_Web/02_Auth/SC003_Sign In/button_Login_submit"), CONTINUE_ON_FAILURE): Object: 'Object Repository/02_Web/02_Auth/SC003_Sign In/button_Login_submit' is clicked on

2022-07-18 10:03:37 - [MESSAGE][PASSED] - Object: 'Object Repository/02_Web/02_Auth/SC003_Sign In/button_Login_submit' is clicked on

2022-07-18 10:03:37 - [MESSAGE][PASSED] - Call Test Case 'Test Cases/02_Web/signin' successfully

2022-07-18 10:03:37 - [TEST_STEP][PASSED] - click(findTestObject("02_Web/04_My Class/SC011_Request Counselling/class_object")): Object: 'Object Repository/02_Web/04_My Class/SC011_Request Counselling/class_object' is clicked on

2022-07-18 10:03:43 - [MESSAGE][PASSED] - Object: 'Object Repository/02_Web/04_My Class/SC011_Request Counselling/class_object' is clicked on

2022-07-18 10:03:43 - [TEST_STEP][PASSED] - click(findTestObject("02_Web/04_My Class/SC011_Request Counselling/button_reqc")): Object: 'Object Repository/02_Web/04_My Class/SC011_Request Counselling/button_reqc' is clicked on

2022-07-18 10:03:46 - [MESSAGE][PASSED] - Object: 'Object Repository/02_Web/04_My Class/SC011_Request Counselling/button_reqc' is clicked on

2022-07-18 10:03:46 - [TEST_STEP][PASSED] - setText(findTestObject("02_Web/04_My Class/SC011_Request Counselling/input_topic"), ""): Text '' is set on object 'Object Repository/02_Web/04_My Class/SC011_Request Counselling/input_topic'

2022-07-18 10:03:47 - [MESSAGE][PASSED] - Text '' is set on object 'Object Repository/02_Web/04_My Class/SC011_Request Counselling/input_topic'

2022-07-18 10:03:47 - [TEST_STEP][PASSED] - setText(findTestObject("02_Web/04_My Class/SC011_Request Counselling/input_content"), ""): Text '' is set on object 'Object Repository/02_Web/04_My Class/SC011_Request Counselling/input_content'

2022-07-18 10:03:47 - [MESSAGE][PASSED] - Text '' is set on object 'Object Repository/02_Web/04_My Class/SC011_Request Counselling/input_content'

2022-07-18 10:03:47 - [TEST_STEP][PASSED] - click(findTestObject("02_Web/04_My Class/SC011_Request Counselling/button_submit")): Object: 'Object Repository/02_Web/04_My Class/SC011_Request Counselling/button_submit' is clicked on

2022-07-18 10:03:48 - [MESSAGE][PASSED] - Object: 'Object Repository/02_Web/04_My Class/SC011_Request Counselling/button_submit' is clicked on

2022-07-18 10:03:48 - [TEST_STEP][PASSED] - delay(3): Delayed 3 second(s)

2022-07-18 10:03:51 - [MESSAGE][PASSED] - Delayed 3 second(s)

2022-07-18 10:03:51 - [TEST_STEP][PASSED] - verifyElementPresent(findTestObject("02_Web/04_My Class/SC011_Request Counselling/button_submit"), 0): Object 'Object Repository/02_Web/04_My Class/SC011_Request Counselling/button_submit' is present

2022-07-18 10:03:51 - [MESSAGE][WARNING] - Timeout '0' is invalid. Using default page load timeout: '30'

2022-07-18 10:03:51 - [MESSAGE][PASSED] - Object 'Object Repository/02_Web/04_My Class/SC011_Request Counselling/button_submit' is present

2022-07-18 10:03:51 - [TEST_STEP][PASSED] - closeBrowser(): Browser is closed

2022-07-18 10:03:52 - [MESSAGE][PASSED] - Browser is closed]]></system-out>
         <system-err><![CDATA[]]></system-err>
      </testcase>
      <testcase name="Test Cases/02_Web/04_My Class/SC012_Request Counselling Notifications/TC001_View All Request Counselling Notifications" time="50.459" classname="Test Cases/02_Web/04_My Class/SC012_Request Counselling Notifications/TC001_View All Request Counselling Notifications" status="PASSED">
         <system-out><![CDATA[2022-07-18 10:03:52 - [TEST_CASE][PASSED] - Test Cases/02_Web/04_My Class/SC012_Request Counselling Notifications/TC001_View All Request Counselling Notifications: Test Cases/02_Web/04_My Class/SC012_Request Counselling Notifications/TC001_View All Request Counselling Notifications

2022-07-18 10:03:53 - [TEST_STEP][PASSED] - callTestCase(findTestCase("02_Web/signin"), [:], CONTINUE_ON_FAILURE): Call Test Case 'Test Cases/02_Web/signin' successfully

2022-07-18 10:03:53 - [TEST_CASE][PASSED] - Test Cases/02_Web/signin: Test Cases/02_Web/signin

2022-07-18 10:03:53 - [TEST_STEP][PASSED] - openBrowser(url_website, CONTINUE_ON_FAILURE): Browser is opened with url: 'https://capstone-study-space.netlify.app/'

2022-07-18 10:03:53 - [MESSAGE][INFO] - Starting 'Chrome' driver

2022-07-18 10:03:53 - [MESSAGE][INFO] - Action delay is set to 0 milliseconds

2022-07-18 10:03:55 - [MESSAGE][PASSED] - Browser is opened with url: 'https://capstone-study-space.netlify.app/'

2022-07-18 10:03:55 - [TEST_STEP][PASSED] - maximizeWindow(CONTINUE_ON_FAILURE): Current window maximized

2022-07-18 10:03:55 - [MESSAGE][PASSED] - Current window maximized

2022-07-18 10:03:55 - [TEST_STEP][PASSED] - click(findTestObject("02_Web/02_Auth/SC003_Sign In/button_Login"), CONTINUE_ON_FAILURE): Object: 'Object Repository/02_Web/02_Auth/SC003_Sign In/button_Login' is clicked on

2022-07-18 10:03:56 - [MESSAGE][PASSED] - Object: 'Object Repository/02_Web/02_Auth/SC003_Sign In/button_Login' is clicked on

2022-07-18 10:03:56 - [TEST_STEP][PASSED] - setText(findTestObject("02_Web/02_Auth/SC003_Sign In/input_email_email"), "salsabilarhdsy@gmail.com", CONTINUE_ON_FAILURE): Text 'salsabilarhdsy@gmail.com' is set on object 'Object Repository/02_Web/02_Auth/SC003_Sign In/input_email_email'

2022-07-18 10:03:57 - [MESSAGE][PASSED] - Text 'salsabilarhdsy@gmail.com' is set on object 'Object Repository/02_Web/02_Auth/SC003_Sign In/input_email_email'

2022-07-18 10:03:57 - [TEST_STEP][PASSED] - setText(findTestObject("02_Web/02_Auth/SC003_Sign In/input_password_password"), "Salsa123!", CONTINUE_ON_FAILURE): Text 'Salsa123!' is set on object 'Object Repository/02_Web/02_Auth/SC003_Sign In/input_password_password'

2022-07-18 10:03:58 - [MESSAGE][PASSED] - Text 'Salsa123!' is set on object 'Object Repository/02_Web/02_Auth/SC003_Sign In/input_password_password'

2022-07-18 10:03:58 - [TEST_STEP][PASSED] - click(findTestObject("02_Web/02_Auth/SC003_Sign In/button_Login_submit"), CONTINUE_ON_FAILURE): Object: 'Object Repository/02_Web/02_Auth/SC003_Sign In/button_Login_submit' is clicked on

2022-07-18 10:03:58 - [MESSAGE][PASSED] - Object: 'Object Repository/02_Web/02_Auth/SC003_Sign In/button_Login_submit' is clicked on

2022-07-18 10:03:58 - [MESSAGE][PASSED] - Call Test Case 'Test Cases/02_Web/signin' successfully

2022-07-18 10:03:58 - [TEST_STEP][PASSED] - click(findTestObject("02_Web/04_My Class/SC012_Request Counselling Notifications/menu_ico")): Object: 'Object Repository/02_Web/04_My Class/SC012_Request Counselling Notifications/menu_ico' is clicked on

2022-07-18 10:04:04 - [MESSAGE][PASSED] - Object: 'Object Repository/02_Web/04_My Class/SC012_Request Counselling Notifications/menu_ico' is clicked on

2022-07-18 10:04:04 - [TEST_STEP][PASSED] - click(findTestObject("02_Web/04_My Class/SC012_Request Counselling Notifications/menu_my class")): Object: 'Object Repository/02_Web/04_My Class/SC012_Request Counselling Notifications/menu_my class' is clicked on

2022-07-18 10:04:04 - [MESSAGE][PASSED] - Object: 'Object Repository/02_Web/04_My Class/SC012_Request Counselling Notifications/menu_my class' is clicked on

2022-07-18 10:04:04 - [TEST_STEP][PASSED] - click(findTestObject("02_Web/04_My Class/SC012_Request Counselling Notifications/a_Class Teacher")): Object: 'Object Repository/02_Web/04_My Class/SC012_Request Counselling Notifications/a_Class Teacher' is clicked on

2022-07-18 10:04:08 - [MESSAGE][PASSED] - Object: 'Object Repository/02_Web/04_My Class/SC012_Request Counselling Notifications/a_Class Teacher' is clicked on

2022-07-18 10:04:08 - [TEST_STEP][PASSED] - click(findTestObject("02_Web/04_My Class/SC012_Request Counselling Notifications/class_object")): Object: 'Object Repository/02_Web/04_My Class/SC012_Request Counselling Notifications/class_object' is clicked on

2022-07-18 10:04:08 - [MESSAGE][PASSED] - Object: 'Object Repository/02_Web/04_My Class/SC012_Request Counselling Notifications/class_object' is clicked on

2022-07-18 10:04:08 - [TEST_STEP][PASSED] - click(findTestObject("02_Web/04_My Class/SC012_Request Counselling Notifications/p_View all")): Object: 'Object Repository/02_Web/04_My Class/SC012_Request Counselling Notifications/p_View all' is clicked on

2022-07-18 10:04:10 - [MESSAGE][PASSED] - Object: 'Object Repository/02_Web/04_My Class/SC012_Request Counselling Notifications/p_View all' is clicked on

2022-07-18 10:04:10 - [TEST_STEP][PASSED] - waitForElementPresent(findTestObject("02_Web/04_My Class/SC012_Request Counselling Notifications/notifs"), 0): Object 'Object Repository/02_Web/04_My Class/SC012_Request Counselling Notifications/notifs' is present

2022-07-18 10:04:10 - [MESSAGE][WARNING] - Timeout '0' is invalid. Using default page load timeout: '30'

2022-07-18 10:04:42 - [MESSAGE][INFO] - Unable to find the element located by 'By.xpath: //div[@id='parent']/div[3]/div/div[2]/div[3]/div/div[2]/div'. Please recheck the objects properties to make sure the desired element is located. 

2022-07-18 10:04:42 - [MESSAGE][WARNING] - [SELF-HEALING] Failed to find element with id 'Object Repository/02_Web/04_My Class/SC012_Request Counselling Notifications/notifs'. Try using Self-healing.

2022-07-18 10:04:42 - [MESSAGE][WARNING] - [SELF-HEALING] The current locator of test object 'Object Repository/02_Web/04_My Class/SC012_Request Counselling Notifications/notifs' was broken. Propose an alternative one: '(.//*[normalize-space(text()) and normalize-space(.)='Add Link'])[1]/preceding::div[2]'.

2022-07-18 10:04:42 - [MESSAGE][PASSED] - Object 'Object Repository/02_Web/04_My Class/SC012_Request Counselling Notifications/notifs' is present

2022-07-18 10:04:42 - [TEST_STEP][PASSED] - closeBrowser(): Browser is closed

2022-07-18 10:04:43 - [MESSAGE][PASSED] - Browser is closed]]></system-out>
         <system-err><![CDATA[]]></system-err>
      </testcase>
      <testcase name="Test Cases/02_Web/04_My Class/SC012_Request Counselling Notifications/TC002_Confirm Request Counselling" time="20.178" classname="Test Cases/02_Web/04_My Class/SC012_Request Counselling Notifications/TC002_Confirm Request Counselling" status="PASSED">
         <system-out><![CDATA[2022-07-18 10:04:43 - [TEST_CASE][PASSED] - Test Cases/02_Web/04_My Class/SC012_Request Counselling Notifications/TC002_Confirm Request Counselling: Test Cases/02_Web/04_My Class/SC012_Request Counselling Notifications/TC002_Confirm Request Counselling

2022-07-18 10:04:43 - [TEST_STEP][PASSED] - callTestCase(findTestCase("02_Web/signin"), [:], CONTINUE_ON_FAILURE): Call Test Case 'Test Cases/02_Web/signin' successfully

2022-07-18 10:04:43 - [TEST_CASE][PASSED] - Test Cases/02_Web/signin: Test Cases/02_Web/signin

2022-07-18 10:04:43 - [TEST_STEP][PASSED] - openBrowser(url_website, CONTINUE_ON_FAILURE): Browser is opened with url: 'https://capstone-study-space.netlify.app/'

2022-07-18 10:04:43 - [MESSAGE][INFO] - Starting 'Chrome' driver

2022-07-18 10:04:43 - [MESSAGE][INFO] - Action delay is set to 0 milliseconds

2022-07-18 10:04:46 - [MESSAGE][PASSED] - Browser is opened with url: 'https://capstone-study-space.netlify.app/'

2022-07-18 10:04:46 - [TEST_STEP][PASSED] - maximizeWindow(CONTINUE_ON_FAILURE): Current window maximized

2022-07-18 10:04:46 - [MESSAGE][PASSED] - Current window maximized

2022-07-18 10:04:46 - [TEST_STEP][PASSED] - click(findTestObject("02_Web/02_Auth/SC003_Sign In/button_Login"), CONTINUE_ON_FAILURE): Object: 'Object Repository/02_Web/02_Auth/SC003_Sign In/button_Login' is clicked on

2022-07-18 10:04:47 - [MESSAGE][PASSED] - Object: 'Object Repository/02_Web/02_Auth/SC003_Sign In/button_Login' is clicked on

2022-07-18 10:04:47 - [TEST_STEP][PASSED] - setText(findTestObject("02_Web/02_Auth/SC003_Sign In/input_email_email"), "salsabilarhdsy@gmail.com", CONTINUE_ON_FAILURE): Text 'salsabilarhdsy@gmail.com' is set on object 'Object Repository/02_Web/02_Auth/SC003_Sign In/input_email_email'

2022-07-18 10:04:48 - [MESSAGE][PASSED] - Text 'salsabilarhdsy@gmail.com' is set on object 'Object Repository/02_Web/02_Auth/SC003_Sign In/input_email_email'

2022-07-18 10:04:48 - [TEST_STEP][PASSED] - setText(findTestObject("02_Web/02_Auth/SC003_Sign In/input_password_password"), "Salsa123!", CONTINUE_ON_FAILURE): Text 'Salsa123!' is set on object 'Object Repository/02_Web/02_Auth/SC003_Sign In/input_password_password'

2022-07-18 10:04:48 - [MESSAGE][PASSED] - Text 'Salsa123!' is set on object 'Object Repository/02_Web/02_Auth/SC003_Sign In/input_password_password'

2022-07-18 10:04:48 - [TEST_STEP][PASSED] - click(findTestObject("02_Web/02_Auth/SC003_Sign In/button_Login_submit"), CONTINUE_ON_FAILURE): Object: 'Object Repository/02_Web/02_Auth/SC003_Sign In/button_Login_submit' is clicked on

2022-07-18 10:04:49 - [MESSAGE][PASSED] - Object: 'Object Repository/02_Web/02_Auth/SC003_Sign In/button_Login_submit' is clicked on

2022-07-18 10:04:49 - [MESSAGE][PASSED] - Call Test Case 'Test Cases/02_Web/signin' successfully

2022-07-18 10:04:49 - [TEST_STEP][PASSED] - click(findTestObject("02_Web/04_My Class/SC012_Request Counselling Notifications/menu_ico")): Object: 'Object Repository/02_Web/04_My Class/SC012_Request Counselling Notifications/menu_ico' is clicked on

2022-07-18 10:04:55 - [MESSAGE][PASSED] - Object: 'Object Repository/02_Web/04_My Class/SC012_Request Counselling Notifications/menu_ico' is clicked on

2022-07-18 10:04:55 - [TEST_STEP][PASSED] - click(findTestObject("02_Web/04_My Class/SC012_Request Counselling Notifications/menu_my class")): Object: 'Object Repository/02_Web/04_My Class/SC012_Request Counselling Notifications/menu_my class' is clicked on

2022-07-18 10:04:55 - [MESSAGE][PASSED] - Object: 'Object Repository/02_Web/04_My Class/SC012_Request Counselling Notifications/menu_my class' is clicked on

2022-07-18 10:04:55 - [TEST_STEP][PASSED] - click(findTestObject("02_Web/04_My Class/SC012_Request Counselling Notifications/a_Class Teacher")): Object: 'Object Repository/02_Web/04_My Class/SC012_Request Counselling Notifications/a_Class Teacher' is clicked on

2022-07-18 10:04:58 - [MESSAGE][PASSED] - Object: 'Object Repository/02_Web/04_My Class/SC012_Request Counselling Notifications/a_Class Teacher' is clicked on

2022-07-18 10:04:58 - [TEST_STEP][PASSED] - click(findTestObject("02_Web/04_My Class/SC012_Request Counselling Notifications/class_object")): Object: 'Object Repository/02_Web/04_My Class/SC012_Request Counselling Notifications/class_object' is clicked on

2022-07-18 10:04:59 - [MESSAGE][PASSED] - Object: 'Object Repository/02_Web/04_My Class/SC012_Request Counselling Notifications/class_object' is clicked on

2022-07-18 10:04:59 - [TEST_STEP][PASSED] - click(findTestObject("02_Web/04_My Class/SC012_Request Counselling Notifications/notif_object")): Object: 'Object Repository/02_Web/04_My Class/SC012_Request Counselling Notifications/notif_object' is clicked on

2022-07-18 10:05:02 - [MESSAGE][PASSED] - Object: 'Object Repository/02_Web/04_My Class/SC012_Request Counselling Notifications/notif_object' is clicked on

2022-07-18 10:05:02 - [TEST_STEP][PASSED] - click(findTestObject("02_Web/04_My Class/SC012_Request Counselling Notifications/button_confirm")): Object: 'Object Repository/02_Web/04_My Class/SC012_Request Counselling Notifications/button_confirm' is clicked on

2022-07-18 10:05:02 - [MESSAGE][PASSED] - Object: 'Object Repository/02_Web/04_My Class/SC012_Request Counselling Notifications/button_confirm' is clicked on

2022-07-18 10:05:02 - [TEST_STEP][PASSED] - closeBrowser(): Browser is closed

2022-07-18 10:05:03 - [MESSAGE][PASSED] - Browser is closed]]></system-out>
         <system-err><![CDATA[]]></system-err>
      </testcase>
      <testcase name="Test Cases/02_Web/04_My Class/SC012_Request Counselling Notifications/TC003_Decline Request Counselling" time="19.291" classname="Test Cases/02_Web/04_My Class/SC012_Request Counselling Notifications/TC003_Decline Request Counselling" status="PASSED">
         <system-out><![CDATA[2022-07-18 10:05:03 - [TEST_CASE][PASSED] - Test Cases/02_Web/04_My Class/SC012_Request Counselling Notifications/TC003_Decline Request Counselling: Test Cases/02_Web/04_My Class/SC012_Request Counselling Notifications/TC003_Decline Request Counselling

2022-07-18 10:05:03 - [TEST_STEP][PASSED] - callTestCase(findTestCase("02_Web/signin"), [:], CONTINUE_ON_FAILURE): Call Test Case 'Test Cases/02_Web/signin' successfully

2022-07-18 10:05:03 - [TEST_CASE][PASSED] - Test Cases/02_Web/signin: Test Cases/02_Web/signin

2022-07-18 10:05:03 - [TEST_STEP][PASSED] - openBrowser(url_website, CONTINUE_ON_FAILURE): Browser is opened with url: 'https://capstone-study-space.netlify.app/'

2022-07-18 10:05:03 - [MESSAGE][INFO] - Starting 'Chrome' driver

2022-07-18 10:05:03 - [MESSAGE][INFO] - Action delay is set to 0 milliseconds

2022-07-18 10:05:06 - [MESSAGE][PASSED] - Browser is opened with url: 'https://capstone-study-space.netlify.app/'

2022-07-18 10:05:06 - [TEST_STEP][PASSED] - maximizeWindow(CONTINUE_ON_FAILURE): Current window maximized

2022-07-18 10:05:06 - [MESSAGE][PASSED] - Current window maximized

2022-07-18 10:05:06 - [TEST_STEP][PASSED] - click(findTestObject("02_Web/02_Auth/SC003_Sign In/button_Login"), CONTINUE_ON_FAILURE): Object: 'Object Repository/02_Web/02_Auth/SC003_Sign In/button_Login' is clicked on

2022-07-18 10:05:07 - [MESSAGE][PASSED] - Object: 'Object Repository/02_Web/02_Auth/SC003_Sign In/button_Login' is clicked on

2022-07-18 10:05:07 - [TEST_STEP][PASSED] - setText(findTestObject("02_Web/02_Auth/SC003_Sign In/input_email_email"), "salsabilarhdsy@gmail.com", CONTINUE_ON_FAILURE): Text 'salsabilarhdsy@gmail.com' is set on object 'Object Repository/02_Web/02_Auth/SC003_Sign In/input_email_email'

2022-07-18 10:05:08 - [MESSAGE][PASSED] - Text 'salsabilarhdsy@gmail.com' is set on object 'Object Repository/02_Web/02_Auth/SC003_Sign In/input_email_email'

2022-07-18 10:05:08 - [TEST_STEP][PASSED] - setText(findTestObject("02_Web/02_Auth/SC003_Sign In/input_password_password"), "Salsa123!", CONTINUE_ON_FAILURE): Text 'Salsa123!' is set on object 'Object Repository/02_Web/02_Auth/SC003_Sign In/input_password_password'

2022-07-18 10:05:08 - [MESSAGE][PASSED] - Text 'Salsa123!' is set on object 'Object Repository/02_Web/02_Auth/SC003_Sign In/input_password_password'

2022-07-18 10:05:08 - [TEST_STEP][PASSED] - click(findTestObject("02_Web/02_Auth/SC003_Sign In/button_Login_submit"), CONTINUE_ON_FAILURE): Object: 'Object Repository/02_Web/02_Auth/SC003_Sign In/button_Login_submit' is clicked on

2022-07-18 10:05:09 - [MESSAGE][PASSED] - Object: 'Object Repository/02_Web/02_Auth/SC003_Sign In/button_Login_submit' is clicked on

2022-07-18 10:05:09 - [MESSAGE][PASSED] - Call Test Case 'Test Cases/02_Web/signin' successfully

2022-07-18 10:05:09 - [TEST_STEP][PASSED] - click(findTestObject("02_Web/04_My Class/SC012_Request Counselling Notifications/menu_ico")): Object: 'Object Repository/02_Web/04_My Class/SC012_Request Counselling Notifications/menu_ico' is clicked on

2022-07-18 10:05:15 - [MESSAGE][PASSED] - Object: 'Object Repository/02_Web/04_My Class/SC012_Request Counselling Notifications/menu_ico' is clicked on

2022-07-18 10:05:15 - [TEST_STEP][PASSED] - click(findTestObject("02_Web/04_My Class/SC012_Request Counselling Notifications/menu_my class")): Object: 'Object Repository/02_Web/04_My Class/SC012_Request Counselling Notifications/menu_my class' is clicked on

2022-07-18 10:05:15 - [MESSAGE][PASSED] - Object: 'Object Repository/02_Web/04_My Class/SC012_Request Counselling Notifications/menu_my class' is clicked on

2022-07-18 10:05:15 - [TEST_STEP][PASSED] - click(findTestObject("02_Web/04_My Class/SC012_Request Counselling Notifications/a_Class Teacher")): Object: 'Object Repository/02_Web/04_My Class/SC012_Request Counselling Notifications/a_Class Teacher' is clicked on

2022-07-18 10:05:18 - [MESSAGE][PASSED] - Object: 'Object Repository/02_Web/04_My Class/SC012_Request Counselling Notifications/a_Class Teacher' is clicked on

2022-07-18 10:05:18 - [TEST_STEP][PASSED] - click(findTestObject("02_Web/04_My Class/SC012_Request Counselling Notifications/class_object")): Object: 'Object Repository/02_Web/04_My Class/SC012_Request Counselling Notifications/class_object' is clicked on

2022-07-18 10:05:19 - [MESSAGE][PASSED] - Object: 'Object Repository/02_Web/04_My Class/SC012_Request Counselling Notifications/class_object' is clicked on

2022-07-18 10:05:19 - [TEST_STEP][PASSED] - click(findTestObject("02_Web/04_My Class/SC012_Request Counselling Notifications/notif_object")): Object: 'Object Repository/02_Web/04_My Class/SC012_Request Counselling Notifications/notif_object' is clicked on

2022-07-18 10:05:21 - [MESSAGE][PASSED] - Object: 'Object Repository/02_Web/04_My Class/SC012_Request Counselling Notifications/notif_object' is clicked on

2022-07-18 10:05:21 - [TEST_STEP][PASSED] - click(findTestObject("02_Web/04_My Class/SC012_Request Counselling Notifications/decline_button")): Object: 'Object Repository/02_Web/04_My Class/SC012_Request Counselling Notifications/decline_button' is clicked on

2022-07-18 10:05:21 - [MESSAGE][PASSED] - Object: 'Object Repository/02_Web/04_My Class/SC012_Request Counselling Notifications/decline_button' is clicked on

2022-07-18 10:05:21 - [TEST_STEP][PASSED] - closeBrowser(): Browser is closed

2022-07-18 10:05:22 - [MESSAGE][PASSED] - Browser is closed]]></system-out>
         <system-err><![CDATA[]]></system-err>
      </testcase>
      <testcase name="Test Cases/02_Web/04_My Class/SC013_Switch Class/TC001_Switch to Another Teacher Class" time="23.863" classname="Test Cases/02_Web/04_My Class/SC013_Switch Class/TC001_Switch to Another Teacher Class" status="PASSED">
         <system-out><![CDATA[2022-07-18 10:05:22 - [TEST_CASE][PASSED] - Test Cases/02_Web/04_My Class/SC013_Switch Class/TC001_Switch to Another Teacher Class: Test Cases/02_Web/04_My Class/SC013_Switch Class/TC001_Switch to Another Teacher Class

2022-07-18 10:05:22 - [TEST_STEP][PASSED] - callTestCase(findTestCase("02_Web/signin"), [:], STOP_ON_FAILURE): Call Test Case 'Test Cases/02_Web/signin' successfully

2022-07-18 10:05:23 - [TEST_CASE][PASSED] - Test Cases/02_Web/signin: Test Cases/02_Web/signin

2022-07-18 10:05:23 - [TEST_STEP][PASSED] - openBrowser(url_website, CONTINUE_ON_FAILURE): Browser is opened with url: 'https://capstone-study-space.netlify.app/'

2022-07-18 10:05:23 - [MESSAGE][INFO] - Starting 'Chrome' driver

2022-07-18 10:05:23 - [MESSAGE][INFO] - Action delay is set to 0 milliseconds

2022-07-18 10:05:25 - [MESSAGE][PASSED] - Browser is opened with url: 'https://capstone-study-space.netlify.app/'

2022-07-18 10:05:25 - [TEST_STEP][PASSED] - maximizeWindow(CONTINUE_ON_FAILURE): Current window maximized

2022-07-18 10:05:25 - [MESSAGE][PASSED] - Current window maximized

2022-07-18 10:05:25 - [TEST_STEP][PASSED] - click(findTestObject("02_Web/02_Auth/SC003_Sign In/button_Login"), CONTINUE_ON_FAILURE): Object: 'Object Repository/02_Web/02_Auth/SC003_Sign In/button_Login' is clicked on

2022-07-18 10:05:26 - [MESSAGE][PASSED] - Object: 'Object Repository/02_Web/02_Auth/SC003_Sign In/button_Login' is clicked on

2022-07-18 10:05:26 - [TEST_STEP][PASSED] - setText(findTestObject("02_Web/02_Auth/SC003_Sign In/input_email_email"), "salsabilarhdsy@gmail.com", CONTINUE_ON_FAILURE): Text 'salsabilarhdsy@gmail.com' is set on object 'Object Repository/02_Web/02_Auth/SC003_Sign In/input_email_email'

2022-07-18 10:05:27 - [MESSAGE][PASSED] - Text 'salsabilarhdsy@gmail.com' is set on object 'Object Repository/02_Web/02_Auth/SC003_Sign In/input_email_email'

2022-07-18 10:05:27 - [TEST_STEP][PASSED] - setText(findTestObject("02_Web/02_Auth/SC003_Sign In/input_password_password"), "Salsa123!", CONTINUE_ON_FAILURE): Text 'Salsa123!' is set on object 'Object Repository/02_Web/02_Auth/SC003_Sign In/input_password_password'

2022-07-18 10:05:28 - [MESSAGE][PASSED] - Text 'Salsa123!' is set on object 'Object Repository/02_Web/02_Auth/SC003_Sign In/input_password_password'

2022-07-18 10:05:28 - [TEST_STEP][PASSED] - click(findTestObject("02_Web/02_Auth/SC003_Sign In/button_Login_submit"), CONTINUE_ON_FAILURE): Object: 'Object Repository/02_Web/02_Auth/SC003_Sign In/button_Login_submit' is clicked on

2022-07-18 10:05:28 - [MESSAGE][PASSED] - Object: 'Object Repository/02_Web/02_Auth/SC003_Sign In/button_Login_submit' is clicked on

2022-07-18 10:05:28 - [MESSAGE][PASSED] - Call Test Case 'Test Cases/02_Web/signin' successfully

2022-07-18 10:05:28 - [TEST_STEP][PASSED] - click(findTestObject("02_Web/04_My Class/SC013_Switch Class/sidebar_menu")): Object: 'Object Repository/02_Web/04_My Class/SC013_Switch Class/sidebar_menu' is clicked on

2022-07-18 10:05:34 - [MESSAGE][PASSED] - Object: 'Object Repository/02_Web/04_My Class/SC013_Switch Class/sidebar_menu' is clicked on

2022-07-18 10:05:34 - [TEST_STEP][PASSED] - click(findTestObject("02_Web/04_My Class/SC013_Switch Class/a_My Class")): Object: 'Object Repository/02_Web/04_My Class/SC013_Switch Class/a_My Class' is clicked on

2022-07-18 10:05:34 - [MESSAGE][PASSED] - Object: 'Object Repository/02_Web/04_My Class/SC013_Switch Class/a_My Class' is clicked on

2022-07-18 10:05:34 - [TEST_STEP][PASSED] - click(findTestObject("02_Web/04_My Class/SC013_Switch Class/a_Class Teacher")): Object: 'Object Repository/02_Web/04_My Class/SC013_Switch Class/a_Class Teacher' is clicked on

2022-07-18 10:05:38 - [MESSAGE][PASSED] - Object: 'Object Repository/02_Web/04_My Class/SC013_Switch Class/a_Class Teacher' is clicked on

2022-07-18 10:05:38 - [TEST_STEP][PASSED] - click(findTestObject("02_Web/04_My Class/SC013_Switch Class/class_object")): Object: 'Object Repository/02_Web/04_My Class/SC013_Switch Class/class_object' is clicked on

2022-07-18 10:05:38 - [MESSAGE][PASSED] - Object: 'Object Repository/02_Web/04_My Class/SC013_Switch Class/class_object' is clicked on

2022-07-18 10:05:38 - [TEST_STEP][PASSED] - click(findTestObject("02_Web/04_My Class/SC013_Switch Class/btn_switch")): Object: 'Object Repository/02_Web/04_My Class/SC013_Switch Class/btn_switch' is clicked on

2022-07-18 10:05:42 - [MESSAGE][PASSED] - Object: 'Object Repository/02_Web/04_My Class/SC013_Switch Class/btn_switch' is clicked on

2022-07-18 10:05:42 - [TEST_STEP][PASSED] - class_name = getText(findTestObject("02_Web/04_My Class/SC013_Switch Class/class_name_choose"), STOP_ON_FAILURE).toUpperCase(): Text of object 'Object Repository/02_Web/04_My Class/SC013_Switch Class/class_name_choose' is: 'Quality Engineer'

2022-07-18 10:05:42 - [MESSAGE][PASSED] - Text of object 'Object Repository/02_Web/04_My Class/SC013_Switch Class/class_name_choose' is: 'Quality Engineer'

2022-07-18 10:05:42 - [TEST_STEP][PASSED] - click(findTestObject("02_Web/04_My Class/SC013_Switch Class/btn_choose_class")): Object: 'Object Repository/02_Web/04_My Class/SC013_Switch Class/btn_choose_class' is clicked on

2022-07-18 10:05:43 - [MESSAGE][PASSED] - Object: 'Object Repository/02_Web/04_My Class/SC013_Switch Class/btn_choose_class' is clicked on

2022-07-18 10:05:43 - [TEST_STEP][PASSED] - verifyElementText(findTestObject("02_Web/04_My Class/SC013_Switch Class/class_name_detail"), class_name): Actual text and expected text of test object 'Object Repository/02_Web/04_My Class/SC013_Switch Class/class_name_detail' are matched.

2022-07-18 10:05:45 - [MESSAGE][PASSED] - Actual text and expected text of test object 'Object Repository/02_Web/04_My Class/SC013_Switch Class/class_name_detail' are matched.

2022-07-18 10:05:45 - [TEST_STEP][PASSED] - closeBrowser(): Browser is closed

2022-07-18 10:05:46 - [MESSAGE][PASSED] - Browser is closed]]></system-out>
         <system-err><![CDATA[]]></system-err>
      </testcase>
      <testcase name="Test Cases/02_Web/04_My Class/SC021_Setting Profile Class/TC002_Change Class Name" time="25.773" classname="Test Cases/02_Web/04_My Class/SC021_Setting Profile Class/TC002_Change Class Name" status="PASSED">
         <system-out><![CDATA[2022-07-18 10:05:46 - [TEST_CASE][PASSED] - Test Cases/02_Web/04_My Class/SC021_Setting Profile Class/TC002_Change Class Name: Test Cases/02_Web/04_My Class/SC021_Setting Profile Class/TC002_Change Class Name

2022-07-18 10:05:46 - [TEST_STEP][PASSED] - callTestCase(findTestCase("02_Web/signin"), [:], CONTINUE_ON_FAILURE): Call Test Case 'Test Cases/02_Web/signin' successfully

2022-07-18 10:05:46 - [TEST_CASE][PASSED] - Test Cases/02_Web/signin: Test Cases/02_Web/signin

2022-07-18 10:05:46 - [TEST_STEP][PASSED] - openBrowser(url_website, CONTINUE_ON_FAILURE): Browser is opened with url: 'https://capstone-study-space.netlify.app/'

2022-07-18 10:05:46 - [MESSAGE][INFO] - Starting 'Chrome' driver

2022-07-18 10:05:46 - [MESSAGE][INFO] - Action delay is set to 0 milliseconds

2022-07-18 10:05:49 - [MESSAGE][PASSED] - Browser is opened with url: 'https://capstone-study-space.netlify.app/'

2022-07-18 10:05:49 - [TEST_STEP][PASSED] - maximizeWindow(CONTINUE_ON_FAILURE): Current window maximized

2022-07-18 10:05:49 - [MESSAGE][PASSED] - Current window maximized

2022-07-18 10:05:49 - [TEST_STEP][PASSED] - click(findTestObject("02_Web/02_Auth/SC003_Sign In/button_Login"), CONTINUE_ON_FAILURE): Object: 'Object Repository/02_Web/02_Auth/SC003_Sign In/button_Login' is clicked on

2022-07-18 10:05:50 - [MESSAGE][PASSED] - Object: 'Object Repository/02_Web/02_Auth/SC003_Sign In/button_Login' is clicked on

2022-07-18 10:05:50 - [TEST_STEP][PASSED] - setText(findTestObject("02_Web/02_Auth/SC003_Sign In/input_email_email"), "salsabilarhdsy@gmail.com", CONTINUE_ON_FAILURE): Text 'salsabilarhdsy@gmail.com' is set on object 'Object Repository/02_Web/02_Auth/SC003_Sign In/input_email_email'

2022-07-18 10:05:51 - [MESSAGE][PASSED] - Text 'salsabilarhdsy@gmail.com' is set on object 'Object Repository/02_Web/02_Auth/SC003_Sign In/input_email_email'

2022-07-18 10:05:51 - [TEST_STEP][PASSED] - setText(findTestObject("02_Web/02_Auth/SC003_Sign In/input_password_password"), "Salsa123!", CONTINUE_ON_FAILURE): Text 'Salsa123!' is set on object 'Object Repository/02_Web/02_Auth/SC003_Sign In/input_password_password'

2022-07-18 10:05:52 - [MESSAGE][PASSED] - Text 'Salsa123!' is set on object 'Object Repository/02_Web/02_Auth/SC003_Sign In/input_password_password'

2022-07-18 10:05:52 - [TEST_STEP][PASSED] - click(findTestObject("02_Web/02_Auth/SC003_Sign In/button_Login_submit"), CONTINUE_ON_FAILURE): Object: 'Object Repository/02_Web/02_Auth/SC003_Sign In/button_Login_submit' is clicked on

2022-07-18 10:05:52 - [MESSAGE][PASSED] - Object: 'Object Repository/02_Web/02_Auth/SC003_Sign In/button_Login_submit' is clicked on

2022-07-18 10:05:52 - [MESSAGE][PASSED] - Call Test Case 'Test Cases/02_Web/signin' successfully

2022-07-18 10:05:52 - [TEST_STEP][PASSED] - click(findTestObject("02_Web/04_My Class/SC022_Setting Profile Class/menu_ico")): Object: 'Object Repository/02_Web/04_My Class/SC022_Setting Profile Class/menu_ico' is clicked on

2022-07-18 10:05:58 - [MESSAGE][PASSED] - Object: 'Object Repository/02_Web/04_My Class/SC022_Setting Profile Class/menu_ico' is clicked on

2022-07-18 10:05:58 - [TEST_STEP][PASSED] - click(findTestObject("02_Web/04_My Class/SC022_Setting Profile Class/menu_my class")): Object: 'Object Repository/02_Web/04_My Class/SC022_Setting Profile Class/menu_my class' is clicked on

2022-07-18 10:05:58 - [MESSAGE][PASSED] - Object: 'Object Repository/02_Web/04_My Class/SC022_Setting Profile Class/menu_my class' is clicked on

2022-07-18 10:05:58 - [TEST_STEP][PASSED] - click(findTestObject("02_Web/04_My Class/SC022_Setting Profile Class/a_Class Teacher")): Object: 'Object Repository/02_Web/04_My Class/SC022_Setting Profile Class/a_Class Teacher' is clicked on

2022-07-18 10:06:02 - [MESSAGE][PASSED] - Object: 'Object Repository/02_Web/04_My Class/SC022_Setting Profile Class/a_Class Teacher' is clicked on

2022-07-18 10:06:02 - [TEST_STEP][PASSED] - click(findTestObject("02_Web/04_My Class/SC022_Setting Profile Class/class_object")): Object: 'Object Repository/02_Web/04_My Class/SC022_Setting Profile Class/class_object' is clicked on

2022-07-18 10:06:02 - [MESSAGE][PASSED] - Object: 'Object Repository/02_Web/04_My Class/SC022_Setting Profile Class/class_object' is clicked on

2022-07-18 10:06:02 - [TEST_STEP][PASSED] - click(findTestObject("02_Web/04_My Class/SC022_Setting Profile Class/a_settings")): Object: 'Object Repository/02_Web/04_My Class/SC022_Setting Profile Class/a_settings' is clicked on

2022-07-18 10:06:04 - [MESSAGE][PASSED] - Object: 'Object Repository/02_Web/04_My Class/SC022_Setting Profile Class/a_settings' is clicked on

2022-07-18 10:06:04 - [TEST_STEP][PASSED] - click(findTestObject("02_Web/04_My Class/SC022_Setting Profile Class/a_profile")): Object: 'Object Repository/02_Web/04_My Class/SC022_Setting Profile Class/a_profile' is clicked on

2022-07-18 10:06:05 - [MESSAGE][PASSED] - Object: 'Object Repository/02_Web/04_My Class/SC022_Setting Profile Class/a_profile' is clicked on

2022-07-18 10:06:05 - [TEST_STEP][PASSED] - click(findTestObject("02_Web/04_My Class/SC022_Setting Profile Class/edit_button")): Object: 'Object Repository/02_Web/04_My Class/SC022_Setting Profile Class/edit_button' is clicked on

2022-07-18 10:06:05 - [MESSAGE][PASSED] - Object: 'Object Repository/02_Web/04_My Class/SC022_Setting Profile Class/edit_button' is clicked on

2022-07-18 10:06:05 - [TEST_STEP][PASSED] - setText(findTestObject("02_Web/04_My Class/SC022_Setting Profile Class/input_classname"), "Quality Engineer - 01"): Text 'Quality Engineer - 01' is set on object 'Object Repository/02_Web/04_My Class/SC022_Setting Profile Class/input_classname'

2022-07-18 10:06:06 - [MESSAGE][PASSED] - Text 'Quality Engineer - 01' is set on object 'Object Repository/02_Web/04_My Class/SC022_Setting Profile Class/input_classname'

2022-07-18 10:06:06 - [TEST_STEP][PASSED] - click(findTestObject("02_Web/04_My Class/SC022_Setting Profile Class/button_Save Changes")): Object: 'Object Repository/02_Web/04_My Class/SC022_Setting Profile Class/button_Save Changes' is clicked on

2022-07-18 10:06:07 - [MESSAGE][PASSED] - Object: 'Object Repository/02_Web/04_My Class/SC022_Setting Profile Class/button_Save Changes' is clicked on

2022-07-18 10:06:07 - [TEST_STEP][PASSED] - click(findTestObject("02_Web/04_My Class/SC022_Setting Profile Class/button_Yes")): Object: 'Object Repository/02_Web/04_My Class/SC022_Setting Profile Class/button_Yes' is clicked on

2022-07-18 10:06:07 - [MESSAGE][PASSED] - Object: 'Object Repository/02_Web/04_My Class/SC022_Setting Profile Class/button_Yes' is clicked on

2022-07-18 10:06:07 - [TEST_STEP][PASSED] - verifyElementText(findTestObject("02_Web/04_My Class/SC022_Setting Profile Class/class_name"), "QUALITY ENGINEER - 01"): Actual text and expected text of test object 'Object Repository/02_Web/04_My Class/SC022_Setting Profile Class/class_name' are matched.

2022-07-18 10:06:11 - [MESSAGE][PASSED] - Actual text and expected text of test object 'Object Repository/02_Web/04_My Class/SC022_Setting Profile Class/class_name' are matched.

2022-07-18 10:06:11 - [TEST_STEP][PASSED] - closeBrowser(): Browser is closed

2022-07-18 10:06:12 - [MESSAGE][PASSED] - Browser is closed]]></system-out>
         <system-err><![CDATA[]]></system-err>
      </testcase>
      <testcase name="Test Cases/02_Web/04_My Class/SC021_Setting Profile Class/TC003_Add link data report" time="23.046" classname="Test Cases/02_Web/04_My Class/SC021_Setting Profile Class/TC003_Add link data report" status="PASSED">
         <system-out><![CDATA[2022-07-18 10:06:12 - [TEST_CASE][PASSED] - Test Cases/02_Web/04_My Class/SC021_Setting Profile Class/TC003_Add link data report: Test Cases/02_Web/04_My Class/SC021_Setting Profile Class/TC003_Add link data report

2022-07-18 10:06:12 - [TEST_STEP][PASSED] - callTestCase(findTestCase("02_Web/signin"), [:], CONTINUE_ON_FAILURE): Call Test Case 'Test Cases/02_Web/signin' successfully

2022-07-18 10:06:12 - [TEST_CASE][PASSED] - Test Cases/02_Web/signin: Test Cases/02_Web/signin

2022-07-18 10:06:12 - [TEST_STEP][PASSED] - openBrowser(url_website, CONTINUE_ON_FAILURE): Browser is opened with url: 'https://capstone-study-space.netlify.app/'

2022-07-18 10:06:12 - [MESSAGE][INFO] - Starting 'Chrome' driver

2022-07-18 10:06:12 - [MESSAGE][INFO] - Action delay is set to 0 milliseconds

2022-07-18 10:06:15 - [MESSAGE][PASSED] - Browser is opened with url: 'https://capstone-study-space.netlify.app/'

2022-07-18 10:06:15 - [TEST_STEP][PASSED] - maximizeWindow(CONTINUE_ON_FAILURE): Current window maximized

2022-07-18 10:06:15 - [MESSAGE][PASSED] - Current window maximized

2022-07-18 10:06:15 - [TEST_STEP][PASSED] - click(findTestObject("02_Web/02_Auth/SC003_Sign In/button_Login"), CONTINUE_ON_FAILURE): Object: 'Object Repository/02_Web/02_Auth/SC003_Sign In/button_Login' is clicked on

2022-07-18 10:06:16 - [MESSAGE][PASSED] - Object: 'Object Repository/02_Web/02_Auth/SC003_Sign In/button_Login' is clicked on

2022-07-18 10:06:16 - [TEST_STEP][PASSED] - setText(findTestObject("02_Web/02_Auth/SC003_Sign In/input_email_email"), "salsabilarhdsy@gmail.com", CONTINUE_ON_FAILURE): Text 'salsabilarhdsy@gmail.com' is set on object 'Object Repository/02_Web/02_Auth/SC003_Sign In/input_email_email'

2022-07-18 10:06:17 - [MESSAGE][PASSED] - Text 'salsabilarhdsy@gmail.com' is set on object 'Object Repository/02_Web/02_Auth/SC003_Sign In/input_email_email'

2022-07-18 10:06:17 - [TEST_STEP][PASSED] - setText(findTestObject("02_Web/02_Auth/SC003_Sign In/input_password_password"), "Salsa123!", CONTINUE_ON_FAILURE): Text 'Salsa123!' is set on object 'Object Repository/02_Web/02_Auth/SC003_Sign In/input_password_password'

2022-07-18 10:06:17 - [MESSAGE][PASSED] - Text 'Salsa123!' is set on object 'Object Repository/02_Web/02_Auth/SC003_Sign In/input_password_password'

2022-07-18 10:06:17 - [TEST_STEP][PASSED] - click(findTestObject("02_Web/02_Auth/SC003_Sign In/button_Login_submit"), CONTINUE_ON_FAILURE): Object: 'Object Repository/02_Web/02_Auth/SC003_Sign In/button_Login_submit' is clicked on

2022-07-18 10:06:18 - [MESSAGE][PASSED] - Object: 'Object Repository/02_Web/02_Auth/SC003_Sign In/button_Login_submit' is clicked on

2022-07-18 10:06:18 - [MESSAGE][PASSED] - Call Test Case 'Test Cases/02_Web/signin' successfully

2022-07-18 10:06:18 - [TEST_STEP][PASSED] - click(findTestObject("02_Web/04_My Class/SC022_Setting Profile Class/menu_ico")): Object: 'Object Repository/02_Web/04_My Class/SC022_Setting Profile Class/menu_ico' is clicked on

2022-07-18 10:06:23 - [MESSAGE][PASSED] - Object: 'Object Repository/02_Web/04_My Class/SC022_Setting Profile Class/menu_ico' is clicked on

2022-07-18 10:06:23 - [TEST_STEP][PASSED] - click(findTestObject("02_Web/04_My Class/SC022_Setting Profile Class/menu_my class")): Object: 'Object Repository/02_Web/04_My Class/SC022_Setting Profile Class/menu_my class' is clicked on

2022-07-18 10:06:24 - [MESSAGE][PASSED] - Object: 'Object Repository/02_Web/04_My Class/SC022_Setting Profile Class/menu_my class' is clicked on

2022-07-18 10:06:24 - [TEST_STEP][PASSED] - click(findTestObject("02_Web/04_My Class/SC022_Setting Profile Class/a_Class Teacher")): Object: 'Object Repository/02_Web/04_My Class/SC022_Setting Profile Class/a_Class Teacher' is clicked on

2022-07-18 10:06:27 - [MESSAGE][PASSED] - Object: 'Object Repository/02_Web/04_My Class/SC022_Setting Profile Class/a_Class Teacher' is clicked on

2022-07-18 10:06:27 - [TEST_STEP][PASSED] - click(findTestObject("02_Web/04_My Class/SC022_Setting Profile Class/class_object")): Object: 'Object Repository/02_Web/04_My Class/SC022_Setting Profile Class/class_object' is clicked on

2022-07-18 10:06:28 - [MESSAGE][PASSED] - Object: 'Object Repository/02_Web/04_My Class/SC022_Setting Profile Class/class_object' is clicked on

2022-07-18 10:06:28 - [TEST_STEP][PASSED] - click(findTestObject("02_Web/04_My Class/SC022_Setting Profile Class/a_settings")): Object: 'Object Repository/02_Web/04_My Class/SC022_Setting Profile Class/a_settings' is clicked on

2022-07-18 10:06:31 - [MESSAGE][PASSED] - Object: 'Object Repository/02_Web/04_My Class/SC022_Setting Profile Class/a_settings' is clicked on

2022-07-18 10:06:31 - [TEST_STEP][PASSED] - click(findTestObject("02_Web/04_My Class/SC022_Setting Profile Class/a_profile")): Object: 'Object Repository/02_Web/04_My Class/SC022_Setting Profile Class/a_profile' is clicked on

2022-07-18 10:06:31 - [MESSAGE][PASSED] - Object: 'Object Repository/02_Web/04_My Class/SC022_Setting Profile Class/a_profile' is clicked on

2022-07-18 10:06:31 - [TEST_STEP][PASSED] - click(findTestObject("02_Web/04_My Class/SC022_Setting Profile Class/edit_button")): Object: 'Object Repository/02_Web/04_My Class/SC022_Setting Profile Class/edit_button' is clicked on

2022-07-18 10:06:32 - [MESSAGE][PASSED] - Object: 'Object Repository/02_Web/04_My Class/SC022_Setting Profile Class/edit_button' is clicked on

2022-07-18 10:06:32 - [TEST_STEP][PASSED] - setText(findTestObject("02_Web/04_My Class/SC022_Setting Profile Class/input_datareport"), "https://docs.google.com/spreadsheets/d/1m4Nvj81jKSIMlu26CB4iM8s3QGg7mBS7ZRuukaHxFNA"): Text 'https://docs.google.com/spreadsheets/d/1m4Nvj81jKSIMlu26CB4iM8s3QGg7mBS7ZRuukaHxFNA' is set on object 'Object Repository/02_Web/04_My Class/SC022_Setting Profile Class/input_datareport'

2022-07-18 10:06:33 - [MESSAGE][PASSED] - Text 'https://docs.google.com/spreadsheets/d/1m4Nvj81jKSIMlu26CB4iM8s3QGg7mBS7ZRuukaHxFNA' is set on object 'Object Repository/02_Web/04_My Class/SC022_Setting Profile Class/input_datareport'

2022-07-18 10:06:33 - [TEST_STEP][PASSED] - click(findTestObject("02_Web/04_My Class/SC022_Setting Profile Class/button_Save Changes")): Object: 'Object Repository/02_Web/04_My Class/SC022_Setting Profile Class/button_Save Changes' is clicked on

2022-07-18 10:06:34 - [MESSAGE][PASSED] - Object: 'Object Repository/02_Web/04_My Class/SC022_Setting Profile Class/button_Save Changes' is clicked on

2022-07-18 10:06:34 - [TEST_STEP][PASSED] - click(findTestObject("02_Web/04_My Class/SC022_Setting Profile Class/button_Yes")): Object: 'Object Repository/02_Web/04_My Class/SC022_Setting Profile Class/button_Yes' is clicked on

2022-07-18 10:06:34 - [MESSAGE][PASSED] - Object: 'Object Repository/02_Web/04_My Class/SC022_Setting Profile Class/button_Yes' is clicked on

2022-07-18 10:06:34 - [TEST_STEP][PASSED] - closeBrowser(): Browser is closed

2022-07-18 10:06:35 - [MESSAGE][PASSED] - Browser is closed]]></system-out>
         <system-err><![CDATA[]]></system-err>
      </testcase>
      <testcase name="Test Cases/02_Web/04_My Class/SC021_Setting Profile Class/TC004_Delete Class" time="25.575" classname="Test Cases/02_Web/04_My Class/SC021_Setting Profile Class/TC004_Delete Class" status="PASSED">
         <system-out><![CDATA[2022-07-18 10:06:35 - [TEST_CASE][PASSED] - Test Cases/02_Web/04_My Class/SC021_Setting Profile Class/TC004_Delete Class: Test Cases/02_Web/04_My Class/SC021_Setting Profile Class/TC004_Delete Class

2022-07-18 10:06:35 - [TEST_STEP][PASSED] - callTestCase(findTestCase("02_Web/signin"), [:], CONTINUE_ON_FAILURE): Call Test Case 'Test Cases/02_Web/signin' successfully

2022-07-18 10:06:35 - [TEST_CASE][PASSED] - Test Cases/02_Web/signin: Test Cases/02_Web/signin

2022-07-18 10:06:35 - [TEST_STEP][PASSED] - openBrowser(url_website, CONTINUE_ON_FAILURE): Browser is opened with url: 'https://capstone-study-space.netlify.app/'

2022-07-18 10:06:35 - [MESSAGE][INFO] - Starting 'Chrome' driver

2022-07-18 10:06:35 - [MESSAGE][INFO] - Action delay is set to 0 milliseconds

2022-07-18 10:06:38 - [MESSAGE][PASSED] - Browser is opened with url: 'https://capstone-study-space.netlify.app/'

2022-07-18 10:06:38 - [TEST_STEP][PASSED] - maximizeWindow(CONTINUE_ON_FAILURE): Current window maximized

2022-07-18 10:06:38 - [MESSAGE][PASSED] - Current window maximized

2022-07-18 10:06:38 - [TEST_STEP][PASSED] - click(findTestObject("02_Web/02_Auth/SC003_Sign In/button_Login"), CONTINUE_ON_FAILURE): Object: 'Object Repository/02_Web/02_Auth/SC003_Sign In/button_Login' is clicked on

2022-07-18 10:06:38 - [MESSAGE][PASSED] - Object: 'Object Repository/02_Web/02_Auth/SC003_Sign In/button_Login' is clicked on

2022-07-18 10:06:38 - [TEST_STEP][PASSED] - setText(findTestObject("02_Web/02_Auth/SC003_Sign In/input_email_email"), "salsabilarhdsy@gmail.com", CONTINUE_ON_FAILURE): Text 'salsabilarhdsy@gmail.com' is set on object 'Object Repository/02_Web/02_Auth/SC003_Sign In/input_email_email'

2022-07-18 10:06:39 - [MESSAGE][PASSED] - Text 'salsabilarhdsy@gmail.com' is set on object 'Object Repository/02_Web/02_Auth/SC003_Sign In/input_email_email'

2022-07-18 10:06:39 - [TEST_STEP][PASSED] - setText(findTestObject("02_Web/02_Auth/SC003_Sign In/input_password_password"), "Salsa123!", CONTINUE_ON_FAILURE): Text 'Salsa123!' is set on object 'Object Repository/02_Web/02_Auth/SC003_Sign In/input_password_password'

2022-07-18 10:06:40 - [MESSAGE][PASSED] - Text 'Salsa123!' is set on object 'Object Repository/02_Web/02_Auth/SC003_Sign In/input_password_password'

2022-07-18 10:06:40 - [TEST_STEP][PASSED] - click(findTestObject("02_Web/02_Auth/SC003_Sign In/button_Login_submit"), CONTINUE_ON_FAILURE): Object: 'Object Repository/02_Web/02_Auth/SC003_Sign In/button_Login_submit' is clicked on

2022-07-18 10:06:41 - [MESSAGE][PASSED] - Object: 'Object Repository/02_Web/02_Auth/SC003_Sign In/button_Login_submit' is clicked on

2022-07-18 10:06:41 - [MESSAGE][PASSED] - Call Test Case 'Test Cases/02_Web/signin' successfully

2022-07-18 10:06:41 - [TEST_STEP][PASSED] - click(findTestObject("02_Web/04_My Class/SC022_Setting Profile Class/menu_ico")): Object: 'Object Repository/02_Web/04_My Class/SC022_Setting Profile Class/menu_ico' is clicked on

2022-07-18 10:06:47 - [MESSAGE][PASSED] - Object: 'Object Repository/02_Web/04_My Class/SC022_Setting Profile Class/menu_ico' is clicked on

2022-07-18 10:06:47 - [TEST_STEP][PASSED] - click(findTestObject("02_Web/04_My Class/SC022_Setting Profile Class/menu_my class")): Object: 'Object Repository/02_Web/04_My Class/SC022_Setting Profile Class/menu_my class' is clicked on

2022-07-18 10:06:47 - [MESSAGE][PASSED] - Object: 'Object Repository/02_Web/04_My Class/SC022_Setting Profile Class/menu_my class' is clicked on

2022-07-18 10:06:47 - [TEST_STEP][PASSED] - click(findTestObject("02_Web/04_My Class/SC022_Setting Profile Class/a_Class Teacher")): Object: 'Object Repository/02_Web/04_My Class/SC022_Setting Profile Class/a_Class Teacher' is clicked on

2022-07-18 10:06:50 - [MESSAGE][PASSED] - Object: 'Object Repository/02_Web/04_My Class/SC022_Setting Profile Class/a_Class Teacher' is clicked on

2022-07-18 10:06:50 - [TEST_STEP][PASSED] - click(findTestObject("02_Web/04_My Class/SC022_Setting Profile Class/class_object")): Object: 'Object Repository/02_Web/04_My Class/SC022_Setting Profile Class/class_object' is clicked on

2022-07-18 10:06:51 - [MESSAGE][PASSED] - Object: 'Object Repository/02_Web/04_My Class/SC022_Setting Profile Class/class_object' is clicked on

2022-07-18 10:06:51 - [TEST_STEP][PASSED] - click(findTestObject("02_Web/04_My Class/SC022_Setting Profile Class/a_settings")): Object: 'Object Repository/02_Web/04_My Class/SC022_Setting Profile Class/a_settings' is clicked on

2022-07-18 10:06:53 - [MESSAGE][PASSED] - Object: 'Object Repository/02_Web/04_My Class/SC022_Setting Profile Class/a_settings' is clicked on

2022-07-18 10:06:53 - [TEST_STEP][PASSED] - click(findTestObject("02_Web/04_My Class/SC022_Setting Profile Class/a_profile")): Object: 'Object Repository/02_Web/04_My Class/SC022_Setting Profile Class/a_profile' is clicked on

2022-07-18 10:06:53 - [MESSAGE][PASSED] - Object: 'Object Repository/02_Web/04_My Class/SC022_Setting Profile Class/a_profile' is clicked on

2022-07-18 10:06:53 - [TEST_STEP][PASSED] - click(findTestObject("02_Web/04_My Class/SC022_Setting Profile Class/button_delete")): Object: 'Object Repository/02_Web/04_My Class/SC022_Setting Profile Class/button_delete' is clicked on

2022-07-18 10:06:54 - [MESSAGE][PASSED] - Object: 'Object Repository/02_Web/04_My Class/SC022_Setting Profile Class/button_delete' is clicked on

2022-07-18 10:06:54 - [TEST_STEP][PASSED] - click(findTestObject("02_Web/04_My Class/SC022_Setting Profile Class/button_Yes")): Object: 'Object Repository/02_Web/04_My Class/SC022_Setting Profile Class/button_Yes' is clicked on

2022-07-18 10:06:55 - [MESSAGE][PASSED] - Object: 'Object Repository/02_Web/04_My Class/SC022_Setting Profile Class/button_Yes' is clicked on

2022-07-18 10:06:55 - [TEST_STEP][PASSED] - verifyElementPresent(findTestObject("02_Web/04_My Class/SC023_Leave Class/active_class"), 0): Object 'Object Repository/02_Web/04_My Class/SC023_Leave Class/active_class' is present

2022-07-18 10:06:55 - [MESSAGE][WARNING] - Timeout '0' is invalid. Using default page load timeout: '30'

2022-07-18 10:07:00 - [MESSAGE][PASSED] - Object 'Object Repository/02_Web/04_My Class/SC023_Leave Class/active_class' is present

2022-07-18 10:07:00 - [TEST_STEP][PASSED] - closeBrowser(): Browser is closed

2022-07-18 10:07:00 - [MESSAGE][PASSED] - Browser is closed]]></system-out>
         <system-err><![CDATA[]]></system-err>
      </testcase>
      <testcase name="Test Cases/02_Web/04_My Class/SC022_Leave Class/TC001_Leave Class" time="21.311" classname="Test Cases/02_Web/04_My Class/SC022_Leave Class/TC001_Leave Class" status="PASSED">
         <system-out><![CDATA[2022-07-18 10:07:00 - [TEST_CASE][PASSED] - Test Cases/02_Web/04_My Class/SC022_Leave Class/TC001_Leave Class: Test Cases/02_Web/04_My Class/SC022_Leave Class/TC001_Leave Class

2022-07-18 10:07:01 - [TEST_STEP][PASSED] - callTestCase(findTestCase("02_Web/signin"), [:], CONTINUE_ON_FAILURE): Call Test Case 'Test Cases/02_Web/signin' successfully

2022-07-18 10:07:01 - [TEST_CASE][PASSED] - Test Cases/02_Web/signin: Test Cases/02_Web/signin

2022-07-18 10:07:01 - [TEST_STEP][PASSED] - openBrowser(url_website, CONTINUE_ON_FAILURE): Browser is opened with url: 'https://capstone-study-space.netlify.app/'

2022-07-18 10:07:01 - [MESSAGE][INFO] - Starting 'Chrome' driver

2022-07-18 10:07:01 - [MESSAGE][INFO] - Action delay is set to 0 milliseconds

2022-07-18 10:07:03 - [MESSAGE][PASSED] - Browser is opened with url: 'https://capstone-study-space.netlify.app/'

2022-07-18 10:07:03 - [TEST_STEP][PASSED] - maximizeWindow(CONTINUE_ON_FAILURE): Current window maximized

2022-07-18 10:07:04 - [MESSAGE][PASSED] - Current window maximized

2022-07-18 10:07:04 - [TEST_STEP][PASSED] - click(findTestObject("02_Web/02_Auth/SC003_Sign In/button_Login"), CONTINUE_ON_FAILURE): Object: 'Object Repository/02_Web/02_Auth/SC003_Sign In/button_Login' is clicked on

2022-07-18 10:07:04 - [MESSAGE][PASSED] - Object: 'Object Repository/02_Web/02_Auth/SC003_Sign In/button_Login' is clicked on

2022-07-18 10:07:04 - [TEST_STEP][PASSED] - setText(findTestObject("02_Web/02_Auth/SC003_Sign In/input_email_email"), "salsabilarhdsy@gmail.com", CONTINUE_ON_FAILURE): Text 'salsabilarhdsy@gmail.com' is set on object 'Object Repository/02_Web/02_Auth/SC003_Sign In/input_email_email'

2022-07-18 10:07:05 - [MESSAGE][PASSED] - Text 'salsabilarhdsy@gmail.com' is set on object 'Object Repository/02_Web/02_Auth/SC003_Sign In/input_email_email'

2022-07-18 10:07:05 - [TEST_STEP][PASSED] - setText(findTestObject("02_Web/02_Auth/SC003_Sign In/input_password_password"), "Salsa123!", CONTINUE_ON_FAILURE): Text 'Salsa123!' is set on object 'Object Repository/02_Web/02_Auth/SC003_Sign In/input_password_password'

2022-07-18 10:07:06 - [MESSAGE][PASSED] - Text 'Salsa123!' is set on object 'Object Repository/02_Web/02_Auth/SC003_Sign In/input_password_password'

2022-07-18 10:07:06 - [TEST_STEP][PASSED] - click(findTestObject("02_Web/02_Auth/SC003_Sign In/button_Login_submit"), CONTINUE_ON_FAILURE): Object: 'Object Repository/02_Web/02_Auth/SC003_Sign In/button_Login_submit' is clicked on

2022-07-18 10:07:06 - [MESSAGE][PASSED] - Object: 'Object Repository/02_Web/02_Auth/SC003_Sign In/button_Login_submit' is clicked on

2022-07-18 10:07:06 - [MESSAGE][PASSED] - Call Test Case 'Test Cases/02_Web/signin' successfully

2022-07-18 10:07:06 - [TEST_STEP][PASSED] - click(findTestObject("02_Web/04_My Class/SC023_Leave Class/class_object")): Object: 'Object Repository/02_Web/04_My Class/SC023_Leave Class/class_object' is clicked on

2022-07-18 10:07:12 - [MESSAGE][PASSED] - Object: 'Object Repository/02_Web/04_My Class/SC023_Leave Class/class_object' is clicked on

2022-07-18 10:07:12 - [TEST_STEP][PASSED] - click(findTestObject("02_Web/04_My Class/SC023_Leave Class/a_settings")): Object: 'Object Repository/02_Web/04_My Class/SC023_Leave Class/a_settings' is clicked on

2022-07-18 10:07:15 - [MESSAGE][PASSED] - Object: 'Object Repository/02_Web/04_My Class/SC023_Leave Class/a_settings' is clicked on

2022-07-18 10:07:15 - [TEST_STEP][PASSED] - click(findTestObject("02_Web/04_My Class/SC023_Leave Class/button_Leave Class")): Object: 'Object Repository/02_Web/04_My Class/SC023_Leave Class/button_Leave Class' is clicked on

2022-07-18 10:07:16 - [MESSAGE][PASSED] - Object: 'Object Repository/02_Web/04_My Class/SC023_Leave Class/button_Leave Class' is clicked on

2022-07-18 10:07:16 - [TEST_STEP][PASSED] - click(findTestObject("02_Web/04_My Class/SC023_Leave Class/button_Leave")): Object: 'Object Repository/02_Web/04_My Class/SC023_Leave Class/button_Leave' is clicked on

2022-07-18 10:07:16 - [MESSAGE][PASSED] - Object: 'Object Repository/02_Web/04_My Class/SC023_Leave Class/button_Leave' is clicked on

2022-07-18 10:07:16 - [TEST_STEP][PASSED] - verifyElementText(findTestObject("02_Web/04_My Class/SC023_Leave Class/active_class"), "Active Class"): Actual text and expected text of test object 'Object Repository/02_Web/04_My Class/SC023_Leave Class/active_class' are matched.

2022-07-18 10:07:21 - [MESSAGE][PASSED] - Actual text and expected text of test object 'Object Repository/02_Web/04_My Class/SC023_Leave Class/active_class' are matched.

2022-07-18 10:07:21 - [TEST_STEP][PASSED] - closeBrowser(): Browser is closed

2022-07-18 10:07:22 - [MESSAGE][PASSED] - Browser is closed]]></system-out>
         <system-err><![CDATA[]]></system-err>
      </testcase>
      <testcase name="Test Cases/02_Web/05_History/SC024_View History/TC001_View History" time="14.544" classname="Test Cases/02_Web/05_History/SC024_View History/TC001_View History" status="PASSED">
         <system-out><![CDATA[2022-07-18 10:07:22 - [TEST_CASE][PASSED] - Test Cases/02_Web/05_History/SC024_View History/TC001_View History: Test Cases/02_Web/05_History/SC024_View History/TC001_View History

2022-07-18 10:07:22 - [TEST_STEP][PASSED] - callTestCase(findTestCase("02_Web/signin"), [:], CONTINUE_ON_FAILURE): Call Test Case 'Test Cases/02_Web/signin' successfully

2022-07-18 10:07:22 - [TEST_CASE][PASSED] - Test Cases/02_Web/signin: Test Cases/02_Web/signin

2022-07-18 10:07:22 - [TEST_STEP][PASSED] - openBrowser(url_website, CONTINUE_ON_FAILURE): Browser is opened with url: 'https://capstone-study-space.netlify.app/'

2022-07-18 10:07:22 - [MESSAGE][INFO] - Starting 'Chrome' driver

2022-07-18 10:07:22 - [MESSAGE][INFO] - Action delay is set to 0 milliseconds

2022-07-18 10:07:25 - [MESSAGE][PASSED] - Browser is opened with url: 'https://capstone-study-space.netlify.app/'

2022-07-18 10:07:25 - [TEST_STEP][PASSED] - maximizeWindow(CONTINUE_ON_FAILURE): Current window maximized

2022-07-18 10:07:25 - [MESSAGE][PASSED] - Current window maximized

2022-07-18 10:07:25 - [TEST_STEP][PASSED] - click(findTestObject("02_Web/02_Auth/SC003_Sign In/button_Login"), CONTINUE_ON_FAILURE): Object: 'Object Repository/02_Web/02_Auth/SC003_Sign In/button_Login' is clicked on

2022-07-18 10:07:26 - [MESSAGE][PASSED] - Object: 'Object Repository/02_Web/02_Auth/SC003_Sign In/button_Login' is clicked on

2022-07-18 10:07:26 - [TEST_STEP][PASSED] - setText(findTestObject("02_Web/02_Auth/SC003_Sign In/input_email_email"), "salsabilarhdsy@gmail.com", CONTINUE_ON_FAILURE): Text 'salsabilarhdsy@gmail.com' is set on object 'Object Repository/02_Web/02_Auth/SC003_Sign In/input_email_email'

2022-07-18 10:07:27 - [MESSAGE][PASSED] - Text 'salsabilarhdsy@gmail.com' is set on object 'Object Repository/02_Web/02_Auth/SC003_Sign In/input_email_email'

2022-07-18 10:07:27 - [TEST_STEP][PASSED] - setText(findTestObject("02_Web/02_Auth/SC003_Sign In/input_password_password"), "Salsa123!", CONTINUE_ON_FAILURE): Text 'Salsa123!' is set on object 'Object Repository/02_Web/02_Auth/SC003_Sign In/input_password_password'

2022-07-18 10:07:28 - [MESSAGE][PASSED] - Text 'Salsa123!' is set on object 'Object Repository/02_Web/02_Auth/SC003_Sign In/input_password_password'

2022-07-18 10:07:28 - [TEST_STEP][PASSED] - click(findTestObject("02_Web/02_Auth/SC003_Sign In/button_Login_submit"), CONTINUE_ON_FAILURE): Object: 'Object Repository/02_Web/02_Auth/SC003_Sign In/button_Login_submit' is clicked on

2022-07-18 10:07:28 - [MESSAGE][PASSED] - Object: 'Object Repository/02_Web/02_Auth/SC003_Sign In/button_Login_submit' is clicked on

2022-07-18 10:07:28 - [MESSAGE][PASSED] - Call Test Case 'Test Cases/02_Web/signin' successfully

2022-07-18 10:07:28 - [TEST_STEP][PASSED] - click(findTestObject("02_Web/05_History/SC024_View History/menu_ico")): Object: 'Object Repository/02_Web/05_History/SC024_View History/menu_ico' is clicked on

2022-07-18 10:07:33 - [MESSAGE][PASSED] - Object: 'Object Repository/02_Web/05_History/SC024_View History/menu_ico' is clicked on

2022-07-18 10:07:33 - [TEST_STEP][PASSED] - click(findTestObject("02_Web/05_History/SC024_View History/history_menu")): Object: 'Object Repository/02_Web/05_History/SC024_View History/history_menu' is clicked on

2022-07-18 10:07:34 - [MESSAGE][PASSED] - Object: 'Object Repository/02_Web/05_History/SC024_View History/history_menu' is clicked on

2022-07-18 10:07:34 - [TEST_STEP][PASSED] - verifyElementPresent(findTestObject("02_Web/05_History/SC024_View History/history"), 0): Object 'Object Repository/02_Web/05_History/SC024_View History/history' is present

2022-07-18 10:07:34 - [MESSAGE][WARNING] - Timeout '0' is invalid. Using default page load timeout: '30'

2022-07-18 10:07:36 - [MESSAGE][PASSED] - Object 'Object Repository/02_Web/05_History/SC024_View History/history' is present

2022-07-18 10:07:36 - [TEST_STEP][PASSED] - closeBrowser(): Browser is closed

2022-07-18 10:07:36 - [MESSAGE][PASSED] - Browser is closed]]></system-out>
         <system-err><![CDATA[]]></system-err>
      </testcase>
      <testcase name="Test Cases/02_Web/06_Settings/SC025_Edit Profile/TC003_Edit email (With invalid email format)" time="16.202" classname="Test Cases/02_Web/06_Settings/SC025_Edit Profile/TC003_Edit email (With invalid email format)" status="PASSED">
         <system-out><![CDATA[2022-07-18 10:07:36 - [TEST_CASE][PASSED] - Test Cases/02_Web/06_Settings/SC025_Edit Profile/TC003_Edit email (With invalid email format): Test Cases/02_Web/06_Settings/SC025_Edit Profile/TC003_Edit email (With invalid email format)

2022-07-18 10:07:37 - [TEST_STEP][PASSED] - callTestCase(findTestCase("02_Web/signin"), [:], CONTINUE_ON_FAILURE): Call Test Case 'Test Cases/02_Web/signin' successfully

2022-07-18 10:07:37 - [TEST_CASE][PASSED] - Test Cases/02_Web/signin: Test Cases/02_Web/signin

2022-07-18 10:07:37 - [TEST_STEP][PASSED] - openBrowser(url_website, CONTINUE_ON_FAILURE): Browser is opened with url: 'https://capstone-study-space.netlify.app/'

2022-07-18 10:07:37 - [MESSAGE][INFO] - Starting 'Chrome' driver

2022-07-18 10:07:37 - [MESSAGE][INFO] - Action delay is set to 0 milliseconds

2022-07-18 10:07:39 - [MESSAGE][PASSED] - Browser is opened with url: 'https://capstone-study-space.netlify.app/'

2022-07-18 10:07:39 - [TEST_STEP][PASSED] - maximizeWindow(CONTINUE_ON_FAILURE): Current window maximized

2022-07-18 10:07:40 - [MESSAGE][PASSED] - Current window maximized

2022-07-18 10:07:40 - [TEST_STEP][PASSED] - click(findTestObject("02_Web/02_Auth/SC003_Sign In/button_Login"), CONTINUE_ON_FAILURE): Object: 'Object Repository/02_Web/02_Auth/SC003_Sign In/button_Login' is clicked on

2022-07-18 10:07:40 - [MESSAGE][PASSED] - Object: 'Object Repository/02_Web/02_Auth/SC003_Sign In/button_Login' is clicked on

2022-07-18 10:07:40 - [TEST_STEP][PASSED] - setText(findTestObject("02_Web/02_Auth/SC003_Sign In/input_email_email"), "salsabilarhdsy@gmail.com", CONTINUE_ON_FAILURE): Text 'salsabilarhdsy@gmail.com' is set on object 'Object Repository/02_Web/02_Auth/SC003_Sign In/input_email_email'

2022-07-18 10:07:41 - [MESSAGE][PASSED] - Text 'salsabilarhdsy@gmail.com' is set on object 'Object Repository/02_Web/02_Auth/SC003_Sign In/input_email_email'

2022-07-18 10:07:41 - [TEST_STEP][PASSED] - setText(findTestObject("02_Web/02_Auth/SC003_Sign In/input_password_password"), "Salsa123!", CONTINUE_ON_FAILURE): Text 'Salsa123!' is set on object 'Object Repository/02_Web/02_Auth/SC003_Sign In/input_password_password'

2022-07-18 10:07:42 - [MESSAGE][PASSED] - Text 'Salsa123!' is set on object 'Object Repository/02_Web/02_Auth/SC003_Sign In/input_password_password'

2022-07-18 10:07:42 - [TEST_STEP][PASSED] - click(findTestObject("02_Web/02_Auth/SC003_Sign In/button_Login_submit"), CONTINUE_ON_FAILURE): Object: 'Object Repository/02_Web/02_Auth/SC003_Sign In/button_Login_submit' is clicked on

2022-07-18 10:07:42 - [MESSAGE][PASSED] - Object: 'Object Repository/02_Web/02_Auth/SC003_Sign In/button_Login_submit' is clicked on

2022-07-18 10:07:42 - [MESSAGE][PASSED] - Call Test Case 'Test Cases/02_Web/signin' successfully

2022-07-18 10:07:42 - [TEST_STEP][PASSED] - click(findTestObject("02_Web/06_Settings/button_profile")): Object: 'Object Repository/02_Web/06_Settings/button_profile' is clicked on

2022-07-18 10:07:47 - [MESSAGE][PASSED] - Object: 'Object Repository/02_Web/06_Settings/button_profile' is clicked on

2022-07-18 10:07:47 - [TEST_STEP][PASSED] - click(findTestObject("02_Web/06_Settings/menu_my account")): Object: 'Object Repository/02_Web/06_Settings/menu_my account' is clicked on

2022-07-18 10:07:48 - [MESSAGE][PASSED] - Object: 'Object Repository/02_Web/06_Settings/menu_my account' is clicked on

2022-07-18 10:07:48 - [TEST_STEP][PASSED] - click(findTestObject("02_Web/06_Settings/input_name_name")): Object: 'Object Repository/02_Web/06_Settings/input_name_name' is clicked on

2022-07-18 10:07:48 - [MESSAGE][PASSED] - Object: 'Object Repository/02_Web/06_Settings/input_name_name' is clicked on

2022-07-18 10:07:48 - [TEST_STEP][PASSED] - click(findTestObject("02_Web/06_Settings/SC025_Edit Profile/change_email_ico")): Object: 'Object Repository/02_Web/06_Settings/SC025_Edit Profile/change_email_ico' is clicked on

2022-07-18 10:07:49 - [MESSAGE][PASSED] - Object: 'Object Repository/02_Web/06_Settings/SC025_Edit Profile/change_email_ico' is clicked on

2022-07-18 10:07:49 - [TEST_STEP][PASSED] - setText(findTestObject("02_Web/06_Settings/input_email_email"), "salsagmail.com"): Text 'salsagmail.com' is set on object 'Object Repository/02_Web/06_Settings/input_email_email'

2022-07-18 10:07:50 - [MESSAGE][PASSED] - Text 'salsagmail.com' is set on object 'Object Repository/02_Web/06_Settings/input_email_email'

2022-07-18 10:07:50 - [TEST_STEP][PASSED] - click(findTestObject("02_Web/06_Settings/SC025_Edit Profile/change_email_ico")): Object: 'Object Repository/02_Web/06_Settings/SC025_Edit Profile/change_email_ico' is clicked on

2022-07-18 10:07:50 - [MESSAGE][PASSED] - Object: 'Object Repository/02_Web/06_Settings/SC025_Edit Profile/change_email_ico' is clicked on

2022-07-18 10:07:50 - [TEST_STEP][PASSED] - click(findTestObject("02_Web/06_Settings/button_Change")): Object: 'Object Repository/02_Web/06_Settings/button_Change' is clicked on

2022-07-18 10:07:51 - [MESSAGE][PASSED] - Object: 'Object Repository/02_Web/06_Settings/button_Change' is clicked on

2022-07-18 10:07:51 - [TEST_STEP][PASSED] - verifyElementPresent(findTestObject("02_Web/06_Settings/SC025_Edit Profile/popup_failed"), 0): Object 'Object Repository/02_Web/06_Settings/SC025_Edit Profile/popup_failed' is present

2022-07-18 10:07:51 - [MESSAGE][WARNING] - Timeout '0' is invalid. Using default page load timeout: '30'

2022-07-18 10:07:51 - [MESSAGE][PASSED] - Object 'Object Repository/02_Web/06_Settings/SC025_Edit Profile/popup_failed' is present

2022-07-18 10:07:51 - [TEST_STEP][PASSED] - click(findTestObject("02_Web/06_Settings/button_OK")): Object: 'Object Repository/02_Web/06_Settings/button_OK' is clicked on

2022-07-18 10:07:52 - [MESSAGE][PASSED] - Object: 'Object Repository/02_Web/06_Settings/button_OK' is clicked on

2022-07-18 10:07:52 - [TEST_STEP][PASSED] - closeBrowser(): Browser is closed

2022-07-18 10:07:53 - [MESSAGE][PASSED] - Browser is closed]]></system-out>
         <system-err><![CDATA[]]></system-err>
      </testcase>
      <testcase name="Test Cases/02_Web/06_Settings/SC025_Edit Profile/TC002_Edit email (With another registered email)" time="47.523" classname="Test Cases/02_Web/06_Settings/SC025_Edit Profile/TC002_Edit email (With another registered email)" status="FAILED">
         <failure type="FAILED" message="Test Cases/02_Web/06_Settings/SC025_Edit Profile/TC002_Edit email (With another registered email) FAILED.
Reason:
com.kms.katalon.core.exception.StepFailedException: com.kms.katalon.core.webui.exception.WebElementNotFoundException: Web element with id: 'Object Repository/02_Web/06_Settings/SC025_Edit Profile/error_msg' located by '//*[@id = 'swal2-title' and (text() = 'Update Error' or . = 'Update Error')]' not found (Root cause: com.kms.katalon.core.exception.StepFailedException: com.kms.katalon.core.webui.exception.WebElementNotFoundException: Web element with id: 'Object Repository/02_Web/06_Settings/SC025_Edit Profile/error_msg' located by '//*[@id = 'swal2-title' and (text() = 'Update Error' or . = 'Update Error')]' not found
	at com.kms.katalon.core.webui.keyword.internal.WebUIKeywordMain.stepFailed(WebUIKeywordMain.groovy:64)
	at com.kms.katalon.core.webui.keyword.builtin.VerifyElementPresentKeyword$_verifyElementPresent_closure1.doCall(VerifyElementPresentKeyword.groovy:85)
	at com.kms.katalon.core.webui.keyword.builtin.VerifyElementPresentKeyword$_verifyElementPresent_closure1.call(VerifyElementPresentKeyword.groovy)
	at com.kms.katalon.core.webui.keyword.internal.WebUIKeywordMain.runKeyword(WebUIKeywordMain.groovy:20)
	at com.kms.katalon.core.webui.keyword.builtin.VerifyElementPresentKeyword.verifyElementPresent(VerifyElementPresentKeyword.groovy:92)
	at com.kms.katalon.core.webui.keyword.builtin.VerifyElementPresentKeyword.execute(VerifyElementPresentKeyword.groovy:68)
	at com.kms.katalon.core.keyword.internal.KeywordExecutor.executeKeywordForPlatform(KeywordExecutor.groovy:74)
	at com.kms.katalon.core.webui.keyword.WebUiBuiltInKeywords.verifyElementPresent(WebUiBuiltInKeywords.groovy:1464)
	at com.kms.katalon.core.webui.keyword.WebUiBuiltInKeywords$verifyElementPresent$4.call(Unknown Source)
	at TC002_Edit email (With another registered email).run(TC002_Edit email (With another registered email):38)
	at com.kms.katalon.core.main.ScriptEngine.run(ScriptEngine.java:194)
	at com.kms.katalon.core.main.ScriptEngine.runScriptAsRawText(ScriptEngine.java:119)
	at com.kms.katalon.core.main.TestCaseExecutor.runScript(TestCaseExecutor.java:442)
	at com.kms.katalon.core.main.TestCaseExecutor.doExecute(TestCaseExecutor.java:433)
	at com.kms.katalon.core.main.TestCaseExecutor.processExecutionPhase(TestCaseExecutor.java:412)
	at com.kms.katalon.core.main.TestCaseExecutor.accessMainPhase(TestCaseExecutor.java:404)
	at com.kms.katalon.core.main.TestCaseExecutor.execute(TestCaseExecutor.java:281)
	at com.kms.katalon.core.main.TestCaseExecutor.execute(TestCaseExecutor.java:363)
	at com.kms.katalon.core.main.TestCaseExecutor.execute(TestCaseExecutor.java:363)
	at com.kms.katalon.core.main.TestCaseExecutor.execute(TestCaseExecutor.java:363)
	at com.kms.katalon.core.main.TestSuiteExecutor.accessTestCaseMainPhase(TestSuiteExecutor.java:202)
	at com.kms.katalon.core.main.TestSuiteExecutor.accessTestSuiteMainPhase(TestSuiteExecutor.java:164)
	at com.kms.katalon.core.main.TestSuiteExecutor.execute(TestSuiteExecutor.java:105)
	at com.kms.katalon.core.main.TestCaseMain.startTestSuite(TestCaseMain.java:185)
	at com.kms.katalon.core.main.TestCaseMain$startTestSuite$0.call(Unknown Source)
	at TempTestSuite1658113051764.run(TempTestSuite1658113051764.groovy:36)
)
	at com.kms.katalon.core.keyword.internal.KeywordMain.stepFailed(KeywordMain.groovy:39)
	at com.kms.katalon.core.webui.keyword.internal.WebUIKeywordMain.stepFailed(WebUIKeywordMain.groovy:64)
	at com.kms.katalon.core.webui.keyword.builtin.VerifyElementPresentKeyword$_verifyElementPresent_closure1.doCall(VerifyElementPresentKeyword.groovy:85)
	at com.kms.katalon.core.webui.keyword.builtin.VerifyElementPresentKeyword$_verifyElementPresent_closure1.call(VerifyElementPresentKeyword.groovy)
	at com.kms.katalon.core.webui.keyword.internal.WebUIKeywordMain.runKeyword(WebUIKeywordMain.groovy:20)
	at com.kms.katalon.core.webui.keyword.builtin.VerifyElementPresentKeyword.verifyElementPresent(VerifyElementPresentKeyword.groovy:92)
	at com.kms.katalon.core.webui.keyword.builtin.VerifyElementPresentKeyword.execute(VerifyElementPresentKeyword.groovy:68)
	at com.kms.katalon.core.keyword.internal.KeywordExecutor.executeKeywordForPlatform(KeywordExecutor.groovy:74)
	at com.kms.katalon.core.webui.keyword.WebUiBuiltInKeywords.verifyElementPresent(WebUiBuiltInKeywords.groovy:1464)
	at com.kms.katalon.core.webui.keyword.WebUiBuiltInKeywords$verifyElementPresent$4.call(Unknown Source)
	at TC002_Edit email (With another registered email).run(TC002_Edit email (With another registered email):38)
	at com.kms.katalon.core.main.ScriptEngine.run(ScriptEngine.java:194)
	at com.kms.katalon.core.main.ScriptEngine.runScriptAsRawText(ScriptEngine.java:119)
	at com.kms.katalon.core.main.TestCaseExecutor.runScript(TestCaseExecutor.java:442)
	at com.kms.katalon.core.main.TestCaseExecutor.doExecute(TestCaseExecutor.java:433)
	at com.kms.katalon.core.main.TestCaseExecutor.processExecutionPhase(TestCaseExecutor.java:412)
	at com.kms.katalon.core.main.TestCaseExecutor.accessMainPhase(TestCaseExecutor.java:404)
	at com.kms.katalon.core.main.TestCaseExecutor.execute(TestCaseExecutor.java:281)
	at com.kms.katalon.core.main.TestCaseExecutor.execute(TestCaseExecutor.java:363)
	at com.kms.katalon.core.main.TestCaseExecutor.execute(TestCaseExecutor.java:363)
	at com.kms.katalon.core.main.TestCaseExecutor.execute(TestCaseExecutor.java:363)
	at com.kms.katalon.core.main.TestSuiteExecutor.accessTestCaseMainPhase(TestSuiteExecutor.java:202)
	at com.kms.katalon.core.main.TestSuiteExecutor.accessTestSuiteMainPhase(TestSuiteExecutor.java:164)
	at com.kms.katalon.core.main.TestSuiteExecutor.execute(TestSuiteExecutor.java:105)
	at com.kms.katalon.core.main.TestCaseMain.startTestSuite(TestCaseMain.java:185)
	at com.kms.katalon.core.main.TestCaseMain$startTestSuite$0.call(Unknown Source)
	at TempTestSuite1658113051764.run(TempTestSuite1658113051764.groovy:36)
Caused by: com.kms.katalon.core.exception.StepFailedException: com.kms.katalon.core.webui.exception.WebElementNotFoundException: Web element with id: 'Object Repository/02_Web/06_Settings/SC025_Edit Profile/error_msg' located by '//*[@id = 'swal2-title' and (text() = 'Update Error' or . = 'Update Error')]' not found
	... 26 more
"/>
         <system-out><![CDATA[2022-07-18 10:10:15 - [TEST_CASE][FAILED] - Test Cases/02_Web/06_Settings/SC025_Edit Profile/TC002_Edit email (With another registered email): Test Cases/02_Web/06_Settings/SC025_Edit Profile/TC002_Edit email (With another registered email) FAILED.
Reason:
com.kms.katalon.core.exception.StepFailedException: com.kms.katalon.core.webui.exception.WebElementNotFoundException: Web element with id: 'Object Repository/02_Web/06_Settings/SC025_Edit Profile/error_msg' located by '//*[@id = 'swal2-title' and (text() = 'Update Error' or . = 'Update Error')]' not found (Root cause: com.kms.katalon.core.exception.StepFailedException: com.kms.katalon.core.webui.exception.WebElementNotFoundException: Web element with id: 'Object Repository/02_Web/06_Settings/SC025_Edit Profile/error_msg' located by '//*[@id = 'swal2-title' and (text() = 'Update Error' or . = 'Update Error')]' not found
	at com.kms.katalon.core.webui.keyword.internal.WebUIKeywordMain.stepFailed(WebUIKeywordMain.groovy:64)
	at com.kms.katalon.core.webui.keyword.builtin.VerifyElementPresentKeyword$_verifyElementPresent_closure1.doCall(VerifyElementPresentKeyword.groovy:85)
	at com.kms.katalon.core.webui.keyword.builtin.VerifyElementPresentKeyword$_verifyElementPresent_closure1.call(VerifyElementPresentKeyword.groovy)
	at com.kms.katalon.core.webui.keyword.internal.WebUIKeywordMain.runKeyword(WebUIKeywordMain.groovy:20)
	at com.kms.katalon.core.webui.keyword.builtin.VerifyElementPresentKeyword.verifyElementPresent(VerifyElementPresentKeyword.groovy:92)
	at com.kms.katalon.core.webui.keyword.builtin.VerifyElementPresentKeyword.execute(VerifyElementPresentKeyword.groovy:68)
	at com.kms.katalon.core.keyword.internal.KeywordExecutor.executeKeywordForPlatform(KeywordExecutor.groovy:74)
	at com.kms.katalon.core.webui.keyword.WebUiBuiltInKeywords.verifyElementPresent(WebUiBuiltInKeywords.groovy:1464)
	at com.kms.katalon.core.webui.keyword.WebUiBuiltInKeywords$verifyElementPresent$4.call(Unknown Source)
	at TC002_Edit email (With another registered email).run(TC002_Edit email (With another registered email):38)
	at com.kms.katalon.core.main.ScriptEngine.run(ScriptEngine.java:194)
	at com.kms.katalon.core.main.ScriptEngine.runScriptAsRawText(ScriptEngine.java:119)
	at com.kms.katalon.core.main.TestCaseExecutor.runScript(TestCaseExecutor.java:442)
	at com.kms.katalon.core.main.TestCaseExecutor.doExecute(TestCaseExecutor.java:433)
	at com.kms.katalon.core.main.TestCaseExecutor.processExecutionPhase(TestCaseExecutor.java:412)
	at com.kms.katalon.core.main.TestCaseExecutor.accessMainPhase(TestCaseExecutor.java:404)
	at com.kms.katalon.core.main.TestCaseExecutor.execute(TestCaseExecutor.java:281)
	at com.kms.katalon.core.main.TestCaseExecutor.execute(TestCaseExecutor.java:363)
	at com.kms.katalon.core.main.TestCaseExecutor.execute(TestCaseExecutor.java:363)
	at com.kms.katalon.core.main.TestCaseExecutor.execute(TestCaseExecutor.java:363)
	at com.kms.katalon.core.main.TestSuiteExecutor.accessTestCaseMainPhase(TestSuiteExecutor.java:202)
	at com.kms.katalon.core.main.TestSuiteExecutor.accessTestSuiteMainPhase(TestSuiteExecutor.java:164)
	at com.kms.katalon.core.main.TestSuiteExecutor.execute(TestSuiteExecutor.java:105)
	at com.kms.katalon.core.main.TestCaseMain.startTestSuite(TestCaseMain.java:185)
	at com.kms.katalon.core.main.TestCaseMain$startTestSuite$0.call(Unknown Source)
	at TempTestSuite1658113051764.run(TempTestSuite1658113051764.groovy:36)
)
	at com.kms.katalon.core.keyword.internal.KeywordMain.stepFailed(KeywordMain.groovy:39)
	at com.kms.katalon.core.webui.keyword.internal.WebUIKeywordMain.stepFailed(WebUIKeywordMain.groovy:64)
	at com.kms.katalon.core.webui.keyword.builtin.VerifyElementPresentKeyword$_verifyElementPresent_closure1.doCall(VerifyElementPresentKeyword.groovy:85)
	at com.kms.katalon.core.webui.keyword.builtin.VerifyElementPresentKeyword$_verifyElementPresent_closure1.call(VerifyElementPresentKeyword.groovy)
	at com.kms.katalon.core.webui.keyword.internal.WebUIKeywordMain.runKeyword(WebUIKeywordMain.groovy:20)
	at com.kms.katalon.core.webui.keyword.builtin.VerifyElementPresentKeyword.verifyElementPresent(VerifyElementPresentKeyword.groovy:92)
	at com.kms.katalon.core.webui.keyword.builtin.VerifyElementPresentKeyword.execute(VerifyElementPresentKeyword.groovy:68)
	at com.kms.katalon.core.keyword.internal.KeywordExecutor.executeKeywordForPlatform(KeywordExecutor.groovy:74)
	at com.kms.katalon.core.webui.keyword.WebUiBuiltInKeywords.verifyElementPresent(WebUiBuiltInKeywords.groovy:1464)
	at com.kms.katalon.core.webui.keyword.WebUiBuiltInKeywords$verifyElementPresent$4.call(Unknown Source)
	at TC002_Edit email (With another registered email).run(TC002_Edit email (With another registered email):38)
	at com.kms.katalon.core.main.ScriptEngine.run(ScriptEngine.java:194)
	at com.kms.katalon.core.main.ScriptEngine.runScriptAsRawText(ScriptEngine.java:119)
	at com.kms.katalon.core.main.TestCaseExecutor.runScript(TestCaseExecutor.java:442)
	at com.kms.katalon.core.main.TestCaseExecutor.doExecute(TestCaseExecutor.java:433)
	at com.kms.katalon.core.main.TestCaseExecutor.processExecutionPhase(TestCaseExecutor.java:412)
	at com.kms.katalon.core.main.TestCaseExecutor.accessMainPhase(TestCaseExecutor.java:404)
	at com.kms.katalon.core.main.TestCaseExecutor.execute(TestCaseExecutor.java:281)
	at com.kms.katalon.core.main.TestCaseExecutor.execute(TestCaseExecutor.java:363)
	at com.kms.katalon.core.main.TestCaseExecutor.execute(TestCaseExecutor.java:363)
	at com.kms.katalon.core.main.TestCaseExecutor.execute(TestCaseExecutor.java:363)
	at com.kms.katalon.core.main.TestSuiteExecutor.accessTestCaseMainPhase(TestSuiteExecutor.java:202)
	at com.kms.katalon.core.main.TestSuiteExecutor.accessTestSuiteMainPhase(TestSuiteExecutor.java:164)
	at com.kms.katalon.core.main.TestSuiteExecutor.execute(TestSuiteExecutor.java:105)
	at com.kms.katalon.core.main.TestCaseMain.startTestSuite(TestCaseMain.java:185)
	at com.kms.katalon.core.main.TestCaseMain$startTestSuite$0.call(Unknown Source)
	at TempTestSuite1658113051764.run(TempTestSuite1658113051764.groovy:36)
Caused by: com.kms.katalon.core.exception.StepFailedException: com.kms.katalon.core.webui.exception.WebElementNotFoundException: Web element with id: 'Object Repository/02_Web/06_Settings/SC025_Edit Profile/error_msg' located by '//*[@id = 'swal2-title' and (text() = 'Update Error' or . = 'Update Error')]' not found
	... 26 more


2022-07-18 10:10:15 - [TEST_STEP][PASSED] - callTestCase(findTestCase("02_Web/signin"), [:], CONTINUE_ON_FAILURE): Call Test Case 'Test Cases/02_Web/signin' successfully

2022-07-18 10:10:15 - [TEST_CASE][PASSED] - Test Cases/02_Web/signin: Test Cases/02_Web/signin

2022-07-18 10:10:15 - [TEST_STEP][PASSED] - openBrowser(url_website, CONTINUE_ON_FAILURE): Browser is opened with url: 'https://capstone-study-space.netlify.app/'

2022-07-18 10:10:15 - [MESSAGE][INFO] - Starting 'Chrome' driver

2022-07-18 10:10:15 - [MESSAGE][INFO] - Action delay is set to 0 milliseconds

2022-07-18 10:10:18 - [MESSAGE][PASSED] - Browser is opened with url: 'https://capstone-study-space.netlify.app/'

2022-07-18 10:10:18 - [TEST_STEP][PASSED] - maximizeWindow(CONTINUE_ON_FAILURE): Current window maximized

2022-07-18 10:10:18 - [MESSAGE][PASSED] - Current window maximized

2022-07-18 10:10:18 - [TEST_STEP][PASSED] - click(findTestObject("02_Web/02_Auth/SC003_Sign In/button_Login"), CONTINUE_ON_FAILURE): Object: 'Object Repository/02_Web/02_Auth/SC003_Sign In/button_Login' is clicked on

2022-07-18 10:10:19 - [MESSAGE][PASSED] - Object: 'Object Repository/02_Web/02_Auth/SC003_Sign In/button_Login' is clicked on

2022-07-18 10:10:19 - [TEST_STEP][PASSED] - setText(findTestObject("02_Web/02_Auth/SC003_Sign In/input_email_email"), "salsabilarhdsy@gmail.com", CONTINUE_ON_FAILURE): Text 'salsabilarhdsy@gmail.com' is set on object 'Object Repository/02_Web/02_Auth/SC003_Sign In/input_email_email'

2022-07-18 10:10:20 - [MESSAGE][PASSED] - Text 'salsabilarhdsy@gmail.com' is set on object 'Object Repository/02_Web/02_Auth/SC003_Sign In/input_email_email'

2022-07-18 10:10:20 - [TEST_STEP][PASSED] - setText(findTestObject("02_Web/02_Auth/SC003_Sign In/input_password_password"), "Salsa123!", CONTINUE_ON_FAILURE): Text 'Salsa123!' is set on object 'Object Repository/02_Web/02_Auth/SC003_Sign In/input_password_password'

2022-07-18 10:10:21 - [MESSAGE][PASSED] - Text 'Salsa123!' is set on object 'Object Repository/02_Web/02_Auth/SC003_Sign In/input_password_password'

2022-07-18 10:10:21 - [TEST_STEP][PASSED] - click(findTestObject("02_Web/02_Auth/SC003_Sign In/button_Login_submit"), CONTINUE_ON_FAILURE): Object: 'Object Repository/02_Web/02_Auth/SC003_Sign In/button_Login_submit' is clicked on

2022-07-18 10:10:21 - [MESSAGE][PASSED] - Object: 'Object Repository/02_Web/02_Auth/SC003_Sign In/button_Login_submit' is clicked on

2022-07-18 10:10:21 - [MESSAGE][PASSED] - Call Test Case 'Test Cases/02_Web/signin' successfully

2022-07-18 10:10:21 - [TEST_STEP][PASSED] - click(findTestObject("02_Web/06_Settings/button_profile")): Object: 'Object Repository/02_Web/06_Settings/button_profile' is clicked on

2022-07-18 10:10:26 - [MESSAGE][PASSED] - Object: 'Object Repository/02_Web/06_Settings/button_profile' is clicked on

2022-07-18 10:10:26 - [TEST_STEP][PASSED] - click(findTestObject("02_Web/06_Settings/menu_my account")): Object: 'Object Repository/02_Web/06_Settings/menu_my account' is clicked on

2022-07-18 10:10:27 - [MESSAGE][PASSED] - Object: 'Object Repository/02_Web/06_Settings/menu_my account' is clicked on

2022-07-18 10:10:27 - [TEST_STEP][PASSED] - click(findTestObject("02_Web/06_Settings/input_name_name")): Object: 'Object Repository/02_Web/06_Settings/input_name_name' is clicked on

2022-07-18 10:10:27 - [MESSAGE][PASSED] - Object: 'Object Repository/02_Web/06_Settings/input_name_name' is clicked on

2022-07-18 10:10:27 - [TEST_STEP][PASSED] - click(findTestObject("02_Web/06_Settings/SC025_Edit Profile/change_email_ico")): Object: 'Object Repository/02_Web/06_Settings/SC025_Edit Profile/change_email_ico' is clicked on

2022-07-18 10:10:28 - [MESSAGE][PASSED] - Object: 'Object Repository/02_Web/06_Settings/SC025_Edit Profile/change_email_ico' is clicked on

2022-07-18 10:10:28 - [TEST_STEP][PASSED] - setText(findTestObject("02_Web/06_Settings/input_email_email"), "archen@gmail.com"): Text 'archen@gmail.com' is set on object 'Object Repository/02_Web/06_Settings/input_email_email'

2022-07-18 10:10:29 - [MESSAGE][PASSED] - Text 'archen@gmail.com' is set on object 'Object Repository/02_Web/06_Settings/input_email_email'

2022-07-18 10:10:29 - [TEST_STEP][PASSED] - click(findTestObject("02_Web/06_Settings/SC025_Edit Profile/change_email_ico")): Object: 'Object Repository/02_Web/06_Settings/SC025_Edit Profile/change_email_ico' is clicked on

2022-07-18 10:10:29 - [MESSAGE][PASSED] - Object: 'Object Repository/02_Web/06_Settings/SC025_Edit Profile/change_email_ico' is clicked on

2022-07-18 10:10:29 - [TEST_STEP][PASSED] - click(findTestObject("02_Web/06_Settings/button_Change")): Object: 'Object Repository/02_Web/06_Settings/button_Change' is clicked on

2022-07-18 10:10:30 - [MESSAGE][PASSED] - Object: 'Object Repository/02_Web/06_Settings/button_Change' is clicked on

2022-07-18 10:10:30 - [TEST_STEP][PASSED] - click(findTestObject("02_Web/06_Settings/button_Yes")): Object: 'Object Repository/02_Web/06_Settings/button_Yes' is clicked on

2022-07-18 10:10:30 - [MESSAGE][PASSED] - Object: 'Object Repository/02_Web/06_Settings/button_Yes' is clicked on

2022-07-18 10:10:30 - [TEST_STEP][FAILED] - verifyElementPresent(findTestObject("02_Web/06_Settings/SC025_Edit Profile/error_msg"), 0): com.kms.katalon.core.webui.exception.WebElementNotFoundException: Web element with id: 'Object Repository/02_Web/06_Settings/SC025_Edit Profile/error_msg' located by '//*[@id = 'swal2-title' and (text() = 'Update Error' or . = 'Update Error')]' not found (Root cause: com.kms.katalon.core.exception.StepFailedException: com.kms.katalon.core.webui.exception.WebElementNotFoundException: Web element with id: 'Object Repository/02_Web/06_Settings/SC025_Edit Profile/error_msg' located by '//*[@id = 'swal2-title' and (text() = 'Update Error' or . = 'Update Error')]' not found
	at com.kms.katalon.core.webui.keyword.internal.WebUIKeywordMain.stepFailed(WebUIKeywordMain.groovy:64)
	at com.kms.katalon.core.webui.keyword.builtin.VerifyElementPresentKeyword$_verifyElementPresent_closure1.doCall(VerifyElementPresentKeyword.groovy:85)
	at com.kms.katalon.core.webui.keyword.builtin.VerifyElementPresentKeyword$_verifyElementPresent_closure1.call(VerifyElementPresentKeyword.groovy)
	at com.kms.katalon.core.webui.keyword.internal.WebUIKeywordMain.runKeyword(WebUIKeywordMain.groovy:20)
	at com.kms.katalon.core.webui.keyword.builtin.VerifyElementPresentKeyword.verifyElementPresent(VerifyElementPresentKeyword.groovy:92)
	at com.kms.katalon.core.webui.keyword.builtin.VerifyElementPresentKeyword.execute(VerifyElementPresentKeyword.groovy:68)
	at com.kms.katalon.core.keyword.internal.KeywordExecutor.executeKeywordForPlatform(KeywordExecutor.groovy:74)
	at com.kms.katalon.core.webui.keyword.WebUiBuiltInKeywords.verifyElementPresent(WebUiBuiltInKeywords.groovy:1464)
	at com.kms.katalon.core.webui.keyword.WebUiBuiltInKeywords$verifyElementPresent$4.call(Unknown Source)
	at TC002_Edit email (With another registered email).run(TC002_Edit email (With another registered email):38)
	at com.kms.katalon.core.main.ScriptEngine.run(ScriptEngine.java:194)
	at com.kms.katalon.core.main.ScriptEngine.runScriptAsRawText(ScriptEngine.java:119)
	at com.kms.katalon.core.main.TestCaseExecutor.runScript(TestCaseExecutor.java:442)
	at com.kms.katalon.core.main.TestCaseExecutor.doExecute(TestCaseExecutor.java:433)
	at com.kms.katalon.core.main.TestCaseExecutor.processExecutionPhase(TestCaseExecutor.java:412)
	at com.kms.katalon.core.main.TestCaseExecutor.accessMainPhase(TestCaseExecutor.java:404)
	at com.kms.katalon.core.main.TestCaseExecutor.execute(TestCaseExecutor.java:281)
	at com.kms.katalon.core.main.TestCaseExecutor.execute(TestCaseExecutor.java:363)
	at com.kms.katalon.core.main.TestCaseExecutor.execute(TestCaseExecutor.java:363)
	at com.kms.katalon.core.main.TestCaseExecutor.execute(TestCaseExecutor.java:363)
	at com.kms.katalon.core.main.TestSuiteExecutor.accessTestCaseMainPhase(TestSuiteExecutor.java:202)
	at com.kms.katalon.core.main.TestSuiteExecutor.accessTestSuiteMainPhase(TestSuiteExecutor.java:164)
	at com.kms.katalon.core.main.TestSuiteExecutor.execute(TestSuiteExecutor.java:105)
	at com.kms.katalon.core.main.TestCaseMain.startTestSuite(TestCaseMain.java:185)
	at com.kms.katalon.core.main.TestCaseMain$startTestSuite$0.call(Unknown Source)
	at TempTestSuite1658113051764.run(TempTestSuite1658113051764.groovy:36)
)

2022-07-18 10:10:30 - [MESSAGE][WARNING] - Timeout '0' is invalid. Using default page load timeout: '30'

2022-07-18 10:11:01 - [MESSAGE][INFO] - Unable to find the element located by 'By.xpath: //*[@id = 'swal2-title' and (text() = 'Update Error' or . = 'Update Error')]'. Please recheck the objects properties to make sure the desired element is located. 

2022-07-18 10:11:02 - [MESSAGE][FAILED] - com.kms.katalon.core.webui.exception.WebElementNotFoundException: Web element with id: 'Object Repository/02_Web/06_Settings/SC025_Edit Profile/error_msg' located by '//*[@id = 'swal2-title' and (text() = 'Update Error' or . = 'Update Error')]' not found (Root cause: com.kms.katalon.core.exception.StepFailedException: com.kms.katalon.core.webui.exception.WebElementNotFoundException: Web element with id: 'Object Repository/02_Web/06_Settings/SC025_Edit Profile/error_msg' located by '//*[@id = 'swal2-title' and (text() = 'Update Error' or . = 'Update Error')]' not found
	at com.kms.katalon.core.webui.keyword.internal.WebUIKeywordMain.stepFailed(WebUIKeywordMain.groovy:64)
	at com.kms.katalon.core.webui.keyword.builtin.VerifyElementPresentKeyword$_verifyElementPresent_closure1.doCall(VerifyElementPresentKeyword.groovy:85)
	at com.kms.katalon.core.webui.keyword.builtin.VerifyElementPresentKeyword$_verifyElementPresent_closure1.call(VerifyElementPresentKeyword.groovy)
	at com.kms.katalon.core.webui.keyword.internal.WebUIKeywordMain.runKeyword(WebUIKeywordMain.groovy:20)
	at com.kms.katalon.core.webui.keyword.builtin.VerifyElementPresentKeyword.verifyElementPresent(VerifyElementPresentKeyword.groovy:92)
	at com.kms.katalon.core.webui.keyword.builtin.VerifyElementPresentKeyword.execute(VerifyElementPresentKeyword.groovy:68)
	at com.kms.katalon.core.keyword.internal.KeywordExecutor.executeKeywordForPlatform(KeywordExecutor.groovy:74)
	at com.kms.katalon.core.webui.keyword.WebUiBuiltInKeywords.verifyElementPresent(WebUiBuiltInKeywords.groovy:1464)
	at com.kms.katalon.core.webui.keyword.WebUiBuiltInKeywords$verifyElementPresent$4.call(Unknown Source)
	at TC002_Edit email (With another registered email).run(TC002_Edit email (With another registered email):38)
	at com.kms.katalon.core.main.ScriptEngine.run(ScriptEngine.java:194)
	at com.kms.katalon.core.main.ScriptEngine.runScriptAsRawText(ScriptEngine.java:119)
	at com.kms.katalon.core.main.TestCaseExecutor.runScript(TestCaseExecutor.java:442)
	at com.kms.katalon.core.main.TestCaseExecutor.doExecute(TestCaseExecutor.java:433)
	at com.kms.katalon.core.main.TestCaseExecutor.processExecutionPhase(TestCaseExecutor.java:412)
	at com.kms.katalon.core.main.TestCaseExecutor.accessMainPhase(TestCaseExecutor.java:404)
	at com.kms.katalon.core.main.TestCaseExecutor.execute(TestCaseExecutor.java:281)
	at com.kms.katalon.core.main.TestCaseExecutor.execute(TestCaseExecutor.java:363)
	at com.kms.katalon.core.main.TestCaseExecutor.execute(TestCaseExecutor.java:363)
	at com.kms.katalon.core.main.TestCaseExecutor.execute(TestCaseExecutor.java:363)
	at com.kms.katalon.core.main.TestSuiteExecutor.accessTestCaseMainPhase(TestSuiteExecutor.java:202)
	at com.kms.katalon.core.main.TestSuiteExecutor.accessTestSuiteMainPhase(TestSuiteExecutor.java:164)
	at com.kms.katalon.core.main.TestSuiteExecutor.execute(TestSuiteExecutor.java:105)
	at com.kms.katalon.core.main.TestCaseMain.startTestSuite(TestCaseMain.java:185)
	at com.kms.katalon.core.main.TestCaseMain$startTestSuite$0.call(Unknown Source)
	at TempTestSuite1658113051764.run(TempTestSuite1658113051764.groovy:36)
)
[[ATTACHMENT|F:\\1. UNNES\\6. Semester 6\\2 - MSIB\\CAPSTONE PROJECT\\testing-lms\\Reports\\20220718_095731\\TS02_Web\\Regression_Web\\20220718_095731\\1658113861900.png]]

2022-07-18 10:11:02 - [TEST_STEP][PASSED] - click(findTestObject("02_Web/06_Settings/button_OK")): Object: 'Object Repository/02_Web/06_Settings/button_OK' is clicked on

2022-07-18 10:11:02 - [MESSAGE][PASSED] - Object: 'Object Repository/02_Web/06_Settings/button_OK' is clicked on

2022-07-18 10:11:02 - [TEST_STEP][PASSED] - closeBrowser(): Browser is closed

2022-07-18 10:11:03 - [MESSAGE][PASSED] - Browser is closed]]></system-out>
         <system-err><![CDATA[2022-07-18 10:10:15 - [TEST_CASE][FAILED] - Test Cases/02_Web/06_Settings/SC025_Edit Profile/TC002_Edit email (With another registered email): Test Cases/02_Web/06_Settings/SC025_Edit Profile/TC002_Edit email (With another registered email) FAILED.
Reason:
com.kms.katalon.core.exception.StepFailedException: com.kms.katalon.core.webui.exception.WebElementNotFoundException: Web element with id: 'Object Repository/02_Web/06_Settings/SC025_Edit Profile/error_msg' located by '//*[@id = 'swal2-title' and (text() = 'Update Error' or . = 'Update Error')]' not found (Root cause: com.kms.katalon.core.exception.StepFailedException: com.kms.katalon.core.webui.exception.WebElementNotFoundException: Web element with id: 'Object Repository/02_Web/06_Settings/SC025_Edit Profile/error_msg' located by '//*[@id = 'swal2-title' and (text() = 'Update Error' or . = 'Update Error')]' not found
	at com.kms.katalon.core.webui.keyword.internal.WebUIKeywordMain.stepFailed(WebUIKeywordMain.groovy:64)
	at com.kms.katalon.core.webui.keyword.builtin.VerifyElementPresentKeyword$_verifyElementPresent_closure1.doCall(VerifyElementPresentKeyword.groovy:85)
	at com.kms.katalon.core.webui.keyword.builtin.VerifyElementPresentKeyword$_verifyElementPresent_closure1.call(VerifyElementPresentKeyword.groovy)
	at com.kms.katalon.core.webui.keyword.internal.WebUIKeywordMain.runKeyword(WebUIKeywordMain.groovy:20)
	at com.kms.katalon.core.webui.keyword.builtin.VerifyElementPresentKeyword.verifyElementPresent(VerifyElementPresentKeyword.groovy:92)
	at com.kms.katalon.core.webui.keyword.builtin.VerifyElementPresentKeyword.execute(VerifyElementPresentKeyword.groovy:68)
	at com.kms.katalon.core.keyword.internal.KeywordExecutor.executeKeywordForPlatform(KeywordExecutor.groovy:74)
	at com.kms.katalon.core.webui.keyword.WebUiBuiltInKeywords.verifyElementPresent(WebUiBuiltInKeywords.groovy:1464)
	at com.kms.katalon.core.webui.keyword.WebUiBuiltInKeywords$verifyElementPresent$4.call(Unknown Source)
	at TC002_Edit email (With another registered email).run(TC002_Edit email (With another registered email):38)
	at com.kms.katalon.core.main.ScriptEngine.run(ScriptEngine.java:194)
	at com.kms.katalon.core.main.ScriptEngine.runScriptAsRawText(ScriptEngine.java:119)
	at com.kms.katalon.core.main.TestCaseExecutor.runScript(TestCaseExecutor.java:442)
	at com.kms.katalon.core.main.TestCaseExecutor.doExecute(TestCaseExecutor.java:433)
	at com.kms.katalon.core.main.TestCaseExecutor.processExecutionPhase(TestCaseExecutor.java:412)
	at com.kms.katalon.core.main.TestCaseExecutor.accessMainPhase(TestCaseExecutor.java:404)
	at com.kms.katalon.core.main.TestCaseExecutor.execute(TestCaseExecutor.java:281)
	at com.kms.katalon.core.main.TestCaseExecutor.execute(TestCaseExecutor.java:363)
	at com.kms.katalon.core.main.TestCaseExecutor.execute(TestCaseExecutor.java:363)
	at com.kms.katalon.core.main.TestCaseExecutor.execute(TestCaseExecutor.java:363)
	at com.kms.katalon.core.main.TestSuiteExecutor.accessTestCaseMainPhase(TestSuiteExecutor.java:202)
	at com.kms.katalon.core.main.TestSuiteExecutor.accessTestSuiteMainPhase(TestSuiteExecutor.java:164)
	at com.kms.katalon.core.main.TestSuiteExecutor.execute(TestSuiteExecutor.java:105)
	at com.kms.katalon.core.main.TestCaseMain.startTestSuite(TestCaseMain.java:185)
	at com.kms.katalon.core.main.TestCaseMain$startTestSuite$0.call(Unknown Source)
	at TempTestSuite1658113051764.run(TempTestSuite1658113051764.groovy:36)
)
	at com.kms.katalon.core.keyword.internal.KeywordMain.stepFailed(KeywordMain.groovy:39)
	at com.kms.katalon.core.webui.keyword.internal.WebUIKeywordMain.stepFailed(WebUIKeywordMain.groovy:64)
	at com.kms.katalon.core.webui.keyword.builtin.VerifyElementPresentKeyword$_verifyElementPresent_closure1.doCall(VerifyElementPresentKeyword.groovy:85)
	at com.kms.katalon.core.webui.keyword.builtin.VerifyElementPresentKeyword$_verifyElementPresent_closure1.call(VerifyElementPresentKeyword.groovy)
	at com.kms.katalon.core.webui.keyword.internal.WebUIKeywordMain.runKeyword(WebUIKeywordMain.groovy:20)
	at com.kms.katalon.core.webui.keyword.builtin.VerifyElementPresentKeyword.verifyElementPresent(VerifyElementPresentKeyword.groovy:92)
	at com.kms.katalon.core.webui.keyword.builtin.VerifyElementPresentKeyword.execute(VerifyElementPresentKeyword.groovy:68)
	at com.kms.katalon.core.keyword.internal.KeywordExecutor.executeKeywordForPlatform(KeywordExecutor.groovy:74)
	at com.kms.katalon.core.webui.keyword.WebUiBuiltInKeywords.verifyElementPresent(WebUiBuiltInKeywords.groovy:1464)
	at com.kms.katalon.core.webui.keyword.WebUiBuiltInKeywords$verifyElementPresent$4.call(Unknown Source)
	at TC002_Edit email (With another registered email).run(TC002_Edit email (With another registered email):38)
	at com.kms.katalon.core.main.ScriptEngine.run(ScriptEngine.java:194)
	at com.kms.katalon.core.main.ScriptEngine.runScriptAsRawText(ScriptEngine.java:119)
	at com.kms.katalon.core.main.TestCaseExecutor.runScript(TestCaseExecutor.java:442)
	at com.kms.katalon.core.main.TestCaseExecutor.doExecute(TestCaseExecutor.java:433)
	at com.kms.katalon.core.main.TestCaseExecutor.processExecutionPhase(TestCaseExecutor.java:412)
	at com.kms.katalon.core.main.TestCaseExecutor.accessMainPhase(TestCaseExecutor.java:404)
	at com.kms.katalon.core.main.TestCaseExecutor.execute(TestCaseExecutor.java:281)
	at com.kms.katalon.core.main.TestCaseExecutor.execute(TestCaseExecutor.java:363)
	at com.kms.katalon.core.main.TestCaseExecutor.execute(TestCaseExecutor.java:363)
	at com.kms.katalon.core.main.TestCaseExecutor.execute(TestCaseExecutor.java:363)
	at com.kms.katalon.core.main.TestSuiteExecutor.accessTestCaseMainPhase(TestSuiteExecutor.java:202)
	at com.kms.katalon.core.main.TestSuiteExecutor.accessTestSuiteMainPhase(TestSuiteExecutor.java:164)
	at com.kms.katalon.core.main.TestSuiteExecutor.execute(TestSuiteExecutor.java:105)
	at com.kms.katalon.core.main.TestCaseMain.startTestSuite(TestCaseMain.java:185)
	at com.kms.katalon.core.main.TestCaseMain$startTestSuite$0.call(Unknown Source)
	at TempTestSuite1658113051764.run(TempTestSuite1658113051764.groovy:36)
Caused by: com.kms.katalon.core.exception.StepFailedException: com.kms.katalon.core.webui.exception.WebElementNotFoundException: Web element with id: 'Object Repository/02_Web/06_Settings/SC025_Edit Profile/error_msg' located by '//*[@id = 'swal2-title' and (text() = 'Update Error' or . = 'Update Error')]' not found
	... 26 more]]></system-err>
      </testcase>
      <testcase name="Test Cases/02_Web/06_Settings/SC025_Edit Profile/TC004_Edit profile (With no telepon length less than 10 char)" time="15.921" classname="Test Cases/02_Web/06_Settings/SC025_Edit Profile/TC004_Edit profile (With no telepon length less than 10 char)" status="PASSED">
         <system-out><![CDATA[2022-07-18 10:11:03 - [TEST_CASE][PASSED] - Test Cases/02_Web/06_Settings/SC025_Edit Profile/TC004_Edit profile (With no telepon length less than 10 char): Test Cases/02_Web/06_Settings/SC025_Edit Profile/TC004_Edit profile (With no telepon length less than 10 char)

2022-07-18 10:11:03 - [TEST_STEP][PASSED] - callTestCase(findTestCase("02_Web/signin"), [:], CONTINUE_ON_FAILURE): Call Test Case 'Test Cases/02_Web/signin' successfully

2022-07-18 10:11:03 - [TEST_CASE][PASSED] - Test Cases/02_Web/signin: Test Cases/02_Web/signin

2022-07-18 10:11:03 - [TEST_STEP][PASSED] - openBrowser(url_website, CONTINUE_ON_FAILURE): Browser is opened with url: 'https://capstone-study-space.netlify.app/'

2022-07-18 10:11:03 - [MESSAGE][INFO] - Starting 'Chrome' driver

2022-07-18 10:11:03 - [MESSAGE][INFO] - Action delay is set to 0 milliseconds

2022-07-18 10:11:06 - [MESSAGE][PASSED] - Browser is opened with url: 'https://capstone-study-space.netlify.app/'

2022-07-18 10:11:06 - [TEST_STEP][PASSED] - maximizeWindow(CONTINUE_ON_FAILURE): Current window maximized

2022-07-18 10:11:06 - [MESSAGE][PASSED] - Current window maximized

2022-07-18 10:11:06 - [TEST_STEP][PASSED] - click(findTestObject("02_Web/02_Auth/SC003_Sign In/button_Login"), CONTINUE_ON_FAILURE): Object: 'Object Repository/02_Web/02_Auth/SC003_Sign In/button_Login' is clicked on

2022-07-18 10:11:06 - [MESSAGE][PASSED] - Object: 'Object Repository/02_Web/02_Auth/SC003_Sign In/button_Login' is clicked on

2022-07-18 10:11:06 - [TEST_STEP][PASSED] - setText(findTestObject("02_Web/02_Auth/SC003_Sign In/input_email_email"), "salsabilarhdsy@gmail.com", CONTINUE_ON_FAILURE): Text 'salsabilarhdsy@gmail.com' is set on object 'Object Repository/02_Web/02_Auth/SC003_Sign In/input_email_email'

2022-07-18 10:11:07 - [MESSAGE][PASSED] - Text 'salsabilarhdsy@gmail.com' is set on object 'Object Repository/02_Web/02_Auth/SC003_Sign In/input_email_email'

2022-07-18 10:11:07 - [TEST_STEP][PASSED] - setText(findTestObject("02_Web/02_Auth/SC003_Sign In/input_password_password"), "Salsa123!", CONTINUE_ON_FAILURE): Text 'Salsa123!' is set on object 'Object Repository/02_Web/02_Auth/SC003_Sign In/input_password_password'

2022-07-18 10:11:08 - [MESSAGE][PASSED] - Text 'Salsa123!' is set on object 'Object Repository/02_Web/02_Auth/SC003_Sign In/input_password_password'

2022-07-18 10:11:08 - [TEST_STEP][PASSED] - click(findTestObject("02_Web/02_Auth/SC003_Sign In/button_Login_submit"), CONTINUE_ON_FAILURE): Object: 'Object Repository/02_Web/02_Auth/SC003_Sign In/button_Login_submit' is clicked on

2022-07-18 10:11:09 - [MESSAGE][PASSED] - Object: 'Object Repository/02_Web/02_Auth/SC003_Sign In/button_Login_submit' is clicked on

2022-07-18 10:11:09 - [MESSAGE][PASSED] - Call Test Case 'Test Cases/02_Web/signin' successfully

2022-07-18 10:11:09 - [TEST_STEP][PASSED] - click(findTestObject("02_Web/06_Settings/button_profile")): Object: 'Object Repository/02_Web/06_Settings/button_profile' is clicked on

2022-07-18 10:11:14 - [MESSAGE][PASSED] - Object: 'Object Repository/02_Web/06_Settings/button_profile' is clicked on

2022-07-18 10:11:14 - [TEST_STEP][PASSED] - click(findTestObject("02_Web/06_Settings/menu_my account")): Object: 'Object Repository/02_Web/06_Settings/menu_my account' is clicked on

2022-07-18 10:11:14 - [MESSAGE][PASSED] - Object: 'Object Repository/02_Web/06_Settings/menu_my account' is clicked on

2022-07-18 10:11:14 - [TEST_STEP][PASSED] - click(findTestObject("02_Web/06_Settings/input_name_name")): Object: 'Object Repository/02_Web/06_Settings/input_name_name' is clicked on

2022-07-18 10:11:15 - [MESSAGE][PASSED] - Object: 'Object Repository/02_Web/06_Settings/input_name_name' is clicked on

2022-07-18 10:11:15 - [TEST_STEP][PASSED] - click(findTestObject("02_Web/06_Settings/SC025_Edit Profile/change_telp_ico")): Object: 'Object Repository/02_Web/06_Settings/SC025_Edit Profile/change_telp_ico' is clicked on

2022-07-18 10:11:15 - [MESSAGE][PASSED] - Object: 'Object Repository/02_Web/06_Settings/SC025_Edit Profile/change_telp_ico' is clicked on

2022-07-18 10:11:15 - [TEST_STEP][PASSED] - setText(findTestObject("02_Web/06_Settings/input_telepon_telepon"), "08123456"): Text '08123456' is set on object 'Object Repository/02_Web/06_Settings/input_telepon_telepon'

2022-07-18 10:11:16 - [MESSAGE][PASSED] - Text '08123456' is set on object 'Object Repository/02_Web/06_Settings/input_telepon_telepon'

2022-07-18 10:11:16 - [TEST_STEP][PASSED] - click(findTestObject("02_Web/06_Settings/SC025_Edit Profile/change_telp_ico")): Object: 'Object Repository/02_Web/06_Settings/SC025_Edit Profile/change_telp_ico' is clicked on

2022-07-18 10:11:16 - [MESSAGE][PASSED] - Object: 'Object Repository/02_Web/06_Settings/SC025_Edit Profile/change_telp_ico' is clicked on

2022-07-18 10:11:16 - [TEST_STEP][PASSED] - click(findTestObject("02_Web/06_Settings/button_Change")): Object: 'Object Repository/02_Web/06_Settings/button_Change' is clicked on

2022-07-18 10:11:17 - [MESSAGE][PASSED] - Object: 'Object Repository/02_Web/06_Settings/button_Change' is clicked on

2022-07-18 10:11:17 - [TEST_STEP][PASSED] - verifyElementPresent(findTestObject("02_Web/06_Settings/SC025_Edit Profile/popup_failed"), 0): Object 'Object Repository/02_Web/06_Settings/SC025_Edit Profile/popup_failed' is present

2022-07-18 10:11:17 - [MESSAGE][WARNING] - Timeout '0' is invalid. Using default page load timeout: '30'

2022-07-18 10:11:18 - [MESSAGE][PASSED] - Object 'Object Repository/02_Web/06_Settings/SC025_Edit Profile/popup_failed' is present

2022-07-18 10:11:18 - [TEST_STEP][PASSED] - click(findTestObject("02_Web/06_Settings/button_OK")): Object: 'Object Repository/02_Web/06_Settings/button_OK' is clicked on

2022-07-18 10:11:18 - [MESSAGE][PASSED] - Object: 'Object Repository/02_Web/06_Settings/button_OK' is clicked on

2022-07-18 10:11:18 - [TEST_STEP][PASSED] - closeBrowser(): Browser is closed

2022-07-18 10:11:19 - [MESSAGE][PASSED] - Browser is closed]]></system-out>
         <system-err><![CDATA[]]></system-err>
      </testcase>
      <testcase name="Test Cases/02_Web/06_Settings/SC025_Edit Profile/TC001_Edit Profile (With valid input)" time="22.983" classname="Test Cases/02_Web/06_Settings/SC025_Edit Profile/TC001_Edit Profile (With valid input)" status="PASSED">
         <system-out><![CDATA[2022-07-18 10:11:19 - [TEST_CASE][PASSED] - Test Cases/02_Web/06_Settings/SC025_Edit Profile/TC001_Edit Profile (With valid input): Test Cases/02_Web/06_Settings/SC025_Edit Profile/TC001_Edit Profile (With valid input)

2022-07-18 10:11:19 - [TEST_STEP][PASSED] - callTestCase(findTestCase("02_Web/signin"), [:], CONTINUE_ON_FAILURE): Call Test Case 'Test Cases/02_Web/signin' successfully

2022-07-18 10:11:19 - [TEST_CASE][PASSED] - Test Cases/02_Web/signin: Test Cases/02_Web/signin

2022-07-18 10:11:19 - [TEST_STEP][PASSED] - openBrowser(url_website, CONTINUE_ON_FAILURE): Browser is opened with url: 'https://capstone-study-space.netlify.app/'

2022-07-18 10:11:19 - [MESSAGE][INFO] - Starting 'Chrome' driver

2022-07-18 10:11:19 - [MESSAGE][INFO] - Action delay is set to 0 milliseconds

2022-07-18 10:11:22 - [MESSAGE][PASSED] - Browser is opened with url: 'https://capstone-study-space.netlify.app/'

2022-07-18 10:11:22 - [TEST_STEP][PASSED] - maximizeWindow(CONTINUE_ON_FAILURE): Current window maximized

2022-07-18 10:11:22 - [MESSAGE][PASSED] - Current window maximized

2022-07-18 10:11:22 - [TEST_STEP][PASSED] - click(findTestObject("02_Web/02_Auth/SC003_Sign In/button_Login"), CONTINUE_ON_FAILURE): Object: 'Object Repository/02_Web/02_Auth/SC003_Sign In/button_Login' is clicked on

2022-07-18 10:11:23 - [MESSAGE][PASSED] - Object: 'Object Repository/02_Web/02_Auth/SC003_Sign In/button_Login' is clicked on

2022-07-18 10:11:23 - [TEST_STEP][PASSED] - setText(findTestObject("02_Web/02_Auth/SC003_Sign In/input_email_email"), "salsabilarhdsy@gmail.com", CONTINUE_ON_FAILURE): Text 'salsabilarhdsy@gmail.com' is set on object 'Object Repository/02_Web/02_Auth/SC003_Sign In/input_email_email'

2022-07-18 10:11:24 - [MESSAGE][PASSED] - Text 'salsabilarhdsy@gmail.com' is set on object 'Object Repository/02_Web/02_Auth/SC003_Sign In/input_email_email'

2022-07-18 10:11:24 - [TEST_STEP][PASSED] - setText(findTestObject("02_Web/02_Auth/SC003_Sign In/input_password_password"), "Salsa123!", CONTINUE_ON_FAILURE): Text 'Salsa123!' is set on object 'Object Repository/02_Web/02_Auth/SC003_Sign In/input_password_password'

2022-07-18 10:11:24 - [MESSAGE][PASSED] - Text 'Salsa123!' is set on object 'Object Repository/02_Web/02_Auth/SC003_Sign In/input_password_password'

2022-07-18 10:11:24 - [TEST_STEP][PASSED] - click(findTestObject("02_Web/02_Auth/SC003_Sign In/button_Login_submit"), CONTINUE_ON_FAILURE): Object: 'Object Repository/02_Web/02_Auth/SC003_Sign In/button_Login_submit' is clicked on

2022-07-18 10:11:25 - [MESSAGE][PASSED] - Object: 'Object Repository/02_Web/02_Auth/SC003_Sign In/button_Login_submit' is clicked on

2022-07-18 10:11:25 - [MESSAGE][PASSED] - Call Test Case 'Test Cases/02_Web/signin' successfully

2022-07-18 10:11:25 - [TEST_STEP][PASSED] - click(findTestObject("02_Web/06_Settings/button_profile")): Object: 'Object Repository/02_Web/06_Settings/button_profile' is clicked on

2022-07-18 10:11:30 - [MESSAGE][PASSED] - Object: 'Object Repository/02_Web/06_Settings/button_profile' is clicked on

2022-07-18 10:11:30 - [TEST_STEP][PASSED] - click(findTestObject("02_Web/06_Settings/menu_my account")): Object: 'Object Repository/02_Web/06_Settings/menu_my account' is clicked on

2022-07-18 10:11:30 - [MESSAGE][PASSED] - Object: 'Object Repository/02_Web/06_Settings/menu_my account' is clicked on

2022-07-18 10:11:30 - [TEST_STEP][PASSED] - click(findTestObject("02_Web/06_Settings/input_name_name")): Object: 'Object Repository/02_Web/06_Settings/input_name_name' is clicked on

2022-07-18 10:11:31 - [MESSAGE][PASSED] - Object: 'Object Repository/02_Web/06_Settings/input_name_name' is clicked on

2022-07-18 10:11:31 - [TEST_STEP][PASSED] - click(findTestObject("02_Web/06_Settings/SC025_Edit Profile/change_name_ico")): Object: 'Object Repository/02_Web/06_Settings/SC025_Edit Profile/change_name_ico' is clicked on

2022-07-18 10:11:31 - [MESSAGE][PASSED] - Object: 'Object Repository/02_Web/06_Settings/SC025_Edit Profile/change_name_ico' is clicked on

2022-07-18 10:11:31 - [TEST_STEP][PASSED] - setText(findTestObject("02_Web/06_Settings/input_name_name"), "Salsabila Rahadatul Aisy"): Text 'Salsabila Rahadatul Aisy' is set on object 'Object Repository/02_Web/06_Settings/input_name_name'

2022-07-18 10:11:32 - [MESSAGE][PASSED] - Text 'Salsabila Rahadatul Aisy' is set on object 'Object Repository/02_Web/06_Settings/input_name_name'

2022-07-18 10:11:32 - [TEST_STEP][PASSED] - click(findTestObject("02_Web/06_Settings/SC025_Edit Profile/change_name_ico")): Object: 'Object Repository/02_Web/06_Settings/SC025_Edit Profile/change_name_ico' is clicked on

2022-07-18 10:11:33 - [MESSAGE][PASSED] - Object: 'Object Repository/02_Web/06_Settings/SC025_Edit Profile/change_name_ico' is clicked on

2022-07-18 10:11:33 - [TEST_STEP][PASSED] - click(findTestObject("02_Web/06_Settings/SC025_Edit Profile/change_email_ico")): Object: 'Object Repository/02_Web/06_Settings/SC025_Edit Profile/change_email_ico' is clicked on

2022-07-18 10:11:33 - [MESSAGE][PASSED] - Object: 'Object Repository/02_Web/06_Settings/SC025_Edit Profile/change_email_ico' is clicked on

2022-07-18 10:11:33 - [TEST_STEP][PASSED] - setText(findTestObject("02_Web/06_Settings/input_email_email"), "salsabilarhdsys@gmail.com"): Text 'salsabilarhdsys@gmail.com' is set on object 'Object Repository/02_Web/06_Settings/input_email_email'

2022-07-18 10:11:34 - [MESSAGE][PASSED] - Text 'salsabilarhdsys@gmail.com' is set on object 'Object Repository/02_Web/06_Settings/input_email_email'

2022-07-18 10:11:34 - [TEST_STEP][PASSED] - click(findTestObject("02_Web/06_Settings/SC025_Edit Profile/change_email_ico")): Object: 'Object Repository/02_Web/06_Settings/SC025_Edit Profile/change_email_ico' is clicked on

2022-07-18 10:11:34 - [MESSAGE][PASSED] - Object: 'Object Repository/02_Web/06_Settings/SC025_Edit Profile/change_email_ico' is clicked on

2022-07-18 10:11:34 - [TEST_STEP][PASSED] - click(findTestObject("02_Web/06_Settings/SC025_Edit Profile/change_telp_ico")): Object: 'Object Repository/02_Web/06_Settings/SC025_Edit Profile/change_telp_ico' is clicked on

2022-07-18 10:11:35 - [MESSAGE][PASSED] - Object: 'Object Repository/02_Web/06_Settings/SC025_Edit Profile/change_telp_ico' is clicked on

2022-07-18 10:11:35 - [TEST_STEP][PASSED] - setText(findTestObject("02_Web/06_Settings/input_telepon_telepon"), "08123456789"): Text '08123456789' is set on object 'Object Repository/02_Web/06_Settings/input_telepon_telepon'

2022-07-18 10:11:36 - [MESSAGE][PASSED] - Text '08123456789' is set on object 'Object Repository/02_Web/06_Settings/input_telepon_telepon'

2022-07-18 10:11:36 - [TEST_STEP][PASSED] - click(findTestObject("02_Web/06_Settings/SC025_Edit Profile/change_telp_ico")): Object: 'Object Repository/02_Web/06_Settings/SC025_Edit Profile/change_telp_ico' is clicked on

2022-07-18 10:11:36 - [MESSAGE][PASSED] - Object: 'Object Repository/02_Web/06_Settings/SC025_Edit Profile/change_telp_ico' is clicked on

2022-07-18 10:11:36 - [TEST_STEP][PASSED] - click(findTestObject("02_Web/06_Settings/button_Change")): Object: 'Object Repository/02_Web/06_Settings/button_Change' is clicked on

2022-07-18 10:11:37 - [MESSAGE][PASSED] - Object: 'Object Repository/02_Web/06_Settings/button_Change' is clicked on

2022-07-18 10:11:37 - [TEST_STEP][PASSED] - click(findTestObject("02_Web/06_Settings/button_Yes")): Object: 'Object Repository/02_Web/06_Settings/button_Yes' is clicked on

2022-07-18 10:11:37 - [MESSAGE][PASSED] - Object: 'Object Repository/02_Web/06_Settings/button_Yes' is clicked on

2022-07-18 10:11:37 - [TEST_STEP][PASSED] - verifyElementPresent(findTestObject("02_Web/06_Settings/SC025_Edit Profile/success_msg"), 0): Object 'Object Repository/02_Web/06_Settings/SC025_Edit Profile/success_msg' is present

2022-07-18 10:11:37 - [MESSAGE][WARNING] - Timeout '0' is invalid. Using default page load timeout: '30'

2022-07-18 10:11:40 - [MESSAGE][PASSED] - Object 'Object Repository/02_Web/06_Settings/SC025_Edit Profile/success_msg' is present

2022-07-18 10:11:40 - [TEST_STEP][PASSED] - click(findTestObject("02_Web/06_Settings/button_OK")): Object: 'Object Repository/02_Web/06_Settings/button_OK' is clicked on

2022-07-18 10:11:41 - [MESSAGE][PASSED] - Object: 'Object Repository/02_Web/06_Settings/button_OK' is clicked on

2022-07-18 10:11:41 - [TEST_STEP][PASSED] - closeBrowser(): Browser is closed

2022-07-18 10:11:42 - [MESSAGE][PASSED] - Browser is closed]]></system-out>
         <system-err><![CDATA[]]></system-err>
      </testcase>
      <system-out><![CDATA[2022-07-18 09:57:36 - [TEST_SUITE][FAILED] - Regression_Web: Test Cases/02_Web/06_Settings/SC025_Edit Profile/TC002_Edit email (With another registered email) FAILED.
Reason:
com.kms.katalon.core.exception.StepFailedException: com.kms.katalon.core.webui.exception.WebElementNotFoundException: Web element with id: 'Object Repository/02_Web/06_Settings/SC025_Edit Profile/error_msg' located by '//*[@id = 'swal2-title' and (text() = 'Update Error' or . = 'Update Error')]' not found (Root cause: com.kms.katalon.core.exception.StepFailedException: com.kms.katalon.core.webui.exception.WebElementNotFoundException: Web element with id: 'Object Repository/02_Web/06_Settings/SC025_Edit Profile/error_msg' located by '//*[@id = 'swal2-title' and (text() = 'Update Error' or . = 'Update Error')]' not found
	at com.kms.katalon.core.webui.keyword.internal.WebUIKeywordMain.stepFailed(WebUIKeywordMain.groovy:64)
	at com.kms.katalon.core.webui.keyword.builtin.VerifyElementPresentKeyword$_verifyElementPresent_closure1.doCall(VerifyElementPresentKeyword.groovy:85)
	at com.kms.katalon.core.webui.keyword.builtin.VerifyElementPresentKeyword$_verifyElementPresent_closure1.call(VerifyElementPresentKeyword.groovy)
	at com.kms.katalon.core.webui.keyword.internal.WebUIKeywordMain.runKeyword(WebUIKeywordMain.groovy:20)
	at com.kms.katalon.core.webui.keyword.builtin.VerifyElementPresentKeyword.verifyElementPresent(VerifyElementPresentKeyword.groovy:92)
	at com.kms.katalon.core.webui.keyword.builtin.VerifyElementPresentKeyword.execute(VerifyElementPresentKeyword.groovy:68)
	at com.kms.katalon.core.keyword.internal.KeywordExecutor.executeKeywordForPlatform(KeywordExecutor.groovy:74)
	at com.kms.katalon.core.webui.keyword.WebUiBuiltInKeywords.verifyElementPresent(WebUiBuiltInKeywords.groovy:1464)
	at com.kms.katalon.core.webui.keyword.WebUiBuiltInKeywords$verifyElementPresent$4.call(Unknown Source)
	at TC002_Edit email (With another registered email).run(TC002_Edit email (With another registered email):38)
	at com.kms.katalon.core.main.ScriptEngine.run(ScriptEngine.java:194)
	at com.kms.katalon.core.main.ScriptEngine.runScriptAsRawText(ScriptEngine.java:119)
	at com.kms.katalon.core.main.TestCaseExecutor.runScript(TestCaseExecutor.java:442)
	at com.kms.katalon.core.main.TestCaseExecutor.doExecute(TestCaseExecutor.java:433)
	at com.kms.katalon.core.main.TestCaseExecutor.processExecutionPhase(TestCaseExecutor.java:412)
	at com.kms.katalon.core.main.TestCaseExecutor.accessMainPhase(TestCaseExecutor.java:404)
	at com.kms.katalon.core.main.TestCaseExecutor.execute(TestCaseExecutor.java:281)
	at com.kms.katalon.core.main.TestSuiteExecutor.accessTestCaseMainPhase(TestSuiteExecutor.java:202)
	at com.kms.katalon.core.main.TestSuiteExecutor.accessTestSuiteMainPhase(TestSuiteExecutor.java:164)
	at com.kms.katalon.core.main.TestSuiteExecutor.execute(TestSuiteExecutor.java:105)
	at com.kms.katalon.core.main.TestCaseMain.startTestSuite(TestCaseMain.java:185)
	at com.kms.katalon.core.main.TestCaseMain$startTestSuite$0.call(Unknown Source)
	at TempTestSuite1658113051764.run(TempTestSuite1658113051764.groovy:36)
)
	at com.kms.katalon.core.keyword.internal.KeywordMain.stepFailed(KeywordMain.groovy:39)
	at com.kms.katalon.core.webui.keyword.internal.WebUIKeywordMain.stepFailed(WebUIKeywordMain.groovy:64)
	at com.kms.katalon.core.webui.keyword.builtin.VerifyElementPresentKeyword$_verifyElementPresent_closure1.doCall(VerifyElementPresentKeyword.groovy:85)
	at com.kms.katalon.core.webui.keyword.builtin.VerifyElementPresentKeyword$_verifyElementPresent_closure1.call(VerifyElementPresentKeyword.groovy)
	at com.kms.katalon.core.webui.keyword.internal.WebUIKeywordMain.runKeyword(WebUIKeywordMain.groovy:20)
	at com.kms.katalon.core.webui.keyword.builtin.VerifyElementPresentKeyword.verifyElementPresent(VerifyElementPresentKeyword.groovy:92)
	at com.kms.katalon.core.webui.keyword.builtin.VerifyElementPresentKeyword.execute(VerifyElementPresentKeyword.groovy:68)
	at com.kms.katalon.core.keyword.internal.KeywordExecutor.executeKeywordForPlatform(KeywordExecutor.groovy:74)
	at com.kms.katalon.core.webui.keyword.WebUiBuiltInKeywords.verifyElementPresent(WebUiBuiltInKeywords.groovy:1464)
	at com.kms.katalon.core.webui.keyword.WebUiBuiltInKeywords$verifyElementPresent$4.call(Unknown Source)
	at TC002_Edit email (With another registered email).run(TC002_Edit email (With another registered email):38)
	at com.kms.katalon.core.main.ScriptEngine.run(ScriptEngine.java:194)
	at com.kms.katalon.core.main.ScriptEngine.runScriptAsRawText(ScriptEngine.java:119)
	at com.kms.katalon.core.main.TestCaseExecutor.runScript(TestCaseExecutor.java:442)
	at com.kms.katalon.core.main.TestCaseExecutor.doExecute(TestCaseExecutor.java:433)
	at com.kms.katalon.core.main.TestCaseExecutor.processExecutionPhase(TestCaseExecutor.java:412)
	at com.kms.katalon.core.main.TestCaseExecutor.accessMainPhase(TestCaseExecutor.java:404)
	at com.kms.katalon.core.main.TestCaseExecutor.execute(TestCaseExecutor.java:281)
	at com.kms.katalon.core.main.TestSuiteExecutor.accessTestCaseMainPhase(TestSuiteExecutor.java:202)
	at com.kms.katalon.core.main.TestSuiteExecutor.accessTestSuiteMainPhase(TestSuiteExecutor.java:164)
	at com.kms.katalon.core.main.TestSuiteExecutor.execute(TestSuiteExecutor.java:105)
	at com.kms.katalon.core.main.TestCaseMain.startTestSuite(TestCaseMain.java:185)
	at com.kms.katalon.core.main.TestCaseMain$startTestSuite$0.call(Unknown Source)
	at TempTestSuite1658113051764.run(TempTestSuite1658113051764.groovy:36)
Caused by: com.kms.katalon.core.exception.StepFailedException: com.kms.katalon.core.webui.exception.WebElementNotFoundException: Web element with id: 'Object Repository/02_Web/06_Settings/SC025_Edit Profile/error_msg' located by '//*[@id = 'swal2-title' and (text() = 'Update Error' or . = 'Update Error')]' not found
	... 23 more]]></system-out>
      <system-err><![CDATA[2022-07-18 09:57:36 - [TEST_SUITE][FAILED] - Regression_Web: Test Cases/02_Web/06_Settings/SC025_Edit Profile/TC002_Edit email (With another registered email) FAILED.
Reason:
com.kms.katalon.core.exception.StepFailedException: com.kms.katalon.core.webui.exception.WebElementNotFoundException: Web element with id: 'Object Repository/02_Web/06_Settings/SC025_Edit Profile/error_msg' located by '//*[@id = 'swal2-title' and (text() = 'Update Error' or . = 'Update Error')]' not found (Root cause: com.kms.katalon.core.exception.StepFailedException: com.kms.katalon.core.webui.exception.WebElementNotFoundException: Web element with id: 'Object Repository/02_Web/06_Settings/SC025_Edit Profile/error_msg' located by '//*[@id = 'swal2-title' and (text() = 'Update Error' or . = 'Update Error')]' not found
	at com.kms.katalon.core.webui.keyword.internal.WebUIKeywordMain.stepFailed(WebUIKeywordMain.groovy:64)
	at com.kms.katalon.core.webui.keyword.builtin.VerifyElementPresentKeyword$_verifyElementPresent_closure1.doCall(VerifyElementPresentKeyword.groovy:85)
	at com.kms.katalon.core.webui.keyword.builtin.VerifyElementPresentKeyword$_verifyElementPresent_closure1.call(VerifyElementPresentKeyword.groovy)
	at com.kms.katalon.core.webui.keyword.internal.WebUIKeywordMain.runKeyword(WebUIKeywordMain.groovy:20)
	at com.kms.katalon.core.webui.keyword.builtin.VerifyElementPresentKeyword.verifyElementPresent(VerifyElementPresentKeyword.groovy:92)
	at com.kms.katalon.core.webui.keyword.builtin.VerifyElementPresentKeyword.execute(VerifyElementPresentKeyword.groovy:68)
	at com.kms.katalon.core.keyword.internal.KeywordExecutor.executeKeywordForPlatform(KeywordExecutor.groovy:74)
	at com.kms.katalon.core.webui.keyword.WebUiBuiltInKeywords.verifyElementPresent(WebUiBuiltInKeywords.groovy:1464)
	at com.kms.katalon.core.webui.keyword.WebUiBuiltInKeywords$verifyElementPresent$4.call(Unknown Source)
	at TC002_Edit email (With another registered email).run(TC002_Edit email (With another registered email):38)
	at com.kms.katalon.core.main.ScriptEngine.run(ScriptEngine.java:194)
	at com.kms.katalon.core.main.ScriptEngine.runScriptAsRawText(ScriptEngine.java:119)
	at com.kms.katalon.core.main.TestCaseExecutor.runScript(TestCaseExecutor.java:442)
	at com.kms.katalon.core.main.TestCaseExecutor.doExecute(TestCaseExecutor.java:433)
	at com.kms.katalon.core.main.TestCaseExecutor.processExecutionPhase(TestCaseExecutor.java:412)
	at com.kms.katalon.core.main.TestCaseExecutor.accessMainPhase(TestCaseExecutor.java:404)
	at com.kms.katalon.core.main.TestCaseExecutor.execute(TestCaseExecutor.java:281)
	at com.kms.katalon.core.main.TestSuiteExecutor.accessTestCaseMainPhase(TestSuiteExecutor.java:202)
	at com.kms.katalon.core.main.TestSuiteExecutor.accessTestSuiteMainPhase(TestSuiteExecutor.java:164)
	at com.kms.katalon.core.main.TestSuiteExecutor.execute(TestSuiteExecutor.java:105)
	at com.kms.katalon.core.main.TestCaseMain.startTestSuite(TestCaseMain.java:185)
	at com.kms.katalon.core.main.TestCaseMain$startTestSuite$0.call(Unknown Source)
	at TempTestSuite1658113051764.run(TempTestSuite1658113051764.groovy:36)
)
	at com.kms.katalon.core.keyword.internal.KeywordMain.stepFailed(KeywordMain.groovy:39)
	at com.kms.katalon.core.webui.keyword.internal.WebUIKeywordMain.stepFailed(WebUIKeywordMain.groovy:64)
	at com.kms.katalon.core.webui.keyword.builtin.VerifyElementPresentKeyword$_verifyElementPresent_closure1.doCall(VerifyElementPresentKeyword.groovy:85)
	at com.kms.katalon.core.webui.keyword.builtin.VerifyElementPresentKeyword$_verifyElementPresent_closure1.call(VerifyElementPresentKeyword.groovy)
	at com.kms.katalon.core.webui.keyword.internal.WebUIKeywordMain.runKeyword(WebUIKeywordMain.groovy:20)
	at com.kms.katalon.core.webui.keyword.builtin.VerifyElementPresentKeyword.verifyElementPresent(VerifyElementPresentKeyword.groovy:92)
	at com.kms.katalon.core.webui.keyword.builtin.VerifyElementPresentKeyword.execute(VerifyElementPresentKeyword.groovy:68)
	at com.kms.katalon.core.keyword.internal.KeywordExecutor.executeKeywordForPlatform(KeywordExecutor.groovy:74)
	at com.kms.katalon.core.webui.keyword.WebUiBuiltInKeywords.verifyElementPresent(WebUiBuiltInKeywords.groovy:1464)
	at com.kms.katalon.core.webui.keyword.WebUiBuiltInKeywords$verifyElementPresent$4.call(Unknown Source)
	at TC002_Edit email (With another registered email).run(TC002_Edit email (With another registered email):38)
	at com.kms.katalon.core.main.ScriptEngine.run(ScriptEngine.java:194)
	at com.kms.katalon.core.main.ScriptEngine.runScriptAsRawText(ScriptEngine.java:119)
	at com.kms.katalon.core.main.TestCaseExecutor.runScript(TestCaseExecutor.java:442)
	at com.kms.katalon.core.main.TestCaseExecutor.doExecute(TestCaseExecutor.java:433)
	at com.kms.katalon.core.main.TestCaseExecutor.processExecutionPhase(TestCaseExecutor.java:412)
	at com.kms.katalon.core.main.TestCaseExecutor.accessMainPhase(TestCaseExecutor.java:404)
	at com.kms.katalon.core.main.TestCaseExecutor.execute(TestCaseExecutor.java:281)
	at com.kms.katalon.core.main.TestSuiteExecutor.accessTestCaseMainPhase(TestSuiteExecutor.java:202)
	at com.kms.katalon.core.main.TestSuiteExecutor.accessTestSuiteMainPhase(TestSuiteExecutor.java:164)
	at com.kms.katalon.core.main.TestSuiteExecutor.execute(TestSuiteExecutor.java:105)
	at com.kms.katalon.core.main.TestCaseMain.startTestSuite(TestCaseMain.java:185)
	at com.kms.katalon.core.main.TestCaseMain$startTestSuite$0.call(Unknown Source)
	at TempTestSuite1658113051764.run(TempTestSuite1658113051764.groovy:36)
Caused by: com.kms.katalon.core.exception.StepFailedException: com.kms.katalon.core.webui.exception.WebElementNotFoundException: Web element with id: 'Object Repository/02_Web/06_Settings/SC025_Edit Profile/error_msg' located by '//*[@id = 'swal2-title' and (text() = 'Update Error' or . = 'Update Error')]' not found
	... 23 more]]></system-err>
   </testsuite>
</testsuites>
