<?xml version="1.0" encoding="UTF-8"?>
<testsuites name="03_Class Material" time="22.217" tests="10" failures="1" errors="0">
   <testsuite name="03_Class Material" tests="10" failures="1" errors="0" time="22.217" skipped="0" timestamp="2022-06-30 12:54:45" hostname="salsa - SALSABILA" id="Test Suites/TS01_API/03_Class Material">
      <properties>
         <property name="deviceName" value=""/>
         <property name="devicePlatform" value=""/>
         <property name="logFolder" value="F:\\1. UNNES\\6. Semester 6\\2 - MSIB\\CAPSTONE PROJECT\\testing-lms\\Reports\\20220630_125439\\TS01_API\\03_Class Material\\20220630_125439"/>
         <property name="logFiles" value="F:\\1. UNNES\\6. Semester 6\\2 - MSIB\\CAPSTONE PROJECT\\testing-lms\\Reports\\20220630_125439\\TS01_API\\03_Class Material\\20220630_125439\\execution0.log"/>
         <property name="attachments" value=""/>
         <property name="hostName" value="salsa - SALSABILA"/>
         <property name="hostAddress" value="192.168.39.173"/>
         <property name="os" value="Windows 10 64bit"/>
         <property name="katalonVersion" value="8.2.5.208"/>
      </properties>
      <testcase name="Test Cases/01_API/03_Class Material/SC013_Create Class Material/TC004_Create Class Material (With invalid token)" time="4.992" classname="Test Cases/01_API/03_Class Material/SC013_Create Class Material/TC004_Create Class Material (With invalid token)" status="PASSED">
         <system-out><![CDATA[2022-06-30 12:54:45 - [TEST_CASE][PASSED] - Test Cases/01_API/03_Class Material/SC013_Create Class Material/TC004_Create Class Material (With invalid token): Test Cases/01_API/03_Class Material/SC013_Create Class Material/TC004_Create Class Material (With invalid token)

2022-06-30 12:54:46 - [TEST_STEP][PASSED] - response = sendRequest(findTestObject("01_API/03_Material/SC013_Create Class Material/TC004_Create Class Material (With invalid token)")): Send request successfully

2022-06-30 12:54:50 - [MESSAGE][INFO] - HAR: F:\1. UNNES\6. Semester 6\2 - MSIB\CAPSTONE PROJECT\testing-lms\Reports\20220630_125439\TS01_API\03_Class Material\20220630_125439\requests\main\0.har

2022-06-30 12:54:50 - [MESSAGE][PASSED] - Send request successfully

2022-06-30 12:54:50 - [TEST_STEP][PASSED] - verifyResponseStatusCode(response, response_200, CONTINUE_ON_FAILURE): Verify response status code successfully

2022-06-30 12:54:50 - [MESSAGE][PASSED] - Verify response status code successfully

2022-06-30 12:54:50 - [TEST_STEP][PASSED] - verifyElementPropertyValue(response, "errors.message", "access denied"): Verify element property value successfully

2022-06-30 12:54:50 - [MESSAGE][PASSED] - Verify element property value successfully]]></system-out>
         <system-err><![CDATA[]]></system-err>
      </testcase>
      <testcase name="Test Cases/01_API/03_Class Material/SC013_Create Class Material/TC003_Create Class Material (With invalid class id)" time="1.66" classname="Test Cases/01_API/03_Class Material/SC013_Create Class Material/TC003_Create Class Material (With invalid class id)" status="PASSED">
         <system-out><![CDATA[2022-06-30 12:54:50 - [TEST_CASE][PASSED] - Test Cases/01_API/03_Class Material/SC013_Create Class Material/TC003_Create Class Material (With invalid class id): Test Cases/01_API/03_Class Material/SC013_Create Class Material/TC003_Create Class Material (With invalid class id)

2022-06-30 12:54:51 - [TEST_STEP][PASSED] - response = sendRequest(findTestObject("01_API/03_Material/SC013_Create Class Material/TC003_Create Class Material (With invalid class id)")): Send request successfully

2022-06-30 12:54:52 - [MESSAGE][INFO] - HAR: F:\1. UNNES\6. Semester 6\2 - MSIB\CAPSTONE PROJECT\testing-lms\Reports\20220630_125439\TS01_API\03_Class Material\20220630_125439\requests\main\1.har

2022-06-30 12:54:52 - [MESSAGE][PASSED] - Send request successfully

2022-06-30 12:54:52 - [TEST_STEP][PASSED] - verifyResponseStatusCode(response, response_400, CONTINUE_ON_FAILURE): Verify response status code successfully

2022-06-30 12:54:52 - [MESSAGE][PASSED] - Verify response status code successfully

2022-06-30 12:54:52 - [TEST_STEP][PASSED] - verifyElementPropertyValue(response, "status", "false"): Verify element property value successfully

2022-06-30 12:54:52 - [MESSAGE][PASSED] - Verify element property value successfully]]></system-out>
         <system-err><![CDATA[]]></system-err>
      </testcase>
      <testcase name="Test Cases/01_API/03_Class Material/SC013_Create Class Material/TC002_Create Class Material (With empty input)" time="1.655" classname="Test Cases/01_API/03_Class Material/SC013_Create Class Material/TC002_Create Class Material (With empty input)" status="PASSED">
         <system-out><![CDATA[2022-06-30 12:54:52 - [TEST_CASE][PASSED] - Test Cases/01_API/03_Class Material/SC013_Create Class Material/TC002_Create Class Material (With empty input): Test Cases/01_API/03_Class Material/SC013_Create Class Material/TC002_Create Class Material (With empty input)

2022-06-30 12:54:52 - [TEST_STEP][PASSED] - response = sendRequest(findTestObject("01_API/03_Material/SC013_Create Class Material/TC002_Create Class Material (With empty input)")): Send request successfully

2022-06-30 12:54:53 - [MESSAGE][INFO] - HAR: F:\1. UNNES\6. Semester 6\2 - MSIB\CAPSTONE PROJECT\testing-lms\Reports\20220630_125439\TS01_API\03_Class Material\20220630_125439\requests\main\2.har

2022-06-30 12:54:53 - [MESSAGE][PASSED] - Send request successfully

2022-06-30 12:54:53 - [TEST_STEP][PASSED] - verifyResponseStatusCode(response, response_400, CONTINUE_ON_FAILURE): Verify response status code successfully

2022-06-30 12:54:53 - [MESSAGE][PASSED] - Verify response status code successfully

2022-06-30 12:54:53 - [TEST_STEP][PASSED] - verifyElementPropertyValue(response, "status", "false"): Verify element property value successfully

2022-06-30 12:54:53 - [MESSAGE][PASSED] - Verify element property value successfully]]></system-out>
         <system-err><![CDATA[]]></system-err>
      </testcase>
      <testcase name="Test Cases/01_API/03_Class Material/SC013_Create Class Material/TC001_Create Class Material (With valid input)" time="3.528" classname="Test Cases/01_API/03_Class Material/SC013_Create Class Material/TC001_Create Class Material (With valid input)" status="PASSED">
         <system-out><![CDATA[2022-06-30 12:54:53 - [TEST_CASE][PASSED] - Test Cases/01_API/03_Class Material/SC013_Create Class Material/TC001_Create Class Material (With valid input): Test Cases/01_API/03_Class Material/SC013_Create Class Material/TC001_Create Class Material (With valid input)

2022-06-30 12:54:54 - [TEST_STEP][PASSED] - response = sendRequest(findTestObject("01_API/02_Class/SC012_Get All Class by Page and Size/TC001_Get All Class by Page and Size")): Send request successfully

2022-06-30 12:54:57 - [MESSAGE][INFO] - HAR: F:\1. UNNES\6. Semester 6\2 - MSIB\CAPSTONE PROJECT\testing-lms\Reports\20220630_125439\TS01_API\03_Class Material\20220630_125439\requests\main\3.har

2022-06-30 12:54:57 - [MESSAGE][PASSED] - Send request successfully

2022-06-30 12:54:57 - [TEST_STEP][PASSED] - verifyResponseStatusCode(response, response_200, CONTINUE_ON_FAILURE): Verify response status code successfully

2022-06-30 12:54:57 - [MESSAGE][PASSED] - Verify response status code successfully

2022-06-30 12:54:57 - [TEST_STEP][PASSED] - verifyElementPropertyValue(response, "status", "true"): Verify element property value successfully

2022-06-30 12:54:57 - [MESSAGE][PASSED] - Verify element property value successfully]]></system-out>
         <system-err><![CDATA[]]></system-err>
      </testcase>
      <testcase name="Test Cases/01_API/03_Class Material/SC014_Get All Material By Id/TC003_Get Material By Id (With invalid token)" time="1.042" classname="Test Cases/01_API/03_Class Material/SC014_Get All Material By Id/TC003_Get Material By Id (With invalid token)" status="PASSED">
         <system-out><![CDATA[2022-06-30 12:54:57 - [TEST_CASE][PASSED] - Test Cases/01_API/03_Class Material/SC014_Get All Material By Id/TC003_Get Material By Id (With invalid token): Test Cases/01_API/03_Class Material/SC014_Get All Material By Id/TC003_Get Material By Id (With invalid token)

2022-06-30 12:54:57 - [TEST_STEP][PASSED] - response = sendRequest(findTestObject("01_API/03_Material/SC014_Get Material By Id/TC003_Get Material By Id (With invalid token)")): Send request successfully

2022-06-30 12:54:58 - [MESSAGE][INFO] - HAR: F:\1. UNNES\6. Semester 6\2 - MSIB\CAPSTONE PROJECT\testing-lms\Reports\20220630_125439\TS01_API\03_Class Material\20220630_125439\requests\main\4.har

2022-06-30 12:54:58 - [MESSAGE][PASSED] - Send request successfully

2022-06-30 12:54:58 - [TEST_STEP][PASSED] - verifyResponseStatusCode(response, response_200, CONTINUE_ON_FAILURE): Verify response status code successfully

2022-06-30 12:54:58 - [MESSAGE][PASSED] - Verify response status code successfully

2022-06-30 12:54:58 - [TEST_STEP][PASSED] - verifyElementPropertyValue(response, "errors.message", "access denied"): Verify element property value successfully

2022-06-30 12:54:58 - [MESSAGE][PASSED] - Verify element property value successfully]]></system-out>
         <system-err><![CDATA[]]></system-err>
      </testcase>
      <testcase name="Test Cases/01_API/03_Class Material/SC014_Get All Material By Id/TC002_Get Material By Id (With invalid id)" time="1.517" classname="Test Cases/01_API/03_Class Material/SC014_Get All Material By Id/TC002_Get Material By Id (With invalid id)" status="PASSED">
         <system-out><![CDATA[2022-06-30 12:54:58 - [TEST_CASE][PASSED] - Test Cases/01_API/03_Class Material/SC014_Get All Material By Id/TC002_Get Material By Id (With invalid id): Test Cases/01_API/03_Class Material/SC014_Get All Material By Id/TC002_Get Material By Id (With invalid id)

2022-06-30 12:54:58 - [TEST_STEP][PASSED] - response = sendRequest(findTestObject("01_API/03_Material/SC014_Get Material By Id/TC002_Get Material By Id (With invalid id)")): Send request successfully

2022-06-30 12:54:59 - [MESSAGE][INFO] - HAR: F:\1. UNNES\6. Semester 6\2 - MSIB\CAPSTONE PROJECT\testing-lms\Reports\20220630_125439\TS01_API\03_Class Material\20220630_125439\requests\main\5.har

2022-06-30 12:54:59 - [MESSAGE][PASSED] - Send request successfully

2022-06-30 12:54:59 - [TEST_STEP][PASSED] - verifyResponseStatusCode(response, response_400, CONTINUE_ON_FAILURE): Verify response status code successfully

2022-06-30 12:55:00 - [MESSAGE][PASSED] - Verify response status code successfully

2022-06-30 12:55:00 - [TEST_STEP][PASSED] - verifyElementPropertyValue(response, "status", "false"): Verify element property value successfully

2022-06-30 12:55:00 - [MESSAGE][PASSED] - Verify element property value successfully]]></system-out>
         <system-err><![CDATA[]]></system-err>
      </testcase>
      <testcase name="Test Cases/01_API/03_Class Material/SC014_Get All Material By Id/TC001_Get Material By Id" time="1.89" classname="Test Cases/01_API/03_Class Material/SC014_Get All Material By Id/TC001_Get Material By Id" status="PASSED">
         <system-out><![CDATA[2022-06-30 12:55:00 - [TEST_CASE][PASSED] - Test Cases/01_API/03_Class Material/SC014_Get All Material By Id/TC001_Get Material By Id: Test Cases/01_API/03_Class Material/SC014_Get All Material By Id/TC001_Get Material By Id

2022-06-30 12:55:00 - [TEST_STEP][PASSED] - response = sendRequest(findTestObject("01_API/03_Material/SC014_Get Material By Id/TC001_Get Material By Id")): Send request successfully

2022-06-30 12:55:01 - [MESSAGE][INFO] - HAR: F:\1. UNNES\6. Semester 6\2 - MSIB\CAPSTONE PROJECT\testing-lms\Reports\20220630_125439\TS01_API\03_Class Material\20220630_125439\requests\main\6.har

2022-06-30 12:55:01 - [MESSAGE][PASSED] - Send request successfully

2022-06-30 12:55:01 - [TEST_STEP][PASSED] - verifyResponseStatusCode(response, response_200, CONTINUE_ON_FAILURE): Verify response status code successfully

2022-06-30 12:55:01 - [MESSAGE][PASSED] - Verify response status code successfully

2022-06-30 12:55:01 - [TEST_STEP][PASSED] - verifyElementPropertyValue(response, "status", "true"): Verify element property value successfully

2022-06-30 12:55:01 - [MESSAGE][PASSED] - Verify element property value successfully]]></system-out>
         <system-err><![CDATA[]]></system-err>
      </testcase>
      <testcase name="Test Cases/01_API/03_Class Material/SC015_Get All Material By Class Id/TC003_Get All Material By Class Id (With invalid token)" time="1.809" classname="Test Cases/01_API/03_Class Material/SC015_Get All Material By Class Id/TC003_Get All Material By Class Id (With invalid token)" status="PASSED">
         <system-out><![CDATA[2022-06-30 12:55:01 - [TEST_CASE][PASSED] - Test Cases/01_API/03_Class Material/SC015_Get All Material By Class Id/TC003_Get All Material By Class Id (With invalid token): Test Cases/01_API/03_Class Material/SC015_Get All Material By Class Id/TC003_Get All Material By Class Id (With invalid token)

2022-06-30 12:55:02 - [TEST_STEP][PASSED] - response = sendRequest(findTestObject("01_API/03_Material/SC015_Get All Material By Class Id/TC003_Get All Material By Class Id (With invalid token)")): Send request successfully

2022-06-30 12:55:03 - [MESSAGE][INFO] - HAR: F:\1. UNNES\6. Semester 6\2 - MSIB\CAPSTONE PROJECT\testing-lms\Reports\20220630_125439\TS01_API\03_Class Material\20220630_125439\requests\main\7.har

2022-06-30 12:55:03 - [MESSAGE][PASSED] - Send request successfully

2022-06-30 12:55:03 - [TEST_STEP][PASSED] - verifyResponseStatusCode(response, response_200, CONTINUE_ON_FAILURE): Verify response status code successfully

2022-06-30 12:55:03 - [MESSAGE][PASSED] - Verify response status code successfully

2022-06-30 12:55:03 - [TEST_STEP][PASSED] - verifyElementPropertyValue(response, "errors.message", "access denied"): Verify element property value successfully

2022-06-30 12:55:03 - [MESSAGE][PASSED] - Verify element property value successfully]]></system-out>
         <system-err><![CDATA[]]></system-err>
      </testcase>
      <testcase name="Test Cases/01_API/03_Class Material/SC015_Get All Material By Class Id/TC002_Get All Material By Class Id (With invalid id)" time="1.691" classname="Test Cases/01_API/03_Class Material/SC015_Get All Material By Class Id/TC002_Get All Material By Class Id (With invalid id)" status="FAILED">
         <failure type="FAILED" message="Test Cases/01_API/03_Class Material/SC015_Get All Material By Class Id/TC002_Get All Material By Class Id (With invalid id) FAILED.
Reason:
com.kms.katalon.core.exception.StepFailedException: Expected status code is '400' but actual status code is '200'
	at com.kms.katalon.core.keyword.internal.KeywordMain.stepFailed(KeywordMain.groovy:39)
	at com.kms.katalon.core.webservice.keyword.builtin.VerifyResponseStatusCodeKeyword.verifyStatusCode(VerifyResponseStatusCodeKeyword.groovy:52)
	at com.kms.katalon.core.webservice.keyword.builtin.VerifyResponseStatusCodeKeyword.access$1(VerifyResponseStatusCodeKeyword.groovy)
	at com.kms.katalon.core.webservice.keyword.builtin.VerifyResponseStatusCodeKeyword$_verifyResponseStatusCode_closure1.doCall(VerifyResponseStatusCodeKeyword.groovy:42)
	at com.kms.katalon.core.webservice.keyword.builtin.VerifyResponseStatusCodeKeyword$_verifyResponseStatusCode_closure1.call(VerifyResponseStatusCodeKeyword.groovy)
	at com.kms.katalon.core.keyword.internal.KeywordMain.runKeyword(KeywordMain.groovy:74)
	at com.kms.katalon.core.webservice.keyword.builtin.VerifyResponseStatusCodeKeyword.verifyResponseStatusCode(VerifyResponseStatusCodeKeyword.groovy:37)
	at com.kms.katalon.core.webservice.keyword.builtin.VerifyResponseStatusCodeKeyword.execute(VerifyResponseStatusCodeKeyword.groovy:32)
	at com.kms.katalon.core.keyword.internal.KeywordExecutor.executeKeywordForPlatform(KeywordExecutor.groovy:74)
	at com.kms.katalon.core.webservice.keyword.WSBuiltInKeywords.verifyResponseStatusCode(WSBuiltInKeywords.groovy:330)
	at com.kms.katalon.core.webservice.keyword.WSBuiltInKeywords$verifyResponseStatusCode$0.call(Unknown Source)
	at TC002_Get All Material By Class Id (With invalid id).run(TC002_Get All Material By Class Id (With invalid id):22)
	at com.kms.katalon.core.main.ScriptEngine.run(ScriptEngine.java:194)
	at com.kms.katalon.core.main.ScriptEngine.runScriptAsRawText(ScriptEngine.java:119)
	at com.kms.katalon.core.main.TestCaseExecutor.runScript(TestCaseExecutor.java:442)
	at com.kms.katalon.core.main.TestCaseExecutor.doExecute(TestCaseExecutor.java:433)
	at com.kms.katalon.core.main.TestCaseExecutor.processExecutionPhase(TestCaseExecutor.java:412)
	at com.kms.katalon.core.main.TestCaseExecutor.accessMainPhase(TestCaseExecutor.java:404)
	at com.kms.katalon.core.main.TestCaseExecutor.execute(TestCaseExecutor.java:281)
	at com.kms.katalon.core.main.TestSuiteExecutor.accessTestCaseMainPhase(TestSuiteExecutor.java:202)
	at com.kms.katalon.core.main.TestSuiteExecutor.accessTestSuiteMainPhase(TestSuiteExecutor.java:164)
	at com.kms.katalon.core.main.TestSuiteExecutor.execute(TestSuiteExecutor.java:105)
	at com.kms.katalon.core.main.TestCaseMain.startTestSuite(TestCaseMain.java:185)
	at com.kms.katalon.core.main.TestCaseMain$startTestSuite$0.call(Unknown Source)
	at TempTestSuite1656568479719.run(TempTestSuite1656568479719.groovy:36)
"/>
         <system-out><![CDATA[2022-06-30 12:55:03 - [TEST_CASE][FAILED] - Test Cases/01_API/03_Class Material/SC015_Get All Material By Class Id/TC002_Get All Material By Class Id (With invalid id): Test Cases/01_API/03_Class Material/SC015_Get All Material By Class Id/TC002_Get All Material By Class Id (With invalid id) FAILED.
Reason:
com.kms.katalon.core.exception.StepFailedException: Expected status code is '400' but actual status code is '200'
	at com.kms.katalon.core.keyword.internal.KeywordMain.stepFailed(KeywordMain.groovy:39)
	at com.kms.katalon.core.webservice.keyword.builtin.VerifyResponseStatusCodeKeyword.verifyStatusCode(VerifyResponseStatusCodeKeyword.groovy:52)
	at com.kms.katalon.core.webservice.keyword.builtin.VerifyResponseStatusCodeKeyword.access$1(VerifyResponseStatusCodeKeyword.groovy)
	at com.kms.katalon.core.webservice.keyword.builtin.VerifyResponseStatusCodeKeyword$_verifyResponseStatusCode_closure1.doCall(VerifyResponseStatusCodeKeyword.groovy:42)
	at com.kms.katalon.core.webservice.keyword.builtin.VerifyResponseStatusCodeKeyword$_verifyResponseStatusCode_closure1.call(VerifyResponseStatusCodeKeyword.groovy)
	at com.kms.katalon.core.keyword.internal.KeywordMain.runKeyword(KeywordMain.groovy:74)
	at com.kms.katalon.core.webservice.keyword.builtin.VerifyResponseStatusCodeKeyword.verifyResponseStatusCode(VerifyResponseStatusCodeKeyword.groovy:37)
	at com.kms.katalon.core.webservice.keyword.builtin.VerifyResponseStatusCodeKeyword.execute(VerifyResponseStatusCodeKeyword.groovy:32)
	at com.kms.katalon.core.keyword.internal.KeywordExecutor.executeKeywordForPlatform(KeywordExecutor.groovy:74)
	at com.kms.katalon.core.webservice.keyword.WSBuiltInKeywords.verifyResponseStatusCode(WSBuiltInKeywords.groovy:330)
	at com.kms.katalon.core.webservice.keyword.WSBuiltInKeywords$verifyResponseStatusCode$0.call(Unknown Source)
	at TC002_Get All Material By Class Id (With invalid id).run(TC002_Get All Material By Class Id (With invalid id):22)
	at com.kms.katalon.core.main.ScriptEngine.run(ScriptEngine.java:194)
	at com.kms.katalon.core.main.ScriptEngine.runScriptAsRawText(ScriptEngine.java:119)
	at com.kms.katalon.core.main.TestCaseExecutor.runScript(TestCaseExecutor.java:442)
	at com.kms.katalon.core.main.TestCaseExecutor.doExecute(TestCaseExecutor.java:433)
	at com.kms.katalon.core.main.TestCaseExecutor.processExecutionPhase(TestCaseExecutor.java:412)
	at com.kms.katalon.core.main.TestCaseExecutor.accessMainPhase(TestCaseExecutor.java:404)
	at com.kms.katalon.core.main.TestCaseExecutor.execute(TestCaseExecutor.java:281)
	at com.kms.katalon.core.main.TestSuiteExecutor.accessTestCaseMainPhase(TestSuiteExecutor.java:202)
	at com.kms.katalon.core.main.TestSuiteExecutor.accessTestSuiteMainPhase(TestSuiteExecutor.java:164)
	at com.kms.katalon.core.main.TestSuiteExecutor.execute(TestSuiteExecutor.java:105)
	at com.kms.katalon.core.main.TestCaseMain.startTestSuite(TestCaseMain.java:185)
	at com.kms.katalon.core.main.TestCaseMain$startTestSuite$0.call(Unknown Source)
	at TempTestSuite1656568479719.run(TempTestSuite1656568479719.groovy:36)


2022-06-30 12:55:04 - [TEST_STEP][PASSED] - response = sendRequest(findTestObject("01_API/03_Material/SC015_Get All Material By Class Id/TC002_Get All Material By Class Id (With invalid id)")): Send request successfully

2022-06-30 12:55:05 - [MESSAGE][INFO] - HAR: F:\1. UNNES\6. Semester 6\2 - MSIB\CAPSTONE PROJECT\testing-lms\Reports\20220630_125439\TS01_API\03_Class Material\20220630_125439\requests\main\8.har

2022-06-30 12:55:05 - [MESSAGE][PASSED] - Send request successfully

2022-06-30 12:55:05 - [TEST_STEP][FAILED] - verifyResponseStatusCode(response, response_400, CONTINUE_ON_FAILURE): Expected status code is '400' but actual status code is '200'

2022-06-30 12:55:05 - [MESSAGE][FAILED] - Expected status code is '400' but actual status code is '200'

2022-06-30 12:55:05 - [TEST_STEP][FAILED] - verifyElementPropertyValue(response, "status", "false"): Unable to verify element property value (Root cause: com.kms.katalon.core.exception.StepFailedException: Expected element property value 'false' is not equal with actual property value 'true'
	at com.kms.katalon.core.keyword.internal.KeywordMain.stepFailed(KeywordMain.groovy:50)
	at com.kms.katalon.core.webservice.keyword.builtin.VerifyElementPropertyValueKeyword$_verifyElementPropertyValue_closure1.doCall(VerifyElementPropertyValueKeyword.groovy:56)
	at com.kms.katalon.core.webservice.keyword.builtin.VerifyElementPropertyValueKeyword$_verifyElementPropertyValue_closure1.call(VerifyElementPropertyValueKeyword.groovy)
	at com.kms.katalon.core.keyword.internal.KeywordMain.runKeyword(KeywordMain.groovy:74)
	at com.kms.katalon.core.webservice.keyword.builtin.VerifyElementPropertyValueKeyword.verifyElementPropertyValue(VerifyElementPropertyValueKeyword.groovy:48)
	at com.kms.katalon.core.webservice.keyword.builtin.VerifyElementPropertyValueKeyword.execute(VerifyElementPropertyValueKeyword.groovy:43)
	at com.kms.katalon.core.keyword.internal.KeywordExecutor.executeKeywordForPlatform(KeywordExecutor.groovy:74)
	at com.kms.katalon.core.webservice.keyword.WSBuiltInKeywords.verifyElementPropertyValue(WSBuiltInKeywords.groovy:189)
	at com.kms.katalon.core.webservice.keyword.WSBuiltInKeywords$verifyElementPropertyValue$1.call(Unknown Source)
	at TC002_Get All Material By Class Id (With invalid id).run(TC002_Get All Material By Class Id (With invalid id):24)
	at com.kms.katalon.core.main.ScriptEngine.run(ScriptEngine.java:194)
	at com.kms.katalon.core.main.ScriptEngine.runScriptAsRawText(ScriptEngine.java:119)
	at com.kms.katalon.core.main.TestCaseExecutor.runScript(TestCaseExecutor.java:442)
	at com.kms.katalon.core.main.TestCaseExecutor.doExecute(TestCaseExecutor.java:433)
	at com.kms.katalon.core.main.TestCaseExecutor.processExecutionPhase(TestCaseExecutor.java:412)
	at com.kms.katalon.core.main.TestCaseExecutor.accessMainPhase(TestCaseExecutor.java:404)
	at com.kms.katalon.core.main.TestCaseExecutor.execute(TestCaseExecutor.java:281)
	at com.kms.katalon.core.main.TestSuiteExecutor.accessTestCaseMainPhase(TestSuiteExecutor.java:202)
	at com.kms.katalon.core.main.TestSuiteExecutor.accessTestSuiteMainPhase(TestSuiteExecutor.java:164)
	at com.kms.katalon.core.main.TestSuiteExecutor.execute(TestSuiteExecutor.java:105)
	at com.kms.katalon.core.main.TestCaseMain.startTestSuite(TestCaseMain.java:185)
	at com.kms.katalon.core.main.TestCaseMain$startTestSuite$0.call(Unknown Source)
	at TempTestSuite1656568479719.run(TempTestSuite1656568479719.groovy:36)
)

2022-06-30 12:55:05 - [MESSAGE][FAILED] - Expected element property value 'false' is not equal with actual property value 'true'

2022-06-30 12:55:05 - [MESSAGE][FAILED] - Unable to verify element property value (Root cause: com.kms.katalon.core.exception.StepFailedException: Expected element property value 'false' is not equal with actual property value 'true'
	at com.kms.katalon.core.keyword.internal.KeywordMain.stepFailed(KeywordMain.groovy:50)
	at com.kms.katalon.core.webservice.keyword.builtin.VerifyElementPropertyValueKeyword$_verifyElementPropertyValue_closure1.doCall(VerifyElementPropertyValueKeyword.groovy:56)
	at com.kms.katalon.core.webservice.keyword.builtin.VerifyElementPropertyValueKeyword$_verifyElementPropertyValue_closure1.call(VerifyElementPropertyValueKeyword.groovy)
	at com.kms.katalon.core.keyword.internal.KeywordMain.runKeyword(KeywordMain.groovy:74)
	at com.kms.katalon.core.webservice.keyword.builtin.VerifyElementPropertyValueKeyword.verifyElementPropertyValue(VerifyElementPropertyValueKeyword.groovy:48)
	at com.kms.katalon.core.webservice.keyword.builtin.VerifyElementPropertyValueKeyword.execute(VerifyElementPropertyValueKeyword.groovy:43)
	at com.kms.katalon.core.keyword.internal.KeywordExecutor.executeKeywordForPlatform(KeywordExecutor.groovy:74)
	at com.kms.katalon.core.webservice.keyword.WSBuiltInKeywords.verifyElementPropertyValue(WSBuiltInKeywords.groovy:189)
	at com.kms.katalon.core.webservice.keyword.WSBuiltInKeywords$verifyElementPropertyValue$1.call(Unknown Source)
	at TC002_Get All Material By Class Id (With invalid id).run(TC002_Get All Material By Class Id (With invalid id):24)
	at com.kms.katalon.core.main.ScriptEngine.run(ScriptEngine.java:194)
	at com.kms.katalon.core.main.ScriptEngine.runScriptAsRawText(ScriptEngine.java:119)
	at com.kms.katalon.core.main.TestCaseExecutor.runScript(TestCaseExecutor.java:442)
	at com.kms.katalon.core.main.TestCaseExecutor.doExecute(TestCaseExecutor.java:433)
	at com.kms.katalon.core.main.TestCaseExecutor.processExecutionPhase(TestCaseExecutor.java:412)
	at com.kms.katalon.core.main.TestCaseExecutor.accessMainPhase(TestCaseExecutor.java:404)
	at com.kms.katalon.core.main.TestCaseExecutor.execute(TestCaseExecutor.java:281)
	at com.kms.katalon.core.main.TestSuiteExecutor.accessTestCaseMainPhase(TestSuiteExecutor.java:202)
	at com.kms.katalon.core.main.TestSuiteExecutor.accessTestSuiteMainPhase(TestSuiteExecutor.java:164)
	at com.kms.katalon.core.main.TestSuiteExecutor.execute(TestSuiteExecutor.java:105)
	at com.kms.katalon.core.main.TestCaseMain.startTestSuite(TestCaseMain.java:185)
	at com.kms.katalon.core.main.TestCaseMain$startTestSuite$0.call(Unknown Source)
	at TempTestSuite1656568479719.run(TempTestSuite1656568479719.groovy:36)
)]]></system-out>
         <system-err><![CDATA[2022-06-30 12:55:03 - [TEST_CASE][FAILED] - Test Cases/01_API/03_Class Material/SC015_Get All Material By Class Id/TC002_Get All Material By Class Id (With invalid id): Test Cases/01_API/03_Class Material/SC015_Get All Material By Class Id/TC002_Get All Material By Class Id (With invalid id) FAILED.
Reason:
com.kms.katalon.core.exception.StepFailedException: Expected status code is '400' but actual status code is '200'
	at com.kms.katalon.core.keyword.internal.KeywordMain.stepFailed(KeywordMain.groovy:39)
	at com.kms.katalon.core.webservice.keyword.builtin.VerifyResponseStatusCodeKeyword.verifyStatusCode(VerifyResponseStatusCodeKeyword.groovy:52)
	at com.kms.katalon.core.webservice.keyword.builtin.VerifyResponseStatusCodeKeyword.access$1(VerifyResponseStatusCodeKeyword.groovy)
	at com.kms.katalon.core.webservice.keyword.builtin.VerifyResponseStatusCodeKeyword$_verifyResponseStatusCode_closure1.doCall(VerifyResponseStatusCodeKeyword.groovy:42)
	at com.kms.katalon.core.webservice.keyword.builtin.VerifyResponseStatusCodeKeyword$_verifyResponseStatusCode_closure1.call(VerifyResponseStatusCodeKeyword.groovy)
	at com.kms.katalon.core.keyword.internal.KeywordMain.runKeyword(KeywordMain.groovy:74)
	at com.kms.katalon.core.webservice.keyword.builtin.VerifyResponseStatusCodeKeyword.verifyResponseStatusCode(VerifyResponseStatusCodeKeyword.groovy:37)
	at com.kms.katalon.core.webservice.keyword.builtin.VerifyResponseStatusCodeKeyword.execute(VerifyResponseStatusCodeKeyword.groovy:32)
	at com.kms.katalon.core.keyword.internal.KeywordExecutor.executeKeywordForPlatform(KeywordExecutor.groovy:74)
	at com.kms.katalon.core.webservice.keyword.WSBuiltInKeywords.verifyResponseStatusCode(WSBuiltInKeywords.groovy:330)
	at com.kms.katalon.core.webservice.keyword.WSBuiltInKeywords$verifyResponseStatusCode$0.call(Unknown Source)
	at TC002_Get All Material By Class Id (With invalid id).run(TC002_Get All Material By Class Id (With invalid id):22)
	at com.kms.katalon.core.main.ScriptEngine.run(ScriptEngine.java:194)
	at com.kms.katalon.core.main.ScriptEngine.runScriptAsRawText(ScriptEngine.java:119)
	at com.kms.katalon.core.main.TestCaseExecutor.runScript(TestCaseExecutor.java:442)
	at com.kms.katalon.core.main.TestCaseExecutor.doExecute(TestCaseExecutor.java:433)
	at com.kms.katalon.core.main.TestCaseExecutor.processExecutionPhase(TestCaseExecutor.java:412)
	at com.kms.katalon.core.main.TestCaseExecutor.accessMainPhase(TestCaseExecutor.java:404)
	at com.kms.katalon.core.main.TestCaseExecutor.execute(TestCaseExecutor.java:281)
	at com.kms.katalon.core.main.TestSuiteExecutor.accessTestCaseMainPhase(TestSuiteExecutor.java:202)
	at com.kms.katalon.core.main.TestSuiteExecutor.accessTestSuiteMainPhase(TestSuiteExecutor.java:164)
	at com.kms.katalon.core.main.TestSuiteExecutor.execute(TestSuiteExecutor.java:105)
	at com.kms.katalon.core.main.TestCaseMain.startTestSuite(TestCaseMain.java:185)
	at com.kms.katalon.core.main.TestCaseMain$startTestSuite$0.call(Unknown Source)
	at TempTestSuite1656568479719.run(TempTestSuite1656568479719.groovy:36)]]></system-err>
      </testcase>
      <testcase name="Test Cases/01_API/03_Class Material/SC015_Get All Material By Class Id/TC001_Get All Material By Class Id" time="1.765" classname="Test Cases/01_API/03_Class Material/SC015_Get All Material By Class Id/TC001_Get All Material By Class Id" status="PASSED">
         <system-out><![CDATA[2022-06-30 12:55:05 - [TEST_CASE][PASSED] - Test Cases/01_API/03_Class Material/SC015_Get All Material By Class Id/TC001_Get All Material By Class Id: Test Cases/01_API/03_Class Material/SC015_Get All Material By Class Id/TC001_Get All Material By Class Id

2022-06-30 12:55:05 - [TEST_STEP][PASSED] - response = sendRequest(findTestObject("01_API/03_Material/SC015_Get All Material By Class Id/TC001_Get All Material By Class Id")): Send request successfully

2022-06-30 12:55:07 - [MESSAGE][INFO] - HAR: F:\1. UNNES\6. Semester 6\2 - MSIB\CAPSTONE PROJECT\testing-lms\Reports\20220630_125439\TS01_API\03_Class Material\20220630_125439\requests\main\9.har

2022-06-30 12:55:07 - [MESSAGE][PASSED] - Send request successfully

2022-06-30 12:55:07 - [TEST_STEP][PASSED] - verifyResponseStatusCode(response, response_200, CONTINUE_ON_FAILURE): Verify response status code successfully

2022-06-30 12:55:07 - [MESSAGE][PASSED] - Verify response status code successfully

2022-06-30 12:55:07 - [TEST_STEP][PASSED] - verifyElementPropertyValue(response, "status", "true"): Verify element property value successfully

2022-06-30 12:55:07 - [MESSAGE][PASSED] - Verify element property value successfully]]></system-out>
         <system-err><![CDATA[]]></system-err>
      </testcase>
      <system-out><![CDATA[2022-06-30 12:54:45 - [TEST_SUITE][FAILED] - 03_Class Material: Test Cases/01_API/03_Class Material/SC015_Get All Material By Class Id/TC002_Get All Material By Class Id (With invalid id) FAILED.
Reason:
com.kms.katalon.core.exception.StepFailedException: Expected status code is '400' but actual status code is '200'
	at com.kms.katalon.core.keyword.internal.KeywordMain.stepFailed(KeywordMain.groovy:39)
	at com.kms.katalon.core.webservice.keyword.builtin.VerifyResponseStatusCodeKeyword.verifyStatusCode(VerifyResponseStatusCodeKeyword.groovy:52)
	at com.kms.katalon.core.webservice.keyword.builtin.VerifyResponseStatusCodeKeyword.access$1(VerifyResponseStatusCodeKeyword.groovy)
	at com.kms.katalon.core.webservice.keyword.builtin.VerifyResponseStatusCodeKeyword$_verifyResponseStatusCode_closure1.doCall(VerifyResponseStatusCodeKeyword.groovy:42)
	at com.kms.katalon.core.webservice.keyword.builtin.VerifyResponseStatusCodeKeyword$_verifyResponseStatusCode_closure1.call(VerifyResponseStatusCodeKeyword.groovy)
	at com.kms.katalon.core.keyword.internal.KeywordMain.runKeyword(KeywordMain.groovy:74)
	at com.kms.katalon.core.webservice.keyword.builtin.VerifyResponseStatusCodeKeyword.verifyResponseStatusCode(VerifyResponseStatusCodeKeyword.groovy:37)
	at com.kms.katalon.core.webservice.keyword.builtin.VerifyResponseStatusCodeKeyword.execute(VerifyResponseStatusCodeKeyword.groovy:32)
	at com.kms.katalon.core.keyword.internal.KeywordExecutor.executeKeywordForPlatform(KeywordExecutor.groovy:74)
	at com.kms.katalon.core.webservice.keyword.WSBuiltInKeywords.verifyResponseStatusCode(WSBuiltInKeywords.groovy:330)
	at com.kms.katalon.core.webservice.keyword.WSBuiltInKeywords$verifyResponseStatusCode$0.call(Unknown Source)
	at TC002_Get All Material By Class Id (With invalid id).run(TC002_Get All Material By Class Id (With invalid id):22)
	at com.kms.katalon.core.main.ScriptEngine.run(ScriptEngine.java:194)
	at com.kms.katalon.core.main.ScriptEngine.runScriptAsRawText(ScriptEngine.java:119)
	at com.kms.katalon.core.main.TestCaseExecutor.runScript(TestCaseExecutor.java:442)
	at com.kms.katalon.core.main.TestCaseExecutor.doExecute(TestCaseExecutor.java:433)
	at com.kms.katalon.core.main.TestCaseExecutor.processExecutionPhase(TestCaseExecutor.java:412)
	at com.kms.katalon.core.main.TestCaseExecutor.accessMainPhase(TestCaseExecutor.java:404)
	at com.kms.katalon.core.main.TestCaseExecutor.execute(TestCaseExecutor.java:281)
	at com.kms.katalon.core.main.TestSuiteExecutor.accessTestCaseMainPhase(TestSuiteExecutor.java:202)
	at com.kms.katalon.core.main.TestSuiteExecutor.accessTestSuiteMainPhase(TestSuiteExecutor.java:164)
	at com.kms.katalon.core.main.TestSuiteExecutor.execute(TestSuiteExecutor.java:105)
	at com.kms.katalon.core.main.TestCaseMain.startTestSuite(TestCaseMain.java:185)
	at com.kms.katalon.core.main.TestCaseMain$startTestSuite$0.call(Unknown Source)
	at TempTestSuite1656568479719.run(TempTestSuite1656568479719.groovy:36)]]></system-out>
      <system-err><![CDATA[2022-06-30 12:54:45 - [TEST_SUITE][FAILED] - 03_Class Material: Test Cases/01_API/03_Class Material/SC015_Get All Material By Class Id/TC002_Get All Material By Class Id (With invalid id) FAILED.
Reason:
com.kms.katalon.core.exception.StepFailedException: Expected status code is '400' but actual status code is '200'
	at com.kms.katalon.core.keyword.internal.KeywordMain.stepFailed(KeywordMain.groovy:39)
	at com.kms.katalon.core.webservice.keyword.builtin.VerifyResponseStatusCodeKeyword.verifyStatusCode(VerifyResponseStatusCodeKeyword.groovy:52)
	at com.kms.katalon.core.webservice.keyword.builtin.VerifyResponseStatusCodeKeyword.access$1(VerifyResponseStatusCodeKeyword.groovy)
	at com.kms.katalon.core.webservice.keyword.builtin.VerifyResponseStatusCodeKeyword$_verifyResponseStatusCode_closure1.doCall(VerifyResponseStatusCodeKeyword.groovy:42)
	at com.kms.katalon.core.webservice.keyword.builtin.VerifyResponseStatusCodeKeyword$_verifyResponseStatusCode_closure1.call(VerifyResponseStatusCodeKeyword.groovy)
	at com.kms.katalon.core.keyword.internal.KeywordMain.runKeyword(KeywordMain.groovy:74)
	at com.kms.katalon.core.webservice.keyword.builtin.VerifyResponseStatusCodeKeyword.verifyResponseStatusCode(VerifyResponseStatusCodeKeyword.groovy:37)
	at com.kms.katalon.core.webservice.keyword.builtin.VerifyResponseStatusCodeKeyword.execute(VerifyResponseStatusCodeKeyword.groovy:32)
	at com.kms.katalon.core.keyword.internal.KeywordExecutor.executeKeywordForPlatform(KeywordExecutor.groovy:74)
	at com.kms.katalon.core.webservice.keyword.WSBuiltInKeywords.verifyResponseStatusCode(WSBuiltInKeywords.groovy:330)
	at com.kms.katalon.core.webservice.keyword.WSBuiltInKeywords$verifyResponseStatusCode$0.call(Unknown Source)
	at TC002_Get All Material By Class Id (With invalid id).run(TC002_Get All Material By Class Id (With invalid id):22)
	at com.kms.katalon.core.main.ScriptEngine.run(ScriptEngine.java:194)
	at com.kms.katalon.core.main.ScriptEngine.runScriptAsRawText(ScriptEngine.java:119)
	at com.kms.katalon.core.main.TestCaseExecutor.runScript(TestCaseExecutor.java:442)
	at com.kms.katalon.core.main.TestCaseExecutor.doExecute(TestCaseExecutor.java:433)
	at com.kms.katalon.core.main.TestCaseExecutor.processExecutionPhase(TestCaseExecutor.java:412)
	at com.kms.katalon.core.main.TestCaseExecutor.accessMainPhase(TestCaseExecutor.java:404)
	at com.kms.katalon.core.main.TestCaseExecutor.execute(TestCaseExecutor.java:281)
	at com.kms.katalon.core.main.TestSuiteExecutor.accessTestCaseMainPhase(TestSuiteExecutor.java:202)
	at com.kms.katalon.core.main.TestSuiteExecutor.accessTestSuiteMainPhase(TestSuiteExecutor.java:164)
	at com.kms.katalon.core.main.TestSuiteExecutor.execute(TestSuiteExecutor.java:105)
	at com.kms.katalon.core.main.TestCaseMain.startTestSuite(TestCaseMain.java:185)
	at com.kms.katalon.core.main.TestCaseMain$startTestSuite$0.call(Unknown Source)
	at TempTestSuite1656568479719.run(TempTestSuite1656568479719.groovy:36)]]></system-err>
   </testsuite>
</testsuites>
