<?xml version="1.0" encoding="UTF-8"?>
<testsuites name="02_Class" time="31.15" tests="21" failures="3" errors="0">
   <testsuite name="02_Class" tests="21" failures="3" errors="0" time="31.15" skipped="0" timestamp="2022-06-27 20:57:48" hostname="salsa - SALSABILA" id="Test Suites/TS01_API/02_Class">
      <properties>
         <property name="deviceName" value=""/>
         <property name="devicePlatform" value=""/>
         <property name="logFolder" value="F:\\1. UNNES\\6. Semester 6\\2 - MSIB\\CAPSTONE PROJECT\\testing-lms\\Reports\\20220627_205744\\TS01_API\\02_Class\\20220627_205744"/>
         <property name="logFiles" value="F:\\1. UNNES\\6. Semester 6\\2 - MSIB\\CAPSTONE PROJECT\\testing-lms\\Reports\\20220627_205744\\TS01_API\\02_Class\\20220627_205744\\execution0.log"/>
         <property name="attachments" value=""/>
         <property name="hostName" value="salsa - SALSABILA"/>
         <property name="hostAddress" value="192.168.93.173"/>
         <property name="os" value="Windows 10 64bit"/>
         <property name="katalonVersion" value="8.2.5.208"/>
      </properties>
      <testcase name="Test Cases/01_API/02_Class/SC006_Get All Class/TC002_Get All Class (invalid token)" time="4.534" classname="Test Cases/01_API/02_Class/SC006_Get All Class/TC002_Get All Class (invalid token)" status="PASSED">
         <system-out><![CDATA[2022-06-27 20:57:49 - [TEST_CASE][PASSED] - Test Cases/01_API/02_Class/SC006_Get All Class/TC002_Get All Class (invalid token): Test Cases/01_API/02_Class/SC006_Get All Class/TC002_Get All Class (invalid token)

2022-06-27 20:57:49 - [TEST_STEP][PASSED] - response = sendRequest(findTestObject("01_API/02_Class/SC006_Get All Class/TC002_Get All Class (invalid token)")): Send request successfully

2022-06-27 20:57:53 - [MESSAGE][INFO] - HAR: F:\1. UNNES\6. Semester 6\2 - MSIB\CAPSTONE PROJECT\testing-lms\Reports\20220627_205744\TS01_API\02_Class\20220627_205744\requests\main\0.har

2022-06-27 20:57:53 - [MESSAGE][PASSED] - Send request successfully

2022-06-27 20:57:53 - [TEST_STEP][PASSED] - verifyResponseStatusCode(response, response_403, CONTINUE_ON_FAILURE): Verify response status code successfully

2022-06-27 20:57:53 - [MESSAGE][PASSED] - Verify response status code successfully

2022-06-27 20:57:53 - [TEST_STEP][PASSED] - verifyElementPropertyValue(response, "error", "Forbidden"): Verify element property value successfully

2022-06-27 20:57:53 - [MESSAGE][PASSED] - Verify element property value successfully]]></system-out>
         <system-err><![CDATA[]]></system-err>
      </testcase>
      <testcase name="Test Cases/01_API/02_Class/SC006_Get All Class/TC001_Get All Class (With valid input)" time="2.307" classname="Test Cases/01_API/02_Class/SC006_Get All Class/TC001_Get All Class (With valid input)" status="PASSED">
         <system-out><![CDATA[2022-06-27 20:57:53 - [TEST_CASE][PASSED] - Test Cases/01_API/02_Class/SC006_Get All Class/TC001_Get All Class (With valid input): Test Cases/01_API/02_Class/SC006_Get All Class/TC001_Get All Class (With valid input)

2022-06-27 20:57:54 - [TEST_STEP][PASSED] - response = sendRequest(findTestObject("01_API/02_Class/SC006_Get All Class/TC001_Get All Class (With valid input)")): Send request successfully

2022-06-27 20:57:56 - [MESSAGE][INFO] - HAR: F:\1. UNNES\6. Semester 6\2 - MSIB\CAPSTONE PROJECT\testing-lms\Reports\20220627_205744\TS01_API\02_Class\20220627_205744\requests\main\1.har

2022-06-27 20:57:56 - [MESSAGE][PASSED] - Send request successfully

2022-06-27 20:57:56 - [TEST_STEP][PASSED] - verifyResponseStatusCode(response, response_200, CONTINUE_ON_FAILURE): Verify response status code successfully

2022-06-27 20:57:56 - [MESSAGE][PASSED] - Verify response status code successfully

2022-06-27 20:57:56 - [TEST_STEP][PASSED] - verifyElementPropertyValue(response, "status", "true"): Verify element property value successfully

2022-06-27 20:57:56 - [MESSAGE][PASSED] - Verify element property value successfully]]></system-out>
         <system-err><![CDATA[]]></system-err>
      </testcase>
      <testcase name="Test Cases/01_API/02_Class/SC007_Create A Class/TC003_Create A Class (With invalid token)" time="0.852" classname="Test Cases/01_API/02_Class/SC007_Create A Class/TC003_Create A Class (With invalid token)" status="PASSED">
         <system-out><![CDATA[2022-06-27 20:57:56 - [TEST_CASE][PASSED] - Test Cases/01_API/02_Class/SC007_Create A Class/TC003_Create A Class (With invalid token): Test Cases/01_API/02_Class/SC007_Create A Class/TC003_Create A Class (With invalid token)

2022-06-27 20:57:56 - [TEST_STEP][PASSED] - response = sendRequest(findTestObject("01_API/02_Class/SC007_Create A Class/TC003_Create A Class (With invalid token)")): Send request successfully

2022-06-27 20:57:56 - [MESSAGE][INFO] - HAR: F:\1. UNNES\6. Semester 6\2 - MSIB\CAPSTONE PROJECT\testing-lms\Reports\20220627_205744\TS01_API\02_Class\20220627_205744\requests\main\2.har

2022-06-27 20:57:56 - [MESSAGE][PASSED] - Send request successfully

2022-06-27 20:57:56 - [TEST_STEP][PASSED] - verifyResponseStatusCode(response, response_403, CONTINUE_ON_FAILURE): Verify response status code successfully

2022-06-27 20:57:56 - [MESSAGE][PASSED] - Verify response status code successfully

2022-06-27 20:57:56 - [TEST_STEP][PASSED] - verifyElementPropertyValue(response, "error", "Forbidden"): Verify element property value successfully

2022-06-27 20:57:57 - [MESSAGE][PASSED] - Verify element property value successfully]]></system-out>
         <system-err><![CDATA[]]></system-err>
      </testcase>
      <testcase name="Test Cases/01_API/02_Class/SC007_Create A Class/TC002_Create A Class (With empty field)" time="0.804" classname="Test Cases/01_API/02_Class/SC007_Create A Class/TC002_Create A Class (With empty field)" status="PASSED">
         <system-out><![CDATA[2022-06-27 20:57:57 - [TEST_CASE][PASSED] - Test Cases/01_API/02_Class/SC007_Create A Class/TC002_Create A Class (With empty field): Test Cases/01_API/02_Class/SC007_Create A Class/TC002_Create A Class (With empty field)

2022-06-27 20:57:57 - [TEST_STEP][PASSED] - response = sendRequest(findTestObject("01_API/02_Class/SC007_Create A Class/TC002_Create A Class (With empty field)")): Send request successfully

2022-06-27 20:57:57 - [MESSAGE][INFO] - HAR: F:\1. UNNES\6. Semester 6\2 - MSIB\CAPSTONE PROJECT\testing-lms\Reports\20220627_205744\TS01_API\02_Class\20220627_205744\requests\main\3.har

2022-06-27 20:57:57 - [MESSAGE][PASSED] - Send request successfully

2022-06-27 20:57:57 - [TEST_STEP][PASSED] - verifyResponseStatusCode(response, response_400, CONTINUE_ON_FAILURE): Verify response status code successfully

2022-06-27 20:57:57 - [MESSAGE][PASSED] - Verify response status code successfully

2022-06-27 20:57:57 - [TEST_STEP][PASSED] - verifyElementPropertyValue(response, "status", "false"): Verify element property value successfully

2022-06-27 20:57:57 - [MESSAGE][PASSED] - Verify element property value successfully]]></system-out>
         <system-err><![CDATA[]]></system-err>
      </testcase>
      <testcase name="Test Cases/01_API/02_Class/SC007_Create A Class/TC001_Create A Class (With valid input)" time="1.223" classname="Test Cases/01_API/02_Class/SC007_Create A Class/TC001_Create A Class (With valid input)" status="PASSED">
         <system-out><![CDATA[2022-06-27 20:57:57 - [TEST_CASE][PASSED] - Test Cases/01_API/02_Class/SC007_Create A Class/TC001_Create A Class (With valid input): Test Cases/01_API/02_Class/SC007_Create A Class/TC001_Create A Class (With valid input)

2022-06-27 20:57:58 - [TEST_STEP][PASSED] - response = sendRequest(findTestObject("01_API/02_Class/SC007_Create A Class/TC001_Create A Class (With valid input)")): Send request successfully

2022-06-27 20:57:58 - [MESSAGE][INFO] - HAR: F:\1. UNNES\6. Semester 6\2 - MSIB\CAPSTONE PROJECT\testing-lms\Reports\20220627_205744\TS01_API\02_Class\20220627_205744\requests\main\4.har

2022-06-27 20:57:58 - [MESSAGE][PASSED] - Send request successfully

2022-06-27 20:57:58 - [TEST_STEP][PASSED] - verifyResponseStatusCode(response, response_200, CONTINUE_ON_FAILURE): Verify response status code successfully

2022-06-27 20:57:58 - [MESSAGE][PASSED] - Verify response status code successfully

2022-06-27 20:57:58 - [TEST_STEP][PASSED] - verifyElementPropertyValue(response, "status", "true"): Verify element property value successfully

2022-06-27 20:57:59 - [MESSAGE][PASSED] - Verify element property value successfully]]></system-out>
         <system-err><![CDATA[]]></system-err>
      </testcase>
      <testcase name="Test Cases/01_API/02_Class/SC008_Get Class By Id/TC003_Get Class By Id (With invalid token)" time="0.978" classname="Test Cases/01_API/02_Class/SC008_Get Class By Id/TC003_Get Class By Id (With invalid token)" status="PASSED">
         <system-out><![CDATA[2022-06-27 20:57:59 - [TEST_CASE][PASSED] - Test Cases/01_API/02_Class/SC008_Get Class By Id/TC003_Get Class By Id (With invalid token): Test Cases/01_API/02_Class/SC008_Get Class By Id/TC003_Get Class By Id (With invalid token)

2022-06-27 20:57:59 - [TEST_STEP][PASSED] - response = sendRequest(findTestObject("01_API/02_Class/SC008_Get Class By Id/TC003_Get Class By Id (With invalid token)")): Send request successfully

2022-06-27 20:57:59 - [MESSAGE][INFO] - HAR: F:\1. UNNES\6. Semester 6\2 - MSIB\CAPSTONE PROJECT\testing-lms\Reports\20220627_205744\TS01_API\02_Class\20220627_205744\requests\main\5.har

2022-06-27 20:57:59 - [MESSAGE][PASSED] - Send request successfully

2022-06-27 20:57:59 - [TEST_STEP][PASSED] - verifyResponseStatusCode(response, response_403, CONTINUE_ON_FAILURE): Verify response status code successfully

2022-06-27 20:57:59 - [MESSAGE][PASSED] - Verify response status code successfully

2022-06-27 20:57:59 - [TEST_STEP][PASSED] - verifyElementPropertyValue(response, "error", "Forbidden"): Verify element property value successfully

2022-06-27 20:58:00 - [MESSAGE][PASSED] - Verify element property value successfully]]></system-out>
         <system-err><![CDATA[]]></system-err>
      </testcase>
      <testcase name="Test Cases/01_API/02_Class/SC008_Get Class By Id/TC002_Get Class By Id (With invalid id)" time="2.558" classname="Test Cases/01_API/02_Class/SC008_Get Class By Id/TC002_Get Class By Id (With invalid id)" status="PASSED">
         <system-out><![CDATA[2022-06-27 20:58:00 - [TEST_CASE][PASSED] - Test Cases/01_API/02_Class/SC008_Get Class By Id/TC002_Get Class By Id (With invalid id): Test Cases/01_API/02_Class/SC008_Get Class By Id/TC002_Get Class By Id (With invalid id)

2022-06-27 20:58:00 - [TEST_STEP][PASSED] - response = sendRequest(findTestObject("01_API/02_Class/SC008_Get Class By Id/TC002_Get Class By Id (With invalid id)")): Send request successfully

2022-06-27 20:58:02 - [MESSAGE][INFO] - HAR: F:\1. UNNES\6. Semester 6\2 - MSIB\CAPSTONE PROJECT\testing-lms\Reports\20220627_205744\TS01_API\02_Class\20220627_205744\requests\main\6.har

2022-06-27 20:58:02 - [MESSAGE][PASSED] - Send request successfully

2022-06-27 20:58:02 - [TEST_STEP][PASSED] - verifyResponseStatusCode(response, response_400, CONTINUE_ON_FAILURE): Verify response status code successfully

2022-06-27 20:58:02 - [MESSAGE][PASSED] - Verify response status code successfully

2022-06-27 20:58:02 - [TEST_STEP][PASSED] - verifyElementPropertyValue(response, "status", "false"): Verify element property value successfully

2022-06-27 20:58:02 - [MESSAGE][PASSED] - Verify element property value successfully]]></system-out>
         <system-err><![CDATA[]]></system-err>
      </testcase>
      <testcase name="Test Cases/01_API/02_Class/SC008_Get Class By Id/TC001_Get Class By Id (With valid id)" time="1.163" classname="Test Cases/01_API/02_Class/SC008_Get Class By Id/TC001_Get Class By Id (With valid id)" status="PASSED">
         <system-out><![CDATA[2022-06-27 20:58:02 - [TEST_CASE][PASSED] - Test Cases/01_API/02_Class/SC008_Get Class By Id/TC001_Get Class By Id (With valid id): Test Cases/01_API/02_Class/SC008_Get Class By Id/TC001_Get Class By Id (With valid id)

2022-06-27 20:58:02 - [TEST_STEP][PASSED] - response = sendRequest(findTestObject("01_API/02_Class/SC008_Get Class By Id/TC001_Get Class By Id (With valid id)")): Send request successfully

2022-06-27 20:58:03 - [MESSAGE][INFO] - HAR: F:\1. UNNES\6. Semester 6\2 - MSIB\CAPSTONE PROJECT\testing-lms\Reports\20220627_205744\TS01_API\02_Class\20220627_205744\requests\main\7.har

2022-06-27 20:58:03 - [MESSAGE][PASSED] - Send request successfully

2022-06-27 20:58:03 - [TEST_STEP][PASSED] - verifyResponseStatusCode(response, response_200, CONTINUE_ON_FAILURE): Verify response status code successfully

2022-06-27 20:58:03 - [MESSAGE][PASSED] - Verify response status code successfully

2022-06-27 20:58:03 - [TEST_STEP][PASSED] - verifyElementPropertyValue(response, "status", "true"): Verify element property value successfully

2022-06-27 20:58:03 - [MESSAGE][PASSED] - Verify element property value successfully]]></system-out>
         <system-err><![CDATA[]]></system-err>
      </testcase>
      <testcase name="Test Cases/01_API/02_Class/SC009_Update Class By Id/TC004_Update Class By Id (With invalid token)" time="0.867" classname="Test Cases/01_API/02_Class/SC009_Update Class By Id/TC004_Update Class By Id (With invalid token)" status="PASSED">
         <system-out><![CDATA[2022-06-27 20:58:03 - [TEST_CASE][PASSED] - Test Cases/01_API/02_Class/SC009_Update Class By Id/TC004_Update Class By Id (With invalid token): Test Cases/01_API/02_Class/SC009_Update Class By Id/TC004_Update Class By Id (With invalid token)

2022-06-27 20:58:04 - [TEST_STEP][PASSED] - response = sendRequest(findTestObject("01_API/02_Class/SC009_Update Class By Id/TC004_Update Class By Id (With invalid token)")): Send request successfully

2022-06-27 20:58:04 - [MESSAGE][INFO] - HAR: F:\1. UNNES\6. Semester 6\2 - MSIB\CAPSTONE PROJECT\testing-lms\Reports\20220627_205744\TS01_API\02_Class\20220627_205744\requests\main\8.har

2022-06-27 20:58:04 - [MESSAGE][PASSED] - Send request successfully

2022-06-27 20:58:04 - [TEST_STEP][PASSED] - verifyResponseStatusCode(response, response_403, CONTINUE_ON_FAILURE): Verify response status code successfully

2022-06-27 20:58:04 - [MESSAGE][PASSED] - Verify response status code successfully

2022-06-27 20:58:04 - [TEST_STEP][PASSED] - verifyElementPropertyValue(response, "error", "Forbidden"): Verify element property value successfully

2022-06-27 20:58:04 - [MESSAGE][PASSED] - Verify element property value successfully]]></system-out>
         <system-err><![CDATA[]]></system-err>
      </testcase>
      <testcase name="Test Cases/01_API/02_Class/SC009_Update Class By Id/TC003_Update Class By Id (With empty field)" time="1.494" classname="Test Cases/01_API/02_Class/SC009_Update Class By Id/TC003_Update Class By Id (With empty field)" status="PASSED">
         <system-out><![CDATA[2022-06-27 20:58:04 - [TEST_CASE][PASSED] - Test Cases/01_API/02_Class/SC009_Update Class By Id/TC003_Update Class By Id (With empty field): Test Cases/01_API/02_Class/SC009_Update Class By Id/TC003_Update Class By Id (With empty field)

2022-06-27 20:58:04 - [TEST_STEP][PASSED] - response = sendRequest(findTestObject("01_API/02_Class/SC009_Update Class By Id/TC003_Update Class By Id (With empty field)")): Send request successfully

2022-06-27 20:58:06 - [MESSAGE][INFO] - HAR: F:\1. UNNES\6. Semester 6\2 - MSIB\CAPSTONE PROJECT\testing-lms\Reports\20220627_205744\TS01_API\02_Class\20220627_205744\requests\main\9.har

2022-06-27 20:58:06 - [MESSAGE][PASSED] - Send request successfully

2022-06-27 20:58:06 - [TEST_STEP][PASSED] - verifyResponseStatusCode(response, response_400, CONTINUE_ON_FAILURE): Verify response status code successfully

2022-06-27 20:58:06 - [MESSAGE][PASSED] - Verify response status code successfully

2022-06-27 20:58:06 - [TEST_STEP][PASSED] - verifyElementPropertyValue(response, "error", "Bad Request"): Verify element property value successfully

2022-06-27 20:58:06 - [MESSAGE][PASSED] - Verify element property value successfully]]></system-out>
         <system-err><![CDATA[]]></system-err>
      </testcase>
      <testcase name="Test Cases/01_API/02_Class/SC009_Update Class By Id/TC002_Update Class By Id (With invalid id)" time="1.375" classname="Test Cases/01_API/02_Class/SC009_Update Class By Id/TC002_Update Class By Id (With invalid id)" status="PASSED">
         <system-out><![CDATA[2022-06-27 20:58:06 - [TEST_CASE][PASSED] - Test Cases/01_API/02_Class/SC009_Update Class By Id/TC002_Update Class By Id (With invalid id): Test Cases/01_API/02_Class/SC009_Update Class By Id/TC002_Update Class By Id (With invalid id)

2022-06-27 20:58:06 - [TEST_STEP][PASSED] - response = sendRequest(findTestObject("01_API/02_Class/SC009_Update Class By Id/TC002_Update Class By Id (With invalid id)")): Send request successfully

2022-06-27 20:58:07 - [MESSAGE][INFO] - HAR: F:\1. UNNES\6. Semester 6\2 - MSIB\CAPSTONE PROJECT\testing-lms\Reports\20220627_205744\TS01_API\02_Class\20220627_205744\requests\main\10.har

2022-06-27 20:58:07 - [MESSAGE][PASSED] - Send request successfully

2022-06-27 20:58:07 - [TEST_STEP][PASSED] - verifyResponseStatusCode(response, response_400, CONTINUE_ON_FAILURE): Verify response status code successfully

2022-06-27 20:58:07 - [MESSAGE][PASSED] - Verify response status code successfully

2022-06-27 20:58:07 - [TEST_STEP][PASSED] - verifyElementPropertyValue(response, "status", "false"): Verify element property value successfully

2022-06-27 20:58:07 - [MESSAGE][PASSED] - Verify element property value successfully]]></system-out>
         <system-err><![CDATA[]]></system-err>
      </testcase>
      <testcase name="Test Cases/01_API/02_Class/SC009_Update Class By Id/TC001_Update Class By Id (With valid input)" time="1.498" classname="Test Cases/01_API/02_Class/SC009_Update Class By Id/TC001_Update Class By Id (With valid input)" status="PASSED">
         <system-out><![CDATA[2022-06-27 20:58:07 - [TEST_CASE][PASSED] - Test Cases/01_API/02_Class/SC009_Update Class By Id/TC001_Update Class By Id (With valid input): Test Cases/01_API/02_Class/SC009_Update Class By Id/TC001_Update Class By Id (With valid input)

2022-06-27 20:58:07 - [TEST_STEP][PASSED] - response = sendRequest(findTestObject("01_API/02_Class/SC009_Update Class By Id/TC001_Update Class By Id (With valid input)")): Send request successfully

2022-06-27 20:58:08 - [MESSAGE][INFO] - HAR: F:\1. UNNES\6. Semester 6\2 - MSIB\CAPSTONE PROJECT\testing-lms\Reports\20220627_205744\TS01_API\02_Class\20220627_205744\requests\main\11.har

2022-06-27 20:58:09 - [MESSAGE][PASSED] - Send request successfully

2022-06-27 20:58:09 - [TEST_STEP][PASSED] - verifyResponseStatusCode(response, response_200, CONTINUE_ON_FAILURE): Verify response status code successfully

2022-06-27 20:58:09 - [MESSAGE][PASSED] - Verify response status code successfully

2022-06-27 20:58:09 - [TEST_STEP][PASSED] - verifyElementPropertyValue(response, "status", "true"): Verify element property value successfully

2022-06-27 20:58:09 - [MESSAGE][PASSED] - Verify element property value successfully]]></system-out>
         <system-err><![CDATA[]]></system-err>
      </testcase>
      <testcase name="Test Cases/01_API/02_Class/SC011_Join A Class/TC004_Join A Class (With invalid token)" time="0.912" classname="Test Cases/01_API/02_Class/SC011_Join A Class/TC004_Join A Class (With invalid token)" status="PASSED">
         <system-out><![CDATA[2022-06-27 20:58:09 - [TEST_CASE][PASSED] - Test Cases/01_API/02_Class/SC011_Join A Class/TC004_Join A Class (With invalid token): Test Cases/01_API/02_Class/SC011_Join A Class/TC004_Join A Class (With invalid token)

2022-06-27 20:58:09 - [TEST_STEP][PASSED] - response = sendRequest(findTestObject("01_API/02_Class/SC011_Join A Class/TC004_Join A Class (With invalid token)")): Send request successfully

2022-06-27 20:58:09 - [MESSAGE][INFO] - HAR: F:\1. UNNES\6. Semester 6\2 - MSIB\CAPSTONE PROJECT\testing-lms\Reports\20220627_205744\TS01_API\02_Class\20220627_205744\requests\main\12.har

2022-06-27 20:58:09 - [MESSAGE][PASSED] - Send request successfully

2022-06-27 20:58:09 - [TEST_STEP][PASSED] - verifyResponseStatusCode(response, response_403, CONTINUE_ON_FAILURE): Verify response status code successfully

2022-06-27 20:58:09 - [MESSAGE][PASSED] - Verify response status code successfully

2022-06-27 20:58:09 - [TEST_STEP][PASSED] - verifyElementPropertyValue(response, "error", "Forbidden"): Verify element property value successfully

2022-06-27 20:58:09 - [MESSAGE][PASSED] - Verify element property value successfully]]></system-out>
         <system-err><![CDATA[]]></system-err>
      </testcase>
      <testcase name="Test Cases/01_API/02_Class/SC011_Join A Class/TC003_Join A Class (With invalid user id)" time="0.909" classname="Test Cases/01_API/02_Class/SC011_Join A Class/TC003_Join A Class (With invalid user id)" status="FAILED">
         <failure type="FAILED" message="Test Cases/01_API/02_Class/SC011_Join A Class/TC003_Join A Class (With invalid user id) FAILED.
Reason:
com.kms.katalon.core.exception.StepFailedException: Expected element property value 'User not found' is not equal with actual property value 'Class not found'
	at com.kms.katalon.core.keyword.internal.KeywordMain.stepFailed(KeywordMain.groovy:50)
	at com.kms.katalon.core.webservice.keyword.builtin.VerifyElementPropertyValueKeyword$_verifyElementPropertyValue_closure1.doCall(VerifyElementPropertyValueKeyword.groovy:56)
	at com.kms.katalon.core.webservice.keyword.builtin.VerifyElementPropertyValueKeyword$_verifyElementPropertyValue_closure1.call(VerifyElementPropertyValueKeyword.groovy)
	at com.kms.katalon.core.keyword.internal.KeywordMain.runKeyword(KeywordMain.groovy:74)
	at com.kms.katalon.core.webservice.keyword.builtin.VerifyElementPropertyValueKeyword.verifyElementPropertyValue(VerifyElementPropertyValueKeyword.groovy:48)
	at com.kms.katalon.core.webservice.keyword.builtin.VerifyElementPropertyValueKeyword.execute(VerifyElementPropertyValueKeyword.groovy:43)
	at com.kms.katalon.core.keyword.internal.KeywordExecutor.executeKeywordForPlatform(KeywordExecutor.groovy:74)
	at com.kms.katalon.core.webservice.keyword.WSBuiltInKeywords.verifyElementPropertyValue(WSBuiltInKeywords.groovy:189)
	at com.kms.katalon.core.webservice.keyword.WSBuiltInKeywords$verifyElementPropertyValue$1.call(Unknown Source)
	at TC003_Join A Class (With invalid user id).run(TC003_Join A Class (With invalid user id):24)
	at com.kms.katalon.core.main.ScriptEngine.run(ScriptEngine.java:194)
	at com.kms.katalon.core.main.ScriptEngine.runScriptAsRawText(ScriptEngine.java:119)
	at com.kms.katalon.core.main.TestCaseExecutor.runScript(TestCaseExecutor.java:442)
	at com.kms.katalon.core.main.TestCaseExecutor.doExecute(TestCaseExecutor.java:433)
	at com.kms.katalon.core.main.TestCaseExecutor.processExecutionPhase(TestCaseExecutor.java:412)
	at com.kms.katalon.core.main.TestCaseExecutor.accessMainPhase(TestCaseExecutor.java:404)
	at com.kms.katalon.core.main.TestCaseExecutor.execute(TestCaseExecutor.java:281)
	at com.kms.katalon.core.main.TestSuiteExecutor.accessTestCaseMainPhase(TestSuiteExecutor.java:202)
	at com.kms.katalon.core.main.TestSuiteExecutor.accessTestSuiteMainPhase(TestSuiteExecutor.java:164)
	at com.kms.katalon.core.main.TestSuiteExecutor.execute(TestSuiteExecutor.java:105)
	at com.kms.katalon.core.main.TestCaseMain.startTestSuite(TestCaseMain.java:185)
	at com.kms.katalon.core.main.TestCaseMain$startTestSuite$0.call(Unknown Source)
	at TempTestSuite1656338264056.run(TempTestSuite1656338264056.groovy:36)
"/>
         <system-out><![CDATA[2022-06-27 20:58:09 - [TEST_CASE][FAILED] - Test Cases/01_API/02_Class/SC011_Join A Class/TC003_Join A Class (With invalid user id): Test Cases/01_API/02_Class/SC011_Join A Class/TC003_Join A Class (With invalid user id) FAILED.
Reason:
com.kms.katalon.core.exception.StepFailedException: Expected element property value 'User not found' is not equal with actual property value 'Class not found'
	at com.kms.katalon.core.keyword.internal.KeywordMain.stepFailed(KeywordMain.groovy:50)
	at com.kms.katalon.core.webservice.keyword.builtin.VerifyElementPropertyValueKeyword$_verifyElementPropertyValue_closure1.doCall(VerifyElementPropertyValueKeyword.groovy:56)
	at com.kms.katalon.core.webservice.keyword.builtin.VerifyElementPropertyValueKeyword$_verifyElementPropertyValue_closure1.call(VerifyElementPropertyValueKeyword.groovy)
	at com.kms.katalon.core.keyword.internal.KeywordMain.runKeyword(KeywordMain.groovy:74)
	at com.kms.katalon.core.webservice.keyword.builtin.VerifyElementPropertyValueKeyword.verifyElementPropertyValue(VerifyElementPropertyValueKeyword.groovy:48)
	at com.kms.katalon.core.webservice.keyword.builtin.VerifyElementPropertyValueKeyword.execute(VerifyElementPropertyValueKeyword.groovy:43)
	at com.kms.katalon.core.keyword.internal.KeywordExecutor.executeKeywordForPlatform(KeywordExecutor.groovy:74)
	at com.kms.katalon.core.webservice.keyword.WSBuiltInKeywords.verifyElementPropertyValue(WSBuiltInKeywords.groovy:189)
	at com.kms.katalon.core.webservice.keyword.WSBuiltInKeywords$verifyElementPropertyValue$1.call(Unknown Source)
	at TC003_Join A Class (With invalid user id).run(TC003_Join A Class (With invalid user id):24)
	at com.kms.katalon.core.main.ScriptEngine.run(ScriptEngine.java:194)
	at com.kms.katalon.core.main.ScriptEngine.runScriptAsRawText(ScriptEngine.java:119)
	at com.kms.katalon.core.main.TestCaseExecutor.runScript(TestCaseExecutor.java:442)
	at com.kms.katalon.core.main.TestCaseExecutor.doExecute(TestCaseExecutor.java:433)
	at com.kms.katalon.core.main.TestCaseExecutor.processExecutionPhase(TestCaseExecutor.java:412)
	at com.kms.katalon.core.main.TestCaseExecutor.accessMainPhase(TestCaseExecutor.java:404)
	at com.kms.katalon.core.main.TestCaseExecutor.execute(TestCaseExecutor.java:281)
	at com.kms.katalon.core.main.TestSuiteExecutor.accessTestCaseMainPhase(TestSuiteExecutor.java:202)
	at com.kms.katalon.core.main.TestSuiteExecutor.accessTestSuiteMainPhase(TestSuiteExecutor.java:164)
	at com.kms.katalon.core.main.TestSuiteExecutor.execute(TestSuiteExecutor.java:105)
	at com.kms.katalon.core.main.TestCaseMain.startTestSuite(TestCaseMain.java:185)
	at com.kms.katalon.core.main.TestCaseMain$startTestSuite$0.call(Unknown Source)
	at TempTestSuite1656338264056.run(TempTestSuite1656338264056.groovy:36)


2022-06-27 20:58:10 - [TEST_STEP][PASSED] - response = sendRequest(findTestObject("01_API/02_Class/SC011_Join A Class/TC003_Join A Class (With invalid user id)")): Send request successfully

2022-06-27 20:58:10 - [MESSAGE][INFO] - HAR: F:\1. UNNES\6. Semester 6\2 - MSIB\CAPSTONE PROJECT\testing-lms\Reports\20220627_205744\TS01_API\02_Class\20220627_205744\requests\main\13.har

2022-06-27 20:58:10 - [MESSAGE][PASSED] - Send request successfully

2022-06-27 20:58:10 - [TEST_STEP][PASSED] - verifyResponseStatusCode(response, response_400, CONTINUE_ON_FAILURE): Verify response status code successfully

2022-06-27 20:58:10 - [MESSAGE][PASSED] - Verify response status code successfully

2022-06-27 20:58:10 - [TEST_STEP][FAILED] - verifyElementPropertyValue(response, "errors.message", "User not found"): Unable to verify element property value (Root cause: com.kms.katalon.core.exception.StepFailedException: Expected element property value 'User not found' is not equal with actual property value 'Class not found'
	at com.kms.katalon.core.keyword.internal.KeywordMain.stepFailed(KeywordMain.groovy:50)
	at com.kms.katalon.core.webservice.keyword.builtin.VerifyElementPropertyValueKeyword$_verifyElementPropertyValue_closure1.doCall(VerifyElementPropertyValueKeyword.groovy:56)
	at com.kms.katalon.core.webservice.keyword.builtin.VerifyElementPropertyValueKeyword$_verifyElementPropertyValue_closure1.call(VerifyElementPropertyValueKeyword.groovy)
	at com.kms.katalon.core.keyword.internal.KeywordMain.runKeyword(KeywordMain.groovy:74)
	at com.kms.katalon.core.webservice.keyword.builtin.VerifyElementPropertyValueKeyword.verifyElementPropertyValue(VerifyElementPropertyValueKeyword.groovy:48)
	at com.kms.katalon.core.webservice.keyword.builtin.VerifyElementPropertyValueKeyword.execute(VerifyElementPropertyValueKeyword.groovy:43)
	at com.kms.katalon.core.keyword.internal.KeywordExecutor.executeKeywordForPlatform(KeywordExecutor.groovy:74)
	at com.kms.katalon.core.webservice.keyword.WSBuiltInKeywords.verifyElementPropertyValue(WSBuiltInKeywords.groovy:189)
	at com.kms.katalon.core.webservice.keyword.WSBuiltInKeywords$verifyElementPropertyValue$1.call(Unknown Source)
	at TC003_Join A Class (With invalid user id).run(TC003_Join A Class (With invalid user id):24)
	at com.kms.katalon.core.main.ScriptEngine.run(ScriptEngine.java:194)
	at com.kms.katalon.core.main.ScriptEngine.runScriptAsRawText(ScriptEngine.java:119)
	at com.kms.katalon.core.main.TestCaseExecutor.runScript(TestCaseExecutor.java:442)
	at com.kms.katalon.core.main.TestCaseExecutor.doExecute(TestCaseExecutor.java:433)
	at com.kms.katalon.core.main.TestCaseExecutor.processExecutionPhase(TestCaseExecutor.java:412)
	at com.kms.katalon.core.main.TestCaseExecutor.accessMainPhase(TestCaseExecutor.java:404)
	at com.kms.katalon.core.main.TestCaseExecutor.execute(TestCaseExecutor.java:281)
	at com.kms.katalon.core.main.TestSuiteExecutor.accessTestCaseMainPhase(TestSuiteExecutor.java:202)
	at com.kms.katalon.core.main.TestSuiteExecutor.accessTestSuiteMainPhase(TestSuiteExecutor.java:164)
	at com.kms.katalon.core.main.TestSuiteExecutor.execute(TestSuiteExecutor.java:105)
	at com.kms.katalon.core.main.TestCaseMain.startTestSuite(TestCaseMain.java:185)
	at com.kms.katalon.core.main.TestCaseMain$startTestSuite$0.call(Unknown Source)
	at TempTestSuite1656338264056.run(TempTestSuite1656338264056.groovy:36)
)

2022-06-27 20:58:10 - [MESSAGE][FAILED] - Expected element property value 'User not found' is not equal with actual property value 'Class not found'

2022-06-27 20:58:10 - [MESSAGE][FAILED] - Unable to verify element property value (Root cause: com.kms.katalon.core.exception.StepFailedException: Expected element property value 'User not found' is not equal with actual property value 'Class not found'
	at com.kms.katalon.core.keyword.internal.KeywordMain.stepFailed(KeywordMain.groovy:50)
	at com.kms.katalon.core.webservice.keyword.builtin.VerifyElementPropertyValueKeyword$_verifyElementPropertyValue_closure1.doCall(VerifyElementPropertyValueKeyword.groovy:56)
	at com.kms.katalon.core.webservice.keyword.builtin.VerifyElementPropertyValueKeyword$_verifyElementPropertyValue_closure1.call(VerifyElementPropertyValueKeyword.groovy)
	at com.kms.katalon.core.keyword.internal.KeywordMain.runKeyword(KeywordMain.groovy:74)
	at com.kms.katalon.core.webservice.keyword.builtin.VerifyElementPropertyValueKeyword.verifyElementPropertyValue(VerifyElementPropertyValueKeyword.groovy:48)
	at com.kms.katalon.core.webservice.keyword.builtin.VerifyElementPropertyValueKeyword.execute(VerifyElementPropertyValueKeyword.groovy:43)
	at com.kms.katalon.core.keyword.internal.KeywordExecutor.executeKeywordForPlatform(KeywordExecutor.groovy:74)
	at com.kms.katalon.core.webservice.keyword.WSBuiltInKeywords.verifyElementPropertyValue(WSBuiltInKeywords.groovy:189)
	at com.kms.katalon.core.webservice.keyword.WSBuiltInKeywords$verifyElementPropertyValue$1.call(Unknown Source)
	at TC003_Join A Class (With invalid user id).run(TC003_Join A Class (With invalid user id):24)
	at com.kms.katalon.core.main.ScriptEngine.run(ScriptEngine.java:194)
	at com.kms.katalon.core.main.ScriptEngine.runScriptAsRawText(ScriptEngine.java:119)
	at com.kms.katalon.core.main.TestCaseExecutor.runScript(TestCaseExecutor.java:442)
	at com.kms.katalon.core.main.TestCaseExecutor.doExecute(TestCaseExecutor.java:433)
	at com.kms.katalon.core.main.TestCaseExecutor.processExecutionPhase(TestCaseExecutor.java:412)
	at com.kms.katalon.core.main.TestCaseExecutor.accessMainPhase(TestCaseExecutor.java:404)
	at com.kms.katalon.core.main.TestCaseExecutor.execute(TestCaseExecutor.java:281)
	at com.kms.katalon.core.main.TestSuiteExecutor.accessTestCaseMainPhase(TestSuiteExecutor.java:202)
	at com.kms.katalon.core.main.TestSuiteExecutor.accessTestSuiteMainPhase(TestSuiteExecutor.java:164)
	at com.kms.katalon.core.main.TestSuiteExecutor.execute(TestSuiteExecutor.java:105)
	at com.kms.katalon.core.main.TestCaseMain.startTestSuite(TestCaseMain.java:185)
	at com.kms.katalon.core.main.TestCaseMain$startTestSuite$0.call(Unknown Source)
	at TempTestSuite1656338264056.run(TempTestSuite1656338264056.groovy:36)
)]]></system-out>
         <system-err><![CDATA[2022-06-27 20:58:09 - [TEST_CASE][FAILED] - Test Cases/01_API/02_Class/SC011_Join A Class/TC003_Join A Class (With invalid user id): Test Cases/01_API/02_Class/SC011_Join A Class/TC003_Join A Class (With invalid user id) FAILED.
Reason:
com.kms.katalon.core.exception.StepFailedException: Expected element property value 'User not found' is not equal with actual property value 'Class not found'
	at com.kms.katalon.core.keyword.internal.KeywordMain.stepFailed(KeywordMain.groovy:50)
	at com.kms.katalon.core.webservice.keyword.builtin.VerifyElementPropertyValueKeyword$_verifyElementPropertyValue_closure1.doCall(VerifyElementPropertyValueKeyword.groovy:56)
	at com.kms.katalon.core.webservice.keyword.builtin.VerifyElementPropertyValueKeyword$_verifyElementPropertyValue_closure1.call(VerifyElementPropertyValueKeyword.groovy)
	at com.kms.katalon.core.keyword.internal.KeywordMain.runKeyword(KeywordMain.groovy:74)
	at com.kms.katalon.core.webservice.keyword.builtin.VerifyElementPropertyValueKeyword.verifyElementPropertyValue(VerifyElementPropertyValueKeyword.groovy:48)
	at com.kms.katalon.core.webservice.keyword.builtin.VerifyElementPropertyValueKeyword.execute(VerifyElementPropertyValueKeyword.groovy:43)
	at com.kms.katalon.core.keyword.internal.KeywordExecutor.executeKeywordForPlatform(KeywordExecutor.groovy:74)
	at com.kms.katalon.core.webservice.keyword.WSBuiltInKeywords.verifyElementPropertyValue(WSBuiltInKeywords.groovy:189)
	at com.kms.katalon.core.webservice.keyword.WSBuiltInKeywords$verifyElementPropertyValue$1.call(Unknown Source)
	at TC003_Join A Class (With invalid user id).run(TC003_Join A Class (With invalid user id):24)
	at com.kms.katalon.core.main.ScriptEngine.run(ScriptEngine.java:194)
	at com.kms.katalon.core.main.ScriptEngine.runScriptAsRawText(ScriptEngine.java:119)
	at com.kms.katalon.core.main.TestCaseExecutor.runScript(TestCaseExecutor.java:442)
	at com.kms.katalon.core.main.TestCaseExecutor.doExecute(TestCaseExecutor.java:433)
	at com.kms.katalon.core.main.TestCaseExecutor.processExecutionPhase(TestCaseExecutor.java:412)
	at com.kms.katalon.core.main.TestCaseExecutor.accessMainPhase(TestCaseExecutor.java:404)
	at com.kms.katalon.core.main.TestCaseExecutor.execute(TestCaseExecutor.java:281)
	at com.kms.katalon.core.main.TestSuiteExecutor.accessTestCaseMainPhase(TestSuiteExecutor.java:202)
	at com.kms.katalon.core.main.TestSuiteExecutor.accessTestSuiteMainPhase(TestSuiteExecutor.java:164)
	at com.kms.katalon.core.main.TestSuiteExecutor.execute(TestSuiteExecutor.java:105)
	at com.kms.katalon.core.main.TestCaseMain.startTestSuite(TestCaseMain.java:185)
	at com.kms.katalon.core.main.TestCaseMain$startTestSuite$0.call(Unknown Source)
	at TempTestSuite1656338264056.run(TempTestSuite1656338264056.groovy:36)]]></system-err>
      </testcase>
      <testcase name="Test Cases/01_API/02_Class/SC011_Join A Class/TC002_Join A Class (With invalid class code)" time="1.209" classname="Test Cases/01_API/02_Class/SC011_Join A Class/TC002_Join A Class (With invalid class code)" status="PASSED">
         <system-out><![CDATA[2022-06-27 20:58:10 - [TEST_CASE][PASSED] - Test Cases/01_API/02_Class/SC011_Join A Class/TC002_Join A Class (With invalid class code): Test Cases/01_API/02_Class/SC011_Join A Class/TC002_Join A Class (With invalid class code)

2022-06-27 20:58:11 - [TEST_STEP][PASSED] - response = sendRequest(findTestObject("01_API/02_Class/SC011_Join A Class/TC002_Join A Class (With invalid class code)")): Send request successfully

2022-06-27 20:58:12 - [MESSAGE][INFO] - HAR: F:\1. UNNES\6. Semester 6\2 - MSIB\CAPSTONE PROJECT\testing-lms\Reports\20220627_205744\TS01_API\02_Class\20220627_205744\requests\main\14.har

2022-06-27 20:58:12 - [MESSAGE][PASSED] - Send request successfully

2022-06-27 20:58:12 - [TEST_STEP][PASSED] - verifyResponseStatusCode(response, response_400, CONTINUE_ON_FAILURE): Verify response status code successfully

2022-06-27 20:58:12 - [MESSAGE][PASSED] - Verify response status code successfully

2022-06-27 20:58:12 - [TEST_STEP][PASSED] - verifyElementPropertyValue(response, "errors.message", "Class not found"): Verify element property value successfully

2022-06-27 20:58:12 - [MESSAGE][PASSED] - Verify element property value successfully]]></system-out>
         <system-err><![CDATA[]]></system-err>
      </testcase>
      <testcase name="Test Cases/01_API/02_Class/SC011_Join A Class/TC001_Join A Class (With valid input)" time="1.164" classname="Test Cases/01_API/02_Class/SC011_Join A Class/TC001_Join A Class (With valid input)" status="FAILED">
         <failure type="FAILED" message="Test Cases/01_API/02_Class/SC011_Join A Class/TC001_Join A Class (With valid input) FAILED.
Reason:
com.kms.katalon.core.exception.StepFailedException: Expected status code is '200' but actual status code is '400'
	at com.kms.katalon.core.keyword.internal.KeywordMain.stepFailed(KeywordMain.groovy:39)
	at com.kms.katalon.core.webservice.keyword.builtin.VerifyResponseStatusCodeKeyword.verifyStatusCode(VerifyResponseStatusCodeKeyword.groovy:52)
	at com.kms.katalon.core.webservice.keyword.builtin.VerifyResponseStatusCodeKeyword.access$1(VerifyResponseStatusCodeKeyword.groovy)
	at com.kms.katalon.core.webservice.keyword.builtin.VerifyResponseStatusCodeKeyword$_verifyResponseStatusCode_closure1.doCall(VerifyResponseStatusCodeKeyword.groovy:42)
	at com.kms.katalon.core.webservice.keyword.builtin.VerifyResponseStatusCodeKeyword$_verifyResponseStatusCode_closure1.call(VerifyResponseStatusCodeKeyword.groovy)
	at com.kms.katalon.core.keyword.internal.KeywordMain.runKeyword(KeywordMain.groovy:74)
	at com.kms.katalon.core.webservice.keyword.builtin.VerifyResponseStatusCodeKeyword.verifyResponseStatusCode(VerifyResponseStatusCodeKeyword.groovy:37)
	at com.kms.katalon.core.webservice.keyword.builtin.VerifyResponseStatusCodeKeyword.execute(VerifyResponseStatusCodeKeyword.groovy:32)
	at com.kms.katalon.core.keyword.internal.KeywordExecutor.executeKeywordForPlatform(KeywordExecutor.groovy:74)
	at com.kms.katalon.core.webservice.keyword.WSBuiltInKeywords.verifyResponseStatusCode(WSBuiltInKeywords.groovy:330)
	at com.kms.katalon.core.webservice.keyword.WSBuiltInKeywords$verifyResponseStatusCode$0.call(Unknown Source)
	at TC001_Join A Class (With valid input).run(TC001_Join A Class (With valid input):22)
	at com.kms.katalon.core.main.ScriptEngine.run(ScriptEngine.java:194)
	at com.kms.katalon.core.main.ScriptEngine.runScriptAsRawText(ScriptEngine.java:119)
	at com.kms.katalon.core.main.TestCaseExecutor.runScript(TestCaseExecutor.java:442)
	at com.kms.katalon.core.main.TestCaseExecutor.doExecute(TestCaseExecutor.java:433)
	at com.kms.katalon.core.main.TestCaseExecutor.processExecutionPhase(TestCaseExecutor.java:412)
	at com.kms.katalon.core.main.TestCaseExecutor.accessMainPhase(TestCaseExecutor.java:404)
	at com.kms.katalon.core.main.TestCaseExecutor.execute(TestCaseExecutor.java:281)
	at com.kms.katalon.core.main.TestSuiteExecutor.accessTestCaseMainPhase(TestSuiteExecutor.java:202)
	at com.kms.katalon.core.main.TestSuiteExecutor.accessTestSuiteMainPhase(TestSuiteExecutor.java:164)
	at com.kms.katalon.core.main.TestSuiteExecutor.execute(TestSuiteExecutor.java:105)
	at com.kms.katalon.core.main.TestCaseMain.startTestSuite(TestCaseMain.java:185)
	at com.kms.katalon.core.main.TestCaseMain$startTestSuite$0.call(Unknown Source)
	at TempTestSuite1656338264056.run(TempTestSuite1656338264056.groovy:36)
"/>
         <system-out><![CDATA[2022-06-27 20:58:12 - [TEST_CASE][FAILED] - Test Cases/01_API/02_Class/SC011_Join A Class/TC001_Join A Class (With valid input): Test Cases/01_API/02_Class/SC011_Join A Class/TC001_Join A Class (With valid input) FAILED.
Reason:
com.kms.katalon.core.exception.StepFailedException: Expected status code is '200' but actual status code is '400'
	at com.kms.katalon.core.keyword.internal.KeywordMain.stepFailed(KeywordMain.groovy:39)
	at com.kms.katalon.core.webservice.keyword.builtin.VerifyResponseStatusCodeKeyword.verifyStatusCode(VerifyResponseStatusCodeKeyword.groovy:52)
	at com.kms.katalon.core.webservice.keyword.builtin.VerifyResponseStatusCodeKeyword.access$1(VerifyResponseStatusCodeKeyword.groovy)
	at com.kms.katalon.core.webservice.keyword.builtin.VerifyResponseStatusCodeKeyword$_verifyResponseStatusCode_closure1.doCall(VerifyResponseStatusCodeKeyword.groovy:42)
	at com.kms.katalon.core.webservice.keyword.builtin.VerifyResponseStatusCodeKeyword$_verifyResponseStatusCode_closure1.call(VerifyResponseStatusCodeKeyword.groovy)
	at com.kms.katalon.core.keyword.internal.KeywordMain.runKeyword(KeywordMain.groovy:74)
	at com.kms.katalon.core.webservice.keyword.builtin.VerifyResponseStatusCodeKeyword.verifyResponseStatusCode(VerifyResponseStatusCodeKeyword.groovy:37)
	at com.kms.katalon.core.webservice.keyword.builtin.VerifyResponseStatusCodeKeyword.execute(VerifyResponseStatusCodeKeyword.groovy:32)
	at com.kms.katalon.core.keyword.internal.KeywordExecutor.executeKeywordForPlatform(KeywordExecutor.groovy:74)
	at com.kms.katalon.core.webservice.keyword.WSBuiltInKeywords.verifyResponseStatusCode(WSBuiltInKeywords.groovy:330)
	at com.kms.katalon.core.webservice.keyword.WSBuiltInKeywords$verifyResponseStatusCode$0.call(Unknown Source)
	at TC001_Join A Class (With valid input).run(TC001_Join A Class (With valid input):22)
	at com.kms.katalon.core.main.ScriptEngine.run(ScriptEngine.java:194)
	at com.kms.katalon.core.main.ScriptEngine.runScriptAsRawText(ScriptEngine.java:119)
	at com.kms.katalon.core.main.TestCaseExecutor.runScript(TestCaseExecutor.java:442)
	at com.kms.katalon.core.main.TestCaseExecutor.doExecute(TestCaseExecutor.java:433)
	at com.kms.katalon.core.main.TestCaseExecutor.processExecutionPhase(TestCaseExecutor.java:412)
	at com.kms.katalon.core.main.TestCaseExecutor.accessMainPhase(TestCaseExecutor.java:404)
	at com.kms.katalon.core.main.TestCaseExecutor.execute(TestCaseExecutor.java:281)
	at com.kms.katalon.core.main.TestSuiteExecutor.accessTestCaseMainPhase(TestSuiteExecutor.java:202)
	at com.kms.katalon.core.main.TestSuiteExecutor.accessTestSuiteMainPhase(TestSuiteExecutor.java:164)
	at com.kms.katalon.core.main.TestSuiteExecutor.execute(TestSuiteExecutor.java:105)
	at com.kms.katalon.core.main.TestCaseMain.startTestSuite(TestCaseMain.java:185)
	at com.kms.katalon.core.main.TestCaseMain$startTestSuite$0.call(Unknown Source)
	at TempTestSuite1656338264056.run(TempTestSuite1656338264056.groovy:36)


2022-06-27 20:58:12 - [TEST_STEP][PASSED] - response = sendRequest(findTestObject("01_API/02_Class/SC011_Join A Class/TC001_Join A Class (With valid input)")): Send request successfully

2022-06-27 20:58:13 - [MESSAGE][INFO] - HAR: F:\1. UNNES\6. Semester 6\2 - MSIB\CAPSTONE PROJECT\testing-lms\Reports\20220627_205744\TS01_API\02_Class\20220627_205744\requests\main\15.har

2022-06-27 20:58:13 - [MESSAGE][PASSED] - Send request successfully

2022-06-27 20:58:13 - [TEST_STEP][FAILED] - verifyResponseStatusCode(response, response_200, CONTINUE_ON_FAILURE): Expected status code is '200' but actual status code is '400'

2022-06-27 20:58:13 - [MESSAGE][FAILED] - Expected status code is '200' but actual status code is '400'

2022-06-27 20:58:13 - [TEST_STEP][FAILED] - verifyElementPropertyValue(response, "status", "true"): Unable to verify element property value (Root cause: com.kms.katalon.core.exception.StepFailedException: Expected element property value 'true' is not equal with actual property value 'false'
	at com.kms.katalon.core.keyword.internal.KeywordMain.stepFailed(KeywordMain.groovy:50)
	at com.kms.katalon.core.webservice.keyword.builtin.VerifyElementPropertyValueKeyword$_verifyElementPropertyValue_closure1.doCall(VerifyElementPropertyValueKeyword.groovy:56)
	at com.kms.katalon.core.webservice.keyword.builtin.VerifyElementPropertyValueKeyword$_verifyElementPropertyValue_closure1.call(VerifyElementPropertyValueKeyword.groovy)
	at com.kms.katalon.core.keyword.internal.KeywordMain.runKeyword(KeywordMain.groovy:74)
	at com.kms.katalon.core.webservice.keyword.builtin.VerifyElementPropertyValueKeyword.verifyElementPropertyValue(VerifyElementPropertyValueKeyword.groovy:48)
	at com.kms.katalon.core.webservice.keyword.builtin.VerifyElementPropertyValueKeyword.execute(VerifyElementPropertyValueKeyword.groovy:43)
	at com.kms.katalon.core.keyword.internal.KeywordExecutor.executeKeywordForPlatform(KeywordExecutor.groovy:74)
	at com.kms.katalon.core.webservice.keyword.WSBuiltInKeywords.verifyElementPropertyValue(WSBuiltInKeywords.groovy:189)
	at com.kms.katalon.core.webservice.keyword.WSBuiltInKeywords$verifyElementPropertyValue$1.call(Unknown Source)
	at TC001_Join A Class (With valid input).run(TC001_Join A Class (With valid input):24)
	at com.kms.katalon.core.main.ScriptEngine.run(ScriptEngine.java:194)
	at com.kms.katalon.core.main.ScriptEngine.runScriptAsRawText(ScriptEngine.java:119)
	at com.kms.katalon.core.main.TestCaseExecutor.runScript(TestCaseExecutor.java:442)
	at com.kms.katalon.core.main.TestCaseExecutor.doExecute(TestCaseExecutor.java:433)
	at com.kms.katalon.core.main.TestCaseExecutor.processExecutionPhase(TestCaseExecutor.java:412)
	at com.kms.katalon.core.main.TestCaseExecutor.accessMainPhase(TestCaseExecutor.java:404)
	at com.kms.katalon.core.main.TestCaseExecutor.execute(TestCaseExecutor.java:281)
	at com.kms.katalon.core.main.TestSuiteExecutor.accessTestCaseMainPhase(TestSuiteExecutor.java:202)
	at com.kms.katalon.core.main.TestSuiteExecutor.accessTestSuiteMainPhase(TestSuiteExecutor.java:164)
	at com.kms.katalon.core.main.TestSuiteExecutor.execute(TestSuiteExecutor.java:105)
	at com.kms.katalon.core.main.TestCaseMain.startTestSuite(TestCaseMain.java:185)
	at com.kms.katalon.core.main.TestCaseMain$startTestSuite$0.call(Unknown Source)
	at TempTestSuite1656338264056.run(TempTestSuite1656338264056.groovy:36)
)

2022-06-27 20:58:13 - [MESSAGE][FAILED] - Expected element property value 'true' is not equal with actual property value 'false'

2022-06-27 20:58:13 - [MESSAGE][FAILED] - Unable to verify element property value (Root cause: com.kms.katalon.core.exception.StepFailedException: Expected element property value 'true' is not equal with actual property value 'false'
	at com.kms.katalon.core.keyword.internal.KeywordMain.stepFailed(KeywordMain.groovy:50)
	at com.kms.katalon.core.webservice.keyword.builtin.VerifyElementPropertyValueKeyword$_verifyElementPropertyValue_closure1.doCall(VerifyElementPropertyValueKeyword.groovy:56)
	at com.kms.katalon.core.webservice.keyword.builtin.VerifyElementPropertyValueKeyword$_verifyElementPropertyValue_closure1.call(VerifyElementPropertyValueKeyword.groovy)
	at com.kms.katalon.core.keyword.internal.KeywordMain.runKeyword(KeywordMain.groovy:74)
	at com.kms.katalon.core.webservice.keyword.builtin.VerifyElementPropertyValueKeyword.verifyElementPropertyValue(VerifyElementPropertyValueKeyword.groovy:48)
	at com.kms.katalon.core.webservice.keyword.builtin.VerifyElementPropertyValueKeyword.execute(VerifyElementPropertyValueKeyword.groovy:43)
	at com.kms.katalon.core.keyword.internal.KeywordExecutor.executeKeywordForPlatform(KeywordExecutor.groovy:74)
	at com.kms.katalon.core.webservice.keyword.WSBuiltInKeywords.verifyElementPropertyValue(WSBuiltInKeywords.groovy:189)
	at com.kms.katalon.core.webservice.keyword.WSBuiltInKeywords$verifyElementPropertyValue$1.call(Unknown Source)
	at TC001_Join A Class (With valid input).run(TC001_Join A Class (With valid input):24)
	at com.kms.katalon.core.main.ScriptEngine.run(ScriptEngine.java:194)
	at com.kms.katalon.core.main.ScriptEngine.runScriptAsRawText(ScriptEngine.java:119)
	at com.kms.katalon.core.main.TestCaseExecutor.runScript(TestCaseExecutor.java:442)
	at com.kms.katalon.core.main.TestCaseExecutor.doExecute(TestCaseExecutor.java:433)
	at com.kms.katalon.core.main.TestCaseExecutor.processExecutionPhase(TestCaseExecutor.java:412)
	at com.kms.katalon.core.main.TestCaseExecutor.accessMainPhase(TestCaseExecutor.java:404)
	at com.kms.katalon.core.main.TestCaseExecutor.execute(TestCaseExecutor.java:281)
	at com.kms.katalon.core.main.TestSuiteExecutor.accessTestCaseMainPhase(TestSuiteExecutor.java:202)
	at com.kms.katalon.core.main.TestSuiteExecutor.accessTestSuiteMainPhase(TestSuiteExecutor.java:164)
	at com.kms.katalon.core.main.TestSuiteExecutor.execute(TestSuiteExecutor.java:105)
	at com.kms.katalon.core.main.TestCaseMain.startTestSuite(TestCaseMain.java:185)
	at com.kms.katalon.core.main.TestCaseMain$startTestSuite$0.call(Unknown Source)
	at TempTestSuite1656338264056.run(TempTestSuite1656338264056.groovy:36)
)]]></system-out>
         <system-err><![CDATA[2022-06-27 20:58:12 - [TEST_CASE][FAILED] - Test Cases/01_API/02_Class/SC011_Join A Class/TC001_Join A Class (With valid input): Test Cases/01_API/02_Class/SC011_Join A Class/TC001_Join A Class (With valid input) FAILED.
Reason:
com.kms.katalon.core.exception.StepFailedException: Expected status code is '200' but actual status code is '400'
	at com.kms.katalon.core.keyword.internal.KeywordMain.stepFailed(KeywordMain.groovy:39)
	at com.kms.katalon.core.webservice.keyword.builtin.VerifyResponseStatusCodeKeyword.verifyStatusCode(VerifyResponseStatusCodeKeyword.groovy:52)
	at com.kms.katalon.core.webservice.keyword.builtin.VerifyResponseStatusCodeKeyword.access$1(VerifyResponseStatusCodeKeyword.groovy)
	at com.kms.katalon.core.webservice.keyword.builtin.VerifyResponseStatusCodeKeyword$_verifyResponseStatusCode_closure1.doCall(VerifyResponseStatusCodeKeyword.groovy:42)
	at com.kms.katalon.core.webservice.keyword.builtin.VerifyResponseStatusCodeKeyword$_verifyResponseStatusCode_closure1.call(VerifyResponseStatusCodeKeyword.groovy)
	at com.kms.katalon.core.keyword.internal.KeywordMain.runKeyword(KeywordMain.groovy:74)
	at com.kms.katalon.core.webservice.keyword.builtin.VerifyResponseStatusCodeKeyword.verifyResponseStatusCode(VerifyResponseStatusCodeKeyword.groovy:37)
	at com.kms.katalon.core.webservice.keyword.builtin.VerifyResponseStatusCodeKeyword.execute(VerifyResponseStatusCodeKeyword.groovy:32)
	at com.kms.katalon.core.keyword.internal.KeywordExecutor.executeKeywordForPlatform(KeywordExecutor.groovy:74)
	at com.kms.katalon.core.webservice.keyword.WSBuiltInKeywords.verifyResponseStatusCode(WSBuiltInKeywords.groovy:330)
	at com.kms.katalon.core.webservice.keyword.WSBuiltInKeywords$verifyResponseStatusCode$0.call(Unknown Source)
	at TC001_Join A Class (With valid input).run(TC001_Join A Class (With valid input):22)
	at com.kms.katalon.core.main.ScriptEngine.run(ScriptEngine.java:194)
	at com.kms.katalon.core.main.ScriptEngine.runScriptAsRawText(ScriptEngine.java:119)
	at com.kms.katalon.core.main.TestCaseExecutor.runScript(TestCaseExecutor.java:442)
	at com.kms.katalon.core.main.TestCaseExecutor.doExecute(TestCaseExecutor.java:433)
	at com.kms.katalon.core.main.TestCaseExecutor.processExecutionPhase(TestCaseExecutor.java:412)
	at com.kms.katalon.core.main.TestCaseExecutor.accessMainPhase(TestCaseExecutor.java:404)
	at com.kms.katalon.core.main.TestCaseExecutor.execute(TestCaseExecutor.java:281)
	at com.kms.katalon.core.main.TestSuiteExecutor.accessTestCaseMainPhase(TestSuiteExecutor.java:202)
	at com.kms.katalon.core.main.TestSuiteExecutor.accessTestSuiteMainPhase(TestSuiteExecutor.java:164)
	at com.kms.katalon.core.main.TestSuiteExecutor.execute(TestSuiteExecutor.java:105)
	at com.kms.katalon.core.main.TestCaseMain.startTestSuite(TestCaseMain.java:185)
	at com.kms.katalon.core.main.TestCaseMain$startTestSuite$0.call(Unknown Source)
	at TempTestSuite1656338264056.run(TempTestSuite1656338264056.groovy:36)]]></system-err>
      </testcase>
      <testcase name="Test Cases/01_API/02_Class/SC012_Get All Class by Page and Size/TC002_Get All Class by Page and Size (With invalid token)" time="1.127" classname="Test Cases/01_API/02_Class/SC012_Get All Class by Page and Size/TC002_Get All Class by Page and Size (With invalid token)" status="PASSED">
         <system-out><![CDATA[2022-06-27 20:58:13 - [TEST_CASE][PASSED] - Test Cases/01_API/02_Class/SC012_Get All Class by Page and Size/TC002_Get All Class by Page and Size (With invalid token): Test Cases/01_API/02_Class/SC012_Get All Class by Page and Size/TC002_Get All Class by Page and Size (With invalid token)

2022-06-27 20:58:13 - [TEST_STEP][PASSED] - response = sendRequest(findTestObject("01_API/02_Class/SC012_Get All Class by Page and Size/TC002_Get All Class by Page and Size (With invalid token)")): Send request successfully

2022-06-27 20:58:14 - [MESSAGE][INFO] - HAR: F:\1. UNNES\6. Semester 6\2 - MSIB\CAPSTONE PROJECT\testing-lms\Reports\20220627_205744\TS01_API\02_Class\20220627_205744\requests\main\16.har

2022-06-27 20:58:14 - [MESSAGE][PASSED] - Send request successfully

2022-06-27 20:58:14 - [TEST_STEP][PASSED] - verifyResponseStatusCode(response, response_403, CONTINUE_ON_FAILURE): Verify response status code successfully

2022-06-27 20:58:14 - [MESSAGE][PASSED] - Verify response status code successfully

2022-06-27 20:58:14 - [TEST_STEP][PASSED] - verifyElementPropertyValue(response, "error", "Forbidden"): Verify element property value successfully

2022-06-27 20:58:14 - [MESSAGE][PASSED] - Verify element property value successfully]]></system-out>
         <system-err><![CDATA[]]></system-err>
      </testcase>
      <testcase name="Test Cases/01_API/02_Class/SC012_Get All Class by Page and Size/TC001_Get All Class by Page and Size" time="2.147" classname="Test Cases/01_API/02_Class/SC012_Get All Class by Page and Size/TC001_Get All Class by Page and Size" status="PASSED">
         <system-out><![CDATA[2022-06-27 20:58:14 - [TEST_CASE][PASSED] - Test Cases/01_API/02_Class/SC012_Get All Class by Page and Size/TC001_Get All Class by Page and Size: Test Cases/01_API/02_Class/SC012_Get All Class by Page and Size/TC001_Get All Class by Page and Size

2022-06-27 20:58:15 - [TEST_STEP][PASSED] - response = sendRequest(findTestObject("01_API/02_Class/SC012_Get All Class by Page and Size/TC001_Get All Class by Page and Size")): Send request successfully

2022-06-27 20:58:16 - [MESSAGE][INFO] - HAR: F:\1. UNNES\6. Semester 6\2 - MSIB\CAPSTONE PROJECT\testing-lms\Reports\20220627_205744\TS01_API\02_Class\20220627_205744\requests\main\17.har

2022-06-27 20:58:16 - [MESSAGE][PASSED] - Send request successfully

2022-06-27 20:58:16 - [TEST_STEP][PASSED] - verifyResponseStatusCode(response, response_200, CONTINUE_ON_FAILURE): Verify response status code successfully

2022-06-27 20:58:16 - [MESSAGE][PASSED] - Verify response status code successfully

2022-06-27 20:58:16 - [TEST_STEP][PASSED] - verifyElementPropertyValue(response, "status", "true"): Verify element property value successfully

2022-06-27 20:58:16 - [MESSAGE][PASSED] - Verify element property value successfully]]></system-out>
         <system-err><![CDATA[]]></system-err>
      </testcase>
      <testcase name="Test Cases/01_API/02_Class/SC010_Delete Class By Id/TC003_Delete Class By Id (With invalid token)" time="0.738" classname="Test Cases/01_API/02_Class/SC010_Delete Class By Id/TC003_Delete Class By Id (With invalid token)" status="PASSED">
         <system-out><![CDATA[2022-06-27 20:58:16 - [TEST_CASE][PASSED] - Test Cases/01_API/02_Class/SC010_Delete Class By Id/TC003_Delete Class By Id (With invalid token): Test Cases/01_API/02_Class/SC010_Delete Class By Id/TC003_Delete Class By Id (With invalid token)

2022-06-27 20:58:16 - [TEST_STEP][PASSED] - response = sendRequest(findTestObject("01_API/02_Class/SC010_Delete Class By Id/TC003_Delete Class By Id (With invalid token)")): Send request successfully

2022-06-27 20:58:17 - [MESSAGE][INFO] - HAR: F:\1. UNNES\6. Semester 6\2 - MSIB\CAPSTONE PROJECT\testing-lms\Reports\20220627_205744\TS01_API\02_Class\20220627_205744\requests\main\18.har

2022-06-27 20:58:17 - [MESSAGE][PASSED] - Send request successfully

2022-06-27 20:58:17 - [TEST_STEP][PASSED] - verifyResponseStatusCode(response, response_403, CONTINUE_ON_FAILURE): Verify response status code successfully

2022-06-27 20:58:17 - [MESSAGE][PASSED] - Verify response status code successfully

2022-06-27 20:58:17 - [TEST_STEP][PASSED] - verifyElementPropertyValue(response, "error", "Forbidden"): Verify element property value successfully

2022-06-27 20:58:17 - [MESSAGE][PASSED] - Verify element property value successfully]]></system-out>
         <system-err><![CDATA[]]></system-err>
      </testcase>
      <testcase name="Test Cases/01_API/02_Class/SC010_Delete Class By Id/TC002_Delete Class By Id (With invalid id)" time="0.781" classname="Test Cases/01_API/02_Class/SC010_Delete Class By Id/TC002_Delete Class By Id (With invalid id)" status="PASSED">
         <system-out><![CDATA[2022-06-27 20:58:17 - [TEST_CASE][PASSED] - Test Cases/01_API/02_Class/SC010_Delete Class By Id/TC002_Delete Class By Id (With invalid id): Test Cases/01_API/02_Class/SC010_Delete Class By Id/TC002_Delete Class By Id (With invalid id)

2022-06-27 20:58:17 - [TEST_STEP][PASSED] - response = sendRequest(findTestObject("01_API/02_Class/SC010_Delete Class By Id/TC002_Delete Class By Id (With invalid id)")): Send request successfully

2022-06-27 20:58:18 - [MESSAGE][INFO] - HAR: F:\1. UNNES\6. Semester 6\2 - MSIB\CAPSTONE PROJECT\testing-lms\Reports\20220627_205744\TS01_API\02_Class\20220627_205744\requests\main\19.har

2022-06-27 20:58:18 - [MESSAGE][PASSED] - Send request successfully

2022-06-27 20:58:18 - [TEST_STEP][PASSED] - verifyResponseStatusCode(response, response_400, CONTINUE_ON_FAILURE): Verify response status code successfully

2022-06-27 20:58:18 - [MESSAGE][PASSED] - Verify response status code successfully

2022-06-27 20:58:18 - [TEST_STEP][PASSED] - verifyElementPropertyValue(response, "status", "false"): Verify element property value successfully

2022-06-27 20:58:18 - [MESSAGE][PASSED] - Verify element property value successfully]]></system-out>
         <system-err><![CDATA[]]></system-err>
      </testcase>
      <testcase name="Test Cases/01_API/02_Class/SC010_Delete Class By Id/TC001_Delete Class By Id (With valid id)" time="1.744" classname="Test Cases/01_API/02_Class/SC010_Delete Class By Id/TC001_Delete Class By Id (With valid id)" status="FAILED">
         <failure type="FAILED" message="Test Cases/01_API/02_Class/SC010_Delete Class By Id/TC001_Delete Class By Id (With valid id) FAILED.
Reason:
com.kms.katalon.core.exception.StepFailedException: Expected element property value 'true' is not equal with actual property value 'null'
	at com.kms.katalon.core.keyword.internal.KeywordMain.stepFailed(KeywordMain.groovy:50)
	at com.kms.katalon.core.webservice.keyword.builtin.VerifyElementPropertyValueKeyword$_verifyElementPropertyValue_closure1.doCall(VerifyElementPropertyValueKeyword.groovy:56)
	at com.kms.katalon.core.webservice.keyword.builtin.VerifyElementPropertyValueKeyword$_verifyElementPropertyValue_closure1.call(VerifyElementPropertyValueKeyword.groovy)
	at com.kms.katalon.core.keyword.internal.KeywordMain.runKeyword(KeywordMain.groovy:74)
	at com.kms.katalon.core.webservice.keyword.builtin.VerifyElementPropertyValueKeyword.verifyElementPropertyValue(VerifyElementPropertyValueKeyword.groovy:48)
	at com.kms.katalon.core.webservice.keyword.builtin.VerifyElementPropertyValueKeyword.execute(VerifyElementPropertyValueKeyword.groovy:43)
	at com.kms.katalon.core.keyword.internal.KeywordExecutor.executeKeywordForPlatform(KeywordExecutor.groovy:74)
	at com.kms.katalon.core.webservice.keyword.WSBuiltInKeywords.verifyElementPropertyValue(WSBuiltInKeywords.groovy:189)
	at com.kms.katalon.core.webservice.keyword.WSBuiltInKeywords$verifyElementPropertyValue$1.call(Unknown Source)
	at TC001_Delete Class By Id (With valid id).run(TC001_Delete Class By Id (With valid id):28)
	at com.kms.katalon.core.main.ScriptEngine.run(ScriptEngine.java:194)
	at com.kms.katalon.core.main.ScriptEngine.runScriptAsRawText(ScriptEngine.java:119)
	at com.kms.katalon.core.main.TestCaseExecutor.runScript(TestCaseExecutor.java:442)
	at com.kms.katalon.core.main.TestCaseExecutor.doExecute(TestCaseExecutor.java:433)
	at com.kms.katalon.core.main.TestCaseExecutor.processExecutionPhase(TestCaseExecutor.java:412)
	at com.kms.katalon.core.main.TestCaseExecutor.accessMainPhase(TestCaseExecutor.java:404)
	at com.kms.katalon.core.main.TestCaseExecutor.execute(TestCaseExecutor.java:281)
	at com.kms.katalon.core.main.TestSuiteExecutor.accessTestCaseMainPhase(TestSuiteExecutor.java:202)
	at com.kms.katalon.core.main.TestSuiteExecutor.accessTestSuiteMainPhase(TestSuiteExecutor.java:164)
	at com.kms.katalon.core.main.TestSuiteExecutor.execute(TestSuiteExecutor.java:105)
	at com.kms.katalon.core.main.TestCaseMain.startTestSuite(TestCaseMain.java:185)
	at com.kms.katalon.core.main.TestCaseMain$startTestSuite$0.call(Unknown Source)
	at TempTestSuite1656338264056.run(TempTestSuite1656338264056.groovy:36)
"/>
         <system-out><![CDATA[2022-06-27 20:58:18 - [TEST_CASE][FAILED] - Test Cases/01_API/02_Class/SC010_Delete Class By Id/TC001_Delete Class By Id (With valid id): Test Cases/01_API/02_Class/SC010_Delete Class By Id/TC001_Delete Class By Id (With valid id) FAILED.
Reason:
com.kms.katalon.core.exception.StepFailedException: Expected element property value 'true' is not equal with actual property value 'null'
	at com.kms.katalon.core.keyword.internal.KeywordMain.stepFailed(KeywordMain.groovy:50)
	at com.kms.katalon.core.webservice.keyword.builtin.VerifyElementPropertyValueKeyword$_verifyElementPropertyValue_closure1.doCall(VerifyElementPropertyValueKeyword.groovy:56)
	at com.kms.katalon.core.webservice.keyword.builtin.VerifyElementPropertyValueKeyword$_verifyElementPropertyValue_closure1.call(VerifyElementPropertyValueKeyword.groovy)
	at com.kms.katalon.core.keyword.internal.KeywordMain.runKeyword(KeywordMain.groovy:74)
	at com.kms.katalon.core.webservice.keyword.builtin.VerifyElementPropertyValueKeyword.verifyElementPropertyValue(VerifyElementPropertyValueKeyword.groovy:48)
	at com.kms.katalon.core.webservice.keyword.builtin.VerifyElementPropertyValueKeyword.execute(VerifyElementPropertyValueKeyword.groovy:43)
	at com.kms.katalon.core.keyword.internal.KeywordExecutor.executeKeywordForPlatform(KeywordExecutor.groovy:74)
	at com.kms.katalon.core.webservice.keyword.WSBuiltInKeywords.verifyElementPropertyValue(WSBuiltInKeywords.groovy:189)
	at com.kms.katalon.core.webservice.keyword.WSBuiltInKeywords$verifyElementPropertyValue$1.call(Unknown Source)
	at TC001_Delete Class By Id (With valid id).run(TC001_Delete Class By Id (With valid id):28)
	at com.kms.katalon.core.main.ScriptEngine.run(ScriptEngine.java:194)
	at com.kms.katalon.core.main.ScriptEngine.runScriptAsRawText(ScriptEngine.java:119)
	at com.kms.katalon.core.main.TestCaseExecutor.runScript(TestCaseExecutor.java:442)
	at com.kms.katalon.core.main.TestCaseExecutor.doExecute(TestCaseExecutor.java:433)
	at com.kms.katalon.core.main.TestCaseExecutor.processExecutionPhase(TestCaseExecutor.java:412)
	at com.kms.katalon.core.main.TestCaseExecutor.accessMainPhase(TestCaseExecutor.java:404)
	at com.kms.katalon.core.main.TestCaseExecutor.execute(TestCaseExecutor.java:281)
	at com.kms.katalon.core.main.TestSuiteExecutor.accessTestCaseMainPhase(TestSuiteExecutor.java:202)
	at com.kms.katalon.core.main.TestSuiteExecutor.accessTestSuiteMainPhase(TestSuiteExecutor.java:164)
	at com.kms.katalon.core.main.TestSuiteExecutor.execute(TestSuiteExecutor.java:105)
	at com.kms.katalon.core.main.TestCaseMain.startTestSuite(TestCaseMain.java:185)
	at com.kms.katalon.core.main.TestCaseMain$startTestSuite$0.call(Unknown Source)
	at TempTestSuite1656338264056.run(TempTestSuite1656338264056.groovy:36)


2022-06-27 20:58:18 - [TEST_STEP][PASSED] - response = sendRequest(findTestObject("01_API/02_Class/SC010_Delete Class By Id/TC001_Delete Class By Id (With valid id)")): Send request successfully

2022-06-27 20:58:19 - [MESSAGE][INFO] - HAR: F:\1. UNNES\6. Semester 6\2 - MSIB\CAPSTONE PROJECT\testing-lms\Reports\20220627_205744\TS01_API\02_Class\20220627_205744\requests\main\20.har

2022-06-27 20:58:19 - [MESSAGE][PASSED] - Send request successfully

2022-06-27 20:58:19 - [TEST_STEP][PASSED] - verifyResponseStatusCode(response, response_200, CONTINUE_ON_FAILURE): Verify response status code successfully

2022-06-27 20:58:19 - [MESSAGE][PASSED] - Verify response status code successfully

2022-06-27 20:58:19 - [TEST_STEP][PASSED] - verifyElementPropertyValue(response, "status", "true"): Verify element property value successfully

2022-06-27 20:58:19 - [MESSAGE][PASSED] - Verify element property value successfully

2022-06-27 20:58:19 - [TEST_STEP][PASSED] - response2 = sendRequest(findTestObject("01_API/02_Class/SC008_Get Class By Id/TC001_Get Class By Id (With valid id)")): Send request successfully

2022-06-27 20:58:19 - [MESSAGE][INFO] - HAR: F:\1. UNNES\6. Semester 6\2 - MSIB\CAPSTONE PROJECT\testing-lms\Reports\20220627_205744\TS01_API\02_Class\20220627_205744\requests\main\21.har

2022-06-27 20:58:19 - [MESSAGE][PASSED] - Send request successfully

2022-06-27 20:58:19 - [TEST_STEP][FAILED] - verifyElementPropertyValue(response, "isDeleted", "true"): Unable to verify element property value (Root cause: com.kms.katalon.core.exception.StepFailedException: Expected element property value 'true' is not equal with actual property value 'null'
	at com.kms.katalon.core.keyword.internal.KeywordMain.stepFailed(KeywordMain.groovy:50)
	at com.kms.katalon.core.webservice.keyword.builtin.VerifyElementPropertyValueKeyword$_verifyElementPropertyValue_closure1.doCall(VerifyElementPropertyValueKeyword.groovy:56)
	at com.kms.katalon.core.webservice.keyword.builtin.VerifyElementPropertyValueKeyword$_verifyElementPropertyValue_closure1.call(VerifyElementPropertyValueKeyword.groovy)
	at com.kms.katalon.core.keyword.internal.KeywordMain.runKeyword(KeywordMain.groovy:74)
	at com.kms.katalon.core.webservice.keyword.builtin.VerifyElementPropertyValueKeyword.verifyElementPropertyValue(VerifyElementPropertyValueKeyword.groovy:48)
	at com.kms.katalon.core.webservice.keyword.builtin.VerifyElementPropertyValueKeyword.execute(VerifyElementPropertyValueKeyword.groovy:43)
	at com.kms.katalon.core.keyword.internal.KeywordExecutor.executeKeywordForPlatform(KeywordExecutor.groovy:74)
	at com.kms.katalon.core.webservice.keyword.WSBuiltInKeywords.verifyElementPropertyValue(WSBuiltInKeywords.groovy:189)
	at com.kms.katalon.core.webservice.keyword.WSBuiltInKeywords$verifyElementPropertyValue$1.call(Unknown Source)
	at TC001_Delete Class By Id (With valid id).run(TC001_Delete Class By Id (With valid id):28)
	at com.kms.katalon.core.main.ScriptEngine.run(ScriptEngine.java:194)
	at com.kms.katalon.core.main.ScriptEngine.runScriptAsRawText(ScriptEngine.java:119)
	at com.kms.katalon.core.main.TestCaseExecutor.runScript(TestCaseExecutor.java:442)
	at com.kms.katalon.core.main.TestCaseExecutor.doExecute(TestCaseExecutor.java:433)
	at com.kms.katalon.core.main.TestCaseExecutor.processExecutionPhase(TestCaseExecutor.java:412)
	at com.kms.katalon.core.main.TestCaseExecutor.accessMainPhase(TestCaseExecutor.java:404)
	at com.kms.katalon.core.main.TestCaseExecutor.execute(TestCaseExecutor.java:281)
	at com.kms.katalon.core.main.TestSuiteExecutor.accessTestCaseMainPhase(TestSuiteExecutor.java:202)
	at com.kms.katalon.core.main.TestSuiteExecutor.accessTestSuiteMainPhase(TestSuiteExecutor.java:164)
	at com.kms.katalon.core.main.TestSuiteExecutor.execute(TestSuiteExecutor.java:105)
	at com.kms.katalon.core.main.TestCaseMain.startTestSuite(TestCaseMain.java:185)
	at com.kms.katalon.core.main.TestCaseMain$startTestSuite$0.call(Unknown Source)
	at TempTestSuite1656338264056.run(TempTestSuite1656338264056.groovy:36)
)

2022-06-27 20:58:19 - [MESSAGE][FAILED] - Expected element property value 'true' is not equal with actual property value 'null'

2022-06-27 20:58:19 - [MESSAGE][FAILED] - Unable to verify element property value (Root cause: com.kms.katalon.core.exception.StepFailedException: Expected element property value 'true' is not equal with actual property value 'null'
	at com.kms.katalon.core.keyword.internal.KeywordMain.stepFailed(KeywordMain.groovy:50)
	at com.kms.katalon.core.webservice.keyword.builtin.VerifyElementPropertyValueKeyword$_verifyElementPropertyValue_closure1.doCall(VerifyElementPropertyValueKeyword.groovy:56)
	at com.kms.katalon.core.webservice.keyword.builtin.VerifyElementPropertyValueKeyword$_verifyElementPropertyValue_closure1.call(VerifyElementPropertyValueKeyword.groovy)
	at com.kms.katalon.core.keyword.internal.KeywordMain.runKeyword(KeywordMain.groovy:74)
	at com.kms.katalon.core.webservice.keyword.builtin.VerifyElementPropertyValueKeyword.verifyElementPropertyValue(VerifyElementPropertyValueKeyword.groovy:48)
	at com.kms.katalon.core.webservice.keyword.builtin.VerifyElementPropertyValueKeyword.execute(VerifyElementPropertyValueKeyword.groovy:43)
	at com.kms.katalon.core.keyword.internal.KeywordExecutor.executeKeywordForPlatform(KeywordExecutor.groovy:74)
	at com.kms.katalon.core.webservice.keyword.WSBuiltInKeywords.verifyElementPropertyValue(WSBuiltInKeywords.groovy:189)
	at com.kms.katalon.core.webservice.keyword.WSBuiltInKeywords$verifyElementPropertyValue$1.call(Unknown Source)
	at TC001_Delete Class By Id (With valid id).run(TC001_Delete Class By Id (With valid id):28)
	at com.kms.katalon.core.main.ScriptEngine.run(ScriptEngine.java:194)
	at com.kms.katalon.core.main.ScriptEngine.runScriptAsRawText(ScriptEngine.java:119)
	at com.kms.katalon.core.main.TestCaseExecutor.runScript(TestCaseExecutor.java:442)
	at com.kms.katalon.core.main.TestCaseExecutor.doExecute(TestCaseExecutor.java:433)
	at com.kms.katalon.core.main.TestCaseExecutor.processExecutionPhase(TestCaseExecutor.java:412)
	at com.kms.katalon.core.main.TestCaseExecutor.accessMainPhase(TestCaseExecutor.java:404)
	at com.kms.katalon.core.main.TestCaseExecutor.execute(TestCaseExecutor.java:281)
	at com.kms.katalon.core.main.TestSuiteExecutor.accessTestCaseMainPhase(TestSuiteExecutor.java:202)
	at com.kms.katalon.core.main.TestSuiteExecutor.accessTestSuiteMainPhase(TestSuiteExecutor.java:164)
	at com.kms.katalon.core.main.TestSuiteExecutor.execute(TestSuiteExecutor.java:105)
	at com.kms.katalon.core.main.TestCaseMain.startTestSuite(TestCaseMain.java:185)
	at com.kms.katalon.core.main.TestCaseMain$startTestSuite$0.call(Unknown Source)
	at TempTestSuite1656338264056.run(TempTestSuite1656338264056.groovy:36)
)]]></system-out>
         <system-err><![CDATA[2022-06-27 20:58:18 - [TEST_CASE][FAILED] - Test Cases/01_API/02_Class/SC010_Delete Class By Id/TC001_Delete Class By Id (With valid id): Test Cases/01_API/02_Class/SC010_Delete Class By Id/TC001_Delete Class By Id (With valid id) FAILED.
Reason:
com.kms.katalon.core.exception.StepFailedException: Expected element property value 'true' is not equal with actual property value 'null'
	at com.kms.katalon.core.keyword.internal.KeywordMain.stepFailed(KeywordMain.groovy:50)
	at com.kms.katalon.core.webservice.keyword.builtin.VerifyElementPropertyValueKeyword$_verifyElementPropertyValue_closure1.doCall(VerifyElementPropertyValueKeyword.groovy:56)
	at com.kms.katalon.core.webservice.keyword.builtin.VerifyElementPropertyValueKeyword$_verifyElementPropertyValue_closure1.call(VerifyElementPropertyValueKeyword.groovy)
	at com.kms.katalon.core.keyword.internal.KeywordMain.runKeyword(KeywordMain.groovy:74)
	at com.kms.katalon.core.webservice.keyword.builtin.VerifyElementPropertyValueKeyword.verifyElementPropertyValue(VerifyElementPropertyValueKeyword.groovy:48)
	at com.kms.katalon.core.webservice.keyword.builtin.VerifyElementPropertyValueKeyword.execute(VerifyElementPropertyValueKeyword.groovy:43)
	at com.kms.katalon.core.keyword.internal.KeywordExecutor.executeKeywordForPlatform(KeywordExecutor.groovy:74)
	at com.kms.katalon.core.webservice.keyword.WSBuiltInKeywords.verifyElementPropertyValue(WSBuiltInKeywords.groovy:189)
	at com.kms.katalon.core.webservice.keyword.WSBuiltInKeywords$verifyElementPropertyValue$1.call(Unknown Source)
	at TC001_Delete Class By Id (With valid id).run(TC001_Delete Class By Id (With valid id):28)
	at com.kms.katalon.core.main.ScriptEngine.run(ScriptEngine.java:194)
	at com.kms.katalon.core.main.ScriptEngine.runScriptAsRawText(ScriptEngine.java:119)
	at com.kms.katalon.core.main.TestCaseExecutor.runScript(TestCaseExecutor.java:442)
	at com.kms.katalon.core.main.TestCaseExecutor.doExecute(TestCaseExecutor.java:433)
	at com.kms.katalon.core.main.TestCaseExecutor.processExecutionPhase(TestCaseExecutor.java:412)
	at com.kms.katalon.core.main.TestCaseExecutor.accessMainPhase(TestCaseExecutor.java:404)
	at com.kms.katalon.core.main.TestCaseExecutor.execute(TestCaseExecutor.java:281)
	at com.kms.katalon.core.main.TestSuiteExecutor.accessTestCaseMainPhase(TestSuiteExecutor.java:202)
	at com.kms.katalon.core.main.TestSuiteExecutor.accessTestSuiteMainPhase(TestSuiteExecutor.java:164)
	at com.kms.katalon.core.main.TestSuiteExecutor.execute(TestSuiteExecutor.java:105)
	at com.kms.katalon.core.main.TestCaseMain.startTestSuite(TestCaseMain.java:185)
	at com.kms.katalon.core.main.TestCaseMain$startTestSuite$0.call(Unknown Source)
	at TempTestSuite1656338264056.run(TempTestSuite1656338264056.groovy:36)]]></system-err>
      </testcase>
      <system-out><![CDATA[2022-06-27 20:57:48 - [TEST_SUITE][FAILED] - 02_Class: Test Cases/01_API/02_Class/SC011_Join A Class/TC003_Join A Class (With invalid user id) FAILED.
Reason:
com.kms.katalon.core.exception.StepFailedException: Expected element property value 'User not found' is not equal with actual property value 'Class not found'
	at com.kms.katalon.core.keyword.internal.KeywordMain.stepFailed(KeywordMain.groovy:50)
	at com.kms.katalon.core.webservice.keyword.builtin.VerifyElementPropertyValueKeyword$_verifyElementPropertyValue_closure1.doCall(VerifyElementPropertyValueKeyword.groovy:56)
	at com.kms.katalon.core.webservice.keyword.builtin.VerifyElementPropertyValueKeyword$_verifyElementPropertyValue_closure1.call(VerifyElementPropertyValueKeyword.groovy)
	at com.kms.katalon.core.keyword.internal.KeywordMain.runKeyword(KeywordMain.groovy:74)
	at com.kms.katalon.core.webservice.keyword.builtin.VerifyElementPropertyValueKeyword.verifyElementPropertyValue(VerifyElementPropertyValueKeyword.groovy:48)
	at com.kms.katalon.core.webservice.keyword.builtin.VerifyElementPropertyValueKeyword.execute(VerifyElementPropertyValueKeyword.groovy:43)
	at com.kms.katalon.core.keyword.internal.KeywordExecutor.executeKeywordForPlatform(KeywordExecutor.groovy:74)
	at com.kms.katalon.core.webservice.keyword.WSBuiltInKeywords.verifyElementPropertyValue(WSBuiltInKeywords.groovy:189)
	at com.kms.katalon.core.webservice.keyword.WSBuiltInKeywords$verifyElementPropertyValue$1.call(Unknown Source)
	at TC003_Join A Class (With invalid user id).run(TC003_Join A Class (With invalid user id):24)
	at com.kms.katalon.core.main.ScriptEngine.run(ScriptEngine.java:194)
	at com.kms.katalon.core.main.ScriptEngine.runScriptAsRawText(ScriptEngine.java:119)
	at com.kms.katalon.core.main.TestCaseExecutor.runScript(TestCaseExecutor.java:442)
	at com.kms.katalon.core.main.TestCaseExecutor.doExecute(TestCaseExecutor.java:433)
	at com.kms.katalon.core.main.TestCaseExecutor.processExecutionPhase(TestCaseExecutor.java:412)
	at com.kms.katalon.core.main.TestCaseExecutor.accessMainPhase(TestCaseExecutor.java:404)
	at com.kms.katalon.core.main.TestCaseExecutor.execute(TestCaseExecutor.java:281)
	at com.kms.katalon.core.main.TestSuiteExecutor.accessTestCaseMainPhase(TestSuiteExecutor.java:202)
	at com.kms.katalon.core.main.TestSuiteExecutor.accessTestSuiteMainPhase(TestSuiteExecutor.java:164)
	at com.kms.katalon.core.main.TestSuiteExecutor.execute(TestSuiteExecutor.java:105)
	at com.kms.katalon.core.main.TestCaseMain.startTestSuite(TestCaseMain.java:185)
	at com.kms.katalon.core.main.TestCaseMain$startTestSuite$0.call(Unknown Source)
	at TempTestSuite1656338264056.run(TempTestSuite1656338264056.groovy:36)]]></system-out>
      <system-err><![CDATA[2022-06-27 20:57:48 - [TEST_SUITE][FAILED] - 02_Class: Test Cases/01_API/02_Class/SC011_Join A Class/TC003_Join A Class (With invalid user id) FAILED.
Reason:
com.kms.katalon.core.exception.StepFailedException: Expected element property value 'User not found' is not equal with actual property value 'Class not found'
	at com.kms.katalon.core.keyword.internal.KeywordMain.stepFailed(KeywordMain.groovy:50)
	at com.kms.katalon.core.webservice.keyword.builtin.VerifyElementPropertyValueKeyword$_verifyElementPropertyValue_closure1.doCall(VerifyElementPropertyValueKeyword.groovy:56)
	at com.kms.katalon.core.webservice.keyword.builtin.VerifyElementPropertyValueKeyword$_verifyElementPropertyValue_closure1.call(VerifyElementPropertyValueKeyword.groovy)
	at com.kms.katalon.core.keyword.internal.KeywordMain.runKeyword(KeywordMain.groovy:74)
	at com.kms.katalon.core.webservice.keyword.builtin.VerifyElementPropertyValueKeyword.verifyElementPropertyValue(VerifyElementPropertyValueKeyword.groovy:48)
	at com.kms.katalon.core.webservice.keyword.builtin.VerifyElementPropertyValueKeyword.execute(VerifyElementPropertyValueKeyword.groovy:43)
	at com.kms.katalon.core.keyword.internal.KeywordExecutor.executeKeywordForPlatform(KeywordExecutor.groovy:74)
	at com.kms.katalon.core.webservice.keyword.WSBuiltInKeywords.verifyElementPropertyValue(WSBuiltInKeywords.groovy:189)
	at com.kms.katalon.core.webservice.keyword.WSBuiltInKeywords$verifyElementPropertyValue$1.call(Unknown Source)
	at TC003_Join A Class (With invalid user id).run(TC003_Join A Class (With invalid user id):24)
	at com.kms.katalon.core.main.ScriptEngine.run(ScriptEngine.java:194)
	at com.kms.katalon.core.main.ScriptEngine.runScriptAsRawText(ScriptEngine.java:119)
	at com.kms.katalon.core.main.TestCaseExecutor.runScript(TestCaseExecutor.java:442)
	at com.kms.katalon.core.main.TestCaseExecutor.doExecute(TestCaseExecutor.java:433)
	at com.kms.katalon.core.main.TestCaseExecutor.processExecutionPhase(TestCaseExecutor.java:412)
	at com.kms.katalon.core.main.TestCaseExecutor.accessMainPhase(TestCaseExecutor.java:404)
	at com.kms.katalon.core.main.TestCaseExecutor.execute(TestCaseExecutor.java:281)
	at com.kms.katalon.core.main.TestSuiteExecutor.accessTestCaseMainPhase(TestSuiteExecutor.java:202)
	at com.kms.katalon.core.main.TestSuiteExecutor.accessTestSuiteMainPhase(TestSuiteExecutor.java:164)
	at com.kms.katalon.core.main.TestSuiteExecutor.execute(TestSuiteExecutor.java:105)
	at com.kms.katalon.core.main.TestCaseMain.startTestSuite(TestCaseMain.java:185)
	at com.kms.katalon.core.main.TestCaseMain$startTestSuite$0.call(Unknown Source)
	at TempTestSuite1656338264056.run(TempTestSuite1656338264056.groovy:36)]]></system-err>
   </testsuite>
</testsuites>
