<?xml version="1.0" encoding="UTF-8"?>
<testsuites name="Regression_API" time="129.347" tests="70" failures="0" errors="0">
   <testsuite name="Regression_API" tests="70" failures="0" errors="0" time="129.347" skipped="0" timestamp="2022-07-02 21:25:55" hostname="salsa - SALSABILA" id="Test Suites/TS01_API/Regression_API">
      <properties>
         <property name="deviceName" value=""/>
         <property name="devicePlatform" value=""/>
         <property name="logFolder" value="F:\\1. UNNES\\6. Semester 6\\2 - MSIB\\CAPSTONE PROJECT\\testing-lms\\Reports\\20220702_212550\\TS01_API\\Regression_API\\20220702_212550"/>
         <property name="logFiles" value="F:\\1. UNNES\\6. Semester 6\\2 - MSIB\\CAPSTONE PROJECT\\testing-lms\\Reports\\20220702_212550\\TS01_API\\Regression_API\\20220702_212550\\execution0.log"/>
         <property name="attachments" value=""/>
         <property name="hostName" value="salsa - SALSABILA"/>
         <property name="hostAddress" value="192.168.84.173"/>
         <property name="os" value="Windows 10 64bit"/>
         <property name="katalonVersion" value="8.2.5.208"/>
      </properties>
      <testcase name="Test Cases/01_API/02_Class/SC012_Get All Class by Page and Size/TC002_Get All Class by Page and Size (With invalid token)" time="5.865" classname="Test Cases/01_API/02_Class/SC012_Get All Class by Page and Size/TC002_Get All Class by Page and Size (With invalid token)" status="PASSED">
         <system-out><![CDATA[2022-07-02 21:25:55 - [TEST_CASE][PASSED] - Test Cases/01_API/02_Class/SC012_Get All Class by Page and Size/TC002_Get All Class by Page and Size (With invalid token): Test Cases/01_API/02_Class/SC012_Get All Class by Page and Size/TC002_Get All Class by Page and Size (With invalid token)

2022-07-02 21:25:56 - [TEST_STEP][PASSED] - response = sendRequest(findTestObject("01_API/02_Class/SC012_Get All Class by Page and Size/TC002_Get All Class by Page and Size (With invalid token)")): Send request successfully

2022-07-02 21:26:01 - [MESSAGE][INFO] - HAR: F:\1. UNNES\6. Semester 6\2 - MSIB\CAPSTONE PROJECT\testing-lms\Reports\20220702_212550\TS01_API\Regression_API\20220702_212550\requests\main\0.har

2022-07-02 21:26:01 - [MESSAGE][PASSED] - Send request successfully

2022-07-02 21:26:01 - [TEST_STEP][PASSED] - verifyResponseStatusCode(response, response_200, CONTINUE_ON_FAILURE): Verify response status code successfully

2022-07-02 21:26:01 - [MESSAGE][PASSED] - Verify response status code successfully

2022-07-02 21:26:01 - [TEST_STEP][PASSED] - verifyElementPropertyValue(response, "errors.message", "access denied"): Verify element property value successfully

2022-07-02 21:26:01 - [MESSAGE][PASSED] - Verify element property value successfully]]></system-out>
         <system-err><![CDATA[]]></system-err>
      </testcase>
      <testcase name="Test Cases/01_API/02_Class/SC012_Get All Class by Page and Size/TC001_Get All Class by Page and Size" time="3.31" classname="Test Cases/01_API/02_Class/SC012_Get All Class by Page and Size/TC001_Get All Class by Page and Size" status="PASSED">
         <system-out><![CDATA[2022-07-02 21:26:01 - [TEST_CASE][PASSED] - Test Cases/01_API/02_Class/SC012_Get All Class by Page and Size/TC001_Get All Class by Page and Size: Test Cases/01_API/02_Class/SC012_Get All Class by Page and Size/TC001_Get All Class by Page and Size

2022-07-02 21:26:02 - [TEST_STEP][PASSED] - response = sendRequest(findTestObject("01_API/02_Class/SC012_Get All Class by Page and Size/TC001_Get All Class by Page and Size")): Send request successfully

2022-07-02 21:26:04 - [MESSAGE][INFO] - HAR: F:\1. UNNES\6. Semester 6\2 - MSIB\CAPSTONE PROJECT\testing-lms\Reports\20220702_212550\TS01_API\Regression_API\20220702_212550\requests\main\1.har

2022-07-02 21:26:04 - [MESSAGE][PASSED] - Send request successfully

2022-07-02 21:26:04 - [TEST_STEP][PASSED] - verifyResponseStatusCode(response, response_200, CONTINUE_ON_FAILURE): Verify response status code successfully

2022-07-02 21:26:04 - [MESSAGE][PASSED] - Verify response status code successfully

2022-07-02 21:26:04 - [TEST_STEP][PASSED] - verifyElementPropertyValue(response, "status", "true"): Verify element property value successfully

2022-07-02 21:26:04 - [MESSAGE][PASSED] - Verify element property value successfully]]></system-out>
         <system-err><![CDATA[]]></system-err>
      </testcase>
      <testcase name="Test Cases/01_API/02_Class/SC011_Join A Class/TC004_Join A Class (With invalid token)" time="1.057" classname="Test Cases/01_API/02_Class/SC011_Join A Class/TC004_Join A Class (With invalid token)" status="PASSED">
         <system-out><![CDATA[2022-07-02 21:26:04 - [TEST_CASE][PASSED] - Test Cases/01_API/02_Class/SC011_Join A Class/TC004_Join A Class (With invalid token): Test Cases/01_API/02_Class/SC011_Join A Class/TC004_Join A Class (With invalid token)

2022-07-02 21:26:05 - [TEST_STEP][PASSED] - response = sendRequest(findTestObject("01_API/02_Class/SC011_Join A Class/TC004_Join A Class (With invalid token)")): Send request successfully

2022-07-02 21:26:05 - [MESSAGE][INFO] - HAR: F:\1. UNNES\6. Semester 6\2 - MSIB\CAPSTONE PROJECT\testing-lms\Reports\20220702_212550\TS01_API\Regression_API\20220702_212550\requests\main\2.har

2022-07-02 21:26:05 - [MESSAGE][PASSED] - Send request successfully

2022-07-02 21:26:05 - [TEST_STEP][PASSED] - verifyResponseStatusCode(response, response_200, CONTINUE_ON_FAILURE): Verify response status code successfully

2022-07-02 21:26:05 - [MESSAGE][PASSED] - Verify response status code successfully

2022-07-02 21:26:05 - [TEST_STEP][PASSED] - verifyElementPropertyValue(response, "errors.message", "access denied"): Verify element property value successfully

2022-07-02 21:26:06 - [MESSAGE][PASSED] - Verify element property value successfully]]></system-out>
         <system-err><![CDATA[]]></system-err>
      </testcase>
      <testcase name="Test Cases/01_API/02_Class/SC011_Join A Class/TC003_Join A Class (With invalid user id)" time="2.191" classname="Test Cases/01_API/02_Class/SC011_Join A Class/TC003_Join A Class (With invalid user id)" status="PASSED">
         <system-out><![CDATA[2022-07-02 21:26:06 - [TEST_CASE][PASSED] - Test Cases/01_API/02_Class/SC011_Join A Class/TC003_Join A Class (With invalid user id): Test Cases/01_API/02_Class/SC011_Join A Class/TC003_Join A Class (With invalid user id)

2022-07-02 21:26:06 - [TEST_STEP][PASSED] - response = sendRequest(findTestObject("01_API/02_Class/SC011_Join A Class/TC003_Join A Class (With invalid user id)")): Send request successfully

2022-07-02 21:26:08 - [MESSAGE][INFO] - HAR: F:\1. UNNES\6. Semester 6\2 - MSIB\CAPSTONE PROJECT\testing-lms\Reports\20220702_212550\TS01_API\Regression_API\20220702_212550\requests\main\3.har

2022-07-02 21:26:08 - [MESSAGE][PASSED] - Send request successfully

2022-07-02 21:26:08 - [TEST_STEP][PASSED] - verifyResponseStatusCode(response, response_400, CONTINUE_ON_FAILURE): Verify response status code successfully

2022-07-02 21:26:08 - [MESSAGE][PASSED] - Verify response status code successfully

2022-07-02 21:26:08 - [TEST_STEP][PASSED] - verifyElementPropertyValue(response, "errors.message", "User not found"): Verify element property value successfully

2022-07-02 21:26:08 - [MESSAGE][PASSED] - Verify element property value successfully]]></system-out>
         <system-err><![CDATA[]]></system-err>
      </testcase>
      <testcase name="Test Cases/01_API/02_Class/SC011_Join A Class/TC002_Join A Class (With invalid class code)" time="1.722" classname="Test Cases/01_API/02_Class/SC011_Join A Class/TC002_Join A Class (With invalid class code)" status="PASSED">
         <system-out><![CDATA[2022-07-02 21:26:08 - [TEST_CASE][PASSED] - Test Cases/01_API/02_Class/SC011_Join A Class/TC002_Join A Class (With invalid class code): Test Cases/01_API/02_Class/SC011_Join A Class/TC002_Join A Class (With invalid class code)

2022-07-02 21:26:08 - [TEST_STEP][PASSED] - response = sendRequest(findTestObject("01_API/02_Class/SC011_Join A Class/TC002_Join A Class (With invalid class code)")): Send request successfully

2022-07-02 21:26:09 - [MESSAGE][INFO] - HAR: F:\1. UNNES\6. Semester 6\2 - MSIB\CAPSTONE PROJECT\testing-lms\Reports\20220702_212550\TS01_API\Regression_API\20220702_212550\requests\main\4.har

2022-07-02 21:26:09 - [MESSAGE][PASSED] - Send request successfully

2022-07-02 21:26:09 - [TEST_STEP][PASSED] - verifyResponseStatusCode(response, response_400, CONTINUE_ON_FAILURE): Verify response status code successfully

2022-07-02 21:26:09 - [MESSAGE][PASSED] - Verify response status code successfully

2022-07-02 21:26:09 - [TEST_STEP][PASSED] - verifyElementPropertyValue(response, "errors.message", "Class not found"): Verify element property value successfully

2022-07-02 21:26:09 - [MESSAGE][PASSED] - Verify element property value successfully]]></system-out>
         <system-err><![CDATA[]]></system-err>
      </testcase>
      <testcase name="Test Cases/01_API/02_Class/SC011_Join A Class/TC001_Join A Class (With valid input)" time="4.205" classname="Test Cases/01_API/02_Class/SC011_Join A Class/TC001_Join A Class (With valid input)" status="PASSED">
         <system-out><![CDATA[2022-07-02 21:26:09 - [TEST_CASE][PASSED] - Test Cases/01_API/02_Class/SC011_Join A Class/TC001_Join A Class (With valid input): Test Cases/01_API/02_Class/SC011_Join A Class/TC001_Join A Class (With valid input)

2022-07-02 21:26:10 - [TEST_STEP][PASSED] - response = sendRequest(findTestObject("01_API/02_Class/SC011_Join A Class/TC001_Join A Class (With valid input)")): Send request successfully

2022-07-02 21:26:14 - [MESSAGE][INFO] - HAR: F:\1. UNNES\6. Semester 6\2 - MSIB\CAPSTONE PROJECT\testing-lms\Reports\20220702_212550\TS01_API\Regression_API\20220702_212550\requests\main\5.har

2022-07-02 21:26:14 - [MESSAGE][PASSED] - Send request successfully

2022-07-02 21:26:14 - [TEST_STEP][PASSED] - verifyResponseStatusCode(response, response_200, CONTINUE_ON_FAILURE): Verify response status code successfully

2022-07-02 21:26:14 - [MESSAGE][PASSED] - Verify response status code successfully

2022-07-02 21:26:14 - [TEST_STEP][PASSED] - verifyElementPropertyValue(response, "status", "true"): Verify element property value successfully

2022-07-02 21:26:14 - [MESSAGE][PASSED] - Verify element property value successfully]]></system-out>
         <system-err><![CDATA[]]></system-err>
      </testcase>
      <testcase name="Test Cases/01_API/02_Class/SC010_Delete Class By Id/TC003_Delete Class By Id (With invalid token)" time="1.335" classname="Test Cases/01_API/02_Class/SC010_Delete Class By Id/TC003_Delete Class By Id (With invalid token)" status="PASSED">
         <system-out><![CDATA[2022-07-02 21:26:14 - [TEST_CASE][PASSED] - Test Cases/01_API/02_Class/SC010_Delete Class By Id/TC003_Delete Class By Id (With invalid token): Test Cases/01_API/02_Class/SC010_Delete Class By Id/TC003_Delete Class By Id (With invalid token)

2022-07-02 21:26:14 - [TEST_STEP][PASSED] - response = sendRequest(findTestObject("01_API/02_Class/SC010_Delete Class By Id/TC003_Delete Class By Id (With invalid token)")): Send request successfully

2022-07-02 21:26:15 - [MESSAGE][INFO] - HAR: F:\1. UNNES\6. Semester 6\2 - MSIB\CAPSTONE PROJECT\testing-lms\Reports\20220702_212550\TS01_API\Regression_API\20220702_212550\requests\main\6.har

2022-07-02 21:26:15 - [MESSAGE][PASSED] - Send request successfully

2022-07-02 21:26:15 - [TEST_STEP][PASSED] - verifyResponseStatusCode(response, response_200, CONTINUE_ON_FAILURE): Verify response status code successfully

2022-07-02 21:26:15 - [MESSAGE][PASSED] - Verify response status code successfully

2022-07-02 21:26:15 - [TEST_STEP][PASSED] - verifyElementPropertyValue(response, "errors.message", "access denied"): Verify element property value successfully

2022-07-02 21:26:15 - [MESSAGE][PASSED] - Verify element property value successfully]]></system-out>
         <system-err><![CDATA[]]></system-err>
      </testcase>
      <testcase name="Test Cases/01_API/02_Class/SC010_Delete Class By Id/TC002_Delete Class By Id (With invalid id)" time="1.509" classname="Test Cases/01_API/02_Class/SC010_Delete Class By Id/TC002_Delete Class By Id (With invalid id)" status="PASSED">
         <system-out><![CDATA[2022-07-02 21:26:15 - [TEST_CASE][PASSED] - Test Cases/01_API/02_Class/SC010_Delete Class By Id/TC002_Delete Class By Id (With invalid id): Test Cases/01_API/02_Class/SC010_Delete Class By Id/TC002_Delete Class By Id (With invalid id)

2022-07-02 21:26:15 - [TEST_STEP][PASSED] - response = sendRequest(findTestObject("01_API/02_Class/SC010_Delete Class By Id/TC002_Delete Class By Id (With invalid id)")): Send request successfully

2022-07-02 21:26:16 - [MESSAGE][INFO] - HAR: F:\1. UNNES\6. Semester 6\2 - MSIB\CAPSTONE PROJECT\testing-lms\Reports\20220702_212550\TS01_API\Regression_API\20220702_212550\requests\main\7.har

2022-07-02 21:26:16 - [MESSAGE][PASSED] - Send request successfully

2022-07-02 21:26:16 - [TEST_STEP][PASSED] - verifyResponseStatusCode(response, response_400, CONTINUE_ON_FAILURE): Verify response status code successfully

2022-07-02 21:26:16 - [MESSAGE][PASSED] - Verify response status code successfully

2022-07-02 21:26:16 - [TEST_STEP][PASSED] - verifyElementPropertyValue(response, "status", "false"): Verify element property value successfully

2022-07-02 21:26:17 - [MESSAGE][PASSED] - Verify element property value successfully]]></system-out>
         <system-err><![CDATA[]]></system-err>
      </testcase>
      <testcase name="Test Cases/01_API/02_Class/SC010_Delete Class By Id/TC001_Delete Class By Id (With valid id)" time="3.699" classname="Test Cases/01_API/02_Class/SC010_Delete Class By Id/TC001_Delete Class By Id (With valid id)" status="PASSED">
         <system-out><![CDATA[2022-07-02 21:26:17 - [TEST_CASE][PASSED] - Test Cases/01_API/02_Class/SC010_Delete Class By Id/TC001_Delete Class By Id (With valid id): Test Cases/01_API/02_Class/SC010_Delete Class By Id/TC001_Delete Class By Id (With valid id)

2022-07-02 21:26:17 - [TEST_STEP][PASSED] - response = sendRequest(findTestObject("01_API/02_Class/SC010_Delete Class By Id/TC001_Delete Class By Id (With valid id)")): Send request successfully

2022-07-02 21:26:18 - [MESSAGE][INFO] - HAR: F:\1. UNNES\6. Semester 6\2 - MSIB\CAPSTONE PROJECT\testing-lms\Reports\20220702_212550\TS01_API\Regression_API\20220702_212550\requests\main\8.har

2022-07-02 21:26:18 - [MESSAGE][PASSED] - Send request successfully

2022-07-02 21:26:18 - [TEST_STEP][PASSED] - verifyResponseStatusCode(response, response_200, CONTINUE_ON_FAILURE): Verify response status code successfully

2022-07-02 21:26:18 - [MESSAGE][PASSED] - Verify response status code successfully

2022-07-02 21:26:18 - [TEST_STEP][PASSED] - verifyElementPropertyValue(response, "status", true): Verify element property value successfully

2022-07-02 21:26:18 - [MESSAGE][PASSED] - Verify element property value successfully

2022-07-02 21:26:18 - [TEST_STEP][PASSED] - response2 = sendRequest(findTestObject("01_API/02_Class/SC010_Delete Class By Id/TC001_Delete Class By Id (With valid id)")): Send request successfully

2022-07-02 21:26:20 - [MESSAGE][INFO] - HAR: F:\1. UNNES\6. Semester 6\2 - MSIB\CAPSTONE PROJECT\testing-lms\Reports\20220702_212550\TS01_API\Regression_API\20220702_212550\requests\main\9.har

2022-07-02 21:26:20 - [MESSAGE][PASSED] - Send request successfully

2022-07-02 21:26:20 - [TEST_STEP][PASSED] - verifyElementPropertyValue(response2, "data.isDeleted", true): Verify element property value successfully

2022-07-02 21:26:20 - [MESSAGE][PASSED] - Verify element property value successfully]]></system-out>
         <system-err><![CDATA[]]></system-err>
      </testcase>
      <testcase name="Test Cases/01_API/02_Class/SC009_Update Class By Id/TC004_Update Class By Id (With invalid token)" time="1.092" classname="Test Cases/01_API/02_Class/SC009_Update Class By Id/TC004_Update Class By Id (With invalid token)" status="PASSED">
         <system-out><![CDATA[2022-07-02 21:26:20 - [TEST_CASE][PASSED] - Test Cases/01_API/02_Class/SC009_Update Class By Id/TC004_Update Class By Id (With invalid token): Test Cases/01_API/02_Class/SC009_Update Class By Id/TC004_Update Class By Id (With invalid token)

2022-07-02 21:26:21 - [TEST_STEP][PASSED] - response = sendRequest(findTestObject("01_API/02_Class/SC009_Update Class By Id/TC004_Update Class By Id (With invalid token)")): Send request successfully

2022-07-02 21:26:21 - [MESSAGE][INFO] - HAR: F:\1. UNNES\6. Semester 6\2 - MSIB\CAPSTONE PROJECT\testing-lms\Reports\20220702_212550\TS01_API\Regression_API\20220702_212550\requests\main\10.har

2022-07-02 21:26:21 - [MESSAGE][PASSED] - Send request successfully

2022-07-02 21:26:21 - [TEST_STEP][PASSED] - verifyResponseStatusCode(response, response_200, CONTINUE_ON_FAILURE): Verify response status code successfully

2022-07-02 21:26:21 - [MESSAGE][PASSED] - Verify response status code successfully

2022-07-02 21:26:21 - [TEST_STEP][PASSED] - verifyElementPropertyValue(response, "errors.message", "access denied"): Verify element property value successfully

2022-07-02 21:26:21 - [MESSAGE][PASSED] - Verify element property value successfully]]></system-out>
         <system-err><![CDATA[]]></system-err>
      </testcase>
      <testcase name="Test Cases/01_API/02_Class/SC009_Update Class By Id/TC003_Update Class By Id (With empty field)" time="1.324" classname="Test Cases/01_API/02_Class/SC009_Update Class By Id/TC003_Update Class By Id (With empty field)" status="PASSED">
         <system-out><![CDATA[2022-07-02 21:26:21 - [TEST_CASE][PASSED] - Test Cases/01_API/02_Class/SC009_Update Class By Id/TC003_Update Class By Id (With empty field): Test Cases/01_API/02_Class/SC009_Update Class By Id/TC003_Update Class By Id (With empty field)

2022-07-02 21:26:22 - [TEST_STEP][PASSED] - response = sendRequest(findTestObject("01_API/02_Class/SC009_Update Class By Id/TC003_Update Class By Id (With empty field)")): Send request successfully

2022-07-02 21:26:23 - [MESSAGE][INFO] - HAR: F:\1. UNNES\6. Semester 6\2 - MSIB\CAPSTONE PROJECT\testing-lms\Reports\20220702_212550\TS01_API\Regression_API\20220702_212550\requests\main\11.har

2022-07-02 21:26:23 - [MESSAGE][PASSED] - Send request successfully

2022-07-02 21:26:23 - [TEST_STEP][PASSED] - verifyResponseStatusCode(response, response_400, CONTINUE_ON_FAILURE): Verify response status code successfully

2022-07-02 21:26:23 - [MESSAGE][PASSED] - Verify response status code successfully

2022-07-02 21:26:23 - [TEST_STEP][PASSED] - verifyElementPropertyValue(response, "error", "Bad Request"): Verify element property value successfully

2022-07-02 21:26:23 - [MESSAGE][PASSED] - Verify element property value successfully]]></system-out>
         <system-err><![CDATA[]]></system-err>
      </testcase>
      <testcase name="Test Cases/01_API/02_Class/SC009_Update Class By Id/TC002_Update Class By Id (With invalid id)" time="1.828" classname="Test Cases/01_API/02_Class/SC009_Update Class By Id/TC002_Update Class By Id (With invalid id)" status="PASSED">
         <system-out><![CDATA[2022-07-02 21:26:23 - [TEST_CASE][PASSED] - Test Cases/01_API/02_Class/SC009_Update Class By Id/TC002_Update Class By Id (With invalid id): Test Cases/01_API/02_Class/SC009_Update Class By Id/TC002_Update Class By Id (With invalid id)

2022-07-02 21:26:23 - [TEST_STEP][PASSED] - response = sendRequest(findTestObject("01_API/02_Class/SC009_Update Class By Id/TC002_Update Class By Id (With invalid id)")): Send request successfully

2022-07-02 21:26:24 - [MESSAGE][INFO] - HAR: F:\1. UNNES\6. Semester 6\2 - MSIB\CAPSTONE PROJECT\testing-lms\Reports\20220702_212550\TS01_API\Regression_API\20220702_212550\requests\main\12.har

2022-07-02 21:26:24 - [MESSAGE][PASSED] - Send request successfully

2022-07-02 21:26:24 - [TEST_STEP][PASSED] - verifyResponseStatusCode(response, response_400, CONTINUE_ON_FAILURE): Verify response status code successfully

2022-07-02 21:26:24 - [MESSAGE][PASSED] - Verify response status code successfully

2022-07-02 21:26:24 - [TEST_STEP][PASSED] - verifyElementPropertyValue(response, "status", "false"): Verify element property value successfully

2022-07-02 21:26:24 - [MESSAGE][PASSED] - Verify element property value successfully]]></system-out>
         <system-err><![CDATA[]]></system-err>
      </testcase>
      <testcase name="Test Cases/01_API/02_Class/SC009_Update Class By Id/TC001_Update Class By Id (With valid input)" time="1.859" classname="Test Cases/01_API/02_Class/SC009_Update Class By Id/TC001_Update Class By Id (With valid input)" status="PASSED">
         <system-out><![CDATA[2022-07-02 21:26:24 - [TEST_CASE][PASSED] - Test Cases/01_API/02_Class/SC009_Update Class By Id/TC001_Update Class By Id (With valid input): Test Cases/01_API/02_Class/SC009_Update Class By Id/TC001_Update Class By Id (With valid input)

2022-07-02 21:26:25 - [TEST_STEP][PASSED] - response = sendRequest(findTestObject("01_API/02_Class/SC009_Update Class By Id/TC001_Update Class By Id (With valid input)")): Send request successfully

2022-07-02 21:26:26 - [MESSAGE][INFO] - HAR: F:\1. UNNES\6. Semester 6\2 - MSIB\CAPSTONE PROJECT\testing-lms\Reports\20220702_212550\TS01_API\Regression_API\20220702_212550\requests\main\13.har

2022-07-02 21:26:26 - [MESSAGE][PASSED] - Send request successfully

2022-07-02 21:26:26 - [TEST_STEP][PASSED] - verifyResponseStatusCode(response, response_200, CONTINUE_ON_FAILURE): Verify response status code successfully

2022-07-02 21:26:26 - [MESSAGE][PASSED] - Verify response status code successfully

2022-07-02 21:26:26 - [TEST_STEP][PASSED] - verifyElementPropertyValue(response, "status", "true"): Verify element property value successfully

2022-07-02 21:26:26 - [MESSAGE][PASSED] - Verify element property value successfully]]></system-out>
         <system-err><![CDATA[]]></system-err>
      </testcase>
      <testcase name="Test Cases/01_API/02_Class/SC008_Get Class By Id/TC003_Get Class By Id (With invalid token)" time="0.949" classname="Test Cases/01_API/02_Class/SC008_Get Class By Id/TC003_Get Class By Id (With invalid token)" status="PASSED">
         <system-out><![CDATA[2022-07-02 21:26:26 - [TEST_CASE][PASSED] - Test Cases/01_API/02_Class/SC008_Get Class By Id/TC003_Get Class By Id (With invalid token): Test Cases/01_API/02_Class/SC008_Get Class By Id/TC003_Get Class By Id (With invalid token)

2022-07-02 21:26:27 - [TEST_STEP][PASSED] - response = sendRequest(findTestObject("01_API/02_Class/SC008_Get Class By Id/TC003_Get Class By Id (With invalid token)")): Send request successfully

2022-07-02 21:26:27 - [MESSAGE][INFO] - HAR: F:\1. UNNES\6. Semester 6\2 - MSIB\CAPSTONE PROJECT\testing-lms\Reports\20220702_212550\TS01_API\Regression_API\20220702_212550\requests\main\14.har

2022-07-02 21:26:27 - [MESSAGE][PASSED] - Send request successfully

2022-07-02 21:26:27 - [TEST_STEP][PASSED] - verifyResponseStatusCode(response, response_200, CONTINUE_ON_FAILURE): Verify response status code successfully

2022-07-02 21:26:27 - [MESSAGE][PASSED] - Verify response status code successfully

2022-07-02 21:26:27 - [TEST_STEP][PASSED] - verifyElementPropertyValue(response, "errors.message", "access denied"): Verify element property value successfully

2022-07-02 21:26:27 - [MESSAGE][PASSED] - Verify element property value successfully]]></system-out>
         <system-err><![CDATA[]]></system-err>
      </testcase>
      <testcase name="Test Cases/01_API/02_Class/SC008_Get Class By Id/TC002_Get Class By Id (With invalid id)" time="1.61" classname="Test Cases/01_API/02_Class/SC008_Get Class By Id/TC002_Get Class By Id (With invalid id)" status="PASSED">
         <system-out><![CDATA[2022-07-02 21:26:27 - [TEST_CASE][PASSED] - Test Cases/01_API/02_Class/SC008_Get Class By Id/TC002_Get Class By Id (With invalid id): Test Cases/01_API/02_Class/SC008_Get Class By Id/TC002_Get Class By Id (With invalid id)

2022-07-02 21:26:28 - [TEST_STEP][PASSED] - response = sendRequest(findTestObject("01_API/02_Class/SC008_Get Class By Id/TC002_Get Class By Id (With invalid id)")): Send request successfully

2022-07-02 21:26:29 - [MESSAGE][INFO] - HAR: F:\1. UNNES\6. Semester 6\2 - MSIB\CAPSTONE PROJECT\testing-lms\Reports\20220702_212550\TS01_API\Regression_API\20220702_212550\requests\main\15.har

2022-07-02 21:26:29 - [MESSAGE][PASSED] - Send request successfully

2022-07-02 21:26:29 - [TEST_STEP][PASSED] - verifyResponseStatusCode(response, response_400, CONTINUE_ON_FAILURE): Verify response status code successfully

2022-07-02 21:26:29 - [MESSAGE][PASSED] - Verify response status code successfully

2022-07-02 21:26:29 - [TEST_STEP][PASSED] - verifyElementPropertyValue(response, "status", "false"): Verify element property value successfully

2022-07-02 21:26:29 - [MESSAGE][PASSED] - Verify element property value successfully]]></system-out>
         <system-err><![CDATA[]]></system-err>
      </testcase>
      <testcase name="Test Cases/01_API/02_Class/SC008_Get Class By Id/TC001_Get Class By Id (With valid id)" time="2.384" classname="Test Cases/01_API/02_Class/SC008_Get Class By Id/TC001_Get Class By Id (With valid id)" status="PASSED">
         <system-out><![CDATA[2022-07-02 21:26:29 - [TEST_CASE][PASSED] - Test Cases/01_API/02_Class/SC008_Get Class By Id/TC001_Get Class By Id (With valid id): Test Cases/01_API/02_Class/SC008_Get Class By Id/TC001_Get Class By Id (With valid id)

2022-07-02 21:26:29 - [TEST_STEP][PASSED] - response = sendRequest(findTestObject("01_API/02_Class/SC008_Get Class By Id/TC001_Get Class By Id (With valid id)")): Send request successfully

2022-07-02 21:26:31 - [MESSAGE][INFO] - HAR: F:\1. UNNES\6. Semester 6\2 - MSIB\CAPSTONE PROJECT\testing-lms\Reports\20220702_212550\TS01_API\Regression_API\20220702_212550\requests\main\16.har

2022-07-02 21:26:31 - [MESSAGE][PASSED] - Send request successfully

2022-07-02 21:26:31 - [TEST_STEP][PASSED] - verifyResponseStatusCode(response, response_200, CONTINUE_ON_FAILURE): Verify response status code successfully

2022-07-02 21:26:31 - [MESSAGE][PASSED] - Verify response status code successfully

2022-07-02 21:26:31 - [TEST_STEP][PASSED] - verifyElementPropertyValue(response, "status", "true"): Verify element property value successfully

2022-07-02 21:26:31 - [MESSAGE][PASSED] - Verify element property value successfully]]></system-out>
         <system-err><![CDATA[]]></system-err>
      </testcase>
      <testcase name="Test Cases/01_API/02_Class/SC007_Create A Class/TC003_Create A Class (With invalid token)" time="3.518" classname="Test Cases/01_API/02_Class/SC007_Create A Class/TC003_Create A Class (With invalid token)" status="PASSED">
         <system-out><![CDATA[2022-07-02 21:26:31 - [TEST_CASE][PASSED] - Test Cases/01_API/02_Class/SC007_Create A Class/TC003_Create A Class (With invalid token): Test Cases/01_API/02_Class/SC007_Create A Class/TC003_Create A Class (With invalid token)

2022-07-02 21:26:32 - [TEST_STEP][PASSED] - response = sendRequest(findTestObject("01_API/02_Class/SC007_Create A Class/TC003_Create A Class (With invalid token)")): Send request successfully

2022-07-02 21:26:35 - [MESSAGE][INFO] - HAR: F:\1. UNNES\6. Semester 6\2 - MSIB\CAPSTONE PROJECT\testing-lms\Reports\20220702_212550\TS01_API\Regression_API\20220702_212550\requests\main\17.har

2022-07-02 21:26:35 - [MESSAGE][PASSED] - Send request successfully

2022-07-02 21:26:35 - [TEST_STEP][PASSED] - verifyResponseStatusCode(response, response_200, CONTINUE_ON_FAILURE): Verify response status code successfully

2022-07-02 21:26:35 - [MESSAGE][PASSED] - Verify response status code successfully

2022-07-02 21:26:35 - [TEST_STEP][PASSED] - verifyElementPropertyValue(response, "errors.message", "access denied"): Verify element property value successfully

2022-07-02 21:26:35 - [MESSAGE][PASSED] - Verify element property value successfully]]></system-out>
         <system-err><![CDATA[]]></system-err>
      </testcase>
      <testcase name="Test Cases/01_API/02_Class/SC007_Create A Class/TC002_Create A Class (With empty field)" time="1.368" classname="Test Cases/01_API/02_Class/SC007_Create A Class/TC002_Create A Class (With empty field)" status="PASSED">
         <system-out><![CDATA[2022-07-02 21:26:35 - [TEST_CASE][PASSED] - Test Cases/01_API/02_Class/SC007_Create A Class/TC002_Create A Class (With empty field): Test Cases/01_API/02_Class/SC007_Create A Class/TC002_Create A Class (With empty field)

2022-07-02 21:26:35 - [TEST_STEP][PASSED] - response = sendRequest(findTestObject("01_API/02_Class/SC007_Create A Class/TC002_Create A Class (With empty field)")): Send request successfully

2022-07-02 21:26:36 - [MESSAGE][INFO] - HAR: F:\1. UNNES\6. Semester 6\2 - MSIB\CAPSTONE PROJECT\testing-lms\Reports\20220702_212550\TS01_API\Regression_API\20220702_212550\requests\main\18.har

2022-07-02 21:26:36 - [MESSAGE][PASSED] - Send request successfully

2022-07-02 21:26:36 - [TEST_STEP][PASSED] - verifyResponseStatusCode(response, response_400, CONTINUE_ON_FAILURE): Verify response status code successfully

2022-07-02 21:26:36 - [MESSAGE][PASSED] - Verify response status code successfully

2022-07-02 21:26:36 - [TEST_STEP][PASSED] - verifyElementPropertyValue(response, "status", "false"): Verify element property value successfully

2022-07-02 21:26:36 - [MESSAGE][PASSED] - Verify element property value successfully]]></system-out>
         <system-err><![CDATA[]]></system-err>
      </testcase>
      <testcase name="Test Cases/01_API/02_Class/SC007_Create A Class/TC001_Create A Class (With valid input)" time="3.114" classname="Test Cases/01_API/02_Class/SC007_Create A Class/TC001_Create A Class (With valid input)" status="PASSED">
         <system-out><![CDATA[2022-07-02 21:26:36 - [TEST_CASE][PASSED] - Test Cases/01_API/02_Class/SC007_Create A Class/TC001_Create A Class (With valid input): Test Cases/01_API/02_Class/SC007_Create A Class/TC001_Create A Class (With valid input)

2022-07-02 21:26:37 - [TEST_STEP][PASSED] - response = sendRequest(findTestObject("01_API/02_Class/SC007_Create A Class/TC001_Create A Class (With valid input)")): Send request successfully

2022-07-02 21:26:39 - [MESSAGE][INFO] - HAR: F:\1. UNNES\6. Semester 6\2 - MSIB\CAPSTONE PROJECT\testing-lms\Reports\20220702_212550\TS01_API\Regression_API\20220702_212550\requests\main\19.har

2022-07-02 21:26:39 - [MESSAGE][PASSED] - Send request successfully

2022-07-02 21:26:39 - [TEST_STEP][PASSED] - verifyResponseStatusCode(response, response_200, CONTINUE_ON_FAILURE): Verify response status code successfully

2022-07-02 21:26:39 - [MESSAGE][PASSED] - Verify response status code successfully

2022-07-02 21:26:39 - [TEST_STEP][PASSED] - verifyElementPropertyValue(response, "status", "true"): Verify element property value successfully

2022-07-02 21:26:39 - [MESSAGE][PASSED] - Verify element property value successfully]]></system-out>
         <system-err><![CDATA[]]></system-err>
      </testcase>
      <testcase name="Test Cases/01_API/02_Class/SC006_Get All Class/TC002_Get All Class (invalid token)" time="0.902" classname="Test Cases/01_API/02_Class/SC006_Get All Class/TC002_Get All Class (invalid token)" status="PASSED">
         <system-out><![CDATA[2022-07-02 21:26:39 - [TEST_CASE][PASSED] - Test Cases/01_API/02_Class/SC006_Get All Class/TC002_Get All Class (invalid token): Test Cases/01_API/02_Class/SC006_Get All Class/TC002_Get All Class (invalid token)

2022-07-02 21:26:40 - [TEST_STEP][PASSED] - response = sendRequest(findTestObject("01_API/02_Class/SC006_Get All Class/TC002_Get All Class (invalid token)")): Send request successfully

2022-07-02 21:26:40 - [MESSAGE][INFO] - HAR: F:\1. UNNES\6. Semester 6\2 - MSIB\CAPSTONE PROJECT\testing-lms\Reports\20220702_212550\TS01_API\Regression_API\20220702_212550\requests\main\20.har

2022-07-02 21:26:40 - [MESSAGE][PASSED] - Send request successfully

2022-07-02 21:26:40 - [TEST_STEP][PASSED] - verifyResponseStatusCode(response, response_200, CONTINUE_ON_FAILURE): Verify response status code successfully

2022-07-02 21:26:40 - [MESSAGE][PASSED] - Verify response status code successfully

2022-07-02 21:26:40 - [TEST_STEP][PASSED] - verifyElementPropertyValue(response, "errors.message", "access denied"): Verify element property value successfully

2022-07-02 21:26:40 - [MESSAGE][PASSED] - Verify element property value successfully]]></system-out>
         <system-err><![CDATA[]]></system-err>
      </testcase>
      <testcase name="Test Cases/01_API/02_Class/SC006_Get All Class/TC001_Get All Class (With valid input)" time="4.762" classname="Test Cases/01_API/02_Class/SC006_Get All Class/TC001_Get All Class (With valid input)" status="PASSED">
         <system-out><![CDATA[2022-07-02 21:26:40 - [TEST_CASE][PASSED] - Test Cases/01_API/02_Class/SC006_Get All Class/TC001_Get All Class (With valid input): Test Cases/01_API/02_Class/SC006_Get All Class/TC001_Get All Class (With valid input)

2022-07-02 21:26:41 - [TEST_STEP][PASSED] - response = sendRequest(findTestObject("01_API/02_Class/SC006_Get All Class/TC001_Get All Class (With valid input)")): Send request successfully

2022-07-02 21:26:45 - [MESSAGE][INFO] - HAR: F:\1. UNNES\6. Semester 6\2 - MSIB\CAPSTONE PROJECT\testing-lms\Reports\20220702_212550\TS01_API\Regression_API\20220702_212550\requests\main\21.har

2022-07-02 21:26:45 - [MESSAGE][PASSED] - Send request successfully

2022-07-02 21:26:45 - [TEST_STEP][PASSED] - verifyResponseStatusCode(response, response_200, CONTINUE_ON_FAILURE): Verify response status code successfully

2022-07-02 21:26:45 - [MESSAGE][PASSED] - Verify response status code successfully

2022-07-02 21:26:45 - [TEST_STEP][PASSED] - verifyElementPropertyValue(response, "status", "true"): Verify element property value successfully

2022-07-02 21:26:45 - [MESSAGE][PASSED] - Verify element property value successfully]]></system-out>
         <system-err><![CDATA[]]></system-err>
      </testcase>
      <testcase name="Test Cases/01_API/03_Class Material/SC015_Get All Material By Class Id/TC003_Get All Material By Class Id (With invalid token)" time="0.872" classname="Test Cases/01_API/03_Class Material/SC015_Get All Material By Class Id/TC003_Get All Material By Class Id (With invalid token)" status="PASSED">
         <system-out><![CDATA[2022-07-02 21:26:45 - [TEST_CASE][PASSED] - Test Cases/01_API/03_Class Material/SC015_Get All Material By Class Id/TC003_Get All Material By Class Id (With invalid token): Test Cases/01_API/03_Class Material/SC015_Get All Material By Class Id/TC003_Get All Material By Class Id (With invalid token)

2022-07-02 21:26:45 - [TEST_STEP][PASSED] - response = sendRequest(findTestObject("01_API/03_Material/SC015_Get All Material By Class Id/TC003_Get All Material By Class Id (With invalid token)")): Send request successfully

2022-07-02 21:26:46 - [MESSAGE][INFO] - HAR: F:\1. UNNES\6. Semester 6\2 - MSIB\CAPSTONE PROJECT\testing-lms\Reports\20220702_212550\TS01_API\Regression_API\20220702_212550\requests\main\22.har

2022-07-02 21:26:46 - [MESSAGE][PASSED] - Send request successfully

2022-07-02 21:26:46 - [TEST_STEP][PASSED] - verifyResponseStatusCode(response, response_200, CONTINUE_ON_FAILURE): Verify response status code successfully

2022-07-02 21:26:46 - [MESSAGE][PASSED] - Verify response status code successfully

2022-07-02 21:26:46 - [TEST_STEP][PASSED] - verifyElementPropertyValue(response, "errors.message", "access denied"): Verify element property value successfully

2022-07-02 21:26:46 - [MESSAGE][PASSED] - Verify element property value successfully]]></system-out>
         <system-err><![CDATA[]]></system-err>
      </testcase>
      <testcase name="Test Cases/01_API/03_Class Material/SC015_Get All Material By Class Id/TC002_Get All Material By Class Id (With invalid id)" time="1.376" classname="Test Cases/01_API/03_Class Material/SC015_Get All Material By Class Id/TC002_Get All Material By Class Id (With invalid id)" status="PASSED">
         <system-out><![CDATA[2022-07-02 21:26:46 - [TEST_CASE][PASSED] - Test Cases/01_API/03_Class Material/SC015_Get All Material By Class Id/TC002_Get All Material By Class Id (With invalid id): Test Cases/01_API/03_Class Material/SC015_Get All Material By Class Id/TC002_Get All Material By Class Id (With invalid id)

2022-07-02 21:26:46 - [TEST_STEP][PASSED] - response = sendRequest(findTestObject("01_API/03_Material/SC015_Get All Material By Class Id/TC002_Get All Material By Class Id (With invalid id)")): Send request successfully

2022-07-02 21:26:47 - [MESSAGE][INFO] - HAR: F:\1. UNNES\6. Semester 6\2 - MSIB\CAPSTONE PROJECT\testing-lms\Reports\20220702_212550\TS01_API\Regression_API\20220702_212550\requests\main\23.har

2022-07-02 21:26:47 - [MESSAGE][PASSED] - Send request successfully

2022-07-02 21:26:47 - [TEST_STEP][PASSED] - verifyResponseStatusCode(response, response_200, CONTINUE_ON_FAILURE): Verify response status code successfully

2022-07-02 21:26:47 - [MESSAGE][PASSED] - Verify response status code successfully

2022-07-02 21:26:47 - [TEST_STEP][PASSED] - verifyElementPropertyValue(response, "data", []): Verify element property value successfully

2022-07-02 21:26:47 - [MESSAGE][PASSED] - Verify element property value successfully]]></system-out>
         <system-err><![CDATA[]]></system-err>
      </testcase>
      <testcase name="Test Cases/01_API/03_Class Material/SC015_Get All Material By Class Id/TC001_Get All Material By Class Id" time="1.599" classname="Test Cases/01_API/03_Class Material/SC015_Get All Material By Class Id/TC001_Get All Material By Class Id" status="PASSED">
         <system-out><![CDATA[2022-07-02 21:26:47 - [TEST_CASE][PASSED] - Test Cases/01_API/03_Class Material/SC015_Get All Material By Class Id/TC001_Get All Material By Class Id: Test Cases/01_API/03_Class Material/SC015_Get All Material By Class Id/TC001_Get All Material By Class Id

2022-07-02 21:26:48 - [TEST_STEP][PASSED] - response = sendRequest(findTestObject("01_API/03_Material/SC015_Get All Material By Class Id/TC001_Get All Material By Class Id")): Send request successfully

2022-07-02 21:26:49 - [MESSAGE][INFO] - HAR: F:\1. UNNES\6. Semester 6\2 - MSIB\CAPSTONE PROJECT\testing-lms\Reports\20220702_212550\TS01_API\Regression_API\20220702_212550\requests\main\24.har

2022-07-02 21:26:49 - [MESSAGE][PASSED] - Send request successfully

2022-07-02 21:26:49 - [TEST_STEP][PASSED] - verifyResponseStatusCode(response, response_200, CONTINUE_ON_FAILURE): Verify response status code successfully

2022-07-02 21:26:49 - [MESSAGE][PASSED] - Verify response status code successfully

2022-07-02 21:26:49 - [TEST_STEP][PASSED] - verifyElementPropertyValue(response, "status", "true"): Verify element property value successfully

2022-07-02 21:26:49 - [MESSAGE][PASSED] - Verify element property value successfully]]></system-out>
         <system-err><![CDATA[]]></system-err>
      </testcase>
      <testcase name="Test Cases/01_API/03_Class Material/SC014_Get Material By Id/TC003_Get Material By Id (With invalid token)" time="0.933" classname="Test Cases/01_API/03_Class Material/SC014_Get Material By Id/TC003_Get Material By Id (With invalid token)" status="PASSED">
         <system-out><![CDATA[2022-07-02 21:26:49 - [TEST_CASE][PASSED] - Test Cases/01_API/03_Class Material/SC014_Get Material By Id/TC003_Get Material By Id (With invalid token): Test Cases/01_API/03_Class Material/SC014_Get Material By Id/TC003_Get Material By Id (With invalid token)

2022-07-02 21:26:49 - [TEST_STEP][PASSED] - response = sendRequest(findTestObject("01_API/03_Material/SC014_Get Material By Id/TC003_Get Material By Id (With invalid token)")): Send request successfully

2022-07-02 21:26:50 - [MESSAGE][INFO] - HAR: F:\1. UNNES\6. Semester 6\2 - MSIB\CAPSTONE PROJECT\testing-lms\Reports\20220702_212550\TS01_API\Regression_API\20220702_212550\requests\main\25.har

2022-07-02 21:26:50 - [MESSAGE][PASSED] - Send request successfully

2022-07-02 21:26:50 - [TEST_STEP][PASSED] - verifyResponseStatusCode(response, response_200, CONTINUE_ON_FAILURE): Verify response status code successfully

2022-07-02 21:26:50 - [MESSAGE][PASSED] - Verify response status code successfully

2022-07-02 21:26:50 - [TEST_STEP][PASSED] - verifyElementPropertyValue(response, "errors.message", "access denied"): Verify element property value successfully

2022-07-02 21:26:50 - [MESSAGE][PASSED] - Verify element property value successfully]]></system-out>
         <system-err><![CDATA[]]></system-err>
      </testcase>
      <testcase name="Test Cases/01_API/03_Class Material/SC014_Get Material By Id/TC002_Get Material By Id (With invalid id)" time="1.604" classname="Test Cases/01_API/03_Class Material/SC014_Get Material By Id/TC002_Get Material By Id (With invalid id)" status="PASSED">
         <system-out><![CDATA[2022-07-02 21:26:50 - [TEST_CASE][PASSED] - Test Cases/01_API/03_Class Material/SC014_Get Material By Id/TC002_Get Material By Id (With invalid id): Test Cases/01_API/03_Class Material/SC014_Get Material By Id/TC002_Get Material By Id (With invalid id)

2022-07-02 21:26:50 - [TEST_STEP][PASSED] - response = sendRequest(findTestObject("01_API/03_Material/SC014_Get Material By Id/TC002_Get Material By Id (With invalid id)")): Send request successfully

2022-07-02 21:26:51 - [MESSAGE][INFO] - HAR: F:\1. UNNES\6. Semester 6\2 - MSIB\CAPSTONE PROJECT\testing-lms\Reports\20220702_212550\TS01_API\Regression_API\20220702_212550\requests\main\26.har

2022-07-02 21:26:51 - [MESSAGE][PASSED] - Send request successfully

2022-07-02 21:26:51 - [TEST_STEP][PASSED] - verifyResponseStatusCode(response, response_400, CONTINUE_ON_FAILURE): Verify response status code successfully

2022-07-02 21:26:51 - [MESSAGE][PASSED] - Verify response status code successfully

2022-07-02 21:26:51 - [TEST_STEP][PASSED] - verifyElementPropertyValue(response, "status", "false"): Verify element property value successfully

2022-07-02 21:26:51 - [MESSAGE][PASSED] - Verify element property value successfully]]></system-out>
         <system-err><![CDATA[]]></system-err>
      </testcase>
      <testcase name="Test Cases/01_API/03_Class Material/SC014_Get Material By Id/TC001_Get Material By Id" time="3.082" classname="Test Cases/01_API/03_Class Material/SC014_Get Material By Id/TC001_Get Material By Id" status="PASSED">
         <system-out><![CDATA[2022-07-02 21:26:51 - [TEST_CASE][PASSED] - Test Cases/01_API/03_Class Material/SC014_Get Material By Id/TC001_Get Material By Id: Test Cases/01_API/03_Class Material/SC014_Get Material By Id/TC001_Get Material By Id

2022-07-02 21:26:52 - [TEST_STEP][PASSED] - response = sendRequest(findTestObject("01_API/03_Material/SC014_Get Material By Id/TC001_Get Material By Id")): Send request successfully

2022-07-02 21:26:54 - [MESSAGE][INFO] - HAR: F:\1. UNNES\6. Semester 6\2 - MSIB\CAPSTONE PROJECT\testing-lms\Reports\20220702_212550\TS01_API\Regression_API\20220702_212550\requests\main\27.har

2022-07-02 21:26:54 - [MESSAGE][PASSED] - Send request successfully

2022-07-02 21:26:54 - [TEST_STEP][PASSED] - verifyResponseStatusCode(response, response_200, CONTINUE_ON_FAILURE): Verify response status code successfully

2022-07-02 21:26:54 - [MESSAGE][PASSED] - Verify response status code successfully

2022-07-02 21:26:54 - [TEST_STEP][PASSED] - verifyElementPropertyValue(response, "status", "true"): Verify element property value successfully

2022-07-02 21:26:55 - [MESSAGE][PASSED] - Verify element property value successfully]]></system-out>
         <system-err><![CDATA[]]></system-err>
      </testcase>
      <testcase name="Test Cases/01_API/03_Class Material/SC013_Create Class Material/TC004_Create Class Material (With invalid token)" time="0.878" classname="Test Cases/01_API/03_Class Material/SC013_Create Class Material/TC004_Create Class Material (With invalid token)" status="PASSED">
         <system-out><![CDATA[2022-07-02 21:26:55 - [TEST_CASE][PASSED] - Test Cases/01_API/03_Class Material/SC013_Create Class Material/TC004_Create Class Material (With invalid token): Test Cases/01_API/03_Class Material/SC013_Create Class Material/TC004_Create Class Material (With invalid token)

2022-07-02 21:26:55 - [TEST_STEP][PASSED] - response = sendRequest(findTestObject("01_API/03_Material/SC013_Create Class Material/TC004_Create Class Material (With invalid token)")): Send request successfully

2022-07-02 21:26:55 - [MESSAGE][INFO] - HAR: F:\1. UNNES\6. Semester 6\2 - MSIB\CAPSTONE PROJECT\testing-lms\Reports\20220702_212550\TS01_API\Regression_API\20220702_212550\requests\main\28.har

2022-07-02 21:26:55 - [MESSAGE][PASSED] - Send request successfully

2022-07-02 21:26:55 - [TEST_STEP][PASSED] - verifyResponseStatusCode(response, response_200, CONTINUE_ON_FAILURE): Verify response status code successfully

2022-07-02 21:26:55 - [MESSAGE][PASSED] - Verify response status code successfully

2022-07-02 21:26:55 - [TEST_STEP][PASSED] - verifyElementPropertyValue(response, "errors.message", "access denied"): Verify element property value successfully

2022-07-02 21:26:55 - [MESSAGE][PASSED] - Verify element property value successfully]]></system-out>
         <system-err><![CDATA[]]></system-err>
      </testcase>
      <testcase name="Test Cases/01_API/03_Class Material/SC013_Create Class Material/TC003_Create Class Material (With invalid class id)" time="1.411" classname="Test Cases/01_API/03_Class Material/SC013_Create Class Material/TC003_Create Class Material (With invalid class id)" status="PASSED">
         <system-out><![CDATA[2022-07-02 21:26:55 - [TEST_CASE][PASSED] - Test Cases/01_API/03_Class Material/SC013_Create Class Material/TC003_Create Class Material (With invalid class id): Test Cases/01_API/03_Class Material/SC013_Create Class Material/TC003_Create Class Material (With invalid class id)

2022-07-02 21:26:56 - [TEST_STEP][PASSED] - response = sendRequest(findTestObject("01_API/03_Material/SC013_Create Class Material/TC003_Create Class Material (With invalid class id)")): Send request successfully

2022-07-02 21:26:57 - [MESSAGE][INFO] - HAR: F:\1. UNNES\6. Semester 6\2 - MSIB\CAPSTONE PROJECT\testing-lms\Reports\20220702_212550\TS01_API\Regression_API\20220702_212550\requests\main\29.har

2022-07-02 21:26:57 - [MESSAGE][PASSED] - Send request successfully

2022-07-02 21:26:57 - [TEST_STEP][PASSED] - verifyResponseStatusCode(response, response_400, CONTINUE_ON_FAILURE): Verify response status code successfully

2022-07-02 21:26:57 - [MESSAGE][PASSED] - Verify response status code successfully

2022-07-02 21:26:57 - [TEST_STEP][PASSED] - verifyElementPropertyValue(response, "status", "false"): Verify element property value successfully

2022-07-02 21:26:57 - [MESSAGE][PASSED] - Verify element property value successfully]]></system-out>
         <system-err><![CDATA[]]></system-err>
      </testcase>
      <testcase name="Test Cases/01_API/03_Class Material/SC013_Create Class Material/TC002_Create Class Material (With empty input)" time="1.417" classname="Test Cases/01_API/03_Class Material/SC013_Create Class Material/TC002_Create Class Material (With empty input)" status="PASSED">
         <system-out><![CDATA[2022-07-02 21:26:57 - [TEST_CASE][PASSED] - Test Cases/01_API/03_Class Material/SC013_Create Class Material/TC002_Create Class Material (With empty input): Test Cases/01_API/03_Class Material/SC013_Create Class Material/TC002_Create Class Material (With empty input)

2022-07-02 21:26:57 - [TEST_STEP][PASSED] - response = sendRequest(findTestObject("01_API/03_Material/SC013_Create Class Material/TC002_Create Class Material (With empty input)")): Send request successfully

2022-07-02 21:26:58 - [MESSAGE][INFO] - HAR: F:\1. UNNES\6. Semester 6\2 - MSIB\CAPSTONE PROJECT\testing-lms\Reports\20220702_212550\TS01_API\Regression_API\20220702_212550\requests\main\30.har

2022-07-02 21:26:58 - [MESSAGE][PASSED] - Send request successfully

2022-07-02 21:26:58 - [TEST_STEP][PASSED] - verifyResponseStatusCode(response, response_400, CONTINUE_ON_FAILURE): Verify response status code successfully

2022-07-02 21:26:58 - [MESSAGE][PASSED] - Verify response status code successfully

2022-07-02 21:26:58 - [TEST_STEP][PASSED] - verifyElementPropertyValue(response, "status", "false"): Verify element property value successfully

2022-07-02 21:26:58 - [MESSAGE][PASSED] - Verify element property value successfully]]></system-out>
         <system-err><![CDATA[]]></system-err>
      </testcase>
      <testcase name="Test Cases/01_API/03_Class Material/SC013_Create Class Material/TC001_Create Class Material (With valid input)" time="3.732" classname="Test Cases/01_API/03_Class Material/SC013_Create Class Material/TC001_Create Class Material (With valid input)" status="PASSED">
         <system-out><![CDATA[2022-07-02 21:26:58 - [TEST_CASE][PASSED] - Test Cases/01_API/03_Class Material/SC013_Create Class Material/TC001_Create Class Material (With valid input): Test Cases/01_API/03_Class Material/SC013_Create Class Material/TC001_Create Class Material (With valid input)

2022-07-02 21:26:59 - [TEST_STEP][PASSED] - response = sendRequest(findTestObject("01_API/02_Class/SC012_Get All Class by Page and Size/TC001_Get All Class by Page and Size")): Send request successfully

2022-07-02 21:27:02 - [MESSAGE][INFO] - HAR: F:\1. UNNES\6. Semester 6\2 - MSIB\CAPSTONE PROJECT\testing-lms\Reports\20220702_212550\TS01_API\Regression_API\20220702_212550\requests\main\31.har

2022-07-02 21:27:02 - [MESSAGE][PASSED] - Send request successfully

2022-07-02 21:27:02 - [TEST_STEP][PASSED] - verifyResponseStatusCode(response, response_200, CONTINUE_ON_FAILURE): Verify response status code successfully

2022-07-02 21:27:02 - [MESSAGE][PASSED] - Verify response status code successfully

2022-07-02 21:27:02 - [TEST_STEP][PASSED] - verifyElementPropertyValue(response, "status", "true"): Verify element property value successfully

2022-07-02 21:27:02 - [MESSAGE][PASSED] - Verify element property value successfully]]></system-out>
         <system-err><![CDATA[]]></system-err>
      </testcase>
      <testcase name="Test Cases/01_API/04_Guidance/SC017_Get All Guidances in Class/TC003_Get All Guidances in Class (With invalid token)" time="0.827" classname="Test Cases/01_API/04_Guidance/SC017_Get All Guidances in Class/TC003_Get All Guidances in Class (With invalid token)" status="PASSED">
         <system-out><![CDATA[2022-07-02 21:27:02 - [TEST_CASE][PASSED] - Test Cases/01_API/04_Guidance/SC017_Get All Guidances in Class/TC003_Get All Guidances in Class (With invalid token): Test Cases/01_API/04_Guidance/SC017_Get All Guidances in Class/TC003_Get All Guidances in Class (With invalid token)

2022-07-02 21:27:02 - [TEST_STEP][PASSED] - response = sendRequest(findTestObject("01_API/04_Guidance/SC017_Get All Guidances of Class/TC003_Get All Guidances in Class (With invalid token)")): Send request successfully

2022-07-02 21:27:03 - [MESSAGE][INFO] - HAR: F:\1. UNNES\6. Semester 6\2 - MSIB\CAPSTONE PROJECT\testing-lms\Reports\20220702_212550\TS01_API\Regression_API\20220702_212550\requests\main\32.har

2022-07-02 21:27:03 - [MESSAGE][PASSED] - Send request successfully

2022-07-02 21:27:03 - [TEST_STEP][PASSED] - verifyResponseStatusCode(response, response_200, CONTINUE_ON_FAILURE): Verify response status code successfully

2022-07-02 21:27:03 - [MESSAGE][PASSED] - Verify response status code successfully

2022-07-02 21:27:03 - [TEST_STEP][PASSED] - verifyElementPropertyValue(response, "errors.message", "access denied"): Verify element property value successfully

2022-07-02 21:27:03 - [MESSAGE][PASSED] - Verify element property value successfully]]></system-out>
         <system-err><![CDATA[]]></system-err>
      </testcase>
      <testcase name="Test Cases/01_API/04_Guidance/SC017_Get All Guidances in Class/TC002_Get All Guidances in Class (With invalid ClassId)" time="1.576" classname="Test Cases/01_API/04_Guidance/SC017_Get All Guidances in Class/TC002_Get All Guidances in Class (With invalid ClassId)" status="PASSED">
         <system-out><![CDATA[2022-07-02 21:27:03 - [TEST_CASE][PASSED] - Test Cases/01_API/04_Guidance/SC017_Get All Guidances in Class/TC002_Get All Guidances in Class (With invalid ClassId): Test Cases/01_API/04_Guidance/SC017_Get All Guidances in Class/TC002_Get All Guidances in Class (With invalid ClassId)

2022-07-02 21:27:03 - [TEST_STEP][PASSED] - response = sendRequest(findTestObject("01_API/04_Guidance/SC017_Get All Guidances of Class/TC002_Get All Guidances in Class (With invalid classId)")): Send request successfully

2022-07-02 21:27:04 - [MESSAGE][INFO] - HAR: F:\1. UNNES\6. Semester 6\2 - MSIB\CAPSTONE PROJECT\testing-lms\Reports\20220702_212550\TS01_API\Regression_API\20220702_212550\requests\main\33.har

2022-07-02 21:27:04 - [MESSAGE][PASSED] - Send request successfully

2022-07-02 21:27:04 - [TEST_STEP][PASSED] - verifyResponseStatusCode(response, response_200, CONTINUE_ON_FAILURE): Verify response status code successfully

2022-07-02 21:27:04 - [MESSAGE][PASSED] - Verify response status code successfully

2022-07-02 21:27:04 - [TEST_STEP][PASSED] - verifyElementPropertyValue(response, "data", []): Verify element property value successfully

2022-07-02 21:27:04 - [MESSAGE][PASSED] - Verify element property value successfully]]></system-out>
         <system-err><![CDATA[]]></system-err>
      </testcase>
      <testcase name="Test Cases/01_API/04_Guidance/SC017_Get All Guidances in Class/TC001_Get All Guidances in Class (With valid input)" time="1.749" classname="Test Cases/01_API/04_Guidance/SC017_Get All Guidances in Class/TC001_Get All Guidances in Class (With valid input)" status="PASSED">
         <system-out><![CDATA[2022-07-02 21:27:04 - [TEST_CASE][PASSED] - Test Cases/01_API/04_Guidance/SC017_Get All Guidances in Class/TC001_Get All Guidances in Class (With valid input): Test Cases/01_API/04_Guidance/SC017_Get All Guidances in Class/TC001_Get All Guidances in Class (With valid input)

2022-07-02 21:27:05 - [TEST_STEP][PASSED] - response = sendRequest(findTestObject("01_API/04_Guidance/SC017_Get All Guidances of Class/TC001_Get All Guidances in Class (With valid input)")): Send request successfully

2022-07-02 21:27:06 - [MESSAGE][INFO] - HAR: F:\1. UNNES\6. Semester 6\2 - MSIB\CAPSTONE PROJECT\testing-lms\Reports\20220702_212550\TS01_API\Regression_API\20220702_212550\requests\main\34.har

2022-07-02 21:27:06 - [MESSAGE][PASSED] - Send request successfully

2022-07-02 21:27:06 - [TEST_STEP][PASSED] - verifyResponseStatusCode(response, response_200, CONTINUE_ON_FAILURE): Verify response status code successfully

2022-07-02 21:27:06 - [MESSAGE][PASSED] - Verify response status code successfully

2022-07-02 21:27:06 - [TEST_STEP][PASSED] - verifyElementPropertyValue(response, "status", "true"): Verify element property value successfully

2022-07-02 21:27:06 - [MESSAGE][PASSED] - Verify element property value successfully]]></system-out>
         <system-err><![CDATA[]]></system-err>
      </testcase>
      <testcase name="Test Cases/01_API/04_Guidance/SC016_Request Guidance in Class/TC004_Request Guidance in Class (With invalid classId)" time="1.677" classname="Test Cases/01_API/04_Guidance/SC016_Request Guidance in Class/TC004_Request Guidance in Class (With invalid classId)" status="PASSED">
         <system-out><![CDATA[2022-07-02 21:27:06 - [TEST_CASE][PASSED] - Test Cases/01_API/04_Guidance/SC016_Request Guidance in Class/TC004_Request Guidance in Class (With invalid classId): Test Cases/01_API/04_Guidance/SC016_Request Guidance in Class/TC004_Request Guidance in Class (With invalid classId)

2022-07-02 21:27:07 - [TEST_STEP][PASSED] - response = sendRequest(findTestObject("01_API/04_Guidance/SC016_Request Guidance in Class/TC004_Request Guidance in Class (With invalid classId)")): Send request successfully

2022-07-02 21:27:08 - [MESSAGE][INFO] - HAR: F:\1. UNNES\6. Semester 6\2 - MSIB\CAPSTONE PROJECT\testing-lms\Reports\20220702_212550\TS01_API\Regression_API\20220702_212550\requests\main\35.har

2022-07-02 21:27:08 - [MESSAGE][PASSED] - Send request successfully

2022-07-02 21:27:08 - [TEST_STEP][PASSED] - verifyResponseStatusCode(response, response_400, CONTINUE_ON_FAILURE): Verify response status code successfully

2022-07-02 21:27:08 - [MESSAGE][PASSED] - Verify response status code successfully

2022-07-02 21:27:08 - [TEST_STEP][PASSED] - verifyElementPropertyValue(response, "errors.message", "Class not found"): Verify element property value successfully

2022-07-02 21:27:08 - [MESSAGE][PASSED] - Verify element property value successfully]]></system-out>
         <system-err><![CDATA[]]></system-err>
      </testcase>
      <testcase name="Test Cases/01_API/04_Guidance/SC016_Request Guidance in Class/TC003_Request Guidance in Class (With invalid userId)" time="1.869" classname="Test Cases/01_API/04_Guidance/SC016_Request Guidance in Class/TC003_Request Guidance in Class (With invalid userId)" status="PASSED">
         <system-out><![CDATA[2022-07-02 21:27:08 - [TEST_CASE][PASSED] - Test Cases/01_API/04_Guidance/SC016_Request Guidance in Class/TC003_Request Guidance in Class (With invalid userId): Test Cases/01_API/04_Guidance/SC016_Request Guidance in Class/TC003_Request Guidance in Class (With invalid userId)

2022-07-02 21:27:08 - [TEST_STEP][PASSED] - response = sendRequest(findTestObject("01_API/04_Guidance/SC016_Request Guidance in Class/TC003_Request Guidance in Class (With invalid userId)")): Send request successfully

2022-07-02 21:27:10 - [MESSAGE][INFO] - HAR: F:\1. UNNES\6. Semester 6\2 - MSIB\CAPSTONE PROJECT\testing-lms\Reports\20220702_212550\TS01_API\Regression_API\20220702_212550\requests\main\36.har

2022-07-02 21:27:10 - [MESSAGE][PASSED] - Send request successfully

2022-07-02 21:27:10 - [TEST_STEP][PASSED] - verifyResponseStatusCode(response, response_400, CONTINUE_ON_FAILURE): Verify response status code successfully

2022-07-02 21:27:10 - [MESSAGE][PASSED] - Verify response status code successfully

2022-07-02 21:27:10 - [TEST_STEP][PASSED] - verifyElementPropertyValue(response, "errors.message", "User not found"): Verify element property value successfully

2022-07-02 21:27:10 - [MESSAGE][PASSED] - Verify element property value successfully]]></system-out>
         <system-err><![CDATA[]]></system-err>
      </testcase>
      <testcase name="Test Cases/01_API/04_Guidance/SC016_Request Guidance in Class/TC002_Request Guidance in Class (With invalid token)" time="2.128" classname="Test Cases/01_API/04_Guidance/SC016_Request Guidance in Class/TC002_Request Guidance in Class (With invalid token)" status="PASSED">
         <system-out><![CDATA[2022-07-02 21:27:10 - [TEST_CASE][PASSED] - Test Cases/01_API/04_Guidance/SC016_Request Guidance in Class/TC002_Request Guidance in Class (With invalid token): Test Cases/01_API/04_Guidance/SC016_Request Guidance in Class/TC002_Request Guidance in Class (With invalid token)

2022-07-02 21:27:10 - [TEST_STEP][PASSED] - response = sendRequest(findTestObject("01_API/04_Guidance/SC016_Request Guidance in Class/TC002_Request Guidance in Class (With invalid token)")): Send request successfully

2022-07-02 21:27:12 - [MESSAGE][INFO] - HAR: F:\1. UNNES\6. Semester 6\2 - MSIB\CAPSTONE PROJECT\testing-lms\Reports\20220702_212550\TS01_API\Regression_API\20220702_212550\requests\main\37.har

2022-07-02 21:27:12 - [MESSAGE][PASSED] - Send request successfully

2022-07-02 21:27:12 - [TEST_STEP][PASSED] - verifyResponseStatusCode(response, response_200, CONTINUE_ON_FAILURE): Verify response status code successfully

2022-07-02 21:27:12 - [MESSAGE][PASSED] - Verify response status code successfully

2022-07-02 21:27:12 - [TEST_STEP][PASSED] - verifyElementPropertyValue(response, "errors.message", "access denied"): Verify element property value successfully

2022-07-02 21:27:12 - [MESSAGE][PASSED] - Verify element property value successfully]]></system-out>
         <system-err><![CDATA[]]></system-err>
      </testcase>
      <testcase name="Test Cases/01_API/04_Guidance/SC016_Request Guidance in Class/TC001_Request Guidance in Class (With valid input)" time="2.167" classname="Test Cases/01_API/04_Guidance/SC016_Request Guidance in Class/TC001_Request Guidance in Class (With valid input)" status="PASSED">
         <system-out><![CDATA[2022-07-02 21:27:12 - [TEST_CASE][PASSED] - Test Cases/01_API/04_Guidance/SC016_Request Guidance in Class/TC001_Request Guidance in Class (With valid input): Test Cases/01_API/04_Guidance/SC016_Request Guidance in Class/TC001_Request Guidance in Class (With valid input)

2022-07-02 21:27:12 - [TEST_STEP][PASSED] - response = sendRequest(findTestObject("01_API/04_Guidance/SC016_Request Guidance in Class/TC001_Request Guidance in Class (With valid input)")): Send request successfully

2022-07-02 21:27:14 - [MESSAGE][INFO] - HAR: F:\1. UNNES\6. Semester 6\2 - MSIB\CAPSTONE PROJECT\testing-lms\Reports\20220702_212550\TS01_API\Regression_API\20220702_212550\requests\main\38.har

2022-07-02 21:27:14 - [MESSAGE][PASSED] - Send request successfully

2022-07-02 21:27:14 - [TEST_STEP][PASSED] - verifyResponseStatusCode(response, response_200, CONTINUE_ON_FAILURE): Verify response status code successfully

2022-07-02 21:27:14 - [MESSAGE][PASSED] - Verify response status code successfully

2022-07-02 21:27:14 - [TEST_STEP][PASSED] - verifyElementPropertyValue(response, "status", "true"): Verify element property value successfully

2022-07-02 21:27:14 - [MESSAGE][PASSED] - Verify element property value successfully]]></system-out>
         <system-err><![CDATA[]]></system-err>
      </testcase>
      <testcase name="Test Cases/01_API/05_Feedback/SC019_Get All Feedbacks of Class/TC003_Get All Feedbacks by ClassId (With invalid token)" time="0.901" classname="Test Cases/01_API/05_Feedback/SC019_Get All Feedbacks of Class/TC003_Get All Feedbacks by ClassId (With invalid token)" status="PASSED">
         <system-out><![CDATA[2022-07-02 21:27:14 - [TEST_CASE][PASSED] - Test Cases/01_API/05_Feedback/SC019_Get All Feedbacks of Class/TC003_Get All Feedbacks by ClassId (With invalid token): Test Cases/01_API/05_Feedback/SC019_Get All Feedbacks of Class/TC003_Get All Feedbacks by ClassId (With invalid token)

2022-07-02 21:27:14 - [TEST_STEP][PASSED] - response = sendRequest(findTestObject("01_API/05_Feedback/SC019_Get Feedbacks by ClassId/TC003_Get All Feedbacks by ClassId (With invalid token)")): Send request successfully

2022-07-02 21:27:15 - [MESSAGE][INFO] - HAR: F:\1. UNNES\6. Semester 6\2 - MSIB\CAPSTONE PROJECT\testing-lms\Reports\20220702_212550\TS01_API\Regression_API\20220702_212550\requests\main\39.har

2022-07-02 21:27:15 - [MESSAGE][PASSED] - Send request successfully

2022-07-02 21:27:15 - [TEST_STEP][PASSED] - verifyResponseStatusCode(response, response_200, CONTINUE_ON_FAILURE): Verify response status code successfully

2022-07-02 21:27:15 - [MESSAGE][PASSED] - Verify response status code successfully

2022-07-02 21:27:15 - [TEST_STEP][PASSED] - verifyElementPropertyValue(response, "errors.message", "access denied"): Verify element property value successfully

2022-07-02 21:27:15 - [MESSAGE][PASSED] - Verify element property value successfully]]></system-out>
         <system-err><![CDATA[]]></system-err>
      </testcase>
      <testcase name="Test Cases/01_API/05_Feedback/SC019_Get All Feedbacks of Class/TC002_Get All Feedbacks by ClassId (With invalid classId)" time="1.376" classname="Test Cases/01_API/05_Feedback/SC019_Get All Feedbacks of Class/TC002_Get All Feedbacks by ClassId (With invalid classId)" status="PASSED">
         <system-out><![CDATA[2022-07-02 21:27:15 - [TEST_CASE][PASSED] - Test Cases/01_API/05_Feedback/SC019_Get All Feedbacks of Class/TC002_Get All Feedbacks by ClassId (With invalid classId): Test Cases/01_API/05_Feedback/SC019_Get All Feedbacks of Class/TC002_Get All Feedbacks by ClassId (With invalid classId)

2022-07-02 21:27:15 - [TEST_STEP][PASSED] - response = sendRequest(findTestObject("01_API/05_Feedback/SC019_Get Feedbacks by ClassId/TC002_Get All Feedbacks by ClassId (With invalid classId)")): Send request successfully

2022-07-02 21:27:16 - [MESSAGE][INFO] - HAR: F:\1. UNNES\6. Semester 6\2 - MSIB\CAPSTONE PROJECT\testing-lms\Reports\20220702_212550\TS01_API\Regression_API\20220702_212550\requests\main\40.har

2022-07-02 21:27:16 - [MESSAGE][PASSED] - Send request successfully

2022-07-02 21:27:16 - [TEST_STEP][PASSED] - verifyResponseStatusCode(response, response_200, CONTINUE_ON_FAILURE): Verify response status code successfully

2022-07-02 21:27:16 - [MESSAGE][PASSED] - Verify response status code successfully

2022-07-02 21:27:16 - [TEST_STEP][PASSED] - verifyElementPropertyValue(response, "data", []): Verify element property value successfully

2022-07-02 21:27:16 - [MESSAGE][PASSED] - Verify element property value successfully]]></system-out>
         <system-err><![CDATA[]]></system-err>
      </testcase>
      <testcase name="Test Cases/01_API/05_Feedback/SC019_Get All Feedbacks of Class/TC001_Get All Feedbacks by ClassId (With valid input)" time="1.429" classname="Test Cases/01_API/05_Feedback/SC019_Get All Feedbacks of Class/TC001_Get All Feedbacks by ClassId (With valid input)" status="PASSED">
         <system-out><![CDATA[2022-07-02 21:27:16 - [TEST_CASE][PASSED] - Test Cases/01_API/05_Feedback/SC019_Get All Feedbacks of Class/TC001_Get All Feedbacks by ClassId (With valid input): Test Cases/01_API/05_Feedback/SC019_Get All Feedbacks of Class/TC001_Get All Feedbacks by ClassId (With valid input)

2022-07-02 21:27:17 - [TEST_STEP][PASSED] - response = sendRequest(findTestObject("01_API/05_Feedback/SC018_Create Feedback/TC001_Create Feedback (With valid input)")): Send request successfully

2022-07-02 21:27:18 - [MESSAGE][INFO] - HAR: F:\1. UNNES\6. Semester 6\2 - MSIB\CAPSTONE PROJECT\testing-lms\Reports\20220702_212550\TS01_API\Regression_API\20220702_212550\requests\main\41.har

2022-07-02 21:27:18 - [MESSAGE][PASSED] - Send request successfully

2022-07-02 21:27:18 - [TEST_STEP][PASSED] - verifyResponseStatusCode(response, response_200, CONTINUE_ON_FAILURE): Verify response status code successfully

2022-07-02 21:27:18 - [MESSAGE][PASSED] - Verify response status code successfully

2022-07-02 21:27:18 - [TEST_STEP][PASSED] - verifyElementPropertyValue(response, "status", "true"): Verify element property value successfully

2022-07-02 21:27:18 - [MESSAGE][PASSED] - Verify element property value successfully]]></system-out>
         <system-err><![CDATA[]]></system-err>
      </testcase>
      <testcase name="Test Cases/01_API/05_Feedback/SC018_Create Feedback/TC004_Create Feedback (With invalid token)" time="0.962" classname="Test Cases/01_API/05_Feedback/SC018_Create Feedback/TC004_Create Feedback (With invalid token)" status="PASSED">
         <system-out><![CDATA[2022-07-02 21:27:18 - [TEST_CASE][PASSED] - Test Cases/01_API/05_Feedback/SC018_Create Feedback/TC004_Create Feedback (With invalid token): Test Cases/01_API/05_Feedback/SC018_Create Feedback/TC004_Create Feedback (With invalid token)

2022-07-02 21:27:18 - [TEST_STEP][PASSED] - response = sendRequest(findTestObject("01_API/05_Feedback/SC018_Create Feedback/TC004_Create Feedback (With invalid token)")): Send request successfully

2022-07-02 21:27:19 - [MESSAGE][INFO] - HAR: F:\1. UNNES\6. Semester 6\2 - MSIB\CAPSTONE PROJECT\testing-lms\Reports\20220702_212550\TS01_API\Regression_API\20220702_212550\requests\main\42.har

2022-07-02 21:27:19 - [MESSAGE][PASSED] - Send request successfully

2022-07-02 21:27:19 - [TEST_STEP][PASSED] - verifyResponseStatusCode(response, response_200, CONTINUE_ON_FAILURE): Verify response status code successfully

2022-07-02 21:27:19 - [MESSAGE][PASSED] - Verify response status code successfully

2022-07-02 21:27:19 - [TEST_STEP][PASSED] - verifyElementPropertyValue(response, "errors.message", "access denied"): Verify element property value successfully

2022-07-02 21:27:19 - [MESSAGE][PASSED] - Verify element property value successfully]]></system-out>
         <system-err><![CDATA[]]></system-err>
      </testcase>
      <testcase name="Test Cases/01_API/05_Feedback/SC018_Create Feedback/TC003_Create Feedback (With invalid classId)" time="1.378" classname="Test Cases/01_API/05_Feedback/SC018_Create Feedback/TC003_Create Feedback (With invalid classId)" status="PASSED">
         <system-out><![CDATA[2022-07-02 21:27:19 - [TEST_CASE][PASSED] - Test Cases/01_API/05_Feedback/SC018_Create Feedback/TC003_Create Feedback (With invalid classId): Test Cases/01_API/05_Feedback/SC018_Create Feedback/TC003_Create Feedback (With invalid classId)

2022-07-02 21:27:19 - [TEST_STEP][PASSED] - response = sendRequest(findTestObject("01_API/05_Feedback/SC018_Create Feedback/TC003_Create Feedback (With invalid classId)")): Send request successfully

2022-07-02 21:27:20 - [MESSAGE][INFO] - HAR: F:\1. UNNES\6. Semester 6\2 - MSIB\CAPSTONE PROJECT\testing-lms\Reports\20220702_212550\TS01_API\Regression_API\20220702_212550\requests\main\43.har

2022-07-02 21:27:20 - [MESSAGE][PASSED] - Send request successfully

2022-07-02 21:27:20 - [TEST_STEP][PASSED] - verifyResponseStatusCode(response, response_400, CONTINUE_ON_FAILURE): Verify response status code successfully

2022-07-02 21:27:20 - [MESSAGE][PASSED] - Verify response status code successfully

2022-07-02 21:27:20 - [TEST_STEP][PASSED] - verifyElementPropertyValue(response, "errors.message", "Class not found"): Verify element property value successfully

2022-07-02 21:27:20 - [MESSAGE][PASSED] - Verify element property value successfully]]></system-out>
         <system-err><![CDATA[]]></system-err>
      </testcase>
      <testcase name="Test Cases/01_API/05_Feedback/SC018_Create Feedback/TC002_Create Feedback (With invalid userId)" time="1.787" classname="Test Cases/01_API/05_Feedback/SC018_Create Feedback/TC002_Create Feedback (With invalid userId)" status="PASSED">
         <system-out><![CDATA[2022-07-02 21:27:20 - [TEST_CASE][PASSED] - Test Cases/01_API/05_Feedback/SC018_Create Feedback/TC002_Create Feedback (With invalid userId): Test Cases/01_API/05_Feedback/SC018_Create Feedback/TC002_Create Feedback (With invalid userId)

2022-07-02 21:27:20 - [TEST_STEP][PASSED] - response = sendRequest(findTestObject("01_API/05_Feedback/SC018_Create Feedback/TC002_Create Feedback (With invalid userId)")): Send request successfully

2022-07-02 21:27:22 - [MESSAGE][INFO] - HAR: F:\1. UNNES\6. Semester 6\2 - MSIB\CAPSTONE PROJECT\testing-lms\Reports\20220702_212550\TS01_API\Regression_API\20220702_212550\requests\main\44.har

2022-07-02 21:27:22 - [MESSAGE][PASSED] - Send request successfully

2022-07-02 21:27:22 - [TEST_STEP][PASSED] - verifyResponseStatusCode(response, response_400, CONTINUE_ON_FAILURE): Verify response status code successfully

2022-07-02 21:27:22 - [MESSAGE][PASSED] - Verify response status code successfully

2022-07-02 21:27:22 - [TEST_STEP][PASSED] - verifyElementPropertyValue(response, "errors.message", user_not_found): Verify element property value successfully

2022-07-02 21:27:22 - [MESSAGE][PASSED] - Verify element property value successfully]]></system-out>
         <system-err><![CDATA[]]></system-err>
      </testcase>
      <testcase name="Test Cases/01_API/05_Feedback/SC018_Create Feedback/TC001_Create Feedback (With valid input)" time="1.812" classname="Test Cases/01_API/05_Feedback/SC018_Create Feedback/TC001_Create Feedback (With valid input)" status="PASSED">
         <system-out><![CDATA[2022-07-02 21:27:22 - [TEST_CASE][PASSED] - Test Cases/01_API/05_Feedback/SC018_Create Feedback/TC001_Create Feedback (With valid input): Test Cases/01_API/05_Feedback/SC018_Create Feedback/TC001_Create Feedback (With valid input)

2022-07-02 21:27:22 - [TEST_STEP][PASSED] - response = sendRequest(findTestObject("01_API/05_Feedback/SC018_Create Feedback/TC001_Create Feedback (With valid input)")): Send request successfully

2022-07-02 21:27:24 - [MESSAGE][INFO] - HAR: F:\1. UNNES\6. Semester 6\2 - MSIB\CAPSTONE PROJECT\testing-lms\Reports\20220702_212550\TS01_API\Regression_API\20220702_212550\requests\main\45.har

2022-07-02 21:27:24 - [MESSAGE][PASSED] - Send request successfully

2022-07-02 21:27:24 - [TEST_STEP][PASSED] - verifyResponseStatusCode(response, response_200, CONTINUE_ON_FAILURE): Verify response status code successfully

2022-07-02 21:27:24 - [MESSAGE][PASSED] - Verify response status code successfully

2022-07-02 21:27:24 - [TEST_STEP][PASSED] - verifyElementPropertyValue(response, "status", "true"): Verify element property value successfully

2022-07-02 21:27:24 - [MESSAGE][PASSED] - Verify element property value successfully]]></system-out>
         <system-err><![CDATA[]]></system-err>
      </testcase>
      <testcase name="Test Cases/01_API/01_User/SC001_Register/TCC005_Register (With registered email)" time="2.649" classname="Test Cases/01_API/01_User/SC001_Register/TCC005_Register (With registered email)" status="PASSED">
         <system-out><![CDATA[2022-07-02 21:27:24 - [TEST_CASE][PASSED] - Test Cases/01_API/01_User/SC001_Register/TCC005_Register (With registered email): Test Cases/01_API/01_User/SC001_Register/TCC005_Register (With registered email)

2022-07-02 21:27:24 - [TEST_STEP][PASSED] - response = sendRequest(findTestObject("01_API/01_User/SC001_Register/TCC005_Register (With registered email)")): Send request successfully

2022-07-02 21:27:26 - [MESSAGE][INFO] - HAR: F:\1. UNNES\6. Semester 6\2 - MSIB\CAPSTONE PROJECT\testing-lms\Reports\20220702_212550\TS01_API\Regression_API\20220702_212550\requests\main\46.har

2022-07-02 21:27:26 - [MESSAGE][PASSED] - Send request successfully

2022-07-02 21:27:26 - [TEST_STEP][PASSED] - verifyResponseStatusCode(response, response_500, CONTINUE_ON_FAILURE): Verify response status code successfully

2022-07-02 21:27:26 - [MESSAGE][PASSED] - Verify response status code successfully

2022-07-02 21:27:26 - [TEST_STEP][PASSED] - verifyElementPropertyValue(response, "error", internal_server_error): Verify element property value successfully

2022-07-02 21:27:26 - [MESSAGE][PASSED] - Verify element property value successfully]]></system-out>
         <system-err><![CDATA[]]></system-err>
      </testcase>
      <testcase name="Test Cases/01_API/01_User/SC001_Register/TCC004_Register (With invalid email format)" time="1.221" classname="Test Cases/01_API/01_User/SC001_Register/TCC004_Register (With invalid email format)" status="PASSED">
         <system-out><![CDATA[2022-07-02 21:27:26 - [TEST_CASE][PASSED] - Test Cases/01_API/01_User/SC001_Register/TCC004_Register (With invalid email format): Test Cases/01_API/01_User/SC001_Register/TCC004_Register (With invalid email format)

2022-07-02 21:27:27 - [TEST_STEP][PASSED] - response = sendRequest(findTestObject("01_API/01_User/SC001_Register/TCC004_Register (With invalid email format)")): Send request successfully

2022-07-02 21:27:28 - [MESSAGE][INFO] - HAR: F:\1. UNNES\6. Semester 6\2 - MSIB\CAPSTONE PROJECT\testing-lms\Reports\20220702_212550\TS01_API\Regression_API\20220702_212550\requests\main\47.har

2022-07-02 21:27:28 - [MESSAGE][PASSED] - Send request successfully

2022-07-02 21:27:28 - [TEST_STEP][PASSED] - verifyResponseStatusCode(response, response_400, CONTINUE_ON_FAILURE): Verify response status code successfully

2022-07-02 21:27:28 - [MESSAGE][PASSED] - Verify response status code successfully

2022-07-02 21:27:28 - [TEST_STEP][PASSED] - verifyElementPropertyValue(response, "errors.message.email", invalid_email_format): Verify element property value successfully

2022-07-02 21:27:28 - [MESSAGE][PASSED] - Verify element property value successfully]]></system-out>
         <system-err><![CDATA[]]></system-err>
      </testcase>
      <testcase name="Test Cases/01_API/01_User/SC001_Register/TCC003_Register (With invalid method)" time="1.172" classname="Test Cases/01_API/01_User/SC001_Register/TCC003_Register (With invalid method)" status="PASSED">
         <system-out><![CDATA[2022-07-02 21:27:28 - [TEST_CASE][PASSED] - Test Cases/01_API/01_User/SC001_Register/TCC003_Register (With invalid method): Test Cases/01_API/01_User/SC001_Register/TCC003_Register (With invalid method)

2022-07-02 21:27:28 - [TEST_STEP][PASSED] - response = sendRequest(findTestObject("01_API/01_User/SC001_Register/TCC003_Register (With invalid method)")): Send request successfully

2022-07-02 21:27:29 - [MESSAGE][INFO] - HAR: F:\1. UNNES\6. Semester 6\2 - MSIB\CAPSTONE PROJECT\testing-lms\Reports\20220702_212550\TS01_API\Regression_API\20220702_212550\requests\main\48.har

2022-07-02 21:27:29 - [MESSAGE][PASSED] - Send request successfully

2022-07-02 21:27:29 - [TEST_STEP][PASSED] - verifyResponseStatusCode(response, response_405, CONTINUE_ON_FAILURE): Verify response status code successfully

2022-07-02 21:27:29 - [MESSAGE][PASSED] - Verify response status code successfully

2022-07-02 21:27:29 - [TEST_STEP][PASSED] - verifyElementPropertyValue(response, "error", method_now_allowed): Verify element property value successfully

2022-07-02 21:27:29 - [MESSAGE][PASSED] - Verify element property value successfully]]></system-out>
         <system-err><![CDATA[]]></system-err>
      </testcase>
      <testcase name="Test Cases/01_API/01_User/SC001_Register/TCC002_Register (With empty body value)" time="1.432" classname="Test Cases/01_API/01_User/SC001_Register/TCC002_Register (With empty body value)" status="PASSED">
         <system-out><![CDATA[2022-07-02 21:27:29 - [TEST_CASE][PASSED] - Test Cases/01_API/01_User/SC001_Register/TCC002_Register (With empty body value): Test Cases/01_API/01_User/SC001_Register/TCC002_Register (With empty body value)

2022-07-02 21:27:29 - [TEST_STEP][PASSED] - response = sendRequest(findTestObject("01_API/01_User/SC001_Register/TCC002_Register (With empty body value)")): Send request successfully

2022-07-02 21:27:30 - [MESSAGE][INFO] - HAR: F:\1. UNNES\6. Semester 6\2 - MSIB\CAPSTONE PROJECT\testing-lms\Reports\20220702_212550\TS01_API\Regression_API\20220702_212550\requests\main\49.har

2022-07-02 21:27:30 - [MESSAGE][PASSED] - Send request successfully

2022-07-02 21:27:30 - [TEST_STEP][PASSED] - verifyResponseStatusCode(response, response_400, CONTINUE_ON_FAILURE): Verify response status code successfully

2022-07-02 21:27:30 - [MESSAGE][PASSED] - Verify response status code successfully

2022-07-02 21:27:30 - [TEST_STEP][PASSED] - verifyElementPropertyValue(response, "status", "false"): Verify element property value successfully

2022-07-02 21:27:30 - [MESSAGE][PASSED] - Verify element property value successfully]]></system-out>
         <system-err><![CDATA[]]></system-err>
      </testcase>
      <testcase name="Test Cases/01_API/01_User/SC001_Register/TCC001_Register (With valid body value)" time="2.673" classname="Test Cases/01_API/01_User/SC001_Register/TCC001_Register (With valid body value)" status="PASSED">
         <system-out><![CDATA[2022-07-02 21:27:30 - [TEST_CASE][PASSED] - Test Cases/01_API/01_User/SC001_Register/TCC001_Register (With valid body value): Test Cases/01_API/01_User/SC001_Register/TCC001_Register (With valid body value)

2022-07-02 21:27:31 - [TEST_STEP][PASSED] - response = sendRequest(findTestObject("01_API/01_User/SC001_Register/TCC001_Register (With valid body value)")): Send request successfully

2022-07-02 21:27:33 - [MESSAGE][INFO] - HAR: F:\1. UNNES\6. Semester 6\2 - MSIB\CAPSTONE PROJECT\testing-lms\Reports\20220702_212550\TS01_API\Regression_API\20220702_212550\requests\main\50.har

2022-07-02 21:27:33 - [MESSAGE][PASSED] - Send request successfully

2022-07-02 21:27:33 - [TEST_STEP][PASSED] - verifyResponseStatusCode(response, response_200): Verify response status code successfully

2022-07-02 21:27:33 - [MESSAGE][PASSED] - Verify response status code successfully

2022-07-02 21:27:33 - [TEST_STEP][PASSED] - verifyElementPropertyValue(response, "data.email", register_email): Verify element property value successfully

2022-07-02 21:27:33 - [MESSAGE][PASSED] - Verify element property value successfully]]></system-out>
         <system-err><![CDATA[]]></system-err>
      </testcase>
      <testcase name="Test Cases/01_API/01_User/SC003_Update User By Id/TCC007_Update User By Id (With invalid token)" time="0.985" classname="Test Cases/01_API/01_User/SC003_Update User By Id/TCC007_Update User By Id (With invalid token)" status="PASSED">
         <system-out><![CDATA[2022-07-02 21:27:33 - [TEST_CASE][PASSED] - Test Cases/01_API/01_User/SC003_Update User By Id/TCC007_Update User By Id (With invalid token): Test Cases/01_API/01_User/SC003_Update User By Id/TCC007_Update User By Id (With invalid token)

2022-07-02 21:27:33 - [TEST_STEP][PASSED] - response = sendRequest(findTestObject("01_API/01_User/SC003_Update User By Id/TCC007_Update User By Id (With invalid token)")): Send request successfully

2022-07-02 21:27:34 - [MESSAGE][INFO] - HAR: F:\1. UNNES\6. Semester 6\2 - MSIB\CAPSTONE PROJECT\testing-lms\Reports\20220702_212550\TS01_API\Regression_API\20220702_212550\requests\main\51.har

2022-07-02 21:27:34 - [MESSAGE][PASSED] - Send request successfully

2022-07-02 21:27:34 - [TEST_STEP][PASSED] - verifyResponseStatusCode(response, response_200, CONTINUE_ON_FAILURE): Verify response status code successfully

2022-07-02 21:27:34 - [MESSAGE][PASSED] - Verify response status code successfully

2022-07-02 21:27:34 - [TEST_STEP][PASSED] - verifyElementPropertyValue(response, "errors.message", "access denied"): Verify element property value successfully

2022-07-02 21:27:34 - [MESSAGE][PASSED] - Verify element property value successfully]]></system-out>
         <system-err><![CDATA[]]></system-err>
      </testcase>
      <testcase name="Test Cases/01_API/01_User/SC003_Update User By Id/TCC006_Update User By Id (With registered email)" time="2.336" classname="Test Cases/01_API/01_User/SC003_Update User By Id/TCC006_Update User By Id (With registered email)" status="PASSED">
         <system-out><![CDATA[2022-07-02 21:27:34 - [TEST_CASE][PASSED] - Test Cases/01_API/01_User/SC003_Update User By Id/TCC006_Update User By Id (With registered email): Test Cases/01_API/01_User/SC003_Update User By Id/TCC006_Update User By Id (With registered email)

2022-07-02 21:27:34 - [TEST_STEP][PASSED] - response = sendRequest(findTestObject("01_API/01_User/SC003_Update User By Id/TCC006_Update User By Id (With registered email)")): Send request successfully

2022-07-02 21:27:36 - [MESSAGE][INFO] - HAR: F:\1. UNNES\6. Semester 6\2 - MSIB\CAPSTONE PROJECT\testing-lms\Reports\20220702_212550\TS01_API\Regression_API\20220702_212550\requests\main\52.har

2022-07-02 21:27:36 - [MESSAGE][PASSED] - Send request successfully

2022-07-02 21:27:36 - [TEST_STEP][PASSED] - verifyResponseStatusCode(response, response_500, CONTINUE_ON_FAILURE): Verify response status code successfully

2022-07-02 21:27:36 - [MESSAGE][PASSED] - Verify response status code successfully

2022-07-02 21:27:36 - [TEST_STEP][PASSED] - verifyElementPropertyValue(response, "error", internal_server_error): Verify element property value successfully

2022-07-02 21:27:36 - [MESSAGE][PASSED] - Verify element property value successfully]]></system-out>
         <system-err><![CDATA[]]></system-err>
      </testcase>
      <testcase name="Test Cases/01_API/01_User/SC003_Update User By Id/TCC005_Update User By Id (With invalid email format)" time="1.549" classname="Test Cases/01_API/01_User/SC003_Update User By Id/TCC005_Update User By Id (With invalid email format)" status="PASSED">
         <system-out><![CDATA[2022-07-02 21:27:36 - [TEST_CASE][PASSED] - Test Cases/01_API/01_User/SC003_Update User By Id/TCC005_Update User By Id (With invalid email format): Test Cases/01_API/01_User/SC003_Update User By Id/TCC005_Update User By Id (With invalid email format)

2022-07-02 21:27:37 - [TEST_STEP][PASSED] - response = sendRequest(findTestObject("01_API/01_User/SC003_Update User By Id/TCC005_Update User By Id (With invalid email format)")): Send request successfully

2022-07-02 21:27:38 - [MESSAGE][INFO] - HAR: F:\1. UNNES\6. Semester 6\2 - MSIB\CAPSTONE PROJECT\testing-lms\Reports\20220702_212550\TS01_API\Regression_API\20220702_212550\requests\main\53.har

2022-07-02 21:27:38 - [MESSAGE][PASSED] - Send request successfully

2022-07-02 21:27:38 - [TEST_STEP][PASSED] - verifyResponseStatusCode(response, response_400, CONTINUE_ON_FAILURE): Verify response status code successfully

2022-07-02 21:27:38 - [MESSAGE][PASSED] - Verify response status code successfully

2022-07-02 21:27:38 - [TEST_STEP][PASSED] - verifyElementPropertyValue(response, "errors.message.email", invalid_email_format): Verify element property value successfully

2022-07-02 21:27:38 - [MESSAGE][PASSED] - Verify element property value successfully]]></system-out>
         <system-err><![CDATA[]]></system-err>
      </testcase>
      <testcase name="Test Cases/01_API/01_User/SC003_Update User By Id/TCC004_Update User By Id (With invalid id)" time="1.612" classname="Test Cases/01_API/01_User/SC003_Update User By Id/TCC004_Update User By Id (With invalid id)" status="PASSED">
         <system-out><![CDATA[2022-07-02 21:27:38 - [TEST_CASE][PASSED] - Test Cases/01_API/01_User/SC003_Update User By Id/TCC004_Update User By Id (With invalid id): Test Cases/01_API/01_User/SC003_Update User By Id/TCC004_Update User By Id (With invalid id)

2022-07-02 21:27:38 - [TEST_STEP][PASSED] - response = sendRequest(findTestObject("01_API/01_User/SC003_Update User By Id/TCC004_Update User By Id (With invalid id)")): Send request successfully

2022-07-02 21:27:39 - [MESSAGE][INFO] - HAR: F:\1. UNNES\6. Semester 6\2 - MSIB\CAPSTONE PROJECT\testing-lms\Reports\20220702_212550\TS01_API\Regression_API\20220702_212550\requests\main\54.har

2022-07-02 21:27:39 - [MESSAGE][PASSED] - Send request successfully

2022-07-02 21:27:39 - [TEST_STEP][PASSED] - verifyResponseStatusCode(response, response_400, CONTINUE_ON_FAILURE): Verify response status code successfully

2022-07-02 21:27:39 - [MESSAGE][PASSED] - Verify response status code successfully

2022-07-02 21:27:39 - [TEST_STEP][PASSED] - verifyElementPropertyValue(response, "errors.message.message", user_not_found): Verify element property value successfully

2022-07-02 21:27:39 - [MESSAGE][PASSED] - Verify element property value successfully]]></system-out>
         <system-err><![CDATA[]]></system-err>
      </testcase>
      <testcase name="Test Cases/01_API/01_User/SC003_Update User By Id/TCC003_Update User By Id (With invalid method)" time="3.573" classname="Test Cases/01_API/01_User/SC003_Update User By Id/TCC003_Update User By Id (With invalid method)" status="PASSED">
         <system-out><![CDATA[2022-07-02 21:27:39 - [TEST_CASE][PASSED] - Test Cases/01_API/01_User/SC003_Update User By Id/TCC003_Update User By Id (With invalid method): Test Cases/01_API/01_User/SC003_Update User By Id/TCC003_Update User By Id (With invalid method)

2022-07-02 21:27:40 - [TEST_STEP][PASSED] - response = sendRequest(findTestObject("01_API/01_User/SC003_Update User By Id/TCC003_Update User By Id (With invalid method)")): Send request successfully

2022-07-02 21:27:43 - [MESSAGE][INFO] - HAR: F:\1. UNNES\6. Semester 6\2 - MSIB\CAPSTONE PROJECT\testing-lms\Reports\20220702_212550\TS01_API\Regression_API\20220702_212550\requests\main\55.har

2022-07-02 21:27:43 - [MESSAGE][PASSED] - Send request successfully

2022-07-02 21:27:43 - [TEST_STEP][PASSED] - verifyResponseStatusCode(response, response_405, CONTINUE_ON_FAILURE): Verify response status code successfully

2022-07-02 21:27:43 - [MESSAGE][PASSED] - Verify response status code successfully

2022-07-02 21:27:43 - [TEST_STEP][PASSED] - verifyElementPropertyValue(response, "error", method_now_allowed): Verify element property value successfully

2022-07-02 21:27:43 - [MESSAGE][PASSED] - Verify element property value successfully]]></system-out>
         <system-err><![CDATA[]]></system-err>
      </testcase>
      <testcase name="Test Cases/01_API/01_User/SC003_Update User By Id/TCC002_Update User By Id (With empty body value)" time="1.28" classname="Test Cases/01_API/01_User/SC003_Update User By Id/TCC002_Update User By Id (With empty body value)" status="PASSED">
         <system-out><![CDATA[2022-07-02 21:27:43 - [TEST_CASE][PASSED] - Test Cases/01_API/01_User/SC003_Update User By Id/TCC002_Update User By Id (With empty body value): Test Cases/01_API/01_User/SC003_Update User By Id/TCC002_Update User By Id (With empty body value)

2022-07-02 21:27:43 - [TEST_STEP][PASSED] - response = sendRequest(findTestObject("01_API/01_User/SC003_Update User By Id/TCC002_Update User By Id (With empty body value)")): Send request successfully

2022-07-02 21:27:44 - [MESSAGE][INFO] - HAR: F:\1. UNNES\6. Semester 6\2 - MSIB\CAPSTONE PROJECT\testing-lms\Reports\20220702_212550\TS01_API\Regression_API\20220702_212550\requests\main\56.har

2022-07-02 21:27:44 - [MESSAGE][PASSED] - Send request successfully

2022-07-02 21:27:44 - [TEST_STEP][PASSED] - verifyResponseStatusCode(response, response_400, CONTINUE_ON_FAILURE): Verify response status code successfully

2022-07-02 21:27:44 - [MESSAGE][PASSED] - Verify response status code successfully

2022-07-02 21:27:44 - [TEST_STEP][PASSED] - verifyElementPropertyValue(response, "status", "false"): Verify element property value successfully

2022-07-02 21:27:44 - [MESSAGE][PASSED] - Verify element property value successfully]]></system-out>
         <system-err><![CDATA[]]></system-err>
      </testcase>
      <testcase name="Test Cases/01_API/01_User/SC003_Update User By Id/TCC001_Update User By Id (With valid input)" time="1.784" classname="Test Cases/01_API/01_User/SC003_Update User By Id/TCC001_Update User By Id (With valid input)" status="PASSED">
         <system-out><![CDATA[2022-07-02 21:27:44 - [TEST_CASE][PASSED] - Test Cases/01_API/01_User/SC003_Update User By Id/TCC001_Update User By Id (With valid input): Test Cases/01_API/01_User/SC003_Update User By Id/TCC001_Update User By Id (With valid input)

2022-07-02 21:27:45 - [TEST_STEP][PASSED] - response = sendRequest(findTestObject("01_API/01_User/SC003_Update User By Id/TCC001_Update User By Id (With valid input)")): Send request successfully

2022-07-02 21:27:46 - [MESSAGE][INFO] - HAR: F:\1. UNNES\6. Semester 6\2 - MSIB\CAPSTONE PROJECT\testing-lms\Reports\20220702_212550\TS01_API\Regression_API\20220702_212550\requests\main\57.har

2022-07-02 21:27:46 - [MESSAGE][PASSED] - Send request successfully

2022-07-02 21:27:46 - [TEST_STEP][PASSED] - verifyResponseStatusCode(response, response_200, CONTINUE_ON_FAILURE): Verify response status code successfully

2022-07-02 21:27:46 - [MESSAGE][PASSED] - Verify response status code successfully

2022-07-02 21:27:46 - [TEST_STEP][PASSED] - verifyElementPropertyValue(response, "data.email", new_email): Verify element property value successfully

2022-07-02 21:27:46 - [MESSAGE][PASSED] - Verify element property value successfully]]></system-out>
         <system-err><![CDATA[]]></system-err>
      </testcase>
      <testcase name="Test Cases/01_API/01_User/SC004_Get User By Id/TCC003_Get User By Id (Invalid token)" time="0.829" classname="Test Cases/01_API/01_User/SC004_Get User By Id/TCC003_Get User By Id (Invalid token)" status="PASSED">
         <system-out><![CDATA[2022-07-02 21:27:46 - [TEST_CASE][PASSED] - Test Cases/01_API/01_User/SC004_Get User By Id/TCC003_Get User By Id (Invalid token): Test Cases/01_API/01_User/SC004_Get User By Id/TCC003_Get User By Id (Invalid token)

2022-07-02 21:27:46 - [TEST_STEP][PASSED] - response = sendRequest(findTestObject("01_API/01_User/SC004_Get User By Id/TCC003_Get User By Id (Invalid token)")): Send request successfully

2022-07-02 21:27:47 - [MESSAGE][INFO] - HAR: F:\1. UNNES\6. Semester 6\2 - MSIB\CAPSTONE PROJECT\testing-lms\Reports\20220702_212550\TS01_API\Regression_API\20220702_212550\requests\main\58.har

2022-07-02 21:27:47 - [MESSAGE][PASSED] - Send request successfully

2022-07-02 21:27:47 - [TEST_STEP][PASSED] - verifyResponseStatusCode(response, response_200, CONTINUE_ON_FAILURE): Verify response status code successfully

2022-07-02 21:27:47 - [MESSAGE][PASSED] - Verify response status code successfully

2022-07-02 21:27:47 - [TEST_STEP][PASSED] - verifyElementPropertyValue(response, "errors.message", "access denied"): Verify element property value successfully

2022-07-02 21:27:47 - [MESSAGE][PASSED] - Verify element property value successfully]]></system-out>
         <system-err><![CDATA[]]></system-err>
      </testcase>
      <testcase name="Test Cases/01_API/01_User/SC004_Get User By Id/TCC002_Get User By Id (Invalid id)" time="1.835" classname="Test Cases/01_API/01_User/SC004_Get User By Id/TCC002_Get User By Id (Invalid id)" status="PASSED">
         <system-out><![CDATA[2022-07-02 21:27:47 - [TEST_CASE][PASSED] - Test Cases/01_API/01_User/SC004_Get User By Id/TCC002_Get User By Id (Invalid id): Test Cases/01_API/01_User/SC004_Get User By Id/TCC002_Get User By Id (Invalid id)

2022-07-02 21:27:47 - [TEST_STEP][PASSED] - response = sendRequest(findTestObject("01_API/01_User/SC004_Get User By Id/TCC002_Get User By Id (Invalid id)")): Send request successfully

2022-07-02 21:27:49 - [MESSAGE][INFO] - HAR: F:\1. UNNES\6. Semester 6\2 - MSIB\CAPSTONE PROJECT\testing-lms\Reports\20220702_212550\TS01_API\Regression_API\20220702_212550\requests\main\59.har

2022-07-02 21:27:49 - [MESSAGE][PASSED] - Send request successfully

2022-07-02 21:27:49 - [TEST_STEP][PASSED] - verifyResponseStatusCode(response, response_400, CONTINUE_ON_FAILURE): Verify response status code successfully

2022-07-02 21:27:49 - [MESSAGE][PASSED] - Verify response status code successfully

2022-07-02 21:27:49 - [TEST_STEP][PASSED] - verifyElementPropertyValue(response, "errors.message.message", "Data not found"): Verify element property value successfully

2022-07-02 21:27:49 - [MESSAGE][PASSED] - Verify element property value successfully]]></system-out>
         <system-err><![CDATA[]]></system-err>
      </testcase>
      <testcase name="Test Cases/01_API/01_User/SC004_Get User By Id/TCC001_Get User By Id (With valid id and token)" time="1.574" classname="Test Cases/01_API/01_User/SC004_Get User By Id/TCC001_Get User By Id (With valid id and token)" status="PASSED">
         <system-out><![CDATA[2022-07-02 21:27:49 - [TEST_CASE][PASSED] - Test Cases/01_API/01_User/SC004_Get User By Id/TCC001_Get User By Id (With valid id and token): Test Cases/01_API/01_User/SC004_Get User By Id/TCC001_Get User By Id (With valid id and token)

2022-07-02 21:27:49 - [TEST_STEP][PASSED] - response = sendRequest(findTestObject("01_API/01_User/SC004_Get User By Id/TCC001_Get User By Id (With valid id and token)")): Send request successfully

2022-07-02 21:27:50 - [MESSAGE][INFO] - HAR: F:\1. UNNES\6. Semester 6\2 - MSIB\CAPSTONE PROJECT\testing-lms\Reports\20220702_212550\TS01_API\Regression_API\20220702_212550\requests\main\60.har

2022-07-02 21:27:50 - [MESSAGE][PASSED] - Send request successfully

2022-07-02 21:27:50 - [TEST_STEP][PASSED] - verifyResponseStatusCode(response, response_200, CONTINUE_ON_FAILURE): Verify response status code successfully

2022-07-02 21:27:50 - [MESSAGE][PASSED] - Verify response status code successfully

2022-07-02 21:27:50 - [TEST_STEP][PASSED] - verifyElementPropertyValue(response, "status", "true"): Verify element property value successfully

2022-07-02 21:27:50 - [MESSAGE][PASSED] - Verify element property value successfully]]></system-out>
         <system-err><![CDATA[]]></system-err>
      </testcase>
      <testcase name="Test Cases/01_API/01_User/SC005_Get User Class By User Id/TCC004_Get User Class by User Id (With invalid token)" time="0.852" classname="Test Cases/01_API/01_User/SC005_Get User Class By User Id/TCC004_Get User Class by User Id (With invalid token)" status="PASSED">
         <system-out><![CDATA[2022-07-02 21:27:50 - [TEST_CASE][PASSED] - Test Cases/01_API/01_User/SC005_Get User Class By User Id/TCC004_Get User Class by User Id (With invalid token): Test Cases/01_API/01_User/SC005_Get User Class By User Id/TCC004_Get User Class by User Id (With invalid token)

2022-07-02 21:27:51 - [TEST_STEP][PASSED] - response = sendRequest(findTestObject("01_API/01_User/SC005_Get User Class By User Id/TCC004_Get User Class by User Id (With invalid token)")): Send request successfully

2022-07-02 21:27:51 - [MESSAGE][INFO] - HAR: F:\1. UNNES\6. Semester 6\2 - MSIB\CAPSTONE PROJECT\testing-lms\Reports\20220702_212550\TS01_API\Regression_API\20220702_212550\requests\main\61.har

2022-07-02 21:27:51 - [MESSAGE][PASSED] - Send request successfully

2022-07-02 21:27:51 - [TEST_STEP][PASSED] - verifyResponseStatusCode(response, response_200, CONTINUE_ON_FAILURE): Verify response status code successfully

2022-07-02 21:27:51 - [MESSAGE][PASSED] - Verify response status code successfully

2022-07-02 21:27:51 - [TEST_STEP][PASSED] - verifyElementPropertyValue(response, "errors.message", "access denied"): Verify element property value successfully

2022-07-02 21:27:51 - [MESSAGE][PASSED] - Verify element property value successfully]]></system-out>
         <system-err><![CDATA[]]></system-err>
      </testcase>
      <testcase name="Test Cases/01_API/01_User/SC005_Get User Class By User Id/TCC003_Get User Class by User Id (With valid id and will_end class)" time="1.319" classname="Test Cases/01_API/01_User/SC005_Get User Class By User Id/TCC003_Get User Class by User Id (With valid id and will_end class)" status="PASSED">
         <system-out><![CDATA[2022-07-02 21:27:51 - [TEST_CASE][PASSED] - Test Cases/01_API/01_User/SC005_Get User Class By User Id/TCC003_Get User Class by User Id (With valid id and will_end class): Test Cases/01_API/01_User/SC005_Get User Class By User Id/TCC003_Get User Class by User Id (With valid id and will_end class)

2022-07-02 21:27:52 - [TEST_STEP][PASSED] - response = sendRequest(findTestObject("01_API/01_User/SC005_Get User Class By User Id/TCC003_Get User Class by User Id (With valid id and will_end class)")): Send request successfully

2022-07-02 21:27:52 - [MESSAGE][INFO] - HAR: F:\1. UNNES\6. Semester 6\2 - MSIB\CAPSTONE PROJECT\testing-lms\Reports\20220702_212550\TS01_API\Regression_API\20220702_212550\requests\main\62.har

2022-07-02 21:27:52 - [MESSAGE][PASSED] - Send request successfully

2022-07-02 21:27:52 - [TEST_STEP][PASSED] - verifyResponseStatusCode(response, response_200, CONTINUE_ON_FAILURE): Verify response status code successfully

2022-07-02 21:27:52 - [MESSAGE][PASSED] - Verify response status code successfully

2022-07-02 21:27:52 - [TEST_STEP][PASSED] - verifyElementPropertyValue(response, "status", "true"): Verify element property value successfully

2022-07-02 21:27:52 - [MESSAGE][PASSED] - Verify element property value successfully]]></system-out>
         <system-err><![CDATA[]]></system-err>
      </testcase>
      <testcase name="Test Cases/01_API/01_User/SC005_Get User Class By User Id/TCC002_Get User Class by User Id (With valid id and inactive class)" time="1.344" classname="Test Cases/01_API/01_User/SC005_Get User Class By User Id/TCC002_Get User Class by User Id (With valid id and inactive class)" status="PASSED">
         <system-out><![CDATA[2022-07-02 21:27:52 - [TEST_CASE][PASSED] - Test Cases/01_API/01_User/SC005_Get User Class By User Id/TCC002_Get User Class by User Id (With valid id and inactive class): Test Cases/01_API/01_User/SC005_Get User Class By User Id/TCC002_Get User Class by User Id (With valid id and inactive class)

2022-07-02 21:27:53 - [TEST_STEP][PASSED] - response = sendRequest(findTestObject("01_API/01_User/SC005_Get User Class By User Id/TCC002_Get User Class by User Id (With valid id and inactive class)")): Send request successfully

2022-07-02 21:27:54 - [MESSAGE][INFO] - HAR: F:\1. UNNES\6. Semester 6\2 - MSIB\CAPSTONE PROJECT\testing-lms\Reports\20220702_212550\TS01_API\Regression_API\20220702_212550\requests\main\63.har

2022-07-02 21:27:54 - [MESSAGE][PASSED] - Send request successfully

2022-07-02 21:27:54 - [TEST_STEP][PASSED] - verifyResponseStatusCode(response, response_200, CONTINUE_ON_FAILURE): Verify response status code successfully

2022-07-02 21:27:54 - [MESSAGE][PASSED] - Verify response status code successfully

2022-07-02 21:27:54 - [TEST_STEP][PASSED] - verifyElementPropertyValue(response, "status", "true"): Verify element property value successfully

2022-07-02 21:27:54 - [MESSAGE][PASSED] - Verify element property value successfully]]></system-out>
         <system-err><![CDATA[]]></system-err>
      </testcase>
      <testcase name="Test Cases/01_API/01_User/SC005_Get User Class By User Id/TCC001_Get User Class by User Id (With valid id and active class)" time="1.858" classname="Test Cases/01_API/01_User/SC005_Get User Class By User Id/TCC001_Get User Class by User Id (With valid id and active class)" status="PASSED">
         <system-out><![CDATA[2022-07-02 21:27:54 - [TEST_CASE][PASSED] - Test Cases/01_API/01_User/SC005_Get User Class By User Id/TCC001_Get User Class by User Id (With valid id and active class): Test Cases/01_API/01_User/SC005_Get User Class By User Id/TCC001_Get User Class by User Id (With valid id and active class)

2022-07-02 21:27:54 - [TEST_STEP][PASSED] - response = sendRequest(findTestObject("01_API/01_User/SC005_Get User Class By User Id/TCC001_Get User Class by User Id (With valid id and active class)")): Send request successfully

2022-07-02 21:27:56 - [MESSAGE][INFO] - HAR: F:\1. UNNES\6. Semester 6\2 - MSIB\CAPSTONE PROJECT\testing-lms\Reports\20220702_212550\TS01_API\Regression_API\20220702_212550\requests\main\64.har

2022-07-02 21:27:56 - [MESSAGE][PASSED] - Send request successfully

2022-07-02 21:27:56 - [TEST_STEP][PASSED] - verifyResponseStatusCode(response, response_200, CONTINUE_ON_FAILURE): Verify response status code successfully

2022-07-02 21:27:56 - [MESSAGE][PASSED] - Verify response status code successfully

2022-07-02 21:27:56 - [TEST_STEP][PASSED] - verifyElementPropertyValue(response, "status", "true"): Verify element property value successfully

2022-07-02 21:27:56 - [MESSAGE][PASSED] - Verify element property value successfully]]></system-out>
         <system-err><![CDATA[]]></system-err>
      </testcase>
      <testcase name="Test Cases/01_API/01_User/SC002_Login/TCC006_Login (With invalid password)" time="1.191" classname="Test Cases/01_API/01_User/SC002_Login/TCC006_Login (With invalid password)" status="PASSED">
         <system-out><![CDATA[2022-07-02 21:27:56 - [TEST_CASE][PASSED] - Test Cases/01_API/01_User/SC002_Login/TCC006_Login (With invalid password): Test Cases/01_API/01_User/SC002_Login/TCC006_Login (With invalid password)

2022-07-02 21:27:56 - [TEST_STEP][PASSED] - response = sendRequest(findTestObject("01_API/01_User/SC002_Login/TCC006_Login (With invalid password)")): Send request successfully

2022-07-02 21:27:57 - [MESSAGE][INFO] - HAR: F:\1. UNNES\6. Semester 6\2 - MSIB\CAPSTONE PROJECT\testing-lms\Reports\20220702_212550\TS01_API\Regression_API\20220702_212550\requests\main\65.har

2022-07-02 21:27:57 - [MESSAGE][PASSED] - Send request successfully

2022-07-02 21:27:57 - [TEST_STEP][PASSED] - verifyResponseStatusCode(response, response_400, CONTINUE_ON_FAILURE): Verify response status code successfully

2022-07-02 21:27:57 - [MESSAGE][PASSED] - Verify response status code successfully

2022-07-02 21:27:57 - [TEST_STEP][PASSED] - verifyElementPropertyValue(response, "errors.message", password_doesnt_match): Verify element property value successfully

2022-07-02 21:27:57 - [MESSAGE][PASSED] - Verify element property value successfully]]></system-out>
         <system-err><![CDATA[]]></system-err>
      </testcase>
      <testcase name="Test Cases/01_API/01_User/SC002_Login/TCC005_Login (With unregistered email)" time="1.537" classname="Test Cases/01_API/01_User/SC002_Login/TCC005_Login (With unregistered email)" status="PASSED">
         <system-out><![CDATA[2022-07-02 21:27:57 - [TEST_CASE][PASSED] - Test Cases/01_API/01_User/SC002_Login/TCC005_Login (With unregistered email): Test Cases/01_API/01_User/SC002_Login/TCC005_Login (With unregistered email)

2022-07-02 21:27:57 - [TEST_STEP][PASSED] - response = sendRequest(findTestObject("01_API/01_User/SC002_Login/TCC005_Login (With unregistered email)")): Send request successfully

2022-07-02 21:27:58 - [MESSAGE][INFO] - HAR: F:\1. UNNES\6. Semester 6\2 - MSIB\CAPSTONE PROJECT\testing-lms\Reports\20220702_212550\TS01_API\Regression_API\20220702_212550\requests\main\66.har

2022-07-02 21:27:58 - [MESSAGE][PASSED] - Send request successfully

2022-07-02 21:27:58 - [TEST_STEP][PASSED] - verifyResponseStatusCode(response, response_400, CONTINUE_ON_FAILURE): Verify response status code successfully

2022-07-02 21:27:58 - [MESSAGE][PASSED] - Verify response status code successfully

2022-07-02 21:27:58 - [TEST_STEP][PASSED] - verifyElementPropertyValue(response, "errors.message", user_not_found): Verify element property value successfully

2022-07-02 21:27:58 - [MESSAGE][PASSED] - Verify element property value successfully]]></system-out>
         <system-err><![CDATA[]]></system-err>
      </testcase>
      <testcase name="Test Cases/01_API/01_User/SC002_Login/TCC004_Login (With invalid email format)" time="1.159" classname="Test Cases/01_API/01_User/SC002_Login/TCC004_Login (With invalid email format)" status="PASSED">
         <system-out><![CDATA[2022-07-02 21:27:58 - [TEST_CASE][PASSED] - Test Cases/01_API/01_User/SC002_Login/TCC004_Login (With invalid email format): Test Cases/01_API/01_User/SC002_Login/TCC004_Login (With invalid email format)

2022-07-02 21:27:59 - [TEST_STEP][PASSED] - response = sendRequest(findTestObject("01_API/01_User/SC002_Login/TCC004_Login (With invalid email format)")): Send request successfully

2022-07-02 21:28:00 - [MESSAGE][INFO] - HAR: F:\1. UNNES\6. Semester 6\2 - MSIB\CAPSTONE PROJECT\testing-lms\Reports\20220702_212550\TS01_API\Regression_API\20220702_212550\requests\main\67.har

2022-07-02 21:28:00 - [MESSAGE][PASSED] - Send request successfully

2022-07-02 21:28:00 - [TEST_STEP][PASSED] - verifyResponseStatusCode(response, response_400, STOP_ON_FAILURE): Verify response status code successfully

2022-07-02 21:28:00 - [MESSAGE][PASSED] - Verify response status code successfully

2022-07-02 21:28:00 - [TEST_STEP][PASSED] - verifyElementPropertyValue(response, "email", invalid_email_format): Verify element property value successfully

2022-07-02 21:28:00 - [MESSAGE][PASSED] - Verify element property value successfully]]></system-out>
         <system-err><![CDATA[]]></system-err>
      </testcase>
      <testcase name="Test Cases/01_API/01_User/SC002_Login/TCC003_Login (With invalid method)" time="1.26" classname="Test Cases/01_API/01_User/SC002_Login/TCC003_Login (With invalid method)" status="PASSED">
         <system-out><![CDATA[2022-07-02 21:28:00 - [TEST_CASE][PASSED] - Test Cases/01_API/01_User/SC002_Login/TCC003_Login (With invalid method): Test Cases/01_API/01_User/SC002_Login/TCC003_Login (With invalid method)

2022-07-02 21:28:00 - [TEST_STEP][PASSED] - response = sendRequest(findTestObject("01_API/01_User/SC002_Login/TCC003_Login (With invalid method)")): Send request successfully

2022-07-02 21:28:01 - [MESSAGE][INFO] - HAR: F:\1. UNNES\6. Semester 6\2 - MSIB\CAPSTONE PROJECT\testing-lms\Reports\20220702_212550\TS01_API\Regression_API\20220702_212550\requests\main\68.har

2022-07-02 21:28:01 - [MESSAGE][PASSED] - Send request successfully

2022-07-02 21:28:01 - [TEST_STEP][PASSED] - verifyResponseStatusCode(response, response_405, CONTINUE_ON_FAILURE): Verify response status code successfully

2022-07-02 21:28:01 - [MESSAGE][PASSED] - Verify response status code successfully

2022-07-02 21:28:01 - [TEST_STEP][PASSED] - verifyElementPropertyValue(response, "error", method_now_allowed): Verify element property value successfully

2022-07-02 21:28:01 - [MESSAGE][PASSED] - Verify element property value successfully]]></system-out>
         <system-err><![CDATA[]]></system-err>
      </testcase>
      <testcase name="Test Cases/01_API/01_User/SC002_Login/TCC002_Login (With empty body value)" time="1.615" classname="Test Cases/01_API/01_User/SC002_Login/TCC002_Login (With empty body value)" status="PASSED">
         <system-out><![CDATA[2022-07-02 21:28:01 - [TEST_CASE][PASSED] - Test Cases/01_API/01_User/SC002_Login/TCC002_Login (With empty body value): Test Cases/01_API/01_User/SC002_Login/TCC002_Login (With empty body value)

2022-07-02 21:28:01 - [TEST_STEP][PASSED] - response = sendRequest(findTestObject("01_API/01_User/SC002_Login/TCC002_Login (With empty body value)")): Send request successfully

2022-07-02 21:28:02 - [MESSAGE][INFO] - HAR: F:\1. UNNES\6. Semester 6\2 - MSIB\CAPSTONE PROJECT\testing-lms\Reports\20220702_212550\TS01_API\Regression_API\20220702_212550\requests\main\69.har

2022-07-02 21:28:02 - [MESSAGE][PASSED] - Send request successfully

2022-07-02 21:28:02 - [TEST_STEP][PASSED] - verifyResponseStatusCode(response, response_400, CONTINUE_ON_FAILURE): Verify response status code successfully

2022-07-02 21:28:02 - [MESSAGE][PASSED] - Verify response status code successfully]]></system-out>
         <system-err><![CDATA[]]></system-err>
      </testcase>
      <testcase name="Test Cases/01_API/01_User/SC002_Login/TCC001_Login (With valid body value)" time="1.561" classname="Test Cases/01_API/01_User/SC002_Login/TCC001_Login (With valid body value)" status="PASSED">
         <system-out><![CDATA[2022-07-02 21:28:02 - [TEST_CASE][PASSED] - Test Cases/01_API/01_User/SC002_Login/TCC001_Login (With valid body value): Test Cases/01_API/01_User/SC002_Login/TCC001_Login (With valid body value)

2022-07-02 21:28:03 - [TEST_STEP][PASSED] - response = sendRequest(findTestObject("01_API/01_User/SC002_Login/TCC001_Login (With valid body value)")): Send request successfully

2022-07-02 21:28:04 - [MESSAGE][INFO] - HAR: F:\1. UNNES\6. Semester 6\2 - MSIB\CAPSTONE PROJECT\testing-lms\Reports\20220702_212550\TS01_API\Regression_API\20220702_212550\requests\main\70.har

2022-07-02 21:28:04 - [MESSAGE][PASSED] - Send request successfully

2022-07-02 21:28:04 - [TEST_STEP][PASSED] - verifyResponseStatusCode(response, response_200, CONTINUE_ON_FAILURE): Verify response status code successfully

2022-07-02 21:28:04 - [MESSAGE][PASSED] - Verify response status code successfully

2022-07-02 21:28:04 - [TEST_STEP][PASSED] - verifyElementPropertyValue(response, "status", "true"): Verify element property value successfully

2022-07-02 21:28:04 - [MESSAGE][PASSED] - Verify element property value successfully]]></system-out>
         <system-err><![CDATA[]]></system-err>
      </testcase>
      <system-out><![CDATA[2022-07-02 21:25:55 - [TEST_SUITE][PASSED] - Regression_API: Test Cases/01_API/01_User/SC002_Login/TCC001_Login (With valid body value)]]></system-out>
      <system-err><![CDATA[]]></system-err>
   </testsuite>
</testsuites>
