<?xml version="1.0" encoding="UTF-8"?>
<testsuites name="04_Guidance" time="14.186" tests="7" failures="0" errors="0">
   <testsuite name="04_Guidance" tests="7" failures="0" errors="0" time="14.186" skipped="0" timestamp="2022-07-02 20:30:45" hostname="salsa - SALSABILA" id="Test Suites/TS01_API/04_Guidance">
      <properties>
         <property name="deviceName" value=""/>
         <property name="devicePlatform" value=""/>
         <property name="logFolder" value="F:\\1. UNNES\\6. Semester 6\\2 - MSIB\\CAPSTONE PROJECT\\testing-lms\\Reports\\20220702_202925\\TS01_API\\04_Guidance\\20220702_202930"/>
         <property name="logFiles" value="F:\\1. UNNES\\6. Semester 6\\2 - MSIB\\CAPSTONE PROJECT\\testing-lms\\Reports\\20220702_202925\\TS01_API\\04_Guidance\\20220702_202930\\execution0.log"/>
         <property name="attachments" value=""/>
         <property name="hostName" value="salsa - SALSABILA"/>
         <property name="hostAddress" value="192.168.43.91"/>
         <property name="os" value="Windows 10 64bit"/>
         <property name="katalonVersion" value="8.2.5.208"/>
      </properties>
      <testcase name="Test Cases/01_API/04_Guidance/SC016_Request Guidance in Class/TC004_Request Guidance in Class (With invalid classId)" time="4.603" classname="Test Cases/01_API/04_Guidance/SC016_Request Guidance in Class/TC004_Request Guidance in Class (With invalid classId)" status="PASSED">
         <system-out><![CDATA[2022-07-02 20:30:46 - [TEST_CASE][PASSED] - Test Cases/01_API/04_Guidance/SC016_Request Guidance in Class/TC004_Request Guidance in Class (With invalid classId): Test Cases/01_API/04_Guidance/SC016_Request Guidance in Class/TC004_Request Guidance in Class (With invalid classId)

2022-07-02 20:30:46 - [TEST_STEP][PASSED] - response = sendRequest(findTestObject("01_API/04_Guidance/SC016_Request Guidance in Class/TC004_Request Guidance in Class (With invalid classId)")): Send request successfully

2022-07-02 20:30:50 - [MESSAGE][INFO] - HAR: F:\1. UNNES\6. Semester 6\2 - MSIB\CAPSTONE PROJECT\testing-lms\Reports\20220702_202925\TS01_API\04_Guidance\20220702_202930\requests\main\0.har

2022-07-02 20:30:50 - [MESSAGE][PASSED] - Send request successfully

2022-07-02 20:30:50 - [TEST_STEP][PASSED] - verifyResponseStatusCode(response, response_400, CONTINUE_ON_FAILURE): Verify response status code successfully

2022-07-02 20:30:50 - [MESSAGE][PASSED] - Verify response status code successfully

2022-07-02 20:30:50 - [TEST_STEP][PASSED] - verifyElementPropertyValue(response, "errors.message", "Class not found"): Verify element property value successfully

2022-07-02 20:30:50 - [MESSAGE][PASSED] - Verify element property value successfully]]></system-out>
         <system-err><![CDATA[]]></system-err>
      </testcase>
      <testcase name="Test Cases/01_API/04_Guidance/SC016_Request Guidance in Class/TC003_Request Guidance in Class (With invalid userId)" time="1.92" classname="Test Cases/01_API/04_Guidance/SC016_Request Guidance in Class/TC003_Request Guidance in Class (With invalid userId)" status="PASSED">
         <system-out><![CDATA[2022-07-02 20:30:50 - [TEST_CASE][PASSED] - Test Cases/01_API/04_Guidance/SC016_Request Guidance in Class/TC003_Request Guidance in Class (With invalid userId): Test Cases/01_API/04_Guidance/SC016_Request Guidance in Class/TC003_Request Guidance in Class (With invalid userId)

2022-07-02 20:30:51 - [TEST_STEP][PASSED] - response = sendRequest(findTestObject("01_API/04_Guidance/SC016_Request Guidance in Class/TC003_Request Guidance in Class (With invalid userId)")): Send request successfully

2022-07-02 20:30:52 - [MESSAGE][INFO] - HAR: F:\1. UNNES\6. Semester 6\2 - MSIB\CAPSTONE PROJECT\testing-lms\Reports\20220702_202925\TS01_API\04_Guidance\20220702_202930\requests\main\1.har

2022-07-02 20:30:52 - [MESSAGE][PASSED] - Send request successfully

2022-07-02 20:30:52 - [TEST_STEP][PASSED] - verifyResponseStatusCode(response, response_400, CONTINUE_ON_FAILURE): Verify response status code successfully

2022-07-02 20:30:52 - [MESSAGE][PASSED] - Verify response status code successfully

2022-07-02 20:30:52 - [TEST_STEP][PASSED] - verifyElementPropertyValue(response, "errors.message", "User not found"): Verify element property value successfully

2022-07-02 20:30:52 - [MESSAGE][PASSED] - Verify element property value successfully]]></system-out>
         <system-err><![CDATA[]]></system-err>
      </testcase>
      <testcase name="Test Cases/01_API/04_Guidance/SC016_Request Guidance in Class/TC002_Request Guidance in Class (With invalid token)" time="0.997" classname="Test Cases/01_API/04_Guidance/SC016_Request Guidance in Class/TC002_Request Guidance in Class (With invalid token)" status="PASSED">
         <system-out><![CDATA[2022-07-02 20:30:52 - [TEST_CASE][PASSED] - Test Cases/01_API/04_Guidance/SC016_Request Guidance in Class/TC002_Request Guidance in Class (With invalid token): Test Cases/01_API/04_Guidance/SC016_Request Guidance in Class/TC002_Request Guidance in Class (With invalid token)

2022-07-02 20:30:53 - [TEST_STEP][PASSED] - response = sendRequest(findTestObject("01_API/04_Guidance/SC016_Request Guidance in Class/TC002_Request Guidance in Class (With invalid token)")): Send request successfully

2022-07-02 20:30:53 - [MESSAGE][INFO] - HAR: F:\1. UNNES\6. Semester 6\2 - MSIB\CAPSTONE PROJECT\testing-lms\Reports\20220702_202925\TS01_API\04_Guidance\20220702_202930\requests\main\2.har

2022-07-02 20:30:53 - [MESSAGE][PASSED] - Send request successfully

2022-07-02 20:30:53 - [TEST_STEP][PASSED] - verifyResponseStatusCode(response, response_200, CONTINUE_ON_FAILURE): Verify response status code successfully

2022-07-02 20:30:53 - [MESSAGE][PASSED] - Verify response status code successfully

2022-07-02 20:30:53 - [TEST_STEP][PASSED] - verifyElementPropertyValue(response, "errors.message", "access denied"): Verify element property value successfully

2022-07-02 20:30:53 - [MESSAGE][PASSED] - Verify element property value successfully]]></system-out>
         <system-err><![CDATA[]]></system-err>
      </testcase>
      <testcase name="Test Cases/01_API/04_Guidance/SC016_Request Guidance in Class/TC001_Request Guidance in Class (With valid input)" time="1.64" classname="Test Cases/01_API/04_Guidance/SC016_Request Guidance in Class/TC001_Request Guidance in Class (With valid input)" status="PASSED">
         <system-out><![CDATA[2022-07-02 20:30:53 - [TEST_CASE][PASSED] - Test Cases/01_API/04_Guidance/SC016_Request Guidance in Class/TC001_Request Guidance in Class (With valid input): Test Cases/01_API/04_Guidance/SC016_Request Guidance in Class/TC001_Request Guidance in Class (With valid input)

2022-07-02 20:30:54 - [TEST_STEP][PASSED] - response = sendRequest(findTestObject("01_API/04_Guidance/SC016_Request Guidance in Class/TC001_Request Guidance in Class (With valid input)")): Send request successfully

2022-07-02 20:30:55 - [MESSAGE][INFO] - HAR: F:\1. UNNES\6. Semester 6\2 - MSIB\CAPSTONE PROJECT\testing-lms\Reports\20220702_202925\TS01_API\04_Guidance\20220702_202930\requests\main\3.har

2022-07-02 20:30:55 - [MESSAGE][PASSED] - Send request successfully

2022-07-02 20:30:55 - [TEST_STEP][PASSED] - verifyResponseStatusCode(response, response_200, CONTINUE_ON_FAILURE): Verify response status code successfully

2022-07-02 20:30:55 - [MESSAGE][PASSED] - Verify response status code successfully

2022-07-02 20:30:55 - [TEST_STEP][PASSED] - verifyElementPropertyValue(response, "status", "true"): Verify element property value successfully

2022-07-02 20:30:55 - [MESSAGE][PASSED] - Verify element property value successfully]]></system-out>
         <system-err><![CDATA[]]></system-err>
      </testcase>
      <testcase name="Test Cases/01_API/04_Guidance/SC017_Get All Guidances in Class/TC003_Get All Guidances in Class (With invalid token)" time="1.252" classname="Test Cases/01_API/04_Guidance/SC017_Get All Guidances in Class/TC003_Get All Guidances in Class (With invalid token)" status="PASSED">
         <system-out><![CDATA[2022-07-02 20:30:55 - [TEST_CASE][PASSED] - Test Cases/01_API/04_Guidance/SC017_Get All Guidances in Class/TC003_Get All Guidances in Class (With invalid token): Test Cases/01_API/04_Guidance/SC017_Get All Guidances in Class/TC003_Get All Guidances in Class (With invalid token)

2022-07-02 20:30:56 - [TEST_STEP][PASSED] - response = sendRequest(findTestObject("01_API/04_Guidance/SC017_Get All Guidances of Class/TC003_Get All Guidances in Class (With invalid token)")): Send request successfully

2022-07-02 20:30:56 - [MESSAGE][INFO] - HAR: F:\1. UNNES\6. Semester 6\2 - MSIB\CAPSTONE PROJECT\testing-lms\Reports\20220702_202925\TS01_API\04_Guidance\20220702_202930\requests\main\4.har

2022-07-02 20:30:56 - [MESSAGE][PASSED] - Send request successfully

2022-07-02 20:30:56 - [TEST_STEP][PASSED] - verifyResponseStatusCode(response, response_200, CONTINUE_ON_FAILURE): Verify response status code successfully

2022-07-02 20:30:56 - [MESSAGE][PASSED] - Verify response status code successfully

2022-07-02 20:30:56 - [TEST_STEP][PASSED] - verifyElementPropertyValue(response, "errors.message", "access denied"): Verify element property value successfully

2022-07-02 20:30:56 - [MESSAGE][PASSED] - Verify element property value successfully]]></system-out>
         <system-err><![CDATA[]]></system-err>
      </testcase>
      <testcase name="Test Cases/01_API/04_Guidance/SC017_Get All Guidances in Class/TC002_Get All Guidances in Class (With invalid ClassId)" time="1.472" classname="Test Cases/01_API/04_Guidance/SC017_Get All Guidances in Class/TC002_Get All Guidances in Class (With invalid ClassId)" status="PASSED">
         <system-out><![CDATA[2022-07-02 20:30:56 - [TEST_CASE][PASSED] - Test Cases/01_API/04_Guidance/SC017_Get All Guidances in Class/TC002_Get All Guidances in Class (With invalid ClassId): Test Cases/01_API/04_Guidance/SC017_Get All Guidances in Class/TC002_Get All Guidances in Class (With invalid ClassId)

2022-07-02 20:30:57 - [TEST_STEP][PASSED] - response = sendRequest(findTestObject("01_API/04_Guidance/SC017_Get All Guidances of Class/TC002_Get All Guidances in Class (With invalid classId)")): Send request successfully

2022-07-02 20:30:58 - [MESSAGE][INFO] - HAR: F:\1. UNNES\6. Semester 6\2 - MSIB\CAPSTONE PROJECT\testing-lms\Reports\20220702_202925\TS01_API\04_Guidance\20220702_202930\requests\main\5.har

2022-07-02 20:30:58 - [MESSAGE][PASSED] - Send request successfully

2022-07-02 20:30:58 - [TEST_STEP][PASSED] - verifyResponseStatusCode(response, response_200, CONTINUE_ON_FAILURE): Verify response status code successfully

2022-07-02 20:30:58 - [MESSAGE][PASSED] - Verify response status code successfully

2022-07-02 20:30:58 - [TEST_STEP][PASSED] - verifyElementPropertyValue(response, "data", []): Verify element property value successfully

2022-07-02 20:30:58 - [MESSAGE][PASSED] - Verify element property value successfully]]></system-out>
         <system-err><![CDATA[]]></system-err>
      </testcase>
      <testcase name="Test Cases/01_API/04_Guidance/SC017_Get All Guidances in Class/TC001_Get All Guidances in Class (With valid input)" time="1.778" classname="Test Cases/01_API/04_Guidance/SC017_Get All Guidances in Class/TC001_Get All Guidances in Class (With valid input)" status="PASSED">
         <system-out><![CDATA[2022-07-02 20:30:58 - [TEST_CASE][PASSED] - Test Cases/01_API/04_Guidance/SC017_Get All Guidances in Class/TC001_Get All Guidances in Class (With valid input): Test Cases/01_API/04_Guidance/SC017_Get All Guidances in Class/TC001_Get All Guidances in Class (With valid input)

2022-07-02 20:30:58 - [TEST_STEP][PASSED] - response = sendRequest(findTestObject("01_API/04_Guidance/SC017_Get All Guidances of Class/TC001_Get All Guidances in Class (With valid input)")): Send request successfully

2022-07-02 20:30:59 - [MESSAGE][INFO] - HAR: F:\1. UNNES\6. Semester 6\2 - MSIB\CAPSTONE PROJECT\testing-lms\Reports\20220702_202925\TS01_API\04_Guidance\20220702_202930\requests\main\6.har

2022-07-02 20:30:59 - [MESSAGE][PASSED] - Send request successfully

2022-07-02 20:30:59 - [TEST_STEP][PASSED] - verifyResponseStatusCode(response, response_200, CONTINUE_ON_FAILURE): Verify response status code successfully

2022-07-02 20:30:59 - [MESSAGE][PASSED] - Verify response status code successfully

2022-07-02 20:30:59 - [TEST_STEP][PASSED] - verifyElementPropertyValue(response, "status", "true"): Verify element property value successfully

2022-07-02 20:30:59 - [MESSAGE][PASSED] - Verify element property value successfully]]></system-out>
         <system-err><![CDATA[]]></system-err>
      </testcase>
      <system-out><![CDATA[2022-07-02 20:30:45 - [TEST_SUITE][PASSED] - 04_Guidance: Test Cases/01_API/04_Guidance/SC017_Get All Guidances in Class/TC001_Get All Guidances in Class (With valid input)]]></system-out>
      <system-err><![CDATA[]]></system-err>
   </testsuite>
</testsuites>
