<?xml version="1.0" encoding="UTF-8"?>
<testsuites name="Regression_API" time="129.179" tests="70" failures="0" errors="0">
   <testsuite name="Regression_API" tests="70" failures="0" errors="0" time="129.179" skipped="0" timestamp="2022-07-03 11:16:00" hostname="salsa - SALSABILA" id="Test Suites/TS01_API/Regression_API">
      <properties>
         <property name="deviceName" value=""/>
         <property name="devicePlatform" value=""/>
         <property name="logFolder" value="F:\\1. UNNES\\6. Semester 6\\2 - MSIB\\CAPSTONE PROJECT\\testing-lms\\Reports\\20220703_111555\\TS01_API\\Regression_API\\20220703_111555"/>
         <property name="logFiles" value="F:\\1. UNNES\\6. Semester 6\\2 - MSIB\\CAPSTONE PROJECT\\testing-lms\\Reports\\20220703_111555\\TS01_API\\Regression_API\\20220703_111555\\execution0.log"/>
         <property name="attachments" value=""/>
         <property name="hostName" value="salsa - SALSABILA"/>
         <property name="hostAddress" value="192.168.84.173"/>
         <property name="os" value="Windows 10 64bit"/>
         <property name="katalonVersion" value="8.4.0.208"/>
      </properties>
      <testcase name="Test Cases/01_API/01_User/SC001_Register/TCC005_Register (With registered email)" time="7.896" classname="Test Cases/01_API/01_User/SC001_Register/TCC005_Register (With registered email)" status="PASSED">
         <system-out><![CDATA[2022-07-03 11:16:01 - [TEST_CASE][PASSED] - Test Cases/01_API/01_User/SC001_Register/TCC005_Register (With registered email): Test Cases/01_API/01_User/SC001_Register/TCC005_Register (With registered email)

2022-07-03 11:16:01 - [TEST_STEP][PASSED] - response = sendRequest(findTestObject("01_API/01_User/SC001_Register/TCC005_Register (With registered email)")): Send request successfully

2022-07-03 11:16:08 - [MESSAGE][INFO] - HAR: F:\1. UNNES\6. Semester 6\2 - MSIB\CAPSTONE PROJECT\testing-lms\Reports\20220703_111555\TS01_API\Regression_API\20220703_111555\requests\main\0.har

2022-07-03 11:16:08 - [MESSAGE][PASSED] - Send request successfully

2022-07-03 11:16:08 - [TEST_STEP][PASSED] - verifyResponseStatusCode(response, response_500, CONTINUE_ON_FAILURE): Verify response status code successfully

2022-07-03 11:16:08 - [MESSAGE][PASSED] - Verify response status code successfully

2022-07-03 11:16:08 - [TEST_STEP][PASSED] - verifyElementPropertyValue(response, "error", internal_server_error): Verify element property value successfully

2022-07-03 11:16:09 - [MESSAGE][PASSED] - Verify element property value successfully]]></system-out>
         <system-err><![CDATA[]]></system-err>
      </testcase>
      <testcase name="Test Cases/01_API/01_User/SC001_Register/TCC004_Register (With invalid email format)" time="1.353" classname="Test Cases/01_API/01_User/SC001_Register/TCC004_Register (With invalid email format)" status="PASSED">
         <system-out><![CDATA[2022-07-03 11:16:09 - [TEST_CASE][PASSED] - Test Cases/01_API/01_User/SC001_Register/TCC004_Register (With invalid email format): Test Cases/01_API/01_User/SC001_Register/TCC004_Register (With invalid email format)

2022-07-03 11:16:09 - [TEST_STEP][PASSED] - response = sendRequest(findTestObject("01_API/01_User/SC001_Register/TCC004_Register (With invalid email format)")): Send request successfully

2022-07-03 11:16:10 - [MESSAGE][INFO] - HAR: F:\1. UNNES\6. Semester 6\2 - MSIB\CAPSTONE PROJECT\testing-lms\Reports\20220703_111555\TS01_API\Regression_API\20220703_111555\requests\main\1.har

2022-07-03 11:16:10 - [MESSAGE][PASSED] - Send request successfully

2022-07-03 11:16:10 - [TEST_STEP][PASSED] - verifyResponseStatusCode(response, response_400, CONTINUE_ON_FAILURE): Verify response status code successfully

2022-07-03 11:16:10 - [MESSAGE][PASSED] - Verify response status code successfully

2022-07-03 11:16:10 - [TEST_STEP][PASSED] - verifyElementPropertyValue(response, "errors.message.email", invalid_email_format): Verify element property value successfully

2022-07-03 11:16:10 - [MESSAGE][PASSED] - Verify element property value successfully]]></system-out>
         <system-err><![CDATA[]]></system-err>
      </testcase>
      <testcase name="Test Cases/01_API/01_User/SC001_Register/TCC003_Register (With invalid method)" time="1.348" classname="Test Cases/01_API/01_User/SC001_Register/TCC003_Register (With invalid method)" status="PASSED">
         <system-out><![CDATA[2022-07-03 11:16:10 - [TEST_CASE][PASSED] - Test Cases/01_API/01_User/SC001_Register/TCC003_Register (With invalid method): Test Cases/01_API/01_User/SC001_Register/TCC003_Register (With invalid method)

2022-07-03 11:16:11 - [TEST_STEP][PASSED] - response = sendRequest(findTestObject("01_API/01_User/SC001_Register/TCC003_Register (With invalid method)")): Send request successfully

2022-07-03 11:16:11 - [MESSAGE][INFO] - HAR: F:\1. UNNES\6. Semester 6\2 - MSIB\CAPSTONE PROJECT\testing-lms\Reports\20220703_111555\TS01_API\Regression_API\20220703_111555\requests\main\2.har

2022-07-03 11:16:11 - [MESSAGE][PASSED] - Send request successfully

2022-07-03 11:16:11 - [TEST_STEP][PASSED] - verifyResponseStatusCode(response, response_405, CONTINUE_ON_FAILURE): Verify response status code successfully

2022-07-03 11:16:11 - [MESSAGE][PASSED] - Verify response status code successfully

2022-07-03 11:16:11 - [TEST_STEP][PASSED] - verifyElementPropertyValue(response, "error", method_now_allowed): Verify element property value successfully

2022-07-03 11:16:11 - [MESSAGE][PASSED] - Verify element property value successfully]]></system-out>
         <system-err><![CDATA[]]></system-err>
      </testcase>
      <testcase name="Test Cases/01_API/01_User/SC001_Register/TCC002_Register (With empty body value)" time="1.111" classname="Test Cases/01_API/01_User/SC001_Register/TCC002_Register (With empty body value)" status="PASSED">
         <system-out><![CDATA[2022-07-03 11:16:11 - [TEST_CASE][PASSED] - Test Cases/01_API/01_User/SC001_Register/TCC002_Register (With empty body value): Test Cases/01_API/01_User/SC001_Register/TCC002_Register (With empty body value)

2022-07-03 11:16:12 - [TEST_STEP][PASSED] - response = sendRequest(findTestObject("01_API/01_User/SC001_Register/TCC002_Register (With empty body value)")): Send request successfully

2022-07-03 11:16:12 - [MESSAGE][INFO] - HAR: F:\1. UNNES\6. Semester 6\2 - MSIB\CAPSTONE PROJECT\testing-lms\Reports\20220703_111555\TS01_API\Regression_API\20220703_111555\requests\main\3.har

2022-07-03 11:16:12 - [MESSAGE][PASSED] - Send request successfully

2022-07-03 11:16:12 - [TEST_STEP][PASSED] - verifyResponseStatusCode(response, response_400, CONTINUE_ON_FAILURE): Verify response status code successfully

2022-07-03 11:16:12 - [MESSAGE][PASSED] - Verify response status code successfully

2022-07-03 11:16:12 - [TEST_STEP][PASSED] - verifyElementPropertyValue(response, "status", "false"): Verify element property value successfully

2022-07-03 11:16:12 - [MESSAGE][PASSED] - Verify element property value successfully]]></system-out>
         <system-err><![CDATA[]]></system-err>
      </testcase>
      <testcase name="Test Cases/01_API/01_User/SC001_Register/TCC001_Register (With valid body value)" time="1.924" classname="Test Cases/01_API/01_User/SC001_Register/TCC001_Register (With valid body value)" status="PASSED">
         <system-out><![CDATA[2022-07-03 11:16:12 - [TEST_CASE][PASSED] - Test Cases/01_API/01_User/SC001_Register/TCC001_Register (With valid body value): Test Cases/01_API/01_User/SC001_Register/TCC001_Register (With valid body value)

2022-07-03 11:16:13 - [TEST_STEP][PASSED] - response = sendRequest(findTestObject("01_API/01_User/SC001_Register/TCC001_Register (With valid body value)")): Send request successfully

2022-07-03 11:16:14 - [MESSAGE][INFO] - HAR: F:\1. UNNES\6. Semester 6\2 - MSIB\CAPSTONE PROJECT\testing-lms\Reports\20220703_111555\TS01_API\Regression_API\20220703_111555\requests\main\4.har

2022-07-03 11:16:14 - [MESSAGE][PASSED] - Send request successfully

2022-07-03 11:16:14 - [TEST_STEP][PASSED] - verifyResponseStatusCode(response, response_200): Verify response status code successfully

2022-07-03 11:16:14 - [MESSAGE][PASSED] - Verify response status code successfully

2022-07-03 11:16:14 - [TEST_STEP][PASSED] - verifyElementPropertyValue(response, "data.email", register_email): Verify element property value successfully

2022-07-03 11:16:14 - [MESSAGE][PASSED] - Verify element property value successfully]]></system-out>
         <system-err><![CDATA[]]></system-err>
      </testcase>
      <testcase name="Test Cases/01_API/01_User/SC002_Login/TCC006_Login (With invalid password)" time="1.454" classname="Test Cases/01_API/01_User/SC002_Login/TCC006_Login (With invalid password)" status="PASSED">
         <system-out><![CDATA[2022-07-03 11:16:14 - [TEST_CASE][PASSED] - Test Cases/01_API/01_User/SC002_Login/TCC006_Login (With invalid password): Test Cases/01_API/01_User/SC002_Login/TCC006_Login (With invalid password)

2022-07-03 11:16:15 - [TEST_STEP][PASSED] - response = sendRequest(findTestObject("01_API/01_User/SC002_Login/TCC006_Login (With invalid password)")): Send request successfully

2022-07-03 11:16:16 - [MESSAGE][INFO] - HAR: F:\1. UNNES\6. Semester 6\2 - MSIB\CAPSTONE PROJECT\testing-lms\Reports\20220703_111555\TS01_API\Regression_API\20220703_111555\requests\main\5.har

2022-07-03 11:16:16 - [MESSAGE][PASSED] - Send request successfully

2022-07-03 11:16:16 - [TEST_STEP][PASSED] - verifyResponseStatusCode(response, response_400, CONTINUE_ON_FAILURE): Verify response status code successfully

2022-07-03 11:16:16 - [MESSAGE][PASSED] - Verify response status code successfully

2022-07-03 11:16:16 - [TEST_STEP][PASSED] - verifyElementPropertyValue(response, "errors.message", password_doesnt_match): Verify element property value successfully

2022-07-03 11:16:16 - [MESSAGE][PASSED] - Verify element property value successfully]]></system-out>
         <system-err><![CDATA[]]></system-err>
      </testcase>
      <testcase name="Test Cases/01_API/01_User/SC002_Login/TCC005_Login (With unregistered email)" time="2.425" classname="Test Cases/01_API/01_User/SC002_Login/TCC005_Login (With unregistered email)" status="PASSED">
         <system-out><![CDATA[2022-07-03 11:16:16 - [TEST_CASE][PASSED] - Test Cases/01_API/01_User/SC002_Login/TCC005_Login (With unregistered email): Test Cases/01_API/01_User/SC002_Login/TCC005_Login (With unregistered email)

2022-07-03 11:16:16 - [TEST_STEP][PASSED] - response = sendRequest(findTestObject("01_API/01_User/SC002_Login/TCC005_Login (With unregistered email)")): Send request successfully

2022-07-03 11:16:18 - [MESSAGE][INFO] - HAR: F:\1. UNNES\6. Semester 6\2 - MSIB\CAPSTONE PROJECT\testing-lms\Reports\20220703_111555\TS01_API\Regression_API\20220703_111555\requests\main\6.har

2022-07-03 11:16:18 - [MESSAGE][PASSED] - Send request successfully

2022-07-03 11:16:18 - [TEST_STEP][PASSED] - verifyResponseStatusCode(response, response_400, CONTINUE_ON_FAILURE): Verify response status code successfully

2022-07-03 11:16:18 - [MESSAGE][PASSED] - Verify response status code successfully

2022-07-03 11:16:18 - [TEST_STEP][PASSED] - verifyElementPropertyValue(response, "errors.message", user_not_found): Verify element property value successfully

2022-07-03 11:16:18 - [MESSAGE][PASSED] - Verify element property value successfully]]></system-out>
         <system-err><![CDATA[]]></system-err>
      </testcase>
      <testcase name="Test Cases/01_API/01_User/SC002_Login/TCC004_Login (With invalid email format)" time="1.156" classname="Test Cases/01_API/01_User/SC002_Login/TCC004_Login (With invalid email format)" status="PASSED">
         <system-out><![CDATA[2022-07-03 11:16:18 - [TEST_CASE][PASSED] - Test Cases/01_API/01_User/SC002_Login/TCC004_Login (With invalid email format): Test Cases/01_API/01_User/SC002_Login/TCC004_Login (With invalid email format)

2022-07-03 11:16:19 - [TEST_STEP][PASSED] - response = sendRequest(findTestObject("01_API/01_User/SC002_Login/TCC004_Login (With invalid email format)")): Send request successfully

2022-07-03 11:16:19 - [MESSAGE][INFO] - HAR: F:\1. UNNES\6. Semester 6\2 - MSIB\CAPSTONE PROJECT\testing-lms\Reports\20220703_111555\TS01_API\Regression_API\20220703_111555\requests\main\7.har

2022-07-03 11:16:19 - [MESSAGE][PASSED] - Send request successfully

2022-07-03 11:16:19 - [TEST_STEP][PASSED] - verifyResponseStatusCode(response, response_400, STOP_ON_FAILURE): Verify response status code successfully

2022-07-03 11:16:19 - [MESSAGE][PASSED] - Verify response status code successfully

2022-07-03 11:16:19 - [TEST_STEP][PASSED] - verifyElementPropertyValue(response, "email", invalid_email_format): Verify element property value successfully

2022-07-03 11:16:19 - [MESSAGE][PASSED] - Verify element property value successfully]]></system-out>
         <system-err><![CDATA[]]></system-err>
      </testcase>
      <testcase name="Test Cases/01_API/01_User/SC002_Login/TCC003_Login (With invalid method)" time="1.313" classname="Test Cases/01_API/01_User/SC002_Login/TCC003_Login (With invalid method)" status="PASSED">
         <system-out><![CDATA[2022-07-03 11:16:19 - [TEST_CASE][PASSED] - Test Cases/01_API/01_User/SC002_Login/TCC003_Login (With invalid method): Test Cases/01_API/01_User/SC002_Login/TCC003_Login (With invalid method)

2022-07-03 11:16:20 - [TEST_STEP][PASSED] - response = sendRequest(findTestObject("01_API/01_User/SC002_Login/TCC003_Login (With invalid method)")): Send request successfully

2022-07-03 11:16:21 - [MESSAGE][INFO] - HAR: F:\1. UNNES\6. Semester 6\2 - MSIB\CAPSTONE PROJECT\testing-lms\Reports\20220703_111555\TS01_API\Regression_API\20220703_111555\requests\main\8.har

2022-07-03 11:16:21 - [MESSAGE][PASSED] - Send request successfully

2022-07-03 11:16:21 - [TEST_STEP][PASSED] - verifyResponseStatusCode(response, response_405, CONTINUE_ON_FAILURE): Verify response status code successfully

2022-07-03 11:16:21 - [MESSAGE][PASSED] - Verify response status code successfully

2022-07-03 11:16:21 - [TEST_STEP][PASSED] - verifyElementPropertyValue(response, "error", method_now_allowed): Verify element property value successfully

2022-07-03 11:16:21 - [MESSAGE][PASSED] - Verify element property value successfully]]></system-out>
         <system-err><![CDATA[]]></system-err>
      </testcase>
      <testcase name="Test Cases/01_API/01_User/SC002_Login/TCC002_Login (With empty body value)" time="0.973" classname="Test Cases/01_API/01_User/SC002_Login/TCC002_Login (With empty body value)" status="PASSED">
         <system-out><![CDATA[2022-07-03 11:16:21 - [TEST_CASE][PASSED] - Test Cases/01_API/01_User/SC002_Login/TCC002_Login (With empty body value): Test Cases/01_API/01_User/SC002_Login/TCC002_Login (With empty body value)

2022-07-03 11:16:21 - [TEST_STEP][PASSED] - response = sendRequest(findTestObject("01_API/01_User/SC002_Login/TCC002_Login (With empty body value)")): Send request successfully

2022-07-03 11:16:22 - [MESSAGE][INFO] - HAR: F:\1. UNNES\6. Semester 6\2 - MSIB\CAPSTONE PROJECT\testing-lms\Reports\20220703_111555\TS01_API\Regression_API\20220703_111555\requests\main\9.har

2022-07-03 11:16:22 - [MESSAGE][PASSED] - Send request successfully

2022-07-03 11:16:22 - [TEST_STEP][PASSED] - verifyResponseStatusCode(response, response_400, CONTINUE_ON_FAILURE): Verify response status code successfully

2022-07-03 11:16:22 - [MESSAGE][PASSED] - Verify response status code successfully]]></system-out>
         <system-err><![CDATA[]]></system-err>
      </testcase>
      <testcase name="Test Cases/01_API/01_User/SC002_Login/TCC001_Login (With valid body value)" time="1.912" classname="Test Cases/01_API/01_User/SC002_Login/TCC001_Login (With valid body value)" status="PASSED">
         <system-out><![CDATA[2022-07-03 11:16:22 - [TEST_CASE][PASSED] - Test Cases/01_API/01_User/SC002_Login/TCC001_Login (With valid body value): Test Cases/01_API/01_User/SC002_Login/TCC001_Login (With valid body value)

2022-07-03 11:16:22 - [TEST_STEP][PASSED] - response = sendRequest(findTestObject("01_API/01_User/SC002_Login/TCC001_Login (With valid body value)")): Send request successfully

2022-07-03 11:16:24 - [MESSAGE][INFO] - HAR: F:\1. UNNES\6. Semester 6\2 - MSIB\CAPSTONE PROJECT\testing-lms\Reports\20220703_111555\TS01_API\Regression_API\20220703_111555\requests\main\10.har

2022-07-03 11:16:24 - [MESSAGE][PASSED] - Send request successfully

2022-07-03 11:16:24 - [TEST_STEP][PASSED] - verifyResponseStatusCode(response, response_200, CONTINUE_ON_FAILURE): Verify response status code successfully

2022-07-03 11:16:24 - [MESSAGE][PASSED] - Verify response status code successfully

2022-07-03 11:16:24 - [TEST_STEP][PASSED] - verifyElementPropertyValue(response, "status", "true"): Verify element property value successfully

2022-07-03 11:16:24 - [MESSAGE][PASSED] - Verify element property value successfully]]></system-out>
         <system-err><![CDATA[]]></system-err>
      </testcase>
      <testcase name="Test Cases/01_API/01_User/SC003_Update User By Id/TCC001_Update User By Id (With valid input)" time="1.756" classname="Test Cases/01_API/01_User/SC003_Update User By Id/TCC001_Update User By Id (With valid input)" status="PASSED">
         <system-out><![CDATA[2022-07-03 11:16:24 - [TEST_CASE][PASSED] - Test Cases/01_API/01_User/SC003_Update User By Id/TCC001_Update User By Id (With valid input): Test Cases/01_API/01_User/SC003_Update User By Id/TCC001_Update User By Id (With valid input)

2022-07-03 11:16:24 - [TEST_STEP][PASSED] - response = sendRequest(findTestObject("01_API/01_User/SC003_Update User By Id/TCC001_Update User By Id (With valid input)")): Send request successfully

2022-07-03 11:16:25 - [MESSAGE][INFO] - HAR: F:\1. UNNES\6. Semester 6\2 - MSIB\CAPSTONE PROJECT\testing-lms\Reports\20220703_111555\TS01_API\Regression_API\20220703_111555\requests\main\11.har

2022-07-03 11:16:25 - [MESSAGE][PASSED] - Send request successfully

2022-07-03 11:16:25 - [TEST_STEP][PASSED] - verifyResponseStatusCode(response, response_200, CONTINUE_ON_FAILURE): Verify response status code successfully

2022-07-03 11:16:25 - [MESSAGE][PASSED] - Verify response status code successfully

2022-07-03 11:16:25 - [TEST_STEP][PASSED] - verifyElementPropertyValue(response, "data.email", new_email): Verify element property value successfully

2022-07-03 11:16:25 - [MESSAGE][PASSED] - Verify element property value successfully]]></system-out>
         <system-err><![CDATA[]]></system-err>
      </testcase>
      <testcase name="Test Cases/01_API/01_User/SC003_Update User By Id/TCC002_Update User By Id (With empty body value)" time="3.599" classname="Test Cases/01_API/01_User/SC003_Update User By Id/TCC002_Update User By Id (With empty body value)" status="PASSED">
         <system-out><![CDATA[2022-07-03 11:16:25 - [TEST_CASE][PASSED] - Test Cases/01_API/01_User/SC003_Update User By Id/TCC002_Update User By Id (With empty body value): Test Cases/01_API/01_User/SC003_Update User By Id/TCC002_Update User By Id (With empty body value)

2022-07-03 11:16:26 - [TEST_STEP][PASSED] - response = sendRequest(findTestObject("01_API/01_User/SC003_Update User By Id/TCC002_Update User By Id (With empty body value)")): Send request successfully

2022-07-03 11:16:29 - [MESSAGE][INFO] - HAR: F:\1. UNNES\6. Semester 6\2 - MSIB\CAPSTONE PROJECT\testing-lms\Reports\20220703_111555\TS01_API\Regression_API\20220703_111555\requests\main\12.har

2022-07-03 11:16:29 - [MESSAGE][PASSED] - Send request successfully

2022-07-03 11:16:29 - [TEST_STEP][PASSED] - verifyResponseStatusCode(response, response_400, CONTINUE_ON_FAILURE): Verify response status code successfully

2022-07-03 11:16:29 - [MESSAGE][PASSED] - Verify response status code successfully

2022-07-03 11:16:29 - [TEST_STEP][PASSED] - verifyElementPropertyValue(response, "status", "false"): Verify element property value successfully

2022-07-03 11:16:29 - [MESSAGE][PASSED] - Verify element property value successfully]]></system-out>
         <system-err><![CDATA[]]></system-err>
      </testcase>
      <testcase name="Test Cases/01_API/01_User/SC003_Update User By Id/TCC003_Update User By Id (With invalid method)" time="1.626" classname="Test Cases/01_API/01_User/SC003_Update User By Id/TCC003_Update User By Id (With invalid method)" status="PASSED">
         <system-out><![CDATA[2022-07-03 11:16:29 - [TEST_CASE][PASSED] - Test Cases/01_API/01_User/SC003_Update User By Id/TCC003_Update User By Id (With invalid method): Test Cases/01_API/01_User/SC003_Update User By Id/TCC003_Update User By Id (With invalid method)

2022-07-03 11:16:30 - [TEST_STEP][PASSED] - response = sendRequest(findTestObject("01_API/01_User/SC003_Update User By Id/TCC003_Update User By Id (With invalid method)")): Send request successfully

2022-07-03 11:16:31 - [MESSAGE][INFO] - HAR: F:\1. UNNES\6. Semester 6\2 - MSIB\CAPSTONE PROJECT\testing-lms\Reports\20220703_111555\TS01_API\Regression_API\20220703_111555\requests\main\13.har

2022-07-03 11:16:31 - [MESSAGE][PASSED] - Send request successfully

2022-07-03 11:16:31 - [TEST_STEP][PASSED] - verifyResponseStatusCode(response, response_405, CONTINUE_ON_FAILURE): Verify response status code successfully

2022-07-03 11:16:31 - [MESSAGE][PASSED] - Verify response status code successfully

2022-07-03 11:16:31 - [TEST_STEP][PASSED] - verifyElementPropertyValue(response, "error", method_now_allowed): Verify element property value successfully

2022-07-03 11:16:31 - [MESSAGE][PASSED] - Verify element property value successfully]]></system-out>
         <system-err><![CDATA[]]></system-err>
      </testcase>
      <testcase name="Test Cases/01_API/01_User/SC003_Update User By Id/TCC004_Update User By Id (With invalid id)" time="1.714" classname="Test Cases/01_API/01_User/SC003_Update User By Id/TCC004_Update User By Id (With invalid id)" status="PASSED">
         <system-out><![CDATA[2022-07-03 11:16:31 - [TEST_CASE][PASSED] - Test Cases/01_API/01_User/SC003_Update User By Id/TCC004_Update User By Id (With invalid id): Test Cases/01_API/01_User/SC003_Update User By Id/TCC004_Update User By Id (With invalid id)

2022-07-03 11:16:31 - [TEST_STEP][PASSED] - response = sendRequest(findTestObject("01_API/01_User/SC003_Update User By Id/TCC004_Update User By Id (With invalid id)")): Send request successfully

2022-07-03 11:16:32 - [MESSAGE][INFO] - HAR: F:\1. UNNES\6. Semester 6\2 - MSIB\CAPSTONE PROJECT\testing-lms\Reports\20220703_111555\TS01_API\Regression_API\20220703_111555\requests\main\14.har

2022-07-03 11:16:32 - [MESSAGE][PASSED] - Send request successfully

2022-07-03 11:16:32 - [TEST_STEP][PASSED] - verifyResponseStatusCode(response, response_400, CONTINUE_ON_FAILURE): Verify response status code successfully

2022-07-03 11:16:32 - [MESSAGE][PASSED] - Verify response status code successfully

2022-07-03 11:16:32 - [TEST_STEP][PASSED] - verifyElementPropertyValue(response, "errors.message.message", user_not_found): Verify element property value successfully

2022-07-03 11:16:32 - [MESSAGE][PASSED] - Verify element property value successfully]]></system-out>
         <system-err><![CDATA[]]></system-err>
      </testcase>
      <testcase name="Test Cases/01_API/01_User/SC003_Update User By Id/TCC005_Update User By Id (With invalid email format)" time="1.594" classname="Test Cases/01_API/01_User/SC003_Update User By Id/TCC005_Update User By Id (With invalid email format)" status="PASSED">
         <system-out><![CDATA[2022-07-03 11:16:32 - [TEST_CASE][PASSED] - Test Cases/01_API/01_User/SC003_Update User By Id/TCC005_Update User By Id (With invalid email format): Test Cases/01_API/01_User/SC003_Update User By Id/TCC005_Update User By Id (With invalid email format)

2022-07-03 11:16:33 - [TEST_STEP][PASSED] - response = sendRequest(findTestObject("01_API/01_User/SC003_Update User By Id/TCC005_Update User By Id (With invalid email format)")): Send request successfully

2022-07-03 11:16:34 - [MESSAGE][INFO] - HAR: F:\1. UNNES\6. Semester 6\2 - MSIB\CAPSTONE PROJECT\testing-lms\Reports\20220703_111555\TS01_API\Regression_API\20220703_111555\requests\main\15.har

2022-07-03 11:16:34 - [MESSAGE][PASSED] - Send request successfully

2022-07-03 11:16:34 - [TEST_STEP][PASSED] - verifyResponseStatusCode(response, response_400, CONTINUE_ON_FAILURE): Verify response status code successfully

2022-07-03 11:16:34 - [MESSAGE][PASSED] - Verify response status code successfully

2022-07-03 11:16:34 - [TEST_STEP][PASSED] - verifyElementPropertyValue(response, "errors.message.email", invalid_email_format): Verify element property value successfully

2022-07-03 11:16:34 - [MESSAGE][PASSED] - Verify element property value successfully]]></system-out>
         <system-err><![CDATA[]]></system-err>
      </testcase>
      <testcase name="Test Cases/01_API/01_User/SC003_Update User By Id/TCC006_Update User By Id (With registered email)" time="1.899" classname="Test Cases/01_API/01_User/SC003_Update User By Id/TCC006_Update User By Id (With registered email)" status="PASSED">
         <system-out><![CDATA[2022-07-03 11:16:34 - [TEST_CASE][PASSED] - Test Cases/01_API/01_User/SC003_Update User By Id/TCC006_Update User By Id (With registered email): Test Cases/01_API/01_User/SC003_Update User By Id/TCC006_Update User By Id (With registered email)

2022-07-03 11:16:35 - [TEST_STEP][PASSED] - response = sendRequest(findTestObject("01_API/01_User/SC003_Update User By Id/TCC006_Update User By Id (With registered email)")): Send request successfully

2022-07-03 11:16:36 - [MESSAGE][INFO] - HAR: F:\1. UNNES\6. Semester 6\2 - MSIB\CAPSTONE PROJECT\testing-lms\Reports\20220703_111555\TS01_API\Regression_API\20220703_111555\requests\main\16.har

2022-07-03 11:16:36 - [MESSAGE][PASSED] - Send request successfully

2022-07-03 11:16:36 - [TEST_STEP][PASSED] - verifyResponseStatusCode(response, response_500, CONTINUE_ON_FAILURE): Verify response status code successfully

2022-07-03 11:16:36 - [MESSAGE][PASSED] - Verify response status code successfully

2022-07-03 11:16:36 - [TEST_STEP][PASSED] - verifyElementPropertyValue(response, "error", internal_server_error): Verify element property value successfully

2022-07-03 11:16:36 - [MESSAGE][PASSED] - Verify element property value successfully]]></system-out>
         <system-err><![CDATA[]]></system-err>
      </testcase>
      <testcase name="Test Cases/01_API/01_User/SC003_Update User By Id/TCC007_Update User By Id (With invalid token)" time="1.172" classname="Test Cases/01_API/01_User/SC003_Update User By Id/TCC007_Update User By Id (With invalid token)" status="PASSED">
         <system-out><![CDATA[2022-07-03 11:16:36 - [TEST_CASE][PASSED] - Test Cases/01_API/01_User/SC003_Update User By Id/TCC007_Update User By Id (With invalid token): Test Cases/01_API/01_User/SC003_Update User By Id/TCC007_Update User By Id (With invalid token)

2022-07-03 11:16:36 - [TEST_STEP][PASSED] - response = sendRequest(findTestObject("01_API/01_User/SC003_Update User By Id/TCC007_Update User By Id (With invalid token)")): Send request successfully

2022-07-03 11:16:37 - [MESSAGE][INFO] - HAR: F:\1. UNNES\6. Semester 6\2 - MSIB\CAPSTONE PROJECT\testing-lms\Reports\20220703_111555\TS01_API\Regression_API\20220703_111555\requests\main\17.har

2022-07-03 11:16:37 - [MESSAGE][PASSED] - Send request successfully

2022-07-03 11:16:37 - [TEST_STEP][PASSED] - verifyResponseStatusCode(response, response_200, CONTINUE_ON_FAILURE): Verify response status code successfully

2022-07-03 11:16:37 - [MESSAGE][PASSED] - Verify response status code successfully

2022-07-03 11:16:37 - [TEST_STEP][PASSED] - verifyElementPropertyValue(response, "errors.message", "access denied"): Verify element property value successfully

2022-07-03 11:16:37 - [MESSAGE][PASSED] - Verify element property value successfully]]></system-out>
         <system-err><![CDATA[]]></system-err>
      </testcase>
      <testcase name="Test Cases/01_API/01_User/SC004_Get User By Id/TCC001_Get User By Id (With valid id and token)" time="1.468" classname="Test Cases/01_API/01_User/SC004_Get User By Id/TCC001_Get User By Id (With valid id and token)" status="PASSED">
         <system-out><![CDATA[2022-07-03 11:16:37 - [TEST_CASE][PASSED] - Test Cases/01_API/01_User/SC004_Get User By Id/TCC001_Get User By Id (With valid id and token): Test Cases/01_API/01_User/SC004_Get User By Id/TCC001_Get User By Id (With valid id and token)

2022-07-03 11:16:37 - [TEST_STEP][PASSED] - response = sendRequest(findTestObject("01_API/01_User/SC004_Get User By Id/TCC001_Get User By Id (With valid id and token)")): Send request successfully

2022-07-03 11:16:38 - [MESSAGE][INFO] - HAR: F:\1. UNNES\6. Semester 6\2 - MSIB\CAPSTONE PROJECT\testing-lms\Reports\20220703_111555\TS01_API\Regression_API\20220703_111555\requests\main\18.har

2022-07-03 11:16:38 - [MESSAGE][PASSED] - Send request successfully

2022-07-03 11:16:38 - [TEST_STEP][PASSED] - verifyResponseStatusCode(response, response_200, CONTINUE_ON_FAILURE): Verify response status code successfully

2022-07-03 11:16:38 - [MESSAGE][PASSED] - Verify response status code successfully

2022-07-03 11:16:38 - [TEST_STEP][PASSED] - verifyElementPropertyValue(response, "status", "true"): Verify element property value successfully

2022-07-03 11:16:39 - [MESSAGE][PASSED] - Verify element property value successfully]]></system-out>
         <system-err><![CDATA[]]></system-err>
      </testcase>
      <testcase name="Test Cases/01_API/01_User/SC004_Get User By Id/TCC002_Get User By Id (Invalid id)" time="1.506" classname="Test Cases/01_API/01_User/SC004_Get User By Id/TCC002_Get User By Id (Invalid id)" status="PASSED">
         <system-out><![CDATA[2022-07-03 11:16:39 - [TEST_CASE][PASSED] - Test Cases/01_API/01_User/SC004_Get User By Id/TCC002_Get User By Id (Invalid id): Test Cases/01_API/01_User/SC004_Get User By Id/TCC002_Get User By Id (Invalid id)

2022-07-03 11:16:39 - [TEST_STEP][PASSED] - response = sendRequest(findTestObject("01_API/01_User/SC004_Get User By Id/TCC002_Get User By Id (Invalid id)")): Send request successfully

2022-07-03 11:16:40 - [MESSAGE][INFO] - HAR: F:\1. UNNES\6. Semester 6\2 - MSIB\CAPSTONE PROJECT\testing-lms\Reports\20220703_111555\TS01_API\Regression_API\20220703_111555\requests\main\19.har

2022-07-03 11:16:40 - [MESSAGE][PASSED] - Send request successfully

2022-07-03 11:16:40 - [TEST_STEP][PASSED] - verifyResponseStatusCode(response, response_400, CONTINUE_ON_FAILURE): Verify response status code successfully

2022-07-03 11:16:40 - [MESSAGE][PASSED] - Verify response status code successfully

2022-07-03 11:16:40 - [TEST_STEP][PASSED] - verifyElementPropertyValue(response, "errors.message.message", "Data not found"): Verify element property value successfully

2022-07-03 11:16:40 - [MESSAGE][PASSED] - Verify element property value successfully]]></system-out>
         <system-err><![CDATA[]]></system-err>
      </testcase>
      <testcase name="Test Cases/01_API/01_User/SC004_Get User By Id/TCC003_Get User By Id (Invalid token)" time="1.184" classname="Test Cases/01_API/01_User/SC004_Get User By Id/TCC003_Get User By Id (Invalid token)" status="PASSED">
         <system-out><![CDATA[2022-07-03 11:16:40 - [TEST_CASE][PASSED] - Test Cases/01_API/01_User/SC004_Get User By Id/TCC003_Get User By Id (Invalid token): Test Cases/01_API/01_User/SC004_Get User By Id/TCC003_Get User By Id (Invalid token)

2022-07-03 11:16:41 - [TEST_STEP][PASSED] - response = sendRequest(findTestObject("01_API/01_User/SC004_Get User By Id/TCC003_Get User By Id (Invalid token)")): Send request successfully

2022-07-03 11:16:41 - [MESSAGE][INFO] - HAR: F:\1. UNNES\6. Semester 6\2 - MSIB\CAPSTONE PROJECT\testing-lms\Reports\20220703_111555\TS01_API\Regression_API\20220703_111555\requests\main\20.har

2022-07-03 11:16:41 - [MESSAGE][PASSED] - Send request successfully

2022-07-03 11:16:41 - [TEST_STEP][PASSED] - verifyResponseStatusCode(response, response_200, CONTINUE_ON_FAILURE): Verify response status code successfully

2022-07-03 11:16:41 - [MESSAGE][PASSED] - Verify response status code successfully

2022-07-03 11:16:41 - [TEST_STEP][PASSED] - verifyElementPropertyValue(response, "errors.message", "access denied"): Verify element property value successfully

2022-07-03 11:16:41 - [MESSAGE][PASSED] - Verify element property value successfully]]></system-out>
         <system-err><![CDATA[]]></system-err>
      </testcase>
      <testcase name="Test Cases/01_API/01_User/SC005_Get User Class By User Id/TCC001_Get User Class by User Id (With valid id and active class)" time="1.974" classname="Test Cases/01_API/01_User/SC005_Get User Class By User Id/TCC001_Get User Class by User Id (With valid id and active class)" status="PASSED">
         <system-out><![CDATA[2022-07-03 11:16:41 - [TEST_CASE][PASSED] - Test Cases/01_API/01_User/SC005_Get User Class By User Id/TCC001_Get User Class by User Id (With valid id and active class): Test Cases/01_API/01_User/SC005_Get User Class By User Id/TCC001_Get User Class by User Id (With valid id and active class)

2022-07-03 11:16:42 - [TEST_STEP][PASSED] - response = sendRequest(findTestObject("01_API/01_User/SC005_Get User Class By User Id/TCC001_Get User Class by User Id (With valid id and active class)")): Send request successfully

2022-07-03 11:16:43 - [MESSAGE][INFO] - HAR: F:\1. UNNES\6. Semester 6\2 - MSIB\CAPSTONE PROJECT\testing-lms\Reports\20220703_111555\TS01_API\Regression_API\20220703_111555\requests\main\21.har

2022-07-03 11:16:43 - [MESSAGE][PASSED] - Send request successfully

2022-07-03 11:16:43 - [TEST_STEP][PASSED] - verifyResponseStatusCode(response, response_200, CONTINUE_ON_FAILURE): Verify response status code successfully

2022-07-03 11:16:43 - [MESSAGE][PASSED] - Verify response status code successfully

2022-07-03 11:16:43 - [TEST_STEP][PASSED] - verifyElementPropertyValue(response, "status", "true"): Verify element property value successfully

2022-07-03 11:16:43 - [MESSAGE][PASSED] - Verify element property value successfully]]></system-out>
         <system-err><![CDATA[]]></system-err>
      </testcase>
      <testcase name="Test Cases/01_API/01_User/SC005_Get User Class By User Id/TCC002_Get User Class by User Id (With valid id and inactive class)" time="1.45" classname="Test Cases/01_API/01_User/SC005_Get User Class By User Id/TCC002_Get User Class by User Id (With valid id and inactive class)" status="PASSED">
         <system-out><![CDATA[2022-07-03 11:16:43 - [TEST_CASE][PASSED] - Test Cases/01_API/01_User/SC005_Get User Class By User Id/TCC002_Get User Class by User Id (With valid id and inactive class): Test Cases/01_API/01_User/SC005_Get User Class By User Id/TCC002_Get User Class by User Id (With valid id and inactive class)

2022-07-03 11:16:44 - [TEST_STEP][PASSED] - response = sendRequest(findTestObject("01_API/01_User/SC005_Get User Class By User Id/TCC002_Get User Class by User Id (With valid id and inactive class)")): Send request successfully

2022-07-03 11:16:45 - [MESSAGE][INFO] - HAR: F:\1. UNNES\6. Semester 6\2 - MSIB\CAPSTONE PROJECT\testing-lms\Reports\20220703_111555\TS01_API\Regression_API\20220703_111555\requests\main\22.har

2022-07-03 11:16:45 - [MESSAGE][PASSED] - Send request successfully

2022-07-03 11:16:45 - [TEST_STEP][PASSED] - verifyResponseStatusCode(response, response_200, CONTINUE_ON_FAILURE): Verify response status code successfully

2022-07-03 11:16:45 - [MESSAGE][PASSED] - Verify response status code successfully

2022-07-03 11:16:45 - [TEST_STEP][PASSED] - verifyElementPropertyValue(response, "status", "true"): Verify element property value successfully

2022-07-03 11:16:45 - [MESSAGE][PASSED] - Verify element property value successfully]]></system-out>
         <system-err><![CDATA[]]></system-err>
      </testcase>
      <testcase name="Test Cases/01_API/01_User/SC005_Get User Class By User Id/TCC003_Get User Class by User Id (With valid id and will_end class)" time="1.417" classname="Test Cases/01_API/01_User/SC005_Get User Class By User Id/TCC003_Get User Class by User Id (With valid id and will_end class)" status="PASSED">
         <system-out><![CDATA[2022-07-03 11:16:45 - [TEST_CASE][PASSED] - Test Cases/01_API/01_User/SC005_Get User Class By User Id/TCC003_Get User Class by User Id (With valid id and will_end class): Test Cases/01_API/01_User/SC005_Get User Class By User Id/TCC003_Get User Class by User Id (With valid id and will_end class)

2022-07-03 11:16:45 - [TEST_STEP][PASSED] - response = sendRequest(findTestObject("01_API/01_User/SC005_Get User Class By User Id/TCC003_Get User Class by User Id (With valid id and will_end class)")): Send request successfully

2022-07-03 11:16:46 - [MESSAGE][INFO] - HAR: F:\1. UNNES\6. Semester 6\2 - MSIB\CAPSTONE PROJECT\testing-lms\Reports\20220703_111555\TS01_API\Regression_API\20220703_111555\requests\main\23.har

2022-07-03 11:16:46 - [MESSAGE][PASSED] - Send request successfully

2022-07-03 11:16:46 - [TEST_STEP][PASSED] - verifyResponseStatusCode(response, response_200, CONTINUE_ON_FAILURE): Verify response status code successfully

2022-07-03 11:16:46 - [MESSAGE][PASSED] - Verify response status code successfully

2022-07-03 11:16:46 - [TEST_STEP][PASSED] - verifyElementPropertyValue(response, "status", "true"): Verify element property value successfully

2022-07-03 11:16:46 - [MESSAGE][PASSED] - Verify element property value successfully]]></system-out>
         <system-err><![CDATA[]]></system-err>
      </testcase>
      <testcase name="Test Cases/01_API/01_User/SC005_Get User Class By User Id/TCC004_Get User Class by User Id (With invalid token)" time="1.447" classname="Test Cases/01_API/01_User/SC005_Get User Class By User Id/TCC004_Get User Class by User Id (With invalid token)" status="PASSED">
         <system-out><![CDATA[2022-07-03 11:16:46 - [TEST_CASE][PASSED] - Test Cases/01_API/01_User/SC005_Get User Class By User Id/TCC004_Get User Class by User Id (With invalid token): Test Cases/01_API/01_User/SC005_Get User Class By User Id/TCC004_Get User Class by User Id (With invalid token)

2022-07-03 11:16:47 - [TEST_STEP][PASSED] - response = sendRequest(findTestObject("01_API/01_User/SC005_Get User Class By User Id/TCC004_Get User Class by User Id (With invalid token)")): Send request successfully

2022-07-03 11:16:48 - [MESSAGE][INFO] - HAR: F:\1. UNNES\6. Semester 6\2 - MSIB\CAPSTONE PROJECT\testing-lms\Reports\20220703_111555\TS01_API\Regression_API\20220703_111555\requests\main\24.har

2022-07-03 11:16:48 - [MESSAGE][PASSED] - Send request successfully

2022-07-03 11:16:48 - [TEST_STEP][PASSED] - verifyResponseStatusCode(response, response_200, CONTINUE_ON_FAILURE): Verify response status code successfully

2022-07-03 11:16:48 - [MESSAGE][PASSED] - Verify response status code successfully

2022-07-03 11:16:48 - [TEST_STEP][PASSED] - verifyElementPropertyValue(response, "errors.message", "access denied"): Verify element property value successfully

2022-07-03 11:16:48 - [MESSAGE][PASSED] - Verify element property value successfully]]></system-out>
         <system-err><![CDATA[]]></system-err>
      </testcase>
      <testcase name="Test Cases/01_API/02_Class/SC007_Create A Class/TC001_Create A Class (With valid input)" time="2.947" classname="Test Cases/01_API/02_Class/SC007_Create A Class/TC001_Create A Class (With valid input)" status="PASSED">
         <system-out><![CDATA[2022-07-03 11:16:48 - [TEST_CASE][PASSED] - Test Cases/01_API/02_Class/SC007_Create A Class/TC001_Create A Class (With valid input): Test Cases/01_API/02_Class/SC007_Create A Class/TC001_Create A Class (With valid input)

2022-07-03 11:16:48 - [TEST_STEP][PASSED] - response = sendRequest(findTestObject("01_API/02_Class/SC007_Create A Class/TC001_Create A Class (With valid input)")): Send request successfully

2022-07-03 11:16:50 - [MESSAGE][INFO] - HAR: F:\1. UNNES\6. Semester 6\2 - MSIB\CAPSTONE PROJECT\testing-lms\Reports\20220703_111555\TS01_API\Regression_API\20220703_111555\requests\main\25.har

2022-07-03 11:16:50 - [MESSAGE][PASSED] - Send request successfully

2022-07-03 11:16:50 - [TEST_STEP][PASSED] - verifyResponseStatusCode(response, response_200, CONTINUE_ON_FAILURE): Verify response status code successfully

2022-07-03 11:16:50 - [MESSAGE][PASSED] - Verify response status code successfully

2022-07-03 11:16:50 - [TEST_STEP][PASSED] - verifyElementPropertyValue(response, "status", "true"): Verify element property value successfully

2022-07-03 11:16:51 - [MESSAGE][PASSED] - Verify element property value successfully]]></system-out>
         <system-err><![CDATA[]]></system-err>
      </testcase>
      <testcase name="Test Cases/01_API/02_Class/SC007_Create A Class/TC002_Create A Class (With empty field)" time="1.416" classname="Test Cases/01_API/02_Class/SC007_Create A Class/TC002_Create A Class (With empty field)" status="PASSED">
         <system-out><![CDATA[2022-07-03 11:16:51 - [TEST_CASE][PASSED] - Test Cases/01_API/02_Class/SC007_Create A Class/TC002_Create A Class (With empty field): Test Cases/01_API/02_Class/SC007_Create A Class/TC002_Create A Class (With empty field)

2022-07-03 11:16:51 - [TEST_STEP][PASSED] - response = sendRequest(findTestObject("01_API/02_Class/SC007_Create A Class/TC002_Create A Class (With empty field)")): Send request successfully

2022-07-03 11:16:52 - [MESSAGE][INFO] - HAR: F:\1. UNNES\6. Semester 6\2 - MSIB\CAPSTONE PROJECT\testing-lms\Reports\20220703_111555\TS01_API\Regression_API\20220703_111555\requests\main\26.har

2022-07-03 11:16:52 - [MESSAGE][PASSED] - Send request successfully

2022-07-03 11:16:52 - [TEST_STEP][PASSED] - verifyResponseStatusCode(response, response_400, CONTINUE_ON_FAILURE): Verify response status code successfully

2022-07-03 11:16:52 - [MESSAGE][PASSED] - Verify response status code successfully

2022-07-03 11:16:52 - [TEST_STEP][PASSED] - verifyElementPropertyValue(response, "status", "false"): Verify element property value successfully

2022-07-03 11:16:52 - [MESSAGE][PASSED] - Verify element property value successfully]]></system-out>
         <system-err><![CDATA[]]></system-err>
      </testcase>
      <testcase name="Test Cases/01_API/02_Class/SC007_Create A Class/TC003_Create A Class (With invalid token)" time="1.176" classname="Test Cases/01_API/02_Class/SC007_Create A Class/TC003_Create A Class (With invalid token)" status="PASSED">
         <system-out><![CDATA[2022-07-03 11:16:52 - [TEST_CASE][PASSED] - Test Cases/01_API/02_Class/SC007_Create A Class/TC003_Create A Class (With invalid token): Test Cases/01_API/02_Class/SC007_Create A Class/TC003_Create A Class (With invalid token)

2022-07-03 11:16:52 - [TEST_STEP][PASSED] - response = sendRequest(findTestObject("01_API/02_Class/SC007_Create A Class/TC003_Create A Class (With invalid token)")): Send request successfully

2022-07-03 11:16:53 - [MESSAGE][INFO] - HAR: F:\1. UNNES\6. Semester 6\2 - MSIB\CAPSTONE PROJECT\testing-lms\Reports\20220703_111555\TS01_API\Regression_API\20220703_111555\requests\main\27.har

2022-07-03 11:16:53 - [MESSAGE][PASSED] - Send request successfully

2022-07-03 11:16:53 - [TEST_STEP][PASSED] - verifyResponseStatusCode(response, response_200, CONTINUE_ON_FAILURE): Verify response status code successfully

2022-07-03 11:16:53 - [MESSAGE][PASSED] - Verify response status code successfully

2022-07-03 11:16:53 - [TEST_STEP][PASSED] - verifyElementPropertyValue(response, "errors.message", "access denied"): Verify element property value successfully

2022-07-03 11:16:53 - [MESSAGE][PASSED] - Verify element property value successfully]]></system-out>
         <system-err><![CDATA[]]></system-err>
      </testcase>
      <testcase name="Test Cases/01_API/02_Class/SC006_Get All Class/TC001_Get All Class (With valid input)" time="5.075" classname="Test Cases/01_API/02_Class/SC006_Get All Class/TC001_Get All Class (With valid input)" status="PASSED">
         <system-out><![CDATA[2022-07-03 11:16:53 - [TEST_CASE][PASSED] - Test Cases/01_API/02_Class/SC006_Get All Class/TC001_Get All Class (With valid input): Test Cases/01_API/02_Class/SC006_Get All Class/TC001_Get All Class (With valid input)

2022-07-03 11:16:54 - [TEST_STEP][PASSED] - response = sendRequest(findTestObject("01_API/02_Class/SC006_Get All Class/TC001_Get All Class (With valid input)")): Send request successfully

2022-07-03 11:16:58 - [MESSAGE][INFO] - HAR: F:\1. UNNES\6. Semester 6\2 - MSIB\CAPSTONE PROJECT\testing-lms\Reports\20220703_111555\TS01_API\Regression_API\20220703_111555\requests\main\28.har

2022-07-03 11:16:58 - [MESSAGE][PASSED] - Send request successfully

2022-07-03 11:16:58 - [TEST_STEP][PASSED] - verifyResponseStatusCode(response, response_200, CONTINUE_ON_FAILURE): Verify response status code successfully

2022-07-03 11:16:58 - [MESSAGE][PASSED] - Verify response status code successfully

2022-07-03 11:16:58 - [TEST_STEP][PASSED] - verifyElementPropertyValue(response, "status", "true"): Verify element property value successfully

2022-07-03 11:16:58 - [MESSAGE][PASSED] - Verify element property value successfully]]></system-out>
         <system-err><![CDATA[]]></system-err>
      </testcase>
      <testcase name="Test Cases/01_API/02_Class/SC006_Get All Class/TC002_Get All Class (invalid token)" time="0.93" classname="Test Cases/01_API/02_Class/SC006_Get All Class/TC002_Get All Class (invalid token)" status="PASSED">
         <system-out><![CDATA[2022-07-03 11:16:58 - [TEST_CASE][PASSED] - Test Cases/01_API/02_Class/SC006_Get All Class/TC002_Get All Class (invalid token): Test Cases/01_API/02_Class/SC006_Get All Class/TC002_Get All Class (invalid token)

2022-07-03 11:16:59 - [TEST_STEP][PASSED] - response = sendRequest(findTestObject("01_API/02_Class/SC006_Get All Class/TC002_Get All Class (invalid token)")): Send request successfully

2022-07-03 11:16:59 - [MESSAGE][INFO] - HAR: F:\1. UNNES\6. Semester 6\2 - MSIB\CAPSTONE PROJECT\testing-lms\Reports\20220703_111555\TS01_API\Regression_API\20220703_111555\requests\main\29.har

2022-07-03 11:16:59 - [MESSAGE][PASSED] - Send request successfully

2022-07-03 11:16:59 - [TEST_STEP][PASSED] - verifyResponseStatusCode(response, response_200, CONTINUE_ON_FAILURE): Verify response status code successfully

2022-07-03 11:16:59 - [MESSAGE][PASSED] - Verify response status code successfully

2022-07-03 11:16:59 - [TEST_STEP][PASSED] - verifyElementPropertyValue(response, "errors.message", "access denied"): Verify element property value successfully

2022-07-03 11:16:59 - [MESSAGE][PASSED] - Verify element property value successfully]]></system-out>
         <system-err><![CDATA[]]></system-err>
      </testcase>
      <testcase name="Test Cases/01_API/02_Class/SC008_Get Class By Id/TC001_Get Class By Id (With valid id)" time="1.594" classname="Test Cases/01_API/02_Class/SC008_Get Class By Id/TC001_Get Class By Id (With valid id)" status="PASSED">
         <system-out><![CDATA[2022-07-03 11:16:59 - [TEST_CASE][PASSED] - Test Cases/01_API/02_Class/SC008_Get Class By Id/TC001_Get Class By Id (With valid id): Test Cases/01_API/02_Class/SC008_Get Class By Id/TC001_Get Class By Id (With valid id)

2022-07-03 11:17:00 - [TEST_STEP][PASSED] - response = sendRequest(findTestObject("01_API/02_Class/SC008_Get Class By Id/TC001_Get Class By Id (With valid id)")): Send request successfully

2022-07-03 11:17:01 - [MESSAGE][INFO] - HAR: F:\1. UNNES\6. Semester 6\2 - MSIB\CAPSTONE PROJECT\testing-lms\Reports\20220703_111555\TS01_API\Regression_API\20220703_111555\requests\main\30.har

2022-07-03 11:17:01 - [MESSAGE][PASSED] - Send request successfully

2022-07-03 11:17:01 - [TEST_STEP][PASSED] - verifyResponseStatusCode(response, response_200, CONTINUE_ON_FAILURE): Verify response status code successfully

2022-07-03 11:17:01 - [MESSAGE][PASSED] - Verify response status code successfully

2022-07-03 11:17:01 - [TEST_STEP][PASSED] - verifyElementPropertyValue(response, "status", "true"): Verify element property value successfully

2022-07-03 11:17:01 - [MESSAGE][PASSED] - Verify element property value successfully]]></system-out>
         <system-err><![CDATA[]]></system-err>
      </testcase>
      <testcase name="Test Cases/01_API/02_Class/SC008_Get Class By Id/TC002_Get Class By Id (With invalid id)" time="1.613" classname="Test Cases/01_API/02_Class/SC008_Get Class By Id/TC002_Get Class By Id (With invalid id)" status="PASSED">
         <system-out><![CDATA[2022-07-03 11:17:01 - [TEST_CASE][PASSED] - Test Cases/01_API/02_Class/SC008_Get Class By Id/TC002_Get Class By Id (With invalid id): Test Cases/01_API/02_Class/SC008_Get Class By Id/TC002_Get Class By Id (With invalid id)

2022-07-03 11:17:01 - [TEST_STEP][PASSED] - response = sendRequest(findTestObject("01_API/02_Class/SC008_Get Class By Id/TC002_Get Class By Id (With invalid id)")): Send request successfully

2022-07-03 11:17:02 - [MESSAGE][INFO] - HAR: F:\1. UNNES\6. Semester 6\2 - MSIB\CAPSTONE PROJECT\testing-lms\Reports\20220703_111555\TS01_API\Regression_API\20220703_111555\requests\main\31.har

2022-07-03 11:17:02 - [MESSAGE][PASSED] - Send request successfully

2022-07-03 11:17:02 - [TEST_STEP][PASSED] - verifyResponseStatusCode(response, response_400, CONTINUE_ON_FAILURE): Verify response status code successfully

2022-07-03 11:17:02 - [MESSAGE][PASSED] - Verify response status code successfully

2022-07-03 11:17:02 - [TEST_STEP][PASSED] - verifyElementPropertyValue(response, "status", "false"): Verify element property value successfully

2022-07-03 11:17:02 - [MESSAGE][PASSED] - Verify element property value successfully]]></system-out>
         <system-err><![CDATA[]]></system-err>
      </testcase>
      <testcase name="Test Cases/01_API/02_Class/SC008_Get Class By Id/TC003_Get Class By Id (With invalid token)" time="1.238" classname="Test Cases/01_API/02_Class/SC008_Get Class By Id/TC003_Get Class By Id (With invalid token)" status="PASSED">
         <system-out><![CDATA[2022-07-03 11:17:02 - [TEST_CASE][PASSED] - Test Cases/01_API/02_Class/SC008_Get Class By Id/TC003_Get Class By Id (With invalid token): Test Cases/01_API/02_Class/SC008_Get Class By Id/TC003_Get Class By Id (With invalid token)

2022-07-03 11:17:03 - [TEST_STEP][PASSED] - response = sendRequest(findTestObject("01_API/02_Class/SC008_Get Class By Id/TC003_Get Class By Id (With invalid token)")): Send request successfully

2022-07-03 11:17:04 - [MESSAGE][INFO] - HAR: F:\1. UNNES\6. Semester 6\2 - MSIB\CAPSTONE PROJECT\testing-lms\Reports\20220703_111555\TS01_API\Regression_API\20220703_111555\requests\main\32.har

2022-07-03 11:17:04 - [MESSAGE][PASSED] - Send request successfully

2022-07-03 11:17:04 - [TEST_STEP][PASSED] - verifyResponseStatusCode(response, response_200, CONTINUE_ON_FAILURE): Verify response status code successfully

2022-07-03 11:17:04 - [MESSAGE][PASSED] - Verify response status code successfully

2022-07-03 11:17:04 - [TEST_STEP][PASSED] - verifyElementPropertyValue(response, "errors.message", "access denied"): Verify element property value successfully

2022-07-03 11:17:04 - [MESSAGE][PASSED] - Verify element property value successfully]]></system-out>
         <system-err><![CDATA[]]></system-err>
      </testcase>
      <testcase name="Test Cases/01_API/02_Class/SC009_Update Class By Id/TC001_Update Class By Id (With valid input)" time="1.526" classname="Test Cases/01_API/02_Class/SC009_Update Class By Id/TC001_Update Class By Id (With valid input)" status="PASSED">
         <system-out><![CDATA[2022-07-03 11:17:04 - [TEST_CASE][PASSED] - Test Cases/01_API/02_Class/SC009_Update Class By Id/TC001_Update Class By Id (With valid input): Test Cases/01_API/02_Class/SC009_Update Class By Id/TC001_Update Class By Id (With valid input)

2022-07-03 11:17:04 - [TEST_STEP][PASSED] - response = sendRequest(findTestObject("01_API/02_Class/SC009_Update Class By Id/TC001_Update Class By Id (With valid input)")): Send request successfully

2022-07-03 11:17:05 - [MESSAGE][INFO] - HAR: F:\1. UNNES\6. Semester 6\2 - MSIB\CAPSTONE PROJECT\testing-lms\Reports\20220703_111555\TS01_API\Regression_API\20220703_111555\requests\main\33.har

2022-07-03 11:17:05 - [MESSAGE][PASSED] - Send request successfully

2022-07-03 11:17:05 - [TEST_STEP][PASSED] - verifyResponseStatusCode(response, response_200, CONTINUE_ON_FAILURE): Verify response status code successfully

2022-07-03 11:17:05 - [MESSAGE][PASSED] - Verify response status code successfully

2022-07-03 11:17:05 - [TEST_STEP][PASSED] - verifyElementPropertyValue(response, "status", "true"): Verify element property value successfully

2022-07-03 11:17:05 - [MESSAGE][PASSED] - Verify element property value successfully]]></system-out>
         <system-err><![CDATA[]]></system-err>
      </testcase>
      <testcase name="Test Cases/01_API/02_Class/SC009_Update Class By Id/TC002_Update Class By Id (With invalid id)" time="1.439" classname="Test Cases/01_API/02_Class/SC009_Update Class By Id/TC002_Update Class By Id (With invalid id)" status="PASSED">
         <system-out><![CDATA[2022-07-03 11:17:05 - [TEST_CASE][PASSED] - Test Cases/01_API/02_Class/SC009_Update Class By Id/TC002_Update Class By Id (With invalid id): Test Cases/01_API/02_Class/SC009_Update Class By Id/TC002_Update Class By Id (With invalid id)

2022-07-03 11:17:06 - [TEST_STEP][PASSED] - response = sendRequest(findTestObject("01_API/02_Class/SC009_Update Class By Id/TC002_Update Class By Id (With invalid id)")): Send request successfully

2022-07-03 11:17:07 - [MESSAGE][INFO] - HAR: F:\1. UNNES\6. Semester 6\2 - MSIB\CAPSTONE PROJECT\testing-lms\Reports\20220703_111555\TS01_API\Regression_API\20220703_111555\requests\main\34.har

2022-07-03 11:17:07 - [MESSAGE][PASSED] - Send request successfully

2022-07-03 11:17:07 - [TEST_STEP][PASSED] - verifyResponseStatusCode(response, response_400, CONTINUE_ON_FAILURE): Verify response status code successfully

2022-07-03 11:17:07 - [MESSAGE][PASSED] - Verify response status code successfully

2022-07-03 11:17:07 - [TEST_STEP][PASSED] - verifyElementPropertyValue(response, "status", "false"): Verify element property value successfully

2022-07-03 11:17:07 - [MESSAGE][PASSED] - Verify element property value successfully]]></system-out>
         <system-err><![CDATA[]]></system-err>
      </testcase>
      <testcase name="Test Cases/01_API/02_Class/SC009_Update Class By Id/TC003_Update Class By Id (With empty field)" time="2.725" classname="Test Cases/01_API/02_Class/SC009_Update Class By Id/TC003_Update Class By Id (With empty field)" status="PASSED">
         <system-out><![CDATA[2022-07-03 11:17:07 - [TEST_CASE][PASSED] - Test Cases/01_API/02_Class/SC009_Update Class By Id/TC003_Update Class By Id (With empty field): Test Cases/01_API/02_Class/SC009_Update Class By Id/TC003_Update Class By Id (With empty field)

2022-07-03 11:17:07 - [TEST_STEP][PASSED] - response = sendRequest(findTestObject("01_API/02_Class/SC009_Update Class By Id/TC003_Update Class By Id (With empty field)")): Send request successfully

2022-07-03 11:17:09 - [MESSAGE][INFO] - HAR: F:\1. UNNES\6. Semester 6\2 - MSIB\CAPSTONE PROJECT\testing-lms\Reports\20220703_111555\TS01_API\Regression_API\20220703_111555\requests\main\35.har

2022-07-03 11:17:09 - [MESSAGE][PASSED] - Send request successfully

2022-07-03 11:17:09 - [TEST_STEP][PASSED] - verifyResponseStatusCode(response, response_400, CONTINUE_ON_FAILURE): Verify response status code successfully

2022-07-03 11:17:09 - [MESSAGE][PASSED] - Verify response status code successfully

2022-07-03 11:17:09 - [TEST_STEP][PASSED] - verifyElementPropertyValue(response, "error", "Bad Request"): Verify element property value successfully

2022-07-03 11:17:09 - [MESSAGE][PASSED] - Verify element property value successfully]]></system-out>
         <system-err><![CDATA[]]></system-err>
      </testcase>
      <testcase name="Test Cases/01_API/02_Class/SC009_Update Class By Id/TC004_Update Class By Id (With invalid token)" time="1.157" classname="Test Cases/01_API/02_Class/SC009_Update Class By Id/TC004_Update Class By Id (With invalid token)" status="PASSED">
         <system-out><![CDATA[2022-07-03 11:17:09 - [TEST_CASE][PASSED] - Test Cases/01_API/02_Class/SC009_Update Class By Id/TC004_Update Class By Id (With invalid token): Test Cases/01_API/02_Class/SC009_Update Class By Id/TC004_Update Class By Id (With invalid token)

2022-07-03 11:17:10 - [TEST_STEP][PASSED] - response = sendRequest(findTestObject("01_API/02_Class/SC009_Update Class By Id/TC004_Update Class By Id (With invalid token)")): Send request successfully

2022-07-03 11:17:10 - [MESSAGE][INFO] - HAR: F:\1. UNNES\6. Semester 6\2 - MSIB\CAPSTONE PROJECT\testing-lms\Reports\20220703_111555\TS01_API\Regression_API\20220703_111555\requests\main\36.har

2022-07-03 11:17:10 - [MESSAGE][PASSED] - Send request successfully

2022-07-03 11:17:10 - [TEST_STEP][PASSED] - verifyResponseStatusCode(response, response_200, CONTINUE_ON_FAILURE): Verify response status code successfully

2022-07-03 11:17:10 - [MESSAGE][PASSED] - Verify response status code successfully

2022-07-03 11:17:10 - [TEST_STEP][PASSED] - verifyElementPropertyValue(response, "errors.message", "access denied"): Verify element property value successfully

2022-07-03 11:17:10 - [MESSAGE][PASSED] - Verify element property value successfully]]></system-out>
         <system-err><![CDATA[]]></system-err>
      </testcase>
      <testcase name="Test Cases/01_API/02_Class/SC010_Delete Class By Id/TC001_Delete Class By Id (With valid id)" time="2.808" classname="Test Cases/01_API/02_Class/SC010_Delete Class By Id/TC001_Delete Class By Id (With valid id)" status="PASSED">
         <system-out><![CDATA[2022-07-03 11:17:11 - [TEST_CASE][PASSED] - Test Cases/01_API/02_Class/SC010_Delete Class By Id/TC001_Delete Class By Id (With valid id): Test Cases/01_API/02_Class/SC010_Delete Class By Id/TC001_Delete Class By Id (With valid id)

2022-07-03 11:17:11 - [TEST_STEP][PASSED] - response = sendRequest(findTestObject("01_API/02_Class/SC010_Delete Class By Id/TC001_Delete Class By Id (With valid id)")): Send request successfully

2022-07-03 11:17:12 - [MESSAGE][INFO] - HAR: F:\1. UNNES\6. Semester 6\2 - MSIB\CAPSTONE PROJECT\testing-lms\Reports\20220703_111555\TS01_API\Regression_API\20220703_111555\requests\main\37.har

2022-07-03 11:17:12 - [MESSAGE][PASSED] - Send request successfully

2022-07-03 11:17:12 - [TEST_STEP][PASSED] - verifyResponseStatusCode(response, response_200, CONTINUE_ON_FAILURE): Verify response status code successfully

2022-07-03 11:17:12 - [MESSAGE][PASSED] - Verify response status code successfully

2022-07-03 11:17:12 - [TEST_STEP][PASSED] - verifyElementPropertyValue(response, "status", true): Verify element property value successfully

2022-07-03 11:17:12 - [MESSAGE][PASSED] - Verify element property value successfully

2022-07-03 11:17:12 - [TEST_STEP][PASSED] - response2 = sendRequest(findTestObject("01_API/02_Class/SC010_Delete Class By Id/TC001_Delete Class By Id (With valid id)")): Send request successfully

2022-07-03 11:17:13 - [MESSAGE][INFO] - HAR: F:\1. UNNES\6. Semester 6\2 - MSIB\CAPSTONE PROJECT\testing-lms\Reports\20220703_111555\TS01_API\Regression_API\20220703_111555\requests\main\38.har

2022-07-03 11:17:13 - [MESSAGE][PASSED] - Send request successfully

2022-07-03 11:17:13 - [TEST_STEP][PASSED] - verifyElementPropertyValue(response2, "data.isDeleted", true): Verify element property value successfully

2022-07-03 11:17:13 - [MESSAGE][PASSED] - Verify element property value successfully]]></system-out>
         <system-err><![CDATA[]]></system-err>
      </testcase>
      <testcase name="Test Cases/01_API/02_Class/SC010_Delete Class By Id/TC002_Delete Class By Id (With invalid id)" time="1.405" classname="Test Cases/01_API/02_Class/SC010_Delete Class By Id/TC002_Delete Class By Id (With invalid id)" status="PASSED">
         <system-out><![CDATA[2022-07-03 11:17:13 - [TEST_CASE][PASSED] - Test Cases/01_API/02_Class/SC010_Delete Class By Id/TC002_Delete Class By Id (With invalid id): Test Cases/01_API/02_Class/SC010_Delete Class By Id/TC002_Delete Class By Id (With invalid id)

2022-07-03 11:17:14 - [TEST_STEP][PASSED] - response = sendRequest(findTestObject("01_API/02_Class/SC010_Delete Class By Id/TC002_Delete Class By Id (With invalid id)")): Send request successfully

2022-07-03 11:17:15 - [MESSAGE][INFO] - HAR: F:\1. UNNES\6. Semester 6\2 - MSIB\CAPSTONE PROJECT\testing-lms\Reports\20220703_111555\TS01_API\Regression_API\20220703_111555\requests\main\39.har

2022-07-03 11:17:15 - [MESSAGE][PASSED] - Send request successfully

2022-07-03 11:17:15 - [TEST_STEP][PASSED] - verifyResponseStatusCode(response, response_400, CONTINUE_ON_FAILURE): Verify response status code successfully

2022-07-03 11:17:15 - [MESSAGE][PASSED] - Verify response status code successfully

2022-07-03 11:17:15 - [TEST_STEP][PASSED] - verifyElementPropertyValue(response, "status", "false"): Verify element property value successfully

2022-07-03 11:17:15 - [MESSAGE][PASSED] - Verify element property value successfully]]></system-out>
         <system-err><![CDATA[]]></system-err>
      </testcase>
      <testcase name="Test Cases/01_API/02_Class/SC010_Delete Class By Id/TC003_Delete Class By Id (With invalid token)" time="1.167" classname="Test Cases/01_API/02_Class/SC010_Delete Class By Id/TC003_Delete Class By Id (With invalid token)" status="PASSED">
         <system-out><![CDATA[2022-07-03 11:17:15 - [TEST_CASE][PASSED] - Test Cases/01_API/02_Class/SC010_Delete Class By Id/TC003_Delete Class By Id (With invalid token): Test Cases/01_API/02_Class/SC010_Delete Class By Id/TC003_Delete Class By Id (With invalid token)

2022-07-03 11:17:15 - [TEST_STEP][PASSED] - response = sendRequest(findTestObject("01_API/02_Class/SC010_Delete Class By Id/TC003_Delete Class By Id (With invalid token)")): Send request successfully

2022-07-03 11:17:16 - [MESSAGE][INFO] - HAR: F:\1. UNNES\6. Semester 6\2 - MSIB\CAPSTONE PROJECT\testing-lms\Reports\20220703_111555\TS01_API\Regression_API\20220703_111555\requests\main\40.har

2022-07-03 11:17:16 - [MESSAGE][PASSED] - Send request successfully

2022-07-03 11:17:16 - [TEST_STEP][PASSED] - verifyResponseStatusCode(response, response_200, CONTINUE_ON_FAILURE): Verify response status code successfully

2022-07-03 11:17:16 - [MESSAGE][PASSED] - Verify response status code successfully

2022-07-03 11:17:16 - [TEST_STEP][PASSED] - verifyElementPropertyValue(response, "errors.message", "access denied"): Verify element property value successfully

2022-07-03 11:17:16 - [MESSAGE][PASSED] - Verify element property value successfully]]></system-out>
         <system-err><![CDATA[]]></system-err>
      </testcase>
      <testcase name="Test Cases/01_API/02_Class/SC011_Join A Class/TC001_Join A Class (With valid input)" time="1.996" classname="Test Cases/01_API/02_Class/SC011_Join A Class/TC001_Join A Class (With valid input)" status="PASSED">
         <system-out><![CDATA[2022-07-03 11:17:16 - [TEST_CASE][PASSED] - Test Cases/01_API/02_Class/SC011_Join A Class/TC001_Join A Class (With valid input): Test Cases/01_API/02_Class/SC011_Join A Class/TC001_Join A Class (With valid input)

2022-07-03 11:17:16 - [TEST_STEP][PASSED] - response = sendRequest(findTestObject("01_API/02_Class/SC011_Join A Class/TC001_Join A Class (With valid input)")): Send request successfully

2022-07-03 11:17:18 - [MESSAGE][INFO] - HAR: F:\1. UNNES\6. Semester 6\2 - MSIB\CAPSTONE PROJECT\testing-lms\Reports\20220703_111555\TS01_API\Regression_API\20220703_111555\requests\main\41.har

2022-07-03 11:17:18 - [MESSAGE][PASSED] - Send request successfully

2022-07-03 11:17:18 - [TEST_STEP][PASSED] - verifyResponseStatusCode(response, response_200, CONTINUE_ON_FAILURE): Verify response status code successfully

2022-07-03 11:17:18 - [MESSAGE][PASSED] - Verify response status code successfully

2022-07-03 11:17:18 - [TEST_STEP][PASSED] - verifyElementPropertyValue(response, "status", "true"): Verify element property value successfully

2022-07-03 11:17:18 - [MESSAGE][PASSED] - Verify element property value successfully]]></system-out>
         <system-err><![CDATA[]]></system-err>
      </testcase>
      <testcase name="Test Cases/01_API/02_Class/SC011_Join A Class/TC002_Join A Class (With invalid class code)" time="1.378" classname="Test Cases/01_API/02_Class/SC011_Join A Class/TC002_Join A Class (With invalid class code)" status="PASSED">
         <system-out><![CDATA[2022-07-03 11:17:18 - [TEST_CASE][PASSED] - Test Cases/01_API/02_Class/SC011_Join A Class/TC002_Join A Class (With invalid class code): Test Cases/01_API/02_Class/SC011_Join A Class/TC002_Join A Class (With invalid class code)

2022-07-03 11:17:18 - [TEST_STEP][PASSED] - response = sendRequest(findTestObject("01_API/02_Class/SC011_Join A Class/TC002_Join A Class (With invalid class code)")): Send request successfully

2022-07-03 11:17:19 - [MESSAGE][INFO] - HAR: F:\1. UNNES\6. Semester 6\2 - MSIB\CAPSTONE PROJECT\testing-lms\Reports\20220703_111555\TS01_API\Regression_API\20220703_111555\requests\main\42.har

2022-07-03 11:17:19 - [MESSAGE][PASSED] - Send request successfully

2022-07-03 11:17:19 - [TEST_STEP][PASSED] - verifyResponseStatusCode(response, response_400, CONTINUE_ON_FAILURE): Verify response status code successfully

2022-07-03 11:17:19 - [MESSAGE][PASSED] - Verify response status code successfully

2022-07-03 11:17:19 - [TEST_STEP][PASSED] - verifyElementPropertyValue(response, "errors.message", "Class not found"): Verify element property value successfully

2022-07-03 11:17:19 - [MESSAGE][PASSED] - Verify element property value successfully]]></system-out>
         <system-err><![CDATA[]]></system-err>
      </testcase>
      <testcase name="Test Cases/01_API/02_Class/SC011_Join A Class/TC003_Join A Class (With invalid user id)" time="2.081" classname="Test Cases/01_API/02_Class/SC011_Join A Class/TC003_Join A Class (With invalid user id)" status="PASSED">
         <system-out><![CDATA[2022-07-03 11:17:19 - [TEST_CASE][PASSED] - Test Cases/01_API/02_Class/SC011_Join A Class/TC003_Join A Class (With invalid user id): Test Cases/01_API/02_Class/SC011_Join A Class/TC003_Join A Class (With invalid user id)

2022-07-03 11:17:20 - [TEST_STEP][PASSED] - response = sendRequest(findTestObject("01_API/02_Class/SC011_Join A Class/TC003_Join A Class (With invalid user id)")): Send request successfully

2022-07-03 11:17:21 - [MESSAGE][INFO] - HAR: F:\1. UNNES\6. Semester 6\2 - MSIB\CAPSTONE PROJECT\testing-lms\Reports\20220703_111555\TS01_API\Regression_API\20220703_111555\requests\main\43.har

2022-07-03 11:17:21 - [MESSAGE][PASSED] - Send request successfully

2022-07-03 11:17:21 - [TEST_STEP][PASSED] - verifyResponseStatusCode(response, response_400, CONTINUE_ON_FAILURE): Verify response status code successfully

2022-07-03 11:17:21 - [MESSAGE][PASSED] - Verify response status code successfully

2022-07-03 11:17:21 - [TEST_STEP][PASSED] - verifyElementPropertyValue(response, "errors.message", "User not found"): Verify element property value successfully

2022-07-03 11:17:21 - [MESSAGE][PASSED] - Verify element property value successfully]]></system-out>
         <system-err><![CDATA[]]></system-err>
      </testcase>
      <testcase name="Test Cases/01_API/02_Class/SC011_Join A Class/TC004_Join A Class (With invalid token)" time="1.188" classname="Test Cases/01_API/02_Class/SC011_Join A Class/TC004_Join A Class (With invalid token)" status="PASSED">
         <system-out><![CDATA[2022-07-03 11:17:21 - [TEST_CASE][PASSED] - Test Cases/01_API/02_Class/SC011_Join A Class/TC004_Join A Class (With invalid token): Test Cases/01_API/02_Class/SC011_Join A Class/TC004_Join A Class (With invalid token)

2022-07-03 11:17:22 - [TEST_STEP][PASSED] - response = sendRequest(findTestObject("01_API/02_Class/SC011_Join A Class/TC004_Join A Class (With invalid token)")): Send request successfully

2022-07-03 11:17:23 - [MESSAGE][INFO] - HAR: F:\1. UNNES\6. Semester 6\2 - MSIB\CAPSTONE PROJECT\testing-lms\Reports\20220703_111555\TS01_API\Regression_API\20220703_111555\requests\main\44.har

2022-07-03 11:17:23 - [MESSAGE][PASSED] - Send request successfully

2022-07-03 11:17:23 - [TEST_STEP][PASSED] - verifyResponseStatusCode(response, response_200, CONTINUE_ON_FAILURE): Verify response status code successfully

2022-07-03 11:17:23 - [MESSAGE][PASSED] - Verify response status code successfully

2022-07-03 11:17:23 - [TEST_STEP][PASSED] - verifyElementPropertyValue(response, "errors.message", "access denied"): Verify element property value successfully

2022-07-03 11:17:23 - [MESSAGE][PASSED] - Verify element property value successfully]]></system-out>
         <system-err><![CDATA[]]></system-err>
      </testcase>
      <testcase name="Test Cases/01_API/02_Class/SC012_Get All Class by Page and Size/TC001_Get All Class by Page and Size" time="3.16" classname="Test Cases/01_API/02_Class/SC012_Get All Class by Page and Size/TC001_Get All Class by Page and Size" status="PASSED">
         <system-out><![CDATA[2022-07-03 11:17:23 - [TEST_CASE][PASSED] - Test Cases/01_API/02_Class/SC012_Get All Class by Page and Size/TC001_Get All Class by Page and Size: Test Cases/01_API/02_Class/SC012_Get All Class by Page and Size/TC001_Get All Class by Page and Size

2022-07-03 11:17:23 - [TEST_STEP][PASSED] - response = sendRequest(findTestObject("01_API/02_Class/SC012_Get All Class by Page and Size/TC001_Get All Class by Page and Size")): Send request successfully

2022-07-03 11:17:26 - [MESSAGE][INFO] - HAR: F:\1. UNNES\6. Semester 6\2 - MSIB\CAPSTONE PROJECT\testing-lms\Reports\20220703_111555\TS01_API\Regression_API\20220703_111555\requests\main\45.har

2022-07-03 11:17:26 - [MESSAGE][PASSED] - Send request successfully

2022-07-03 11:17:26 - [TEST_STEP][PASSED] - verifyResponseStatusCode(response, response_200, CONTINUE_ON_FAILURE): Verify response status code successfully

2022-07-03 11:17:26 - [MESSAGE][PASSED] - Verify response status code successfully

2022-07-03 11:17:26 - [TEST_STEP][PASSED] - verifyElementPropertyValue(response, "status", "true"): Verify element property value successfully

2022-07-03 11:17:26 - [MESSAGE][PASSED] - Verify element property value successfully]]></system-out>
         <system-err><![CDATA[]]></system-err>
      </testcase>
      <testcase name="Test Cases/01_API/02_Class/SC012_Get All Class by Page and Size/TC002_Get All Class by Page and Size (With invalid token)" time="0.845" classname="Test Cases/01_API/02_Class/SC012_Get All Class by Page and Size/TC002_Get All Class by Page and Size (With invalid token)" status="PASSED">
         <system-out><![CDATA[2022-07-03 11:17:26 - [TEST_CASE][PASSED] - Test Cases/01_API/02_Class/SC012_Get All Class by Page and Size/TC002_Get All Class by Page and Size (With invalid token): Test Cases/01_API/02_Class/SC012_Get All Class by Page and Size/TC002_Get All Class by Page and Size (With invalid token)

2022-07-03 11:17:26 - [TEST_STEP][PASSED] - response = sendRequest(findTestObject("01_API/02_Class/SC012_Get All Class by Page and Size/TC002_Get All Class by Page and Size (With invalid token)")): Send request successfully

2022-07-03 11:17:27 - [MESSAGE][INFO] - HAR: F:\1. UNNES\6. Semester 6\2 - MSIB\CAPSTONE PROJECT\testing-lms\Reports\20220703_111555\TS01_API\Regression_API\20220703_111555\requests\main\46.har

2022-07-03 11:17:27 - [MESSAGE][PASSED] - Send request successfully

2022-07-03 11:17:27 - [TEST_STEP][PASSED] - verifyResponseStatusCode(response, response_200, CONTINUE_ON_FAILURE): Verify response status code successfully

2022-07-03 11:17:27 - [MESSAGE][PASSED] - Verify response status code successfully

2022-07-03 11:17:27 - [TEST_STEP][PASSED] - verifyElementPropertyValue(response, "errors.message", "access denied"): Verify element property value successfully

2022-07-03 11:17:27 - [MESSAGE][PASSED] - Verify element property value successfully]]></system-out>
         <system-err><![CDATA[]]></system-err>
      </testcase>
      <testcase name="Test Cases/01_API/03_Class Material/SC013_Create Class Material/TC001_Create Class Material (With valid input)" time="3.235" classname="Test Cases/01_API/03_Class Material/SC013_Create Class Material/TC001_Create Class Material (With valid input)" status="PASSED">
         <system-out><![CDATA[2022-07-03 11:17:27 - [TEST_CASE][PASSED] - Test Cases/01_API/03_Class Material/SC013_Create Class Material/TC001_Create Class Material (With valid input): Test Cases/01_API/03_Class Material/SC013_Create Class Material/TC001_Create Class Material (With valid input)

2022-07-03 11:17:27 - [TEST_STEP][PASSED] - response = sendRequest(findTestObject("01_API/02_Class/SC012_Get All Class by Page and Size/TC001_Get All Class by Page and Size")): Send request successfully

2022-07-03 11:17:30 - [MESSAGE][INFO] - HAR: F:\1. UNNES\6. Semester 6\2 - MSIB\CAPSTONE PROJECT\testing-lms\Reports\20220703_111555\TS01_API\Regression_API\20220703_111555\requests\main\47.har

2022-07-03 11:17:30 - [MESSAGE][PASSED] - Send request successfully

2022-07-03 11:17:30 - [TEST_STEP][PASSED] - verifyResponseStatusCode(response, response_200, CONTINUE_ON_FAILURE): Verify response status code successfully

2022-07-03 11:17:30 - [MESSAGE][PASSED] - Verify response status code successfully

2022-07-03 11:17:30 - [TEST_STEP][PASSED] - verifyElementPropertyValue(response, "status", "true"): Verify element property value successfully

2022-07-03 11:17:30 - [MESSAGE][PASSED] - Verify element property value successfully]]></system-out>
         <system-err><![CDATA[]]></system-err>
      </testcase>
      <testcase name="Test Cases/01_API/03_Class Material/SC013_Create Class Material/TC002_Create Class Material (With empty input)" time="2.63" classname="Test Cases/01_API/03_Class Material/SC013_Create Class Material/TC002_Create Class Material (With empty input)" status="PASSED">
         <system-out><![CDATA[2022-07-03 11:17:30 - [TEST_CASE][PASSED] - Test Cases/01_API/03_Class Material/SC013_Create Class Material/TC002_Create Class Material (With empty input): Test Cases/01_API/03_Class Material/SC013_Create Class Material/TC002_Create Class Material (With empty input)

2022-07-03 11:17:30 - [TEST_STEP][PASSED] - response = sendRequest(findTestObject("01_API/03_Material/SC013_Create Class Material/TC002_Create Class Material (With empty input)")): Send request successfully

2022-07-03 11:17:32 - [MESSAGE][INFO] - HAR: F:\1. UNNES\6. Semester 6\2 - MSIB\CAPSTONE PROJECT\testing-lms\Reports\20220703_111555\TS01_API\Regression_API\20220703_111555\requests\main\48.har

2022-07-03 11:17:32 - [MESSAGE][PASSED] - Send request successfully

2022-07-03 11:17:32 - [TEST_STEP][PASSED] - verifyResponseStatusCode(response, response_400, CONTINUE_ON_FAILURE): Verify response status code successfully

2022-07-03 11:17:32 - [MESSAGE][PASSED] - Verify response status code successfully

2022-07-03 11:17:32 - [TEST_STEP][PASSED] - verifyElementPropertyValue(response, "status", "false"): Verify element property value successfully

2022-07-03 11:17:32 - [MESSAGE][PASSED] - Verify element property value successfully]]></system-out>
         <system-err><![CDATA[]]></system-err>
      </testcase>
      <testcase name="Test Cases/01_API/03_Class Material/SC013_Create Class Material/TC003_Create Class Material (With invalid class id)" time="1.72" classname="Test Cases/01_API/03_Class Material/SC013_Create Class Material/TC003_Create Class Material (With invalid class id)" status="PASSED">
         <system-out><![CDATA[2022-07-03 11:17:33 - [TEST_CASE][PASSED] - Test Cases/01_API/03_Class Material/SC013_Create Class Material/TC003_Create Class Material (With invalid class id): Test Cases/01_API/03_Class Material/SC013_Create Class Material/TC003_Create Class Material (With invalid class id)

2022-07-03 11:17:33 - [TEST_STEP][PASSED] - response = sendRequest(findTestObject("01_API/03_Material/SC013_Create Class Material/TC003_Create Class Material (With invalid class id)")): Send request successfully

2022-07-03 11:17:34 - [MESSAGE][INFO] - HAR: F:\1. UNNES\6. Semester 6\2 - MSIB\CAPSTONE PROJECT\testing-lms\Reports\20220703_111555\TS01_API\Regression_API\20220703_111555\requests\main\49.har

2022-07-03 11:17:34 - [MESSAGE][PASSED] - Send request successfully

2022-07-03 11:17:34 - [TEST_STEP][PASSED] - verifyResponseStatusCode(response, response_400, CONTINUE_ON_FAILURE): Verify response status code successfully

2022-07-03 11:17:34 - [MESSAGE][PASSED] - Verify response status code successfully

2022-07-03 11:17:34 - [TEST_STEP][PASSED] - verifyElementPropertyValue(response, "status", "false"): Verify element property value successfully

2022-07-03 11:17:34 - [MESSAGE][PASSED] - Verify element property value successfully]]></system-out>
         <system-err><![CDATA[]]></system-err>
      </testcase>
      <testcase name="Test Cases/01_API/03_Class Material/SC013_Create Class Material/TC004_Create Class Material (With invalid token)" time="2.879" classname="Test Cases/01_API/03_Class Material/SC013_Create Class Material/TC004_Create Class Material (With invalid token)" status="PASSED">
         <system-out><![CDATA[2022-07-03 11:17:34 - [TEST_CASE][PASSED] - Test Cases/01_API/03_Class Material/SC013_Create Class Material/TC004_Create Class Material (With invalid token): Test Cases/01_API/03_Class Material/SC013_Create Class Material/TC004_Create Class Material (With invalid token)

2022-07-03 11:17:35 - [TEST_STEP][PASSED] - response = sendRequest(findTestObject("01_API/03_Material/SC013_Create Class Material/TC004_Create Class Material (With invalid token)")): Send request successfully

2022-07-03 11:17:37 - [MESSAGE][INFO] - HAR: F:\1. UNNES\6. Semester 6\2 - MSIB\CAPSTONE PROJECT\testing-lms\Reports\20220703_111555\TS01_API\Regression_API\20220703_111555\requests\main\50.har

2022-07-03 11:17:37 - [MESSAGE][PASSED] - Send request successfully

2022-07-03 11:17:37 - [TEST_STEP][PASSED] - verifyResponseStatusCode(response, response_200, CONTINUE_ON_FAILURE): Verify response status code successfully

2022-07-03 11:17:37 - [MESSAGE][PASSED] - Verify response status code successfully

2022-07-03 11:17:37 - [TEST_STEP][PASSED] - verifyElementPropertyValue(response, "errors.message", "access denied"): Verify element property value successfully

2022-07-03 11:17:37 - [MESSAGE][PASSED] - Verify element property value successfully]]></system-out>
         <system-err><![CDATA[]]></system-err>
      </testcase>
      <testcase name="Test Cases/01_API/03_Class Material/SC014_Get Material By Id/TC001_Get Material By Id" time="1.572" classname="Test Cases/01_API/03_Class Material/SC014_Get Material By Id/TC001_Get Material By Id" status="PASSED">
         <system-out><![CDATA[2022-07-03 11:17:37 - [TEST_CASE][PASSED] - Test Cases/01_API/03_Class Material/SC014_Get Material By Id/TC001_Get Material By Id: Test Cases/01_API/03_Class Material/SC014_Get Material By Id/TC001_Get Material By Id

2022-07-03 11:17:38 - [TEST_STEP][PASSED] - response = sendRequest(findTestObject("01_API/03_Material/SC014_Get Material By Id/TC001_Get Material By Id")): Send request successfully

2022-07-03 11:17:39 - [MESSAGE][INFO] - HAR: F:\1. UNNES\6. Semester 6\2 - MSIB\CAPSTONE PROJECT\testing-lms\Reports\20220703_111555\TS01_API\Regression_API\20220703_111555\requests\main\51.har

2022-07-03 11:17:39 - [MESSAGE][PASSED] - Send request successfully

2022-07-03 11:17:39 - [TEST_STEP][PASSED] - verifyResponseStatusCode(response, response_200, CONTINUE_ON_FAILURE): Verify response status code successfully

2022-07-03 11:17:39 - [MESSAGE][PASSED] - Verify response status code successfully

2022-07-03 11:17:39 - [TEST_STEP][PASSED] - verifyElementPropertyValue(response, "status", "true"): Verify element property value successfully

2022-07-03 11:17:39 - [MESSAGE][PASSED] - Verify element property value successfully]]></system-out>
         <system-err><![CDATA[]]></system-err>
      </testcase>
      <testcase name="Test Cases/01_API/03_Class Material/SC014_Get Material By Id/TC002_Get Material By Id (With invalid id)" time="1.468" classname="Test Cases/01_API/03_Class Material/SC014_Get Material By Id/TC002_Get Material By Id (With invalid id)" status="PASSED">
         <system-out><![CDATA[2022-07-03 11:17:39 - [TEST_CASE][PASSED] - Test Cases/01_API/03_Class Material/SC014_Get Material By Id/TC002_Get Material By Id (With invalid id): Test Cases/01_API/03_Class Material/SC014_Get Material By Id/TC002_Get Material By Id (With invalid id)

2022-07-03 11:17:39 - [TEST_STEP][PASSED] - response = sendRequest(findTestObject("01_API/03_Material/SC014_Get Material By Id/TC002_Get Material By Id (With invalid id)")): Send request successfully

2022-07-03 11:17:40 - [MESSAGE][INFO] - HAR: F:\1. UNNES\6. Semester 6\2 - MSIB\CAPSTONE PROJECT\testing-lms\Reports\20220703_111555\TS01_API\Regression_API\20220703_111555\requests\main\52.har

2022-07-03 11:17:40 - [MESSAGE][PASSED] - Send request successfully

2022-07-03 11:17:40 - [TEST_STEP][PASSED] - verifyResponseStatusCode(response, response_400, CONTINUE_ON_FAILURE): Verify response status code successfully

2022-07-03 11:17:40 - [MESSAGE][PASSED] - Verify response status code successfully

2022-07-03 11:17:40 - [TEST_STEP][PASSED] - verifyElementPropertyValue(response, "status", "false"): Verify element property value successfully

2022-07-03 11:17:40 - [MESSAGE][PASSED] - Verify element property value successfully]]></system-out>
         <system-err><![CDATA[]]></system-err>
      </testcase>
      <testcase name="Test Cases/01_API/03_Class Material/SC014_Get Material By Id/TC003_Get Material By Id (With invalid token)" time="1.097" classname="Test Cases/01_API/03_Class Material/SC014_Get Material By Id/TC003_Get Material By Id (With invalid token)" status="PASSED">
         <system-out><![CDATA[2022-07-03 11:17:40 - [TEST_CASE][PASSED] - Test Cases/01_API/03_Class Material/SC014_Get Material By Id/TC003_Get Material By Id (With invalid token): Test Cases/01_API/03_Class Material/SC014_Get Material By Id/TC003_Get Material By Id (With invalid token)

2022-07-03 11:17:41 - [TEST_STEP][PASSED] - response = sendRequest(findTestObject("01_API/03_Material/SC014_Get Material By Id/TC003_Get Material By Id (With invalid token)")): Send request successfully

2022-07-03 11:17:41 - [MESSAGE][INFO] - HAR: F:\1. UNNES\6. Semester 6\2 - MSIB\CAPSTONE PROJECT\testing-lms\Reports\20220703_111555\TS01_API\Regression_API\20220703_111555\requests\main\53.har

2022-07-03 11:17:41 - [MESSAGE][PASSED] - Send request successfully

2022-07-03 11:17:41 - [TEST_STEP][PASSED] - verifyResponseStatusCode(response, response_200, CONTINUE_ON_FAILURE): Verify response status code successfully

2022-07-03 11:17:41 - [MESSAGE][PASSED] - Verify response status code successfully

2022-07-03 11:17:41 - [TEST_STEP][PASSED] - verifyElementPropertyValue(response, "errors.message", "access denied"): Verify element property value successfully

2022-07-03 11:17:41 - [MESSAGE][PASSED] - Verify element property value successfully]]></system-out>
         <system-err><![CDATA[]]></system-err>
      </testcase>
      <testcase name="Test Cases/01_API/03_Class Material/SC015_Get All Material By Class Id/TC001_Get All Material By Class Id" time="1.577" classname="Test Cases/01_API/03_Class Material/SC015_Get All Material By Class Id/TC001_Get All Material By Class Id" status="PASSED">
         <system-out><![CDATA[2022-07-03 11:17:41 - [TEST_CASE][PASSED] - Test Cases/01_API/03_Class Material/SC015_Get All Material By Class Id/TC001_Get All Material By Class Id: Test Cases/01_API/03_Class Material/SC015_Get All Material By Class Id/TC001_Get All Material By Class Id

2022-07-03 11:17:42 - [TEST_STEP][PASSED] - response = sendRequest(findTestObject("01_API/03_Material/SC015_Get All Material By Class Id/TC001_Get All Material By Class Id")): Send request successfully

2022-07-03 11:17:43 - [MESSAGE][INFO] - HAR: F:\1. UNNES\6. Semester 6\2 - MSIB\CAPSTONE PROJECT\testing-lms\Reports\20220703_111555\TS01_API\Regression_API\20220703_111555\requests\main\54.har

2022-07-03 11:17:43 - [MESSAGE][PASSED] - Send request successfully

2022-07-03 11:17:43 - [TEST_STEP][PASSED] - verifyResponseStatusCode(response, response_200, CONTINUE_ON_FAILURE): Verify response status code successfully

2022-07-03 11:17:43 - [MESSAGE][PASSED] - Verify response status code successfully

2022-07-03 11:17:43 - [TEST_STEP][PASSED] - verifyElementPropertyValue(response, "status", "true"): Verify element property value successfully

2022-07-03 11:17:43 - [MESSAGE][PASSED] - Verify element property value successfully]]></system-out>
         <system-err><![CDATA[]]></system-err>
      </testcase>
      <testcase name="Test Cases/01_API/03_Class Material/SC015_Get All Material By Class Id/TC002_Get All Material By Class Id (With invalid id)" time="1.547" classname="Test Cases/01_API/03_Class Material/SC015_Get All Material By Class Id/TC002_Get All Material By Class Id (With invalid id)" status="PASSED">
         <system-out><![CDATA[2022-07-03 11:17:43 - [TEST_CASE][PASSED] - Test Cases/01_API/03_Class Material/SC015_Get All Material By Class Id/TC002_Get All Material By Class Id (With invalid id): Test Cases/01_API/03_Class Material/SC015_Get All Material By Class Id/TC002_Get All Material By Class Id (With invalid id)

2022-07-03 11:17:43 - [TEST_STEP][PASSED] - response = sendRequest(findTestObject("01_API/03_Material/SC015_Get All Material By Class Id/TC002_Get All Material By Class Id (With invalid id)")): Send request successfully

2022-07-03 11:17:44 - [MESSAGE][INFO] - HAR: F:\1. UNNES\6. Semester 6\2 - MSIB\CAPSTONE PROJECT\testing-lms\Reports\20220703_111555\TS01_API\Regression_API\20220703_111555\requests\main\55.har

2022-07-03 11:17:44 - [MESSAGE][PASSED] - Send request successfully

2022-07-03 11:17:44 - [TEST_STEP][PASSED] - verifyResponseStatusCode(response, response_200, CONTINUE_ON_FAILURE): Verify response status code successfully

2022-07-03 11:17:44 - [MESSAGE][PASSED] - Verify response status code successfully

2022-07-03 11:17:44 - [TEST_STEP][PASSED] - verifyElementPropertyValue(response, "data", []): Verify element property value successfully

2022-07-03 11:17:44 - [MESSAGE][PASSED] - Verify element property value successfully]]></system-out>
         <system-err><![CDATA[]]></system-err>
      </testcase>
      <testcase name="Test Cases/01_API/03_Class Material/SC015_Get All Material By Class Id/TC003_Get All Material By Class Id (With invalid token)" time="1.773" classname="Test Cases/01_API/03_Class Material/SC015_Get All Material By Class Id/TC003_Get All Material By Class Id (With invalid token)" status="PASSED">
         <system-out><![CDATA[2022-07-03 11:17:44 - [TEST_CASE][PASSED] - Test Cases/01_API/03_Class Material/SC015_Get All Material By Class Id/TC003_Get All Material By Class Id (With invalid token): Test Cases/01_API/03_Class Material/SC015_Get All Material By Class Id/TC003_Get All Material By Class Id (With invalid token)

2022-07-03 11:17:45 - [TEST_STEP][PASSED] - response = sendRequest(findTestObject("01_API/03_Material/SC015_Get All Material By Class Id/TC003_Get All Material By Class Id (With invalid token)")): Send request successfully

2022-07-03 11:17:46 - [MESSAGE][INFO] - HAR: F:\1. UNNES\6. Semester 6\2 - MSIB\CAPSTONE PROJECT\testing-lms\Reports\20220703_111555\TS01_API\Regression_API\20220703_111555\requests\main\56.har

2022-07-03 11:17:46 - [MESSAGE][PASSED] - Send request successfully

2022-07-03 11:17:46 - [TEST_STEP][PASSED] - verifyResponseStatusCode(response, response_200, CONTINUE_ON_FAILURE): Verify response status code successfully

2022-07-03 11:17:46 - [MESSAGE][PASSED] - Verify response status code successfully

2022-07-03 11:17:46 - [TEST_STEP][PASSED] - verifyElementPropertyValue(response, "errors.message", "access denied"): Verify element property value successfully

2022-07-03 11:17:46 - [MESSAGE][PASSED] - Verify element property value successfully]]></system-out>
         <system-err><![CDATA[]]></system-err>
      </testcase>
      <testcase name="Test Cases/01_API/04_Guidance/SC016_Request Guidance in Class/TC001_Request Guidance in Class (With valid input)" time="1.519" classname="Test Cases/01_API/04_Guidance/SC016_Request Guidance in Class/TC001_Request Guidance in Class (With valid input)" status="PASSED">
         <system-out><![CDATA[2022-07-03 11:17:46 - [TEST_CASE][PASSED] - Test Cases/01_API/04_Guidance/SC016_Request Guidance in Class/TC001_Request Guidance in Class (With valid input): Test Cases/01_API/04_Guidance/SC016_Request Guidance in Class/TC001_Request Guidance in Class (With valid input)

2022-07-03 11:17:47 - [TEST_STEP][PASSED] - response = sendRequest(findTestObject("01_API/04_Guidance/SC016_Request Guidance in Class/TC001_Request Guidance in Class (With valid input)")): Send request successfully

2022-07-03 11:17:48 - [MESSAGE][INFO] - HAR: F:\1. UNNES\6. Semester 6\2 - MSIB\CAPSTONE PROJECT\testing-lms\Reports\20220703_111555\TS01_API\Regression_API\20220703_111555\requests\main\57.har

2022-07-03 11:17:48 - [MESSAGE][PASSED] - Send request successfully

2022-07-03 11:17:48 - [TEST_STEP][PASSED] - verifyResponseStatusCode(response, response_200, CONTINUE_ON_FAILURE): Verify response status code successfully

2022-07-03 11:17:48 - [MESSAGE][PASSED] - Verify response status code successfully

2022-07-03 11:17:48 - [TEST_STEP][PASSED] - verifyElementPropertyValue(response, "status", "true"): Verify element property value successfully

2022-07-03 11:17:48 - [MESSAGE][PASSED] - Verify element property value successfully]]></system-out>
         <system-err><![CDATA[]]></system-err>
      </testcase>
      <testcase name="Test Cases/01_API/04_Guidance/SC016_Request Guidance in Class/TC002_Request Guidance in Class (With invalid token)" time="0.799" classname="Test Cases/01_API/04_Guidance/SC016_Request Guidance in Class/TC002_Request Guidance in Class (With invalid token)" status="PASSED">
         <system-out><![CDATA[2022-07-03 11:17:48 - [TEST_CASE][PASSED] - Test Cases/01_API/04_Guidance/SC016_Request Guidance in Class/TC002_Request Guidance in Class (With invalid token): Test Cases/01_API/04_Guidance/SC016_Request Guidance in Class/TC002_Request Guidance in Class (With invalid token)

2022-07-03 11:17:48 - [TEST_STEP][PASSED] - response = sendRequest(findTestObject("01_API/04_Guidance/SC016_Request Guidance in Class/TC002_Request Guidance in Class (With invalid token)")): Send request successfully

2022-07-03 11:17:48 - [MESSAGE][INFO] - HAR: F:\1. UNNES\6. Semester 6\2 - MSIB\CAPSTONE PROJECT\testing-lms\Reports\20220703_111555\TS01_API\Regression_API\20220703_111555\requests\main\58.har

2022-07-03 11:17:48 - [MESSAGE][PASSED] - Send request successfully

2022-07-03 11:17:48 - [TEST_STEP][PASSED] - verifyResponseStatusCode(response, response_200, CONTINUE_ON_FAILURE): Verify response status code successfully

2022-07-03 11:17:48 - [MESSAGE][PASSED] - Verify response status code successfully

2022-07-03 11:17:48 - [TEST_STEP][PASSED] - verifyElementPropertyValue(response, "errors.message", "access denied"): Verify element property value successfully

2022-07-03 11:17:49 - [MESSAGE][PASSED] - Verify element property value successfully]]></system-out>
         <system-err><![CDATA[]]></system-err>
      </testcase>
      <testcase name="Test Cases/01_API/04_Guidance/SC016_Request Guidance in Class/TC003_Request Guidance in Class (With invalid userId)" time="1.452" classname="Test Cases/01_API/04_Guidance/SC016_Request Guidance in Class/TC003_Request Guidance in Class (With invalid userId)" status="PASSED">
         <system-out><![CDATA[2022-07-03 11:17:49 - [TEST_CASE][PASSED] - Test Cases/01_API/04_Guidance/SC016_Request Guidance in Class/TC003_Request Guidance in Class (With invalid userId): Test Cases/01_API/04_Guidance/SC016_Request Guidance in Class/TC003_Request Guidance in Class (With invalid userId)

2022-07-03 11:17:49 - [TEST_STEP][PASSED] - response = sendRequest(findTestObject("01_API/04_Guidance/SC016_Request Guidance in Class/TC003_Request Guidance in Class (With invalid userId)")): Send request successfully

2022-07-03 11:17:50 - [MESSAGE][INFO] - HAR: F:\1. UNNES\6. Semester 6\2 - MSIB\CAPSTONE PROJECT\testing-lms\Reports\20220703_111555\TS01_API\Regression_API\20220703_111555\requests\main\59.har

2022-07-03 11:17:50 - [MESSAGE][PASSED] - Send request successfully

2022-07-03 11:17:50 - [TEST_STEP][PASSED] - verifyResponseStatusCode(response, response_400, CONTINUE_ON_FAILURE): Verify response status code successfully

2022-07-03 11:17:50 - [MESSAGE][PASSED] - Verify response status code successfully

2022-07-03 11:17:50 - [TEST_STEP][PASSED] - verifyElementPropertyValue(response, "errors.message", "User not found"): Verify element property value successfully

2022-07-03 11:17:50 - [MESSAGE][PASSED] - Verify element property value successfully]]></system-out>
         <system-err><![CDATA[]]></system-err>
      </testcase>
      <testcase name="Test Cases/01_API/04_Guidance/SC016_Request Guidance in Class/TC004_Request Guidance in Class (With invalid classId)" time="1.848" classname="Test Cases/01_API/04_Guidance/SC016_Request Guidance in Class/TC004_Request Guidance in Class (With invalid classId)" status="PASSED">
         <system-out><![CDATA[2022-07-03 11:17:50 - [TEST_CASE][PASSED] - Test Cases/01_API/04_Guidance/SC016_Request Guidance in Class/TC004_Request Guidance in Class (With invalid classId): Test Cases/01_API/04_Guidance/SC016_Request Guidance in Class/TC004_Request Guidance in Class (With invalid classId)

2022-07-03 11:17:50 - [TEST_STEP][PASSED] - response = sendRequest(findTestObject("01_API/04_Guidance/SC016_Request Guidance in Class/TC004_Request Guidance in Class (With invalid classId)")): Send request successfully

2022-07-03 11:17:52 - [MESSAGE][INFO] - HAR: F:\1. UNNES\6. Semester 6\2 - MSIB\CAPSTONE PROJECT\testing-lms\Reports\20220703_111555\TS01_API\Regression_API\20220703_111555\requests\main\60.har

2022-07-03 11:17:52 - [MESSAGE][PASSED] - Send request successfully

2022-07-03 11:17:52 - [TEST_STEP][PASSED] - verifyResponseStatusCode(response, response_400, CONTINUE_ON_FAILURE): Verify response status code successfully

2022-07-03 11:17:52 - [MESSAGE][PASSED] - Verify response status code successfully

2022-07-03 11:17:52 - [TEST_STEP][PASSED] - verifyElementPropertyValue(response, "errors.message", "Class not found"): Verify element property value successfully

2022-07-03 11:17:52 - [MESSAGE][PASSED] - Verify element property value successfully]]></system-out>
         <system-err><![CDATA[]]></system-err>
      </testcase>
      <testcase name="Test Cases/01_API/04_Guidance/SC017_Get All Guidances in Class/TC001_Get All Guidances in Class (With valid input)" time="2.227" classname="Test Cases/01_API/04_Guidance/SC017_Get All Guidances in Class/TC001_Get All Guidances in Class (With valid input)" status="PASSED">
         <system-out><![CDATA[2022-07-03 11:17:52 - [TEST_CASE][PASSED] - Test Cases/01_API/04_Guidance/SC017_Get All Guidances in Class/TC001_Get All Guidances in Class (With valid input): Test Cases/01_API/04_Guidance/SC017_Get All Guidances in Class/TC001_Get All Guidances in Class (With valid input)

2022-07-03 11:17:52 - [TEST_STEP][PASSED] - response = sendRequest(findTestObject("01_API/04_Guidance/SC017_Get All Guidances of Class/TC001_Get All Guidances in Class (With valid input)")): Send request successfully

2022-07-03 11:17:54 - [MESSAGE][INFO] - HAR: F:\1. UNNES\6. Semester 6\2 - MSIB\CAPSTONE PROJECT\testing-lms\Reports\20220703_111555\TS01_API\Regression_API\20220703_111555\requests\main\61.har

2022-07-03 11:17:54 - [MESSAGE][PASSED] - Send request successfully

2022-07-03 11:17:54 - [TEST_STEP][PASSED] - verifyResponseStatusCode(response, response_200, CONTINUE_ON_FAILURE): Verify response status code successfully

2022-07-03 11:17:54 - [MESSAGE][PASSED] - Verify response status code successfully

2022-07-03 11:17:54 - [TEST_STEP][PASSED] - verifyElementPropertyValue(response, "status", "true"): Verify element property value successfully

2022-07-03 11:17:54 - [MESSAGE][PASSED] - Verify element property value successfully]]></system-out>
         <system-err><![CDATA[]]></system-err>
      </testcase>
      <testcase name="Test Cases/01_API/04_Guidance/SC017_Get All Guidances in Class/TC002_Get All Guidances in Class (With invalid ClassId)" time="1.424" classname="Test Cases/01_API/04_Guidance/SC017_Get All Guidances in Class/TC002_Get All Guidances in Class (With invalid ClassId)" status="PASSED">
         <system-out><![CDATA[2022-07-03 11:17:54 - [TEST_CASE][PASSED] - Test Cases/01_API/04_Guidance/SC017_Get All Guidances in Class/TC002_Get All Guidances in Class (With invalid ClassId): Test Cases/01_API/04_Guidance/SC017_Get All Guidances in Class/TC002_Get All Guidances in Class (With invalid ClassId)

2022-07-03 11:17:55 - [TEST_STEP][PASSED] - response = sendRequest(findTestObject("01_API/04_Guidance/SC017_Get All Guidances of Class/TC002_Get All Guidances in Class (With invalid classId)")): Send request successfully

2022-07-03 11:17:55 - [MESSAGE][INFO] - HAR: F:\1. UNNES\6. Semester 6\2 - MSIB\CAPSTONE PROJECT\testing-lms\Reports\20220703_111555\TS01_API\Regression_API\20220703_111555\requests\main\62.har

2022-07-03 11:17:55 - [MESSAGE][PASSED] - Send request successfully

2022-07-03 11:17:55 - [TEST_STEP][PASSED] - verifyResponseStatusCode(response, response_200, CONTINUE_ON_FAILURE): Verify response status code successfully

2022-07-03 11:17:55 - [MESSAGE][PASSED] - Verify response status code successfully

2022-07-03 11:17:55 - [TEST_STEP][PASSED] - verifyElementPropertyValue(response, "data", []): Verify element property value successfully

2022-07-03 11:17:56 - [MESSAGE][PASSED] - Verify element property value successfully]]></system-out>
         <system-err><![CDATA[]]></system-err>
      </testcase>
      <testcase name="Test Cases/01_API/04_Guidance/SC017_Get All Guidances in Class/TC003_Get All Guidances in Class (With invalid token)" time="0.812" classname="Test Cases/01_API/04_Guidance/SC017_Get All Guidances in Class/TC003_Get All Guidances in Class (With invalid token)" status="PASSED">
         <system-out><![CDATA[2022-07-03 11:17:56 - [TEST_CASE][PASSED] - Test Cases/01_API/04_Guidance/SC017_Get All Guidances in Class/TC003_Get All Guidances in Class (With invalid token): Test Cases/01_API/04_Guidance/SC017_Get All Guidances in Class/TC003_Get All Guidances in Class (With invalid token)

2022-07-03 11:17:56 - [TEST_STEP][PASSED] - response = sendRequest(findTestObject("01_API/04_Guidance/SC017_Get All Guidances of Class/TC003_Get All Guidances in Class (With invalid token)")): Send request successfully

2022-07-03 11:17:56 - [MESSAGE][INFO] - HAR: F:\1. UNNES\6. Semester 6\2 - MSIB\CAPSTONE PROJECT\testing-lms\Reports\20220703_111555\TS01_API\Regression_API\20220703_111555\requests\main\63.har

2022-07-03 11:17:56 - [MESSAGE][PASSED] - Send request successfully

2022-07-03 11:17:56 - [TEST_STEP][PASSED] - verifyResponseStatusCode(response, response_200, CONTINUE_ON_FAILURE): Verify response status code successfully

2022-07-03 11:17:56 - [MESSAGE][PASSED] - Verify response status code successfully

2022-07-03 11:17:56 - [TEST_STEP][PASSED] - verifyElementPropertyValue(response, "errors.message", "access denied"): Verify element property value successfully

2022-07-03 11:17:56 - [MESSAGE][PASSED] - Verify element property value successfully]]></system-out>
         <system-err><![CDATA[]]></system-err>
      </testcase>
      <testcase name="Test Cases/01_API/05_Feedback/SC018_Create Feedback/TC001_Create Feedback (With valid input)" time="3.139" classname="Test Cases/01_API/05_Feedback/SC018_Create Feedback/TC001_Create Feedback (With valid input)" status="PASSED">
         <system-out><![CDATA[2022-07-03 11:17:56 - [TEST_CASE][PASSED] - Test Cases/01_API/05_Feedback/SC018_Create Feedback/TC001_Create Feedback (With valid input): Test Cases/01_API/05_Feedback/SC018_Create Feedback/TC001_Create Feedback (With valid input)

2022-07-03 11:17:57 - [TEST_STEP][PASSED] - response = sendRequest(findTestObject("01_API/05_Feedback/SC018_Create Feedback/TC001_Create Feedback (With valid input)")): Send request successfully

2022-07-03 11:17:59 - [MESSAGE][INFO] - HAR: F:\1. UNNES\6. Semester 6\2 - MSIB\CAPSTONE PROJECT\testing-lms\Reports\20220703_111555\TS01_API\Regression_API\20220703_111555\requests\main\64.har

2022-07-03 11:17:59 - [MESSAGE][PASSED] - Send request successfully

2022-07-03 11:17:59 - [TEST_STEP][PASSED] - verifyResponseStatusCode(response, response_200, CONTINUE_ON_FAILURE): Verify response status code successfully

2022-07-03 11:17:59 - [MESSAGE][PASSED] - Verify response status code successfully

2022-07-03 11:17:59 - [TEST_STEP][PASSED] - verifyElementPropertyValue(response, "status", "true"): Verify element property value successfully

2022-07-03 11:17:59 - [MESSAGE][PASSED] - Verify element property value successfully]]></system-out>
         <system-err><![CDATA[]]></system-err>
      </testcase>
      <testcase name="Test Cases/01_API/05_Feedback/SC018_Create Feedback/TC002_Create Feedback (With invalid userId)" time="1.873" classname="Test Cases/01_API/05_Feedback/SC018_Create Feedback/TC002_Create Feedback (With invalid userId)" status="PASSED">
         <system-out><![CDATA[2022-07-03 11:17:59 - [TEST_CASE][PASSED] - Test Cases/01_API/05_Feedback/SC018_Create Feedback/TC002_Create Feedback (With invalid userId): Test Cases/01_API/05_Feedback/SC018_Create Feedback/TC002_Create Feedback (With invalid userId)

2022-07-03 11:18:00 - [TEST_STEP][PASSED] - response = sendRequest(findTestObject("01_API/05_Feedback/SC018_Create Feedback/TC002_Create Feedback (With invalid userId)")): Send request successfully

2022-07-03 11:18:01 - [MESSAGE][INFO] - HAR: F:\1. UNNES\6. Semester 6\2 - MSIB\CAPSTONE PROJECT\testing-lms\Reports\20220703_111555\TS01_API\Regression_API\20220703_111555\requests\main\65.har

2022-07-03 11:18:01 - [MESSAGE][PASSED] - Send request successfully

2022-07-03 11:18:01 - [TEST_STEP][PASSED] - verifyResponseStatusCode(response, response_400, CONTINUE_ON_FAILURE): Verify response status code successfully

2022-07-03 11:18:01 - [MESSAGE][PASSED] - Verify response status code successfully

2022-07-03 11:18:01 - [TEST_STEP][PASSED] - verifyElementPropertyValue(response, "errors.message", user_not_found): Verify element property value successfully

2022-07-03 11:18:01 - [MESSAGE][PASSED] - Verify element property value successfully]]></system-out>
         <system-err><![CDATA[]]></system-err>
      </testcase>
      <testcase name="Test Cases/01_API/05_Feedback/SC018_Create Feedback/TC003_Create Feedback (With invalid classId)" time="1.777" classname="Test Cases/01_API/05_Feedback/SC018_Create Feedback/TC003_Create Feedback (With invalid classId)" status="PASSED">
         <system-out><![CDATA[2022-07-03 11:18:01 - [TEST_CASE][PASSED] - Test Cases/01_API/05_Feedback/SC018_Create Feedback/TC003_Create Feedback (With invalid classId): Test Cases/01_API/05_Feedback/SC018_Create Feedback/TC003_Create Feedback (With invalid classId)

2022-07-03 11:18:02 - [TEST_STEP][PASSED] - response = sendRequest(findTestObject("01_API/05_Feedback/SC018_Create Feedback/TC003_Create Feedback (With invalid classId)")): Send request successfully

2022-07-03 11:18:03 - [MESSAGE][INFO] - HAR: F:\1. UNNES\6. Semester 6\2 - MSIB\CAPSTONE PROJECT\testing-lms\Reports\20220703_111555\TS01_API\Regression_API\20220703_111555\requests\main\66.har

2022-07-03 11:18:03 - [MESSAGE][PASSED] - Send request successfully

2022-07-03 11:18:03 - [TEST_STEP][PASSED] - verifyResponseStatusCode(response, response_400, CONTINUE_ON_FAILURE): Verify response status code successfully

2022-07-03 11:18:03 - [MESSAGE][PASSED] - Verify response status code successfully

2022-07-03 11:18:03 - [TEST_STEP][PASSED] - verifyElementPropertyValue(response, "errors.message", "Class not found"): Verify element property value successfully

2022-07-03 11:18:03 - [MESSAGE][PASSED] - Verify element property value successfully]]></system-out>
         <system-err><![CDATA[]]></system-err>
      </testcase>
      <testcase name="Test Cases/01_API/05_Feedback/SC018_Create Feedback/TC004_Create Feedback (With invalid token)" time="1.194" classname="Test Cases/01_API/05_Feedback/SC018_Create Feedback/TC004_Create Feedback (With invalid token)" status="PASSED">
         <system-out><![CDATA[2022-07-03 11:18:03 - [TEST_CASE][PASSED] - Test Cases/01_API/05_Feedback/SC018_Create Feedback/TC004_Create Feedback (With invalid token): Test Cases/01_API/05_Feedback/SC018_Create Feedback/TC004_Create Feedback (With invalid token)

2022-07-03 11:18:04 - [TEST_STEP][PASSED] - response = sendRequest(findTestObject("01_API/05_Feedback/SC018_Create Feedback/TC004_Create Feedback (With invalid token)")): Send request successfully

2022-07-03 11:18:04 - [MESSAGE][INFO] - HAR: F:\1. UNNES\6. Semester 6\2 - MSIB\CAPSTONE PROJECT\testing-lms\Reports\20220703_111555\TS01_API\Regression_API\20220703_111555\requests\main\67.har

2022-07-03 11:18:04 - [MESSAGE][PASSED] - Send request successfully

2022-07-03 11:18:04 - [TEST_STEP][PASSED] - verifyResponseStatusCode(response, response_200, CONTINUE_ON_FAILURE): Verify response status code successfully

2022-07-03 11:18:04 - [MESSAGE][PASSED] - Verify response status code successfully

2022-07-03 11:18:04 - [TEST_STEP][PASSED] - verifyElementPropertyValue(response, "errors.message", "access denied"): Verify element property value successfully

2022-07-03 11:18:04 - [MESSAGE][PASSED] - Verify element property value successfully]]></system-out>
         <system-err><![CDATA[]]></system-err>
      </testcase>
      <testcase name="Test Cases/01_API/05_Feedback/SC019_Get All Feedbacks of Class/TC001_Get All Feedbacks by ClassId (With valid input)" time="1.468" classname="Test Cases/01_API/05_Feedback/SC019_Get All Feedbacks of Class/TC001_Get All Feedbacks by ClassId (With valid input)" status="PASSED">
         <system-out><![CDATA[2022-07-03 11:18:04 - [TEST_CASE][PASSED] - Test Cases/01_API/05_Feedback/SC019_Get All Feedbacks of Class/TC001_Get All Feedbacks by ClassId (With valid input): Test Cases/01_API/05_Feedback/SC019_Get All Feedbacks of Class/TC001_Get All Feedbacks by ClassId (With valid input)

2022-07-03 11:18:05 - [TEST_STEP][PASSED] - response = sendRequest(findTestObject("01_API/05_Feedback/SC018_Create Feedback/TC001_Create Feedback (With valid input)")): Send request successfully

2022-07-03 11:18:06 - [MESSAGE][INFO] - HAR: F:\1. UNNES\6. Semester 6\2 - MSIB\CAPSTONE PROJECT\testing-lms\Reports\20220703_111555\TS01_API\Regression_API\20220703_111555\requests\main\68.har

2022-07-03 11:18:06 - [MESSAGE][PASSED] - Send request successfully

2022-07-03 11:18:06 - [TEST_STEP][PASSED] - verifyResponseStatusCode(response, response_200, CONTINUE_ON_FAILURE): Verify response status code successfully

2022-07-03 11:18:06 - [MESSAGE][PASSED] - Verify response status code successfully

2022-07-03 11:18:06 - [TEST_STEP][PASSED] - verifyElementPropertyValue(response, "status", "true"): Verify element property value successfully

2022-07-03 11:18:06 - [MESSAGE][PASSED] - Verify element property value successfully]]></system-out>
         <system-err><![CDATA[]]></system-err>
      </testcase>
      <testcase name="Test Cases/01_API/05_Feedback/SC019_Get All Feedbacks of Class/TC002_Get All Feedbacks by ClassId (With invalid classId)" time="2.679" classname="Test Cases/01_API/05_Feedback/SC019_Get All Feedbacks of Class/TC002_Get All Feedbacks by ClassId (With invalid classId)" status="PASSED">
         <system-out><![CDATA[2022-07-03 11:18:06 - [TEST_CASE][PASSED] - Test Cases/01_API/05_Feedback/SC019_Get All Feedbacks of Class/TC002_Get All Feedbacks by ClassId (With invalid classId): Test Cases/01_API/05_Feedback/SC019_Get All Feedbacks of Class/TC002_Get All Feedbacks by ClassId (With invalid classId)

2022-07-03 11:18:06 - [TEST_STEP][PASSED] - response = sendRequest(findTestObject("01_API/05_Feedback/SC019_Get Feedbacks by ClassId/TC002_Get All Feedbacks by ClassId (With invalid classId)")): Send request successfully

2022-07-03 11:18:08 - [MESSAGE][INFO] - HAR: F:\1. UNNES\6. Semester 6\2 - MSIB\CAPSTONE PROJECT\testing-lms\Reports\20220703_111555\TS01_API\Regression_API\20220703_111555\requests\main\69.har

2022-07-03 11:18:08 - [MESSAGE][PASSED] - Send request successfully

2022-07-03 11:18:08 - [TEST_STEP][PASSED] - verifyResponseStatusCode(response, response_200, CONTINUE_ON_FAILURE): Verify response status code successfully

2022-07-03 11:18:08 - [MESSAGE][PASSED] - Verify response status code successfully

2022-07-03 11:18:08 - [TEST_STEP][PASSED] - verifyElementPropertyValue(response, "data", []): Verify element property value successfully

2022-07-03 11:18:09 - [MESSAGE][PASSED] - Verify element property value successfully]]></system-out>
         <system-err><![CDATA[]]></system-err>
      </testcase>
      <testcase name="Test Cases/01_API/05_Feedback/SC019_Get All Feedbacks of Class/TC003_Get All Feedbacks by ClassId (With invalid token)" time="0.803" classname="Test Cases/01_API/05_Feedback/SC019_Get All Feedbacks of Class/TC003_Get All Feedbacks by ClassId (With invalid token)" status="PASSED">
         <system-out><![CDATA[2022-07-03 11:18:09 - [TEST_CASE][PASSED] - Test Cases/01_API/05_Feedback/SC019_Get All Feedbacks of Class/TC003_Get All Feedbacks by ClassId (With invalid token): Test Cases/01_API/05_Feedback/SC019_Get All Feedbacks of Class/TC003_Get All Feedbacks by ClassId (With invalid token)

2022-07-03 11:18:09 - [TEST_STEP][PASSED] - response = sendRequest(findTestObject("01_API/05_Feedback/SC019_Get Feedbacks by ClassId/TC003_Get All Feedbacks by ClassId (With invalid token)")): Send request successfully

2022-07-03 11:18:09 - [MESSAGE][INFO] - HAR: F:\1. UNNES\6. Semester 6\2 - MSIB\CAPSTONE PROJECT\testing-lms\Reports\20220703_111555\TS01_API\Regression_API\20220703_111555\requests\main\70.har

2022-07-03 11:18:09 - [MESSAGE][PASSED] - Send request successfully

2022-07-03 11:18:09 - [TEST_STEP][PASSED] - verifyResponseStatusCode(response, response_200, CONTINUE_ON_FAILURE): Verify response status code successfully

2022-07-03 11:18:09 - [MESSAGE][PASSED] - Verify response status code successfully

2022-07-03 11:18:09 - [TEST_STEP][PASSED] - verifyElementPropertyValue(response, "errors.message", "access denied"): Verify element property value successfully

2022-07-03 11:18:09 - [MESSAGE][PASSED] - Verify element property value successfully]]></system-out>
         <system-err><![CDATA[]]></system-err>
      </testcase>
      <system-out><![CDATA[2022-07-03 11:16:00 - [TEST_SUITE][PASSED] - Regression_API: Test Cases/01_API/05_Feedback/SC019_Get All Feedbacks of Class/TC003_Get All Feedbacks by ClassId (With invalid token)]]></system-out>
      <system-err><![CDATA[]]></system-err>
   </testsuite>
</testsuites>
